  Using 'git status' to determine working set for adaptive non-unity build (C:\Users\Olle\Documents\PROJ_Grupp2).
  Creating makefile for HideNSneakUnrealEditor (no existing makefile)
  Parsing headers for HideNSneakUnrealEditor
    Running UnrealHeaderTool "C:\Users\Olle\Documents\PROJ_Grupp2\HideNSneakUnreal\HideNSneakUnreal.uproject" "C:\Users\Olle\Documents\PROJ_Grupp2\HideNSneakUnreal\Intermediate\Build\Win64\HideNSneakUnrealEditor\Development\HideNSneakUnrealEditor.uhtmanifest" -LogCmds="loginit warning, logexit warning, logdatabase error" -Unattended -WarningsAsErrors -abslog="C:\Users\Olle\AppData\Local\UnrealBuildTool\Log_UHT.txt" -installed
  Reflection code generated for HideNSneakUnrealEditor in 11,8543435 seconds
  Building HideNSneakUnrealEditor...
  Using Visual Studio 2019 14.28.29333 toolchain (C:\Program Files (x86)\Microsoft Visual Studio\2019\Community\VC\Tools\MSVC\14.28.29333) and Windows 10.0.17763.0 SDK (C:\Program Files (x86)\Windows Kits\10).
  Building 51 actions with 4 processes...
    [1/51] SharedPCH.Engine.ShadowErrors.cpp
    [2/51] GameController.cpp
    [3/51] CPP_Powerup.cpp
    [4/51] CPP_Character.cpp
    [5/51] CPP_MovementBoost.cpp
    [6/51] HideNSneakCPPCharacter.cpp
    [7/51] SteamOnlineGameInstance.cpp
    [8/51] JumpPowerUp.cpp
    [9/51] InvisibilityPowerUp.cpp
    [10/51] moveableBox.cpp
    [11/51] MovingPlatform.cpp
    [12/51] MovementSpeedPowerUp.cpp
    [13/51] HideNSneakGameModeBase.cpp
    [14/51] NewActorComponent.cpp
    [15/51] OnlineGameInstance.cpp
    [16/51] Pickup.cpp
    [17/51] RandomizeSeeker.cpp
    [18/51] PowerUpInventoryItem.cpp
    [19/51] RoundController.cpp
    [20/51] BatteryGameMode.cpp
    [21/51] SpawnVolume.cpp
    [22/51] BatteryPickup.cpp
    [23/51] BatteryGameMode.gen.cpp
    [24/51] moveableBox.gen.cpp
    [25/51] CPP_Character.gen.cpp
    [26/51] CPP_MovementBoost.gen.cpp
    [27/51] CPP_Powerup.gen.cpp
    [28/51] HideNSneakCPPCharacter.gen.cpp
    [29/51] HideNSneakUnreal.cpp
    [30/51] GameController.gen.cpp
    [31/51] HideNSneakUnreal.init.gen.cpp
    [32/51] HideNSneakGameModeBase.gen.cpp
    [33/51] InvisibilityPowerUp.gen.cpp
    [34/51] JumpPowerUp.gen.cpp
    [35/51] NewActorComponent.gen.cpp
    [36/51] MovingPlatform.gen.cpp
    [37/51] MovementSpeedPowerUp.gen.cpp
    [38/51] TagMechanic.cpp
    [39/51] RandomizeSeeker.gen.cpp
    [40/51] Pickup.gen.cpp
    [41/51] RoundController.gen.cpp
    [42/51] OnlineGameInstance.gen.cpp
    [43/51] SpawnVolume.gen.cpp
    [44/51] TagMechanic.gen.cpp
    [45/51] BatteryPickup.gen.cpp
    [46/51] CPPCharacter.gen.cpp
    [47/51] SteamOnlineGameInstance.gen.cpp
    [48/51] CPPCharacter.cpp
    [49/51] UE4Editor-HideNSneakUnreal-0001.lib
       Creating library C:\Users\Olle\Documents\PROJ_Grupp2\HideNSneakUnreal\Intermediate\Build\Win64\UE4Editor\Development\HideNSneakUnreal\UE4Editor-HideNSneakUnreal-0001.lib and object C:\Users\Olle\Documents\PROJ_Grupp2\HideNSneakUnreal\Intermediate\Build\Win64\UE4Editor\Development\HideNSneakUnreal\UE4Editor-HideNSneakUnreal-0001.exp
    [50/51] UE4Editor-HideNSneakUnreal-0001.dll
       Creating library C:\Users\Olle\Documents\PROJ_Grupp2\HideNSneakUnreal\Intermediate\Build\Win64\UE4Editor\Development\HideNSneakUnreal\UE4Editor-HideNSneakUnreal-0001.suppressed.lib and object C:\Users\Olle\Documents\PROJ_Grupp2\HideNSneakUnreal\Intermediate\Build\Win64\UE4Editor\Development\HideNSneakUnreal\UE4Editor-HideNSneakUnreal-0001.suppressed.exp
    [51/51] HideNSneakUnrealEditor.target
  Total time in Parallel executor: 238,49 seconds
  Total execution time: 263,90 seconds
