Log file open, 10/20/20 10:04:06
LogInit: Display: Running engine for game: HideNSneakUnreal
LogPlatformFile: Not using cached read wrapper
LogTaskGraph: Started task graph with 5 named threads and 14 total threads with 3 sets of task threads.
LogStats: Stats thread started at 0.417022
LogD3D11RHI: Loaded GFSDK_Aftermath_Lib.x64.dll
LogICUInternationalization: ICU TimeZone Detection - Raw Offset: +1:00, Platform Override: ''
LogPluginManager: Mounting plugin Paper2D
LogPluginManager: Mounting plugin AISupport
LogPluginManager: Mounting plugin LightPropagationVolume
LogPluginManager: Mounting plugin CameraShakePreviewer
LogPluginManager: Mounting plugin ActorLayerUtilities
LogPluginManager: Mounting plugin AnimationSharing
LogPluginManager: Mounting plugin CLionSourceCodeAccess
LogPluginManager: Mounting plugin CodeLiteSourceCodeAccess
LogPluginManager: Mounting plugin GitSourceControl
LogPluginManager: Mounting plugin KDevelopSourceCodeAccess
LogPluginManager: Mounting plugin NullSourceCodeAccess
LogPluginManager: Mounting plugin PerforceSourceControl
LogPluginManager: Mounting plugin PlasticSourceControl
LogPluginManager: Mounting plugin RiderSourceCodeAccess
LogPluginManager: Mounting plugin SubversionSourceControl
LogPluginManager: Mounting plugin UObjectPlugin
LogPluginManager: Mounting plugin VisualStudioCodeSourceCodeAccess
LogPluginManager: Mounting plugin VisualStudioSourceCodeAccess
LogPluginManager: Mounting plugin XCodeSourceCodeAccess
LogPluginManager: Mounting plugin AssetManagerEditor
LogPluginManager: Mounting plugin CryptoKeys
LogPluginManager: Mounting plugin CurveEditorTools
LogPluginManager: Mounting plugin DataValidation
LogPluginManager: Mounting plugin EditorScriptingUtilities
LogPluginManager: Mounting plugin FacialAnimation
LogPluginManager: Mounting plugin GameplayTagsEditor
LogPluginManager: Mounting plugin GeometryMode
LogPluginManager: Mounting plugin MacGraphicsSwitching
LogPluginManager: Mounting plugin MaterialAnalyzer
LogPluginManager: Mounting plugin MobileLauncherProfileWizard
LogPluginManager: Mounting plugin PluginBrowser
LogPluginManager: Mounting plugin SpeedTreeImporter
LogPluginManager: Mounting plugin DatasmithContent
LogPluginManager: Mounting plugin VariantManagerContent
LogPluginManager: Mounting plugin AlembicImporter
LogPluginManager: Mounting plugin AutomationUtils
LogPluginManager: Mounting plugin BackChannel
LogPluginManager: Mounting plugin ChaosCloth
LogPluginManager: Mounting plugin ChaosClothEditor
LogPluginManager: Mounting plugin ChaosEditor
LogPluginManager: Mounting plugin ChaosNiagara
LogPluginManager: Mounting plugin ChaosSolverPlugin
LogPluginManager: Mounting plugin CharacterAI
LogPluginManager: Mounting plugin GeometryCache
LogPluginManager: Mounting plugin GeometryCollectionPlugin
LogPluginManager: Mounting plugin GeometryProcessing
LogPluginManager: Mounting plugin PlanarCut
LogPluginManager: Mounting plugin PlatformCrypto
LogPluginManager: Mounting plugin ProxyLODPlugin
LogPluginManager: Mounting plugin SkeletalReduction
LogPluginManager: Mounting plugin Niagara
LogPluginManager: Mounting plugin MagicLeap
LogPluginManager: Mounting plugin MagicLeapLightEstimation
LogPluginManager: Mounting plugin MagicLeapMedia
LogPluginManager: Mounting plugin MagicLeapPassableWorld
LogPluginManager: Mounting plugin MLSDK
LogPluginManager: Mounting plugin AndroidMedia
LogPluginManager: Mounting plugin AvfMedia
LogPluginManager: Mounting plugin ImgMedia
LogPluginManager: Mounting plugin MediaCompositing
LogPluginManager: Mounting plugin MediaPlayerEditor
LogPluginManager: Mounting plugin WebMMedia
LogPluginManager: Mounting plugin WmfMedia
LogPluginManager: Mounting plugin MeshPainting
LogPluginManager: Mounting plugin TcpMessaging
LogPluginManager: Mounting plugin UdpMessaging
LogPluginManager: Mounting plugin ActorSequence
LogPluginManager: Mounting plugin LevelSequenceEditor
LogPluginManager: Mounting plugin MatineeToLevelSequence
LogPluginManager: Mounting plugin MovieRenderPipeline
LogPluginManager: Mounting plugin TemplateSequence
LogPluginManager: Mounting plugin NetcodeUnitTest
LogPluginManager: Mounting plugin NUTUnrealEngine4
LogPluginManager: Mounting plugin OnlineSubsystemGooglePlay
LogPluginManager: Mounting plugin OnlineSubsystemIOS
LogPluginManager: Mounting plugin OnlineSubsystem
LogPluginManager: Mounting plugin OnlineSubsystemNull
LogPluginManager: Mounting plugin OnlineSubsystemUtils
LogPluginManager: Mounting plugin LauncherChunkInstaller
LogPluginManager: Mounting plugin AndroidDeviceProfileSelector
LogPluginManager: Mounting plugin AndroidMoviePlayer
LogPluginManager: Mounting plugin AndroidPermission
LogPluginManager: Mounting plugin AppleImageUtils
LogPluginManager: Mounting plugin AppleMoviePlayer
LogPluginManager: Mounting plugin ArchVisCharacter
LogPluginManager: Mounting plugin AssetTags
LogPluginManager: Mounting plugin AudioCapture
LogPluginManager: Mounting plugin CableComponent
LogPluginManager: Mounting plugin CustomMeshComponent
LogPluginManager: Mounting plugin EditableMesh
LogPluginManager: Mounting plugin ExampleDeviceProfileSelector
LogPluginManager: Mounting plugin GoogleCloudMessaging
LogPluginManager: Mounting plugin GooglePAD
LogPluginManager: Mounting plugin IOSDeviceProfileSelector
LogPluginManager: Mounting plugin LinuxDeviceProfileSelector
LogPluginManager: Mounting plugin LocationServicesBPLibrary
LogPluginManager: Mounting plugin MobilePatchingUtils
LogPluginManager: Mounting plugin OculusVR
LogPluginManager: Mounting plugin PhysXVehicles
LogPluginManager: Mounting plugin PostSplashScreen
LogPluginManager: Mounting plugin ProceduralMeshComponent
LogPluginManager: Mounting plugin RuntimePhysXCooking
LogPluginManager: Mounting plugin SignificanceManager
LogPluginManager: Mounting plugin SoundFields
LogPluginManager: Mounting plugin SteamVR
LogPluginManager: Mounting plugin Synthesis
LogPluginManager: Mounting plugin WebMMoviePlayer
LogPluginManager: Mounting plugin WindowsMoviePlayer
LogPluginManager: Mounting plugin ScreenshotTools
LogInit: Using libcurl 7.55.1-DEV
LogInit:  - built for x86_64-pc-win32
LogInit:  - supports SSL with OpenSSL/1.1.1
LogInit:  - supports HTTP deflate (compression) using libz 1.2.8
LogInit:  - other features:
LogInit:      CURL_VERSION_SSL
LogInit:      CURL_VERSION_LIBZ
LogInit:      CURL_VERSION_IPV6
LogInit:      CURL_VERSION_ASYNCHDNS
LogInit:      CURL_VERSION_LARGEFILE
LogInit:      CURL_VERSION_IDN
LogInit:  CurlRequestOptions (configurable via config and command line):
LogInit:  - bVerifyPeer = true  - Libcurl will verify peer certificate
LogInit:  - bUseHttpProxy = false  - Libcurl will NOT use HTTP proxy
LogInit:  - bDontReuseConnections = false  - Libcurl will reuse connections
LogInit:  - MaxHostConnections = 16  - Libcurl will limit the number of connections to a host
LogInit:  - LocalHostAddr = Default
LogInit:  - BufferSize = 65536
LogOnline: OSS: Creating online subsystem instance for: NULL
LogInit: WinSock: version 1.1 (2.2), MaxSocks=32767, MaxUdp=65467
LogOnline: OSS: TryLoadSubsystemAndSetDefault: Loaded subsystem for module [NULL]
LogInit: Build: ++UE4+Release-4.25-CL-13942748
LogInit: Engine Version: 4.25.3-13942748+++UE4+Release-4.25
LogInit: Compatible Engine Version: 4.25.0-13144385+++UE4+Release-4.25
LogInit: Net CL: 13144385
LogInit: OS: Windows 10 (Release 2004) (), CPU: Intel(R) Core(TM) i5-7500T CPU @ 2.70GHz, GPU: NVIDIA GeForce GTX 1060
LogInit: Compiled (64-bit): Jul 25 2020 02:07:48
LogInit: Compiled with Visual C++: 19.24.28315.00
LogInit: Build Configuration: Development
LogInit: Branch Name: ++UE4+Release-4.25
LogInit: Command Line:  127.0.0.1:17777 -game -PIEVIACONSOLE -Multiprocess "GameUserSettingsINI=C:/Users/Olle/Documents/Game Projects/PROJ_Grupp2/HideNSneakUnreal/Saved/Config/Windows/PIEGameUserSettings2.ini" -MultiprocessSaveConfig -MultiprocessOSS -messaging -SessionName="Play in Standalone Game" -windowed -ResX=1280 -ResY=720
LogInit: Base Directory: C:/Program Files/Epic Games/UE_4.25/Engine/Binaries/Win64/
LogInit: Allocator: TBB
LogInit: Installed Engine Build: 1
LogDevObjectVersion: Number of dev versions registered: 26
LogDevObjectVersion:   Dev-Blueprints (B0D832E4-1F89-4F0D-ACCF-7EB736FD4AA2): 10
LogDevObjectVersion:   Dev-Build (E1C64328-A22C-4D53-A36C-8E866417BD8C): 0
LogDevObjectVersion:   Dev-Core (375EC13C-06E4-48FB-B500-84F0262A717E): 4
LogDevObjectVersion:   Dev-Editor (E4B068ED-F494-42E9-A231-DA0B2E46BB41): 38
LogDevObjectVersion:   Dev-Framework (CFFC743F-43B0-4480-9391-14DF171D2073): 37
LogDevObjectVersion:   Dev-Mobile (B02B49B5-BB20-44E9-A304-32B752E40360): 2
LogDevObjectVersion:   Dev-Networking (A4E4105C-59A1-49B5-A7C5-40C4547EDFEE): 0
LogDevObjectVersion:   Dev-Online (39C831C9-5AE6-47DC-9A44-9C173E1C8E7C): 0
LogDevObjectVersion:   Dev-Physics (78F01B33-EBEA-4F98-B9B4-84EACCB95AA2): 4
LogDevObjectVersion:   Dev-Platform (6631380F-2D4D-43E0-8009-CF276956A95A): 0
LogDevObjectVersion:   Dev-Rendering (12F88B9F-8875-4AFC-A67C-D90C383ABD29): 43
LogDevObjectVersion:   Dev-Sequencer (7B5AE74C-D270-4C10-A958-57980B212A5A): 12
LogDevObjectVersion:   Dev-VR (D7296918-1DD6-4BDD-9DE2-64A83CC13884): 3
LogDevObjectVersion:   Dev-LoadTimes (C2A15278-BFE7-4AFE-6C17-90FF531DF755): 1
LogDevObjectVersion:   Private-Geometry (6EACA3D4-40EC-4CC1-B786-8BED09428FC5): 3
LogDevObjectVersion:   Dev-AnimPhys (29E575DD-E0A3-4627-9D10-D276232CDCEA): 17
LogDevObjectVersion:   Dev-Anim (AF43A65D-7FD3-4947-9873-3E8ED9C1BB05): 7
LogDevObjectVersion:   Dev-ReflectionCapture (6B266CEC-1EC7-4B8F-A30B-E4D90942FC07): 1
LogDevObjectVersion:   Dev-Automation (0DF73D61-A23F-47EA-B727-89E90C41499A): 1
LogDevObjectVersion:   FortniteMain (601D1886-AC64-4F84-AA16-D3DE0DEAC7D6): 31
LogDevObjectVersion:   Dev-Enterprise (9DFFBCD6-494F-0158-E221-12823C92A888): 10
LogDevObjectVersion:   Dev-Niagara (F2AED0AC-9AFE-416F-8664-AA7FFA26D6FC): 1
LogDevObjectVersion:   Dev-Destruction (174F1F0B-B4C6-45A5-B13F-2EE8D0FB917D): 10
LogDevObjectVersion:   Dev-Physics-Ext (35F94A83-E258-406C-A318-09F59610247C): 37
LogDevObjectVersion:   Dev-PhysicsMaterial-Chaos (B68FC16E-8B1B-42E2-B453-215C058844FE): 1
LogDevObjectVersion:   Dev-CineCamera (B2E18506-4273-CFC2-A54E-F4BB758BBA07): 1
LogInit: Presizing for max 25165824 objects, including 0 objects not considered by GC, pre-allocating 0 bytes for permanent pool.
LogConfig: Applying CVar settings from Section [/Script/Engine.StreamingSettings] File [C:/Users/Olle/Documents/Game Projects/PROJ_Grupp2/HideNSneakUnreal/Saved/Config/Windows/Engine.ini]
LogConfig: Setting CVar [[s.MinBulkDataSizeForAsyncLoading:131072]]
LogConfig: Setting CVar [[s.AsyncLoadingThreadEnabled:0]]
LogConfig: Setting CVar [[s.EventDrivenLoaderEnabled:1]]
LogConfig: Setting CVar [[s.WarnIfTimeLimitExceeded:0]]
LogConfig: Setting CVar [[s.TimeLimitExceededMultiplier:1.5]]
LogConfig: Setting CVar [[s.TimeLimitExceededMinTime:0.005]]
LogConfig: Setting CVar [[s.UseBackgroundLevelStreaming:1]]
LogConfig: Setting CVar [[s.PriorityAsyncLoadingExtraTime:15.0]]
LogConfig: Setting CVar [[s.LevelStreamingActorsUpdateTimeLimit:5.0]]
LogConfig: Setting CVar [[s.PriorityLevelStreamingActorsUpdateExtraTime:5.0]]
LogConfig: Setting CVar [[s.LevelStreamingComponentsRegistrationGranularity:10]]
LogConfig: Setting CVar [[s.UnregisterComponentsTimeLimit:1.0]]
LogConfig: Setting CVar [[s.LevelStreamingComponentsUnregistrationGranularity:5]]
LogConfig: Setting CVar [[s.FlushStreamingOnExit:1]]
LogInit: Object subsystem initialized
LogConfig: Setting CVar [[con.DebugEarlyDefault:1]]
LogConfig: Setting CVar [[r.setres:1280x720]]
[2020.10.20-08.04.06:672][  0]LogConfig: Setting CVar [[con.DebugEarlyDefault:1]]
[2020.10.20-08.04.06:672][  0]LogConfig: Setting CVar [[r.setres:1280x720]]
[2020.10.20-08.04.06:672][  0]LogConfig: Applying CVar settings from Section [/Script/Engine.RendererSettings] File [C:/Users/Olle/Documents/Game Projects/PROJ_Grupp2/HideNSneakUnreal/Saved/Config/Windows/Engine.ini]
[2020.10.20-08.04.06:672][  0]LogConfig: Setting CVar [[r.GPUCrashDebugging:0]]
[2020.10.20-08.04.06:672][  0]LogConfig: Applying CVar settings from Section [/Script/Engine.RendererOverrideSettings] File [C:/Users/Olle/Documents/Game Projects/PROJ_Grupp2/HideNSneakUnreal/Saved/Config/Windows/Engine.ini]
[2020.10.20-08.04.06:672][  0]LogConfig: Applying CVar settings from Section [/Script/Engine.StreamingSettings] File [C:/Users/Olle/Documents/Game Projects/PROJ_Grupp2/HideNSneakUnreal/Saved/Config/Windows/Engine.ini]
[2020.10.20-08.04.06:672][  0]LogConfig: Setting CVar [[s.MinBulkDataSizeForAsyncLoading:131072]]
[2020.10.20-08.04.06:672][  0]LogConfig: Setting CVar [[s.AsyncLoadingThreadEnabled:0]]
[2020.10.20-08.04.06:672][  0]LogConfig: Setting CVar [[s.EventDrivenLoaderEnabled:1]]
[2020.10.20-08.04.06:672][  0]LogConfig: Setting CVar [[s.WarnIfTimeLimitExceeded:0]]
[2020.10.20-08.04.06:672][  0]LogConfig: Setting CVar [[s.TimeLimitExceededMultiplier:1.5]]
[2020.10.20-08.04.06:672][  0]LogConfig: Setting CVar [[s.TimeLimitExceededMinTime:0.005]]
[2020.10.20-08.04.06:672][  0]LogConfig: Setting CVar [[s.UseBackgroundLevelStreaming:1]]
[2020.10.20-08.04.06:672][  0]LogConfig: Setting CVar [[s.PriorityAsyncLoadingExtraTime:15.0]]
[2020.10.20-08.04.06:672][  0]LogConfig: Setting CVar [[s.LevelStreamingActorsUpdateTimeLimit:5.0]]
[2020.10.20-08.04.06:672][  0]LogConfig: Setting CVar [[s.PriorityLevelStreamingActorsUpdateExtraTime:5.0]]
[2020.10.20-08.04.06:672][  0]LogConfig: Setting CVar [[s.LevelStreamingComponentsRegistrationGranularity:10]]
[2020.10.20-08.04.06:672][  0]LogConfig: Setting CVar [[s.UnregisterComponentsTimeLimit:1.0]]
[2020.10.20-08.04.06:672][  0]LogConfig: Setting CVar [[s.LevelStreamingComponentsUnregistrationGranularity:5]]
[2020.10.20-08.04.06:672][  0]LogConfig: Setting CVar [[s.FlushStreamingOnExit:1]]
[2020.10.20-08.04.06:672][  0]LogConfig: Applying CVar settings from Section [/Script/Engine.GarbageCollectionSettings] File [C:/Users/Olle/Documents/Game Projects/PROJ_Grupp2/HideNSneakUnreal/Saved/Config/Windows/Engine.ini]
[2020.10.20-08.04.06:672][  0]LogConfig: Setting CVar [[gc.MaxObjectsNotConsideredByGC:1]]
[2020.10.20-08.04.06:672][  0]LogConfig: Setting CVar [[gc.SizeOfPermanentObjectPool:0]]
[2020.10.20-08.04.06:672][  0]LogConfig: Setting CVar [[gc.FlushStreamingOnGC:0]]
[2020.10.20-08.04.06:672][  0]LogConfig: Setting CVar [[gc.NumRetriesBeforeForcingGC:10]]
[2020.10.20-08.04.06:672][  0]LogConfig: Setting CVar [[gc.AllowParallelGC:1]]
[2020.10.20-08.04.06:672][  0]LogConfig: Setting CVar [[gc.TimeBetweenPurgingPendingKillObjects:61.1]]
[2020.10.20-08.04.06:672][  0]LogConfig: Setting CVar [[gc.MaxObjectsInEditor:25165824]]
[2020.10.20-08.04.06:672][  0]LogConfig: Setting CVar [[gc.IncrementalBeginDestroyEnabled:1]]
[2020.10.20-08.04.06:672][  0]LogConfig: Setting CVar [[gc.CreateGCClusters:1]]
[2020.10.20-08.04.06:672][  0]LogConfig: Setting CVar [[gc.MinGCClusterSize:5]]
[2020.10.20-08.04.06:672][  0]LogConfig: Setting CVar [[gc.ActorClusteringEnabled:0]]
[2020.10.20-08.04.06:672][  0]LogConfig: Setting CVar [[gc.BlueprintClusteringEnabled:0]]
[2020.10.20-08.04.06:672][  0]LogConfig: Setting CVar [[gc.UseDisregardForGCOnDedicatedServers:0]]
[2020.10.20-08.04.06:672][  0]LogConfig: Applying CVar settings from Section [/Script/Engine.NetworkSettings] File [C:/Users/Olle/Documents/Game Projects/PROJ_Grupp2/HideNSneakUnreal/Saved/Config/Windows/Engine.ini]
[2020.10.20-08.04.06:672][  0]LogConfig: Applying CVar settings from Section [/Script/UnrealEd.CookerSettings] File [C:/Users/Olle/Documents/Game Projects/PROJ_Grupp2/HideNSneakUnreal/Saved/Config/Windows/Engine.ini]
[2020.10.20-08.04.06:675][  0]LogConfig: Applying CVar settings from Section [ViewDistanceQuality@3] File [C:/Users/Olle/Documents/Game Projects/PROJ_Grupp2/HideNSneakUnreal/Saved/Config/Windows/Scalability.ini]
[2020.10.20-08.04.06:675][  0]LogConfig: Setting CVar [[r.SkeletalMeshLODBias:0]]
[2020.10.20-08.04.06:675][  0]LogConfig: Setting CVar [[r.ViewDistanceScale:1.0]]
[2020.10.20-08.04.06:675][  0]LogConfig: Applying CVar settings from Section [AntiAliasingQuality@3] File [C:/Users/Olle/Documents/Game Projects/PROJ_Grupp2/HideNSneakUnreal/Saved/Config/Windows/Scalability.ini]
[2020.10.20-08.04.06:675][  0]LogConfig: Setting CVar [[r.PostProcessAAQuality:4]]
[2020.10.20-08.04.06:675][  0]LogConfig: Applying CVar settings from Section [ShadowQuality@3] File [C:/Users/Olle/Documents/Game Projects/PROJ_Grupp2/HideNSneakUnreal/Saved/Config/Windows/Scalability.ini]
[2020.10.20-08.04.06:675][  0]LogConfig: Setting CVar [[r.LightFunctionQuality:1]]
[2020.10.20-08.04.06:675][  0]LogConfig: Setting CVar [[r.ShadowQuality:5]]
[2020.10.20-08.04.06:675][  0]LogConfig: Setting CVar [[r.Shadow.CSM.MaxCascades:10]]
[2020.10.20-08.04.06:675][  0]LogConfig: Setting CVar [[r.Shadow.MaxResolution:2048]]
[2020.10.20-08.04.06:675][  0]LogConfig: Setting CVar [[r.Shadow.MaxCSMResolution:2048]]
[2020.10.20-08.04.06:675][  0]LogConfig: Setting CVar [[r.Shadow.RadiusThreshold:0.01]]
[2020.10.20-08.04.06:675][  0]LogConfig: Setting CVar [[r.Shadow.DistanceScale:1.0]]
[2020.10.20-08.04.06:675][  0]LogConfig: Setting CVar [[r.Shadow.CSM.TransitionScale:1.0]]
[2020.10.20-08.04.06:675][  0]LogConfig: Setting CVar [[r.Shadow.PreShadowResolutionFactor:1.0]]
[2020.10.20-08.04.06:675][  0]LogConfig: Setting CVar [[r.DistanceFieldShadowing:1]]
[2020.10.20-08.04.06:675][  0]LogConfig: Setting CVar [[r.DistanceFieldAO:1]]
[2020.10.20-08.04.06:675][  0]LogConfig: Setting CVar [[r.AOQuality:2]]
[2020.10.20-08.04.06:675][  0]LogConfig: Setting CVar [[r.VolumetricFog:1]]
[2020.10.20-08.04.06:675][  0]LogConfig: Setting CVar [[r.VolumetricFog.GridPixelSize:8]]
[2020.10.20-08.04.06:676][  0]LogConfig: Setting CVar [[r.VolumetricFog.GridSizeZ:128]]
[2020.10.20-08.04.06:676][  0]LogConfig: Setting CVar [[r.VolumetricFog.HistoryMissSupersampleCount:4]]
[2020.10.20-08.04.06:676][  0]LogConfig: Setting CVar [[r.LightMaxDrawDistanceScale:1]]
[2020.10.20-08.04.06:676][  0]LogConfig: Setting CVar [[r.CapsuleShadows:1]]
[2020.10.20-08.04.06:676][  0]LogConfig: Applying CVar settings from Section [PostProcessQuality@3] File [C:/Users/Olle/Documents/Game Projects/PROJ_Grupp2/HideNSneakUnreal/Saved/Config/Windows/Scalability.ini]
[2020.10.20-08.04.06:676][  0]LogConfig: Setting CVar [[r.MotionBlurQuality:4]]
[2020.10.20-08.04.06:676][  0]LogConfig: Setting CVar [[r.AmbientOcclusionMipLevelFactor:0.4]]
[2020.10.20-08.04.06:676][  0]LogConfig: Setting CVar [[r.AmbientOcclusionMaxQuality:100]]
[2020.10.20-08.04.06:676][  0]LogConfig: Setting CVar [[r.AmbientOcclusionLevels:-1]]
[2020.10.20-08.04.06:676][  0]LogConfig: Setting CVar [[r.AmbientOcclusionRadiusScale:1.0]]
[2020.10.20-08.04.06:676][  0]LogConfig: Setting CVar [[r.DepthOfFieldQuality:2]]
[2020.10.20-08.04.06:676][  0]LogConfig: Setting CVar [[r.RenderTargetPoolMin:400]]
[2020.10.20-08.04.06:676][  0]LogConfig: Setting CVar [[r.LensFlareQuality:2]]
[2020.10.20-08.04.06:676][  0]LogConfig: Setting CVar [[r.SceneColorFringeQuality:1]]
[2020.10.20-08.04.06:676][  0]LogConfig: Setting CVar [[r.EyeAdaptationQuality:2]]
[2020.10.20-08.04.06:676][  0]LogConfig: Setting CVar [[r.BloomQuality:5]]
[2020.10.20-08.04.06:676][  0]LogConfig: Setting CVar [[r.FastBlurThreshold:100]]
[2020.10.20-08.04.06:676][  0]LogConfig: Setting CVar [[r.Upscale.Quality:3]]
[2020.10.20-08.04.06:676][  0]LogConfig: Setting CVar [[r.Tonemapper.GrainQuantization:1]]
[2020.10.20-08.04.06:676][  0]LogConfig: Setting CVar [[r.LightShaftQuality:1]]
[2020.10.20-08.04.06:676][  0]LogConfig: Setting CVar [[r.Filter.SizeScale:1]]
[2020.10.20-08.04.06:676][  0]LogConfig: Setting CVar [[r.Tonemapper.Quality:5]]
[2020.10.20-08.04.06:676][  0]LogConfig: Setting CVar [[r.DOF.Gather.AccumulatorQuality:1        ; higher gathering accumulator quality]]
[2020.10.20-08.04.06:676][  0]LogConfig: Setting CVar [[r.DOF.Gather.PostfilterMethod:1          ; Median3x3 postfilering method]]
[2020.10.20-08.04.06:676][  0]LogConfig: Setting CVar [[r.DOF.Gather.EnableBokehSettings:0       ; no bokeh simulation when gathering]]
[2020.10.20-08.04.06:676][  0]LogConfig: Setting CVar [[r.DOF.Gather.RingCount:4                 ; medium number of samples when gathering]]
[2020.10.20-08.04.06:676][  0]LogConfig: Setting CVar [[r.DOF.Scatter.ForegroundCompositing:1    ; additive foreground scattering]]
[2020.10.20-08.04.06:676][  0]LogConfig: Setting CVar [[r.DOF.Scatter.BackgroundCompositing:2    ; additive background scattering]]
[2020.10.20-08.04.06:676][  0]LogConfig: Setting CVar [[r.DOF.Scatter.EnableBokehSettings:1      ; bokeh simulation when scattering]]
[2020.10.20-08.04.06:676][  0]LogConfig: Setting CVar [[r.DOF.Scatter.MaxSpriteRatio:0.1         ; only a maximum of 10% of scattered bokeh]]
[2020.10.20-08.04.06:676][  0]LogConfig: Setting CVar [[r.DOF.Recombine.Quality:1                ; cheap slight out of focus]]
[2020.10.20-08.04.06:676][  0]LogConfig: Setting CVar [[r.DOF.Recombine.EnableBokehSettings:0    ; no bokeh simulation on slight out of focus]]
[2020.10.20-08.04.06:676][  0]LogConfig: Setting CVar [[r.DOF.TemporalAAQuality:1                ; more stable temporal accumulation]]
[2020.10.20-08.04.06:676][  0]LogConfig: Setting CVar [[r.DOF.Kernel.MaxForegroundRadius:0.025]]
[2020.10.20-08.04.06:676][  0]LogConfig: Setting CVar [[r.DOF.Kernel.MaxBackgroundRadius:0.025]]
[2020.10.20-08.04.06:676][  0]LogConfig: Applying CVar settings from Section [TextureQuality@3] File [C:/Users/Olle/Documents/Game Projects/PROJ_Grupp2/HideNSneakUnreal/Saved/Config/Windows/Scalability.ini]
[2020.10.20-08.04.06:676][  0]LogConfig: Setting CVar [[r.Streaming.MipBias:0]]
[2020.10.20-08.04.06:676][  0]LogConfig: Setting CVar [[r.Streaming.AmortizeCPUToGPUCopy:0]]
[2020.10.20-08.04.06:676][  0]LogConfig: Setting CVar [[r.Streaming.MaxNumTexturesToStreamPerFrame:0]]
[2020.10.20-08.04.06:676][  0]LogConfig: Setting CVar [[r.Streaming.Boost:1]]
[2020.10.20-08.04.06:676][  0]LogConfig: Setting CVar [[r.MaxAnisotropy:8]]
[2020.10.20-08.04.06:676][  0]LogConfig: Setting CVar [[r.VT.MaxAnisotropy:8]]
[2020.10.20-08.04.06:676][  0]LogConfig: Setting CVar [[r.Streaming.LimitPoolSizeToVRAM:0]]
[2020.10.20-08.04.06:676][  0]LogConfig: Setting CVar [[r.Streaming.PoolSize:1000]]
[2020.10.20-08.04.06:676][  0]LogConfig: Setting CVar [[r.Streaming.MaxEffectiveScreenSize:0]]
[2020.10.20-08.04.06:676][  0]LogConfig: Applying CVar settings from Section [EffectsQuality@3] File [C:/Users/Olle/Documents/Game Projects/PROJ_Grupp2/HideNSneakUnreal/Saved/Config/Windows/Scalability.ini]
[2020.10.20-08.04.06:676][  0]LogConfig: Setting CVar [[r.TranslucencyLightingVolumeDim:64]]
[2020.10.20-08.04.06:676][  0]LogConfig: Setting CVar [[r.RefractionQuality:2]]
[2020.10.20-08.04.06:676][  0]LogConfig: Setting CVar [[r.SSR.Quality:3]]
[2020.10.20-08.04.06:676][  0]LogConfig: Setting CVar [[r.SSR.HalfResSceneColor:0]]
[2020.10.20-08.04.06:676][  0]LogConfig: Setting CVar [[r.SceneColorFormat:4]]
[2020.10.20-08.04.06:676][  0]LogConfig: Setting CVar [[r.DetailMode:2]]
[2020.10.20-08.04.06:676][  0]LogConfig: Setting CVar [[r.TranslucencyVolumeBlur:1]]
[2020.10.20-08.04.06:676][  0]LogConfig: Setting CVar [[r.MaterialQualityLevel:1 ; High quality]]
[2020.10.20-08.04.06:676][  0]LogConfig: Setting CVar [[r.SSS.Scale:1]]
[2020.10.20-08.04.06:676][  0]LogConfig: Setting CVar [[r.SSS.SampleSet:2]]
[2020.10.20-08.04.06:676][  0]LogConfig: Setting CVar [[r.SSS.Quality:1]]
[2020.10.20-08.04.06:676][  0]LogConfig: Setting CVar [[r.SSS.HalfRes:0]]
[2020.10.20-08.04.06:676][  0]LogConfig: Setting CVar [[r.SSGI.Quality:3]]
[2020.10.20-08.04.06:676][  0]LogConfig: Setting CVar [[r.EmitterSpawnRateScale:1.0]]
[2020.10.20-08.04.06:676][  0]LogConfig: Setting CVar [[r.ParticleLightQuality:2]]
[2020.10.20-08.04.06:676][  0]LogConfig: Setting CVar [[r.SkyAtmosphere.AerialPerspectiveLUT.FastApplyOnOpaque:1 ; Always have FastSkyLUT 1 in this case to avoid wrong sky]]
[2020.10.20-08.04.06:676][  0]LogConfig: Setting CVar [[r.SkyAtmosphere.AerialPerspectiveLUT.SampleCountPerSlice:1]]
[2020.10.20-08.04.06:676][  0]LogConfig: Setting CVar [[r.SkyAtmosphere.AerialPerspectiveLUT.DepthResolution:16.0]]
[2020.10.20-08.04.06:677][  0]LogConfig: Setting CVar [[r.SkyAtmosphere.FastSkyLUT:1]]
[2020.10.20-08.04.06:677][  0]LogConfig: Setting CVar [[r.SkyAtmosphere.FastSkyLUT.SampleCountMin:4.0]]
[2020.10.20-08.04.06:677][  0]LogConfig: Setting CVar [[r.SkyAtmosphere.FastSkyLUT.SampleCountMax:32.0]]
[2020.10.20-08.04.06:677][  0]LogConfig: Setting CVar [[r.SkyAtmosphere.SampleCountMin:4.0]]
[2020.10.20-08.04.06:677][  0]LogConfig: Setting CVar [[r.SkyAtmosphere.SampleCountMax:32.0]]
[2020.10.20-08.04.06:677][  0]LogConfig: Setting CVar [[r.SkyAtmosphere.TransmittanceLUT.UseSmallFormat:0]]
[2020.10.20-08.04.06:677][  0]LogConfig: Setting CVar [[r.SkyAtmosphere.TransmittanceLUT.SampleCount:10.0]]
[2020.10.20-08.04.06:677][  0]LogConfig: Setting CVar [[r.SkyAtmosphere.MultiScatteringLUT.SampleCount:15.0]]
[2020.10.20-08.04.06:677][  0]LogConfig: Applying CVar settings from Section [FoliageQuality@3] File [C:/Users/Olle/Documents/Game Projects/PROJ_Grupp2/HideNSneakUnreal/Saved/Config/Windows/Scalability.ini]
[2020.10.20-08.04.06:677][  0]LogConfig: Setting CVar [[foliage.DensityScale:1.0]]
[2020.10.20-08.04.06:677][  0]LogConfig: Setting CVar [[grass.DensityScale:1.0]]
[2020.10.20-08.04.06:677][  0]LogConfig: Applying CVar settings from Section [ShadingQuality@3] File [C:/Users/Olle/Documents/Game Projects/PROJ_Grupp2/HideNSneakUnreal/Saved/Config/Windows/Scalability.ini]
[2020.10.20-08.04.06:677][  0]LogConfig: Setting CVar [[r.HairStrands.SkyLighting.SampleCount:16]]
[2020.10.20-08.04.06:677][  0]LogConfig: Setting CVar [[r.HairStrands.SkyLighting.JitterIntegration:0]]
[2020.10.20-08.04.06:677][  0]LogConfig: Setting CVar [[r.HairStrands.SkyAO.SampleCount:16]]
[2020.10.20-08.04.06:677][  0]LogConfig: Setting CVar [[r.HairStrands.DeepShadow.SuperSampling:0]]
[2020.10.20-08.04.06:677][  0]LogConfig: Setting CVar [[r.HairStrands.VisibilityPPLL:0]]
[2020.10.20-08.04.06:677][  0]LogConfig: Setting CVar [[r.HairStrands.RasterizationScale:0.5]]
[2020.10.20-08.04.06:677][  0]LogConfig: Setting CVar [[r.HairStrands.VelocityRasterizationScale:1]]
[2020.10.20-08.04.06:677][  0]LogInit: Selected Device Profile: [Windows]
[2020.10.20-08.04.06:677][  0]LogInit: Applying CVar settings loaded from the selected device profile: [Windows]
[2020.10.20-08.04.06:677][  0]LogHAL: Display: Platform has ~ 16 GB [17133535232 / 17179869184 / 16], which maps to Larger [LargestMinGB=32, LargerMinGB=12, DefaultMinGB=8, SmallerMinGB=6, SmallestMinGB=0)
[2020.10.20-08.04.06:677][  0]LogInit: Going up to parent DeviceProfile []
[2020.10.20-08.04.06:677][  0]LogConfig: Applying CVar settings from Section [ViewDistanceQuality@3] File [C:/Users/Olle/Documents/Game Projects/PROJ_Grupp2/HideNSneakUnreal/Saved/Config/Windows/Scalability.ini]
[2020.10.20-08.04.06:677][  0]LogConfig: Setting CVar [[r.SkeletalMeshLODBias:0]]
[2020.10.20-08.04.06:677][  0]LogConfig: Setting CVar [[r.ViewDistanceScale:1.0]]
[2020.10.20-08.04.06:677][  0]LogConfig: Applying CVar settings from Section [AntiAliasingQuality@3] File [C:/Users/Olle/Documents/Game Projects/PROJ_Grupp2/HideNSneakUnreal/Saved/Config/Windows/Scalability.ini]
[2020.10.20-08.04.06:677][  0]LogConfig: Setting CVar [[r.PostProcessAAQuality:4]]
[2020.10.20-08.04.06:677][  0]LogConfig: Applying CVar settings from Section [ShadowQuality@3] File [C:/Users/Olle/Documents/Game Projects/PROJ_Grupp2/HideNSneakUnreal/Saved/Config/Windows/Scalability.ini]
[2020.10.20-08.04.06:677][  0]LogConfig: Setting CVar [[r.LightFunctionQuality:1]]
[2020.10.20-08.04.06:677][  0]LogConfig: Setting CVar [[r.ShadowQuality:5]]
[2020.10.20-08.04.06:677][  0]LogConfig: Setting CVar [[r.Shadow.CSM.MaxCascades:10]]
[2020.10.20-08.04.06:677][  0]LogConfig: Setting CVar [[r.Shadow.MaxResolution:2048]]
[2020.10.20-08.04.06:677][  0]LogConfig: Setting CVar [[r.Shadow.MaxCSMResolution:2048]]
[2020.10.20-08.04.06:677][  0]LogConfig: Setting CVar [[r.Shadow.RadiusThreshold:0.01]]
[2020.10.20-08.04.06:677][  0]LogConfig: Setting CVar [[r.Shadow.DistanceScale:1.0]]
[2020.10.20-08.04.06:677][  0]LogConfig: Setting CVar [[r.Shadow.CSM.TransitionScale:1.0]]
[2020.10.20-08.04.06:677][  0]LogConfig: Setting CVar [[r.Shadow.PreShadowResolutionFactor:1.0]]
[2020.10.20-08.04.06:677][  0]LogConfig: Setting CVar [[r.DistanceFieldShadowing:1]]
[2020.10.20-08.04.06:677][  0]LogConfig: Setting CVar [[r.DistanceFieldAO:1]]
[2020.10.20-08.04.06:677][  0]LogConfig: Setting CVar [[r.AOQuality:2]]
[2020.10.20-08.04.06:677][  0]LogConfig: Setting CVar [[r.VolumetricFog:1]]
[2020.10.20-08.04.06:677][  0]LogConfig: Setting CVar [[r.VolumetricFog.GridPixelSize:8]]
[2020.10.20-08.04.06:677][  0]LogConfig: Setting CVar [[r.VolumetricFog.GridSizeZ:128]]
[2020.10.20-08.04.06:677][  0]LogConfig: Setting CVar [[r.VolumetricFog.HistoryMissSupersampleCount:4]]
[2020.10.20-08.04.06:677][  0]LogConfig: Setting CVar [[r.LightMaxDrawDistanceScale:1]]
[2020.10.20-08.04.06:677][  0]LogConfig: Setting CVar [[r.CapsuleShadows:1]]
[2020.10.20-08.04.06:677][  0]LogConfig: Applying CVar settings from Section [PostProcessQuality@3] File [C:/Users/Olle/Documents/Game Projects/PROJ_Grupp2/HideNSneakUnreal/Saved/Config/Windows/Scalability.ini]
[2020.10.20-08.04.06:677][  0]LogConfig: Setting CVar [[r.MotionBlurQuality:4]]
[2020.10.20-08.04.06:677][  0]LogConfig: Setting CVar [[r.AmbientOcclusionMipLevelFactor:0.4]]
[2020.10.20-08.04.06:677][  0]LogConfig: Setting CVar [[r.AmbientOcclusionMaxQuality:100]]
[2020.10.20-08.04.06:677][  0]LogConfig: Setting CVar [[r.AmbientOcclusionLevels:-1]]
[2020.10.20-08.04.06:677][  0]LogConfig: Setting CVar [[r.AmbientOcclusionRadiusScale:1.0]]
[2020.10.20-08.04.06:677][  0]LogConfig: Setting CVar [[r.DepthOfFieldQuality:2]]
[2020.10.20-08.04.06:677][  0]LogConfig: Setting CVar [[r.RenderTargetPoolMin:400]]
[2020.10.20-08.04.06:677][  0]LogConfig: Setting CVar [[r.LensFlareQuality:2]]
[2020.10.20-08.04.06:677][  0]LogConfig: Setting CVar [[r.SceneColorFringeQuality:1]]
[2020.10.20-08.04.06:678][  0]LogConfig: Setting CVar [[r.EyeAdaptationQuality:2]]
[2020.10.20-08.04.06:678][  0]LogConfig: Setting CVar [[r.BloomQuality:5]]
[2020.10.20-08.04.06:678][  0]LogConfig: Setting CVar [[r.FastBlurThreshold:100]]
[2020.10.20-08.04.06:678][  0]LogConfig: Setting CVar [[r.Upscale.Quality:3]]
[2020.10.20-08.04.06:678][  0]LogConfig: Setting CVar [[r.Tonemapper.GrainQuantization:1]]
[2020.10.20-08.04.06:678][  0]LogConfig: Setting CVar [[r.LightShaftQuality:1]]
[2020.10.20-08.04.06:678][  0]LogConfig: Setting CVar [[r.Filter.SizeScale:1]]
[2020.10.20-08.04.06:678][  0]LogConfig: Setting CVar [[r.Tonemapper.Quality:5]]
[2020.10.20-08.04.06:678][  0]LogConfig: Setting CVar [[r.DOF.Gather.AccumulatorQuality:1        ; higher gathering accumulator quality]]
[2020.10.20-08.04.06:678][  0]LogConfig: Setting CVar [[r.DOF.Gather.PostfilterMethod:1          ; Median3x3 postfilering method]]
[2020.10.20-08.04.06:678][  0]LogConfig: Setting CVar [[r.DOF.Gather.EnableBokehSettings:0       ; no bokeh simulation when gathering]]
[2020.10.20-08.04.06:678][  0]LogConfig: Setting CVar [[r.DOF.Gather.RingCount:4                 ; medium number of samples when gathering]]
[2020.10.20-08.04.06:678][  0]LogConfig: Setting CVar [[r.DOF.Scatter.ForegroundCompositing:1    ; additive foreground scattering]]
[2020.10.20-08.04.06:678][  0]LogConfig: Setting CVar [[r.DOF.Scatter.BackgroundCompositing:2    ; additive background scattering]]
[2020.10.20-08.04.06:678][  0]LogConfig: Setting CVar [[r.DOF.Scatter.EnableBokehSettings:1      ; bokeh simulation when scattering]]
[2020.10.20-08.04.06:678][  0]LogConfig: Setting CVar [[r.DOF.Scatter.MaxSpriteRatio:0.1         ; only a maximum of 10% of scattered bokeh]]
[2020.10.20-08.04.06:678][  0]LogConfig: Setting CVar [[r.DOF.Recombine.Quality:1                ; cheap slight out of focus]]
[2020.10.20-08.04.06:678][  0]LogConfig: Setting CVar [[r.DOF.Recombine.EnableBokehSettings:0    ; no bokeh simulation on slight out of focus]]
[2020.10.20-08.04.06:678][  0]LogConfig: Setting CVar [[r.DOF.TemporalAAQuality:1                ; more stable temporal accumulation]]
[2020.10.20-08.04.06:678][  0]LogConfig: Setting CVar [[r.DOF.Kernel.MaxForegroundRadius:0.025]]
[2020.10.20-08.04.06:678][  0]LogConfig: Setting CVar [[r.DOF.Kernel.MaxBackgroundRadius:0.025]]
[2020.10.20-08.04.06:678][  0]LogConfig: Applying CVar settings from Section [TextureQuality@3] File [C:/Users/Olle/Documents/Game Projects/PROJ_Grupp2/HideNSneakUnreal/Saved/Config/Windows/Scalability.ini]
[2020.10.20-08.04.06:678][  0]LogConfig: Setting CVar [[r.Streaming.MipBias:0]]
[2020.10.20-08.04.06:678][  0]LogConfig: Setting CVar [[r.Streaming.AmortizeCPUToGPUCopy:0]]
[2020.10.20-08.04.06:678][  0]LogConfig: Setting CVar [[r.Streaming.MaxNumTexturesToStreamPerFrame:0]]
[2020.10.20-08.04.06:678][  0]LogConfig: Setting CVar [[r.Streaming.Boost:1]]
[2020.10.20-08.04.06:678][  0]LogConfig: Setting CVar [[r.MaxAnisotropy:8]]
[2020.10.20-08.04.06:678][  0]LogConfig: Setting CVar [[r.VT.MaxAnisotropy:8]]
[2020.10.20-08.04.06:678][  0]LogConfig: Setting CVar [[r.Streaming.LimitPoolSizeToVRAM:0]]
[2020.10.20-08.04.06:678][  0]LogConfig: Setting CVar [[r.Streaming.PoolSize:1000]]
[2020.10.20-08.04.06:678][  0]LogConfig: Setting CVar [[r.Streaming.MaxEffectiveScreenSize:0]]
[2020.10.20-08.04.06:678][  0]LogConfig: Applying CVar settings from Section [EffectsQuality@3] File [C:/Users/Olle/Documents/Game Projects/PROJ_Grupp2/HideNSneakUnreal/Saved/Config/Windows/Scalability.ini]
[2020.10.20-08.04.06:678][  0]LogConfig: Setting CVar [[r.TranslucencyLightingVolumeDim:64]]
[2020.10.20-08.04.06:678][  0]LogConfig: Setting CVar [[r.RefractionQuality:2]]
[2020.10.20-08.04.06:678][  0]LogConfig: Setting CVar [[r.SSR.Quality:3]]
[2020.10.20-08.04.06:678][  0]LogConfig: Setting CVar [[r.SSR.HalfResSceneColor:0]]
[2020.10.20-08.04.06:678][  0]LogConfig: Setting CVar [[r.SceneColorFormat:4]]
[2020.10.20-08.04.06:678][  0]LogConfig: Setting CVar [[r.DetailMode:2]]
[2020.10.20-08.04.06:678][  0]LogConfig: Setting CVar [[r.TranslucencyVolumeBlur:1]]
[2020.10.20-08.04.06:678][  0]LogConfig: Setting CVar [[r.MaterialQualityLevel:1 ; High quality]]
[2020.10.20-08.04.06:678][  0]LogConfig: Setting CVar [[r.SSS.Scale:1]]
[2020.10.20-08.04.06:678][  0]LogConfig: Setting CVar [[r.SSS.SampleSet:2]]
[2020.10.20-08.04.06:678][  0]LogConfig: Setting CVar [[r.SSS.Quality:1]]
[2020.10.20-08.04.06:678][  0]LogConfig: Setting CVar [[r.SSS.HalfRes:0]]
[2020.10.20-08.04.06:678][  0]LogConfig: Setting CVar [[r.SSGI.Quality:3]]
[2020.10.20-08.04.06:678][  0]LogConfig: Setting CVar [[r.EmitterSpawnRateScale:1.0]]
[2020.10.20-08.04.06:678][  0]LogConfig: Setting CVar [[r.ParticleLightQuality:2]]
[2020.10.20-08.04.06:678][  0]LogConfig: Setting CVar [[r.SkyAtmosphere.AerialPerspectiveLUT.FastApplyOnOpaque:1 ; Always have FastSkyLUT 1 in this case to avoid wrong sky]]
[2020.10.20-08.04.06:678][  0]LogConfig: Setting CVar [[r.SkyAtmosphere.AerialPerspectiveLUT.SampleCountPerSlice:1]]
[2020.10.20-08.04.06:678][  0]LogConfig: Setting CVar [[r.SkyAtmosphere.AerialPerspectiveLUT.DepthResolution:16.0]]
[2020.10.20-08.04.06:678][  0]LogConfig: Setting CVar [[r.SkyAtmosphere.FastSkyLUT:1]]
[2020.10.20-08.04.06:678][  0]LogConfig: Setting CVar [[r.SkyAtmosphere.FastSkyLUT.SampleCountMin:4.0]]
[2020.10.20-08.04.06:678][  0]LogConfig: Setting CVar [[r.SkyAtmosphere.FastSkyLUT.SampleCountMax:32.0]]
[2020.10.20-08.04.06:678][  0]LogConfig: Setting CVar [[r.SkyAtmosphere.SampleCountMin:4.0]]
[2020.10.20-08.04.06:678][  0]LogConfig: Setting CVar [[r.SkyAtmosphere.SampleCountMax:32.0]]
[2020.10.20-08.04.06:678][  0]LogConfig: Setting CVar [[r.SkyAtmosphere.TransmittanceLUT.UseSmallFormat:0]]
[2020.10.20-08.04.06:679][  0]LogConfig: Setting CVar [[r.SkyAtmosphere.TransmittanceLUT.SampleCount:10.0]]
[2020.10.20-08.04.06:679][  0]LogConfig: Setting CVar [[r.SkyAtmosphere.MultiScatteringLUT.SampleCount:15.0]]
[2020.10.20-08.04.06:679][  0]LogConfig: Applying CVar settings from Section [FoliageQuality@3] File [C:/Users/Olle/Documents/Game Projects/PROJ_Grupp2/HideNSneakUnreal/Saved/Config/Windows/Scalability.ini]
[2020.10.20-08.04.06:679][  0]LogConfig: Setting CVar [[foliage.DensityScale:1.0]]
[2020.10.20-08.04.06:679][  0]LogConfig: Setting CVar [[grass.DensityScale:1.0]]
[2020.10.20-08.04.06:679][  0]LogConfig: Applying CVar settings from Section [ShadingQuality@3] File [C:/Users/Olle/Documents/Game Projects/PROJ_Grupp2/HideNSneakUnreal/Saved/Config/Windows/Scalability.ini]
[2020.10.20-08.04.06:679][  0]LogConfig: Setting CVar [[r.HairStrands.SkyLighting.SampleCount:16]]
[2020.10.20-08.04.06:679][  0]LogConfig: Setting CVar [[r.HairStrands.SkyLighting.JitterIntegration:0]]
[2020.10.20-08.04.06:679][  0]LogConfig: Setting CVar [[r.HairStrands.SkyAO.SampleCount:16]]
[2020.10.20-08.04.06:679][  0]LogConfig: Setting CVar [[r.HairStrands.DeepShadow.SuperSampling:0]]
[2020.10.20-08.04.06:679][  0]LogConfig: Setting CVar [[r.HairStrands.VisibilityPPLL:0]]
[2020.10.20-08.04.06:679][  0]LogConfig: Setting CVar [[r.HairStrands.RasterizationScale:0.5]]
[2020.10.20-08.04.06:679][  0]LogConfig: Setting CVar [[r.HairStrands.VelocityRasterizationScale:1]]
[2020.10.20-08.04.06:679][  0]LogConfig: Applying CVar settings from Section [Startup] File [../../../Engine/Config/ConsoleVariables.ini]
[2020.10.20-08.04.06:679][  0]LogConfig: Setting CVar [[net.UseAdaptiveNetUpdateFrequency:0]]
[2020.10.20-08.04.06:679][  0]LogConfig: Setting CVar [[p.chaos.AllowCreatePhysxBodies:1]]
[2020.10.20-08.04.06:679][  0]LogConfig: Setting CVar [[fx.SkipVectorVMBackendOptimizations:1]]
[2020.10.20-08.04.06:679][  0]LogConfig: Applying CVar settings from Section [ConsoleVariables] File [C:/Users/Olle/Documents/Game Projects/PROJ_Grupp2/HideNSneakUnreal/Saved/Config/Windows/Engine.ini]
[2020.10.20-08.04.06:679][  0]LogInit: Computer: DESKTOP-Q35ATQN
[2020.10.20-08.04.06:679][  0]LogInit: User: Olle
[2020.10.20-08.04.06:679][  0]LogInit: CPU Page size=4096, Cores=4
[2020.10.20-08.04.06:679][  0]LogInit: High frequency timer resolution =10.000000 MHz
[2020.10.20-08.04.06:680][  0]LogMemory: Memory total: Physical=16.0GB (16GB approx)
[2020.10.20-08.04.06:680][  0]LogMemory: Platform Memory Stats for Windows
[2020.10.20-08.04.06:680][  0]LogMemory: Process Physical Memory: 114.77 MB used, 114.77 MB peak
[2020.10.20-08.04.06:680][  0]LogMemory: Process Virtual Memory: 103.37 MB used, 103.37 MB peak
[2020.10.20-08.04.06:680][  0]LogMemory: Physical Memory: 5601.36 MB used,  10738.46 MB free, 16339.81 MB total
[2020.10.20-08.04.06:680][  0]LogMemory: Virtual Memory: 5125.23 MB used,  134212600.00 MB free, 134217728.00 MB total
[2020.10.20-08.04.06:682][  0]LogWindows: WindowsPlatformFeatures enabled
[2020.10.20-08.04.06:710][  0]LogInit: Physics initialised using underlying interface: PhysX
[2020.10.20-08.04.06:711][  0]LogInit: Using OS detected language (sv-SE).
[2020.10.20-08.04.06:711][  0]LogInit: Using OS detected locale (sv-SE).
[2020.10.20-08.04.06:717][  0]LogTextLocalizationManager: No localization for 'sv-SE' exists, so 'en' will be used for the language.
[2020.10.20-08.04.06:719][  0]LogTextLocalizationManager: No localization for 'sv-SE' exists, so 'en' will be used for the locale.
[2020.10.20-08.04.06:987][  0]LogSlate: New Slate User Created.  User Index 0, Is Virtual User: 0
[2020.10.20-08.04.06:987][  0]LogSlate: Slate User Registered.  User Index 0, Is Virtual User: 0
[2020.10.20-08.04.07:021][  0]LogHMD: Failed to initialize OpenVR with code 110
[2020.10.20-08.04.07:021][  0]LogD3D11RHI: D3D11 min allowed feature level: 11_0
[2020.10.20-08.04.07:021][  0]LogD3D11RHI: D3D11 max allowed feature level: 11_0
[2020.10.20-08.04.07:021][  0]LogD3D11RHI: D3D11 adapters:
[2020.10.20-08.04.07:138][  0]LogD3D11RHI:    0. 'NVIDIA GeForce GTX 1060' (Feature Level 11_0)
[2020.10.20-08.04.07:138][  0]LogD3D11RHI:       6052/0/8169 MB DedicatedVideo/DedicatedSystem/SharedSystem, Outputs:1, VendorId:0x10de
[2020.10.20-08.04.07:141][  0]LogD3D11RHI:    1. 'Microsoft Basic Render Driver' (Feature Level 11_0)
[2020.10.20-08.04.07:141][  0]LogD3D11RHI:       0/0/8169 MB DedicatedVideo/DedicatedSystem/SharedSystem, Outputs:0, VendorId:0x1414
[2020.10.20-08.04.07:141][  0]LogD3D11RHI: Chosen D3D11 Adapter: 0
[2020.10.20-08.04.07:148][  0]LogD3D11RHI: Creating new Direct3DDevice
[2020.10.20-08.04.07:148][  0]LogD3D11RHI:     GPU DeviceId: 0x1c20 (for the marketing name, search the web for "GPU Device Id")
[2020.10.20-08.04.07:148][  0]LogWindows: EnumDisplayDevices:
[2020.10.20-08.04.07:148][  0]LogWindows:    0. 'NVIDIA GeForce GTX 1060' (P:1 D:1)
[2020.10.20-08.04.07:149][  0]LogWindows:    1. 'NVIDIA GeForce GTX 1060' (P:0 D:0)
[2020.10.20-08.04.07:149][  0]LogWindows:    2. 'NVIDIA GeForce GTX 1060' (P:0 D:0)
[2020.10.20-08.04.07:149][  0]LogWindows:    3. 'NVIDIA GeForce GTX 1060' (P:0 D:0)
[2020.10.20-08.04.07:149][  0]LogWindows: DebugString: FoundDriverCount:4 
[2020.10.20-08.04.07:149][  0]LogD3D11RHI:     Adapter Name: NVIDIA GeForce GTX 1060
[2020.10.20-08.04.07:149][  0]LogD3D11RHI:   Driver Version: 452.06 (internal:27.21.14.5206, unified:452.06)
[2020.10.20-08.04.07:149][  0]LogD3D11RHI:      Driver Date: 8-12-2020
[2020.10.20-08.04.07:149][  0]LogRHI: Texture pool is 4236 MB (70% of 6052 MB)
[2020.10.20-08.04.07:232][  0]LogD3D11RHI: RHI has support for 64 bit atomics
[2020.10.20-08.04.07:232][  0]LogD3D11RHI: Async texture creation enabled
[2020.10.20-08.04.07:232][  0]LogD3D11RHI: Array index from any shader is supported
[2020.10.20-08.04.07:253][  0]LogD3D11RHI: GPU Timing Frequency: 1000.000000 (Debug: 2 1)
[2020.10.20-08.04.07:938][  0]LogTargetPlatformManager: Display: Loaded TargetPlatform 'WindowsNoEditor'
[2020.10.20-08.04.07:941][  0]LogTargetPlatformManager: Display: Loaded TargetPlatform 'Windows'
[2020.10.20-08.04.07:949][  0]LogTargetPlatformManager: Display: Loaded TargetPlatform 'WindowsClient'
[2020.10.20-08.04.07:957][  0]LogTargetPlatformManager: Display: Loaded TargetPlatform 'WindowsServer'
[2020.10.20-08.04.07:957][  0]LogTargetPlatformManager: Display: Building Assets For Windows
[2020.10.20-08.04.07:960][  0]LogAudioDebug: Display: Lib vorbis DLL was dynamically loaded.
[2020.10.20-08.04.07:986][  0]LogShaderCompilers: Guid format shader working directory is -36 characters bigger than the processId version (../../../../../../Users/Olle/Documents/Game Projects/PROJ_Grupp2/HideNSneakUnreal/Intermediate/Shaders/WorkingDirectory/7604/).
[2020.10.20-08.04.07:986][  0]LogShaderCompilers: Cleaned the shader compiler working directory 'C:/Users/Olle/AppData/Local/Temp/UnrealShaderWorkingDir/0CC106AC4F5FDE6C2DD2479E81161A0F/'.
[2020.10.20-08.04.07:987][  0]LogXGEController: Cannot use XGE Controller as Incredibuild is not installed on this machine.
[2020.10.20-08.04.07:987][  0]LogShaderCompilers: Cannot use XGE Shader Compiler as Incredibuild is not installed on this machine.
[2020.10.20-08.04.07:987][  0]LogShaderCompilers: Display: Using Local Shader Compiler.
[2020.10.20-08.04.08:953][  0]LogDerivedDataCache: Display: Max Cache Size: 512 MB
[2020.10.20-08.04.09:024][  0]LogDerivedDataCache: Loaded boot cache 0.07s 76MB C:/Users/Olle/AppData/Local/UnrealEngine/4.25/DerivedDataCache/Boot.ddc.
[2020.10.20-08.04.09:025][  0]LogDerivedDataCache: Display: Loaded Boot cache: C:/Users/Olle/AppData/Local/UnrealEngine/4.25/DerivedDataCache/Boot.ddc
[2020.10.20-08.04.09:025][  0]LogDerivedDataCache: FDerivedDataBackendGraph:  Pak pak cache file ../../../../../../Users/Olle/Documents/Game Projects/PROJ_Grupp2/HideNSneakUnreal/DerivedDataCache/DDC.ddp not found, will not use a pak cache.
[2020.10.20-08.04.09:025][  0]LogDerivedDataCache: Unable to find inner node Pak for hierarchical cache Hierarchy.
[2020.10.20-08.04.09:025][  0]LogDerivedDataCache: FDerivedDataBackendGraph:  CompressedPak pak cache file ../../../../../../Users/Olle/Documents/Game Projects/PROJ_Grupp2/HideNSneakUnreal/DerivedDataCache/Compressed.ddp not found, will not use a pak cache.
[2020.10.20-08.04.09:025][  0]LogDerivedDataCache: Unable to find inner node CompressedPak for hierarchical cache Hierarchy.
[2020.10.20-08.04.09:037][  0]LogDerivedDataCache: Display: Pak cache opened for reading ../../../Engine/DerivedDataCache/Compressed.ddp.
[2020.10.20-08.04.09:037][  0]LogDerivedDataCache: FDerivedDataBackendGraph:  EnterprisePak pak cache file ../../../Enterprise/DerivedDataCache/Compressed.ddp not found, will not use a pak cache.
[2020.10.20-08.04.09:037][  0]LogDerivedDataCache: Unable to find inner node EnterprisePak for hierarchical cache Hierarchy.
[2020.10.20-08.04.09:039][  0]LogDerivedDataCache: Using Local data cache path C:/Users/Olle/AppData/Local/UnrealEngine/Common/DerivedDataCache: Writable
[2020.10.20-08.04.09:039][  0]LogDerivedDataCache: Shared data cache path not found in *engine.ini, will not use an Shared cache.
[2020.10.20-08.04.09:039][  0]LogDerivedDataCache: Unable to find inner node Shared for hierarchical cache Hierarchy.
[2020.10.20-08.04.09:090][  0]LogSlate: Using FreeType 2.10.0
[2020.10.20-08.04.09:090][  0]LogSlate: SlateFontServices - WITH_FREETYPE: 1, WITH_HARFBUZZ: 1
[2020.10.20-08.04.09:211][  0]LogInit: Using OS detected language (sv-SE).
[2020.10.20-08.04.09:211][  0]LogInit: Using OS detected locale (sv-SE).
[2020.10.20-08.04.09:211][  0]LogTextLocalizationManager: No localization for 'sv-SE' exists, so 'en' will be used for the language.
[2020.10.20-08.04.09:211][  0]LogTextLocalizationManager: No localization for 'sv-SE' exists, so 'en' will be used for the locale.
[2020.10.20-08.04.09:212][  0]LogTextLocalizationManager: Compacting localization data took   0.00ms
[2020.10.20-08.04.09:217][  0]LogAssetRegistry: FAssetRegistry took 0.0030 seconds to start up
[2020.10.20-08.04.09:477][  0]LogPackageLocalizationCache: Processed 19 localized package path(s) for 1 prioritized culture(s) in 0.001100 seconds
[2020.10.20-08.04.09:541][  0]LogInit: Selected Device Profile: [Windows]
[2020.10.20-08.04.09:660][  0]LogMeshReduction: Using QuadricMeshReduction for automatic static mesh reduction
[2020.10.20-08.04.09:660][  0]LogMeshReduction: Using SimplygonMeshReduction for automatic skeletal mesh reduction
[2020.10.20-08.04.09:661][  0]LogMeshReduction: Using ProxyLODMeshReduction for automatic mesh merging
[2020.10.20-08.04.09:661][  0]LogMeshReduction: No distributed automatic mesh merging module available
[2020.10.20-08.04.09:661][  0]LogMeshMerging: No distributed automatic mesh merging module available
[2020.10.20-08.04.09:677][  0]LogNetVersion: HideNSneakUnreal 1.0.0, NetCL: 13144385, EngineNetVer: 14, GameNetVer: 0 (Checksum: 3367979030)
[2020.10.20-08.04.09:985][  0]LogAISub: UAISubsystem::UAISubsystem AISubsystem (000002048348CB00), frame # 0
[2020.10.20-08.04.09:985][  0]LogAISub: UAISubsystem::UAISubsystem AIPerceptionSystem (00000204833D6980), frame # 0
[2020.10.20-08.04.09:986][  0]LogAISub: UAISubsystem::UAISubsystem EnvQueryManager (00000204833DBC00), frame # 0
[2020.10.20-08.04.10:127][  0]LogCollectionManager: Loaded 0 collections in 0.002089 seconds
[2020.10.20-08.04.10:129][  0]LogFileCache: Scanning file cache for directory 'C:/Users/Olle/Documents/Game Projects/PROJ_Grupp2/HideNSneakUnreal/Saved/Collections/' took 0.00s
[2020.10.20-08.04.10:129][  0]LogFileCache: Scanning file cache for directory 'C:/Users/Olle/Documents/Game Projects/PROJ_Grupp2/HideNSneakUnreal/Content/Developers/Olle/Collections/' took 0.00s
[2020.10.20-08.04.10:129][  0]LogCollectionManager: Fixed up redirectors for 0 collections in 0.000004 seconds (updated 0 objects)
[2020.10.20-08.04.10:199][  0]LogFileCache: Scanning file cache for directory 'C:/Users/Olle/Documents/Game Projects/PROJ_Grupp2/HideNSneakUnreal/Content/Collections/' took 0.00s
[2020.10.20-08.04.10:199][  0]LogMoviePlayer: Initializing movie player
[2020.10.20-08.04.10:388][  0]LogTcpMessaging: Initializing TcpMessaging bridge
[2020.10.20-08.04.10:393][  0]LogUdpMessaging: Initializing bridge on interface 0.0.0.0:0 to multicast group 230.0.0.1:6666.
[2020.10.20-08.04.10:450][  0]SourceControl: Source control is disabled
[2020.10.20-08.04.10:450][  0]SourceControl: Source control is disabled
[2020.10.20-08.04.10:453][  0]SourceControl: Source control is disabled
[2020.10.20-08.04.10:596][  0]LogAndroidPermission: UAndroidPermissionCallbackProxy::GetInstance
[2020.10.20-08.04.10:615][  0]LogAudioCaptureCore: Display: No Audio Capture implementations found. Audio input will be silent.
[2020.10.20-08.04.10:615][  0]LogAudioCaptureCore: Display: No Audio Capture implementations found. Audio input will be silent.
[2020.10.20-08.04.10:663][  0]LogOcInput: OculusInput pre-init called
[2020.10.20-08.04.10:679][  0]LogUObjectArray: 19083 objects as part of root set at end of initial load.
[2020.10.20-08.04.10:679][  0]LogUObjectAllocator: 5026208 out of 0 bytes used by permanent object pool.
[2020.10.20-08.04.10:679][  0]LogUObjectArray: CloseDisregardForGC: 0/0 objects in disregard for GC pool
[2020.10.20-08.04.10:752][  0]LogEngine: Initializing Engine...
[2020.10.20-08.04.10:754][  0]LogHMD: Failed to initialize OpenVR with code 110
[2020.10.20-08.04.10:754][  0]LogMagicLeap: Warning: VR disabled because ZI is not enabled.  To enable, in the editor, Edit -> Project Settings -> Plugins -> Magic Leap Plugin -> Enable Zero Iteration
[2020.10.20-08.04.10:756][  0]LogStats: UGameplayTagsManager::InitializeManager -  0.000 s
[2020.10.20-08.04.10:877][  0]LogInit: Initializing FReadOnlyCVARCache
[2020.10.20-08.04.10:879][  0]LogAudioMixer: Display: Audio Mixer Platform Settings:
[2020.10.20-08.04.10:879][  0]LogAudioMixer: Display: 	Sample Rate:						  48000
[2020.10.20-08.04.10:879][  0]LogAudioMixer: Display: 	Callback Buffer Frame Size Requested: 1024
[2020.10.20-08.04.10:879][  0]LogAudioMixer: Display: 	Callback Buffer Frame Size To Use:	  1024
[2020.10.20-08.04.10:879][  0]LogAudioMixer: Display: 	Number of buffers to queue:			  2
[2020.10.20-08.04.10:879][  0]LogAudioMixer: Display: 	Max Channels (voices):				  32
[2020.10.20-08.04.10:879][  0]LogAudioMixer: Display: 	Number of Async Source Workers:		  0
[2020.10.20-08.04.10:879][  0]LogAudio: Display: AudioDevice MaxSources: 32
[2020.10.20-08.04.10:879][  0]LogAudio: Display: Using built-in audio occlusion.
[2020.10.20-08.04.10:879][  0]LogAudioMixer: Display: Initializing audio mixer.
[2020.10.20-08.04.10:902][  0]LogAudioMixer: Display: 0: FrontLeft
[2020.10.20-08.04.10:902][  0]LogAudioMixer: Display: 1: FrontRight
[2020.10.20-08.04.10:956][  0]LogAudioMixer: Display: Using Audio Device Hörlurar på headset (HyperX Virtual Surround Sound)
[2020.10.20-08.04.10:959][  0]LogAudioMixer: Display: Initializing Sound Submixes...
[2020.10.20-08.04.10:960][  0]LogAudioMixer: Display: Creating Master Submix 'MasterSubmixDefault'
[2020.10.20-08.04.10:960][  0]LogAudioMixer: Display: Creating Master Submix 'MasterReverbSubmixDefault'
[2020.10.20-08.04.10:962][  0]LogAudioMixer: Display: Creating Master Submix 'MasterEQSubmixDefault'
[2020.10.20-08.04.10:962][  0]LogInit: FAudioDevice initialized.
[2020.10.20-08.04.10:965][  0]LogNetVersion: Set ProjectVersion to 1.0.0.0. Version Checksum will be recalculated on next use.
[2020.10.20-08.04.10:966][  0]LogInit: Texture streaming: Enabled
[2020.10.20-08.04.11:392][  0]LogSlate: Updating window title bar state: overlay mode, drag disabled, window buttons hidden, title bar hidden
[2020.10.20-08.04.11:393][  0]LogInit: Display: Game Engine Initialized.
[2020.10.20-08.04.11:400][  0]LogNiagaraEditor: Warning: GEditor isn't valid! Particle reset commands will not work for Niagara components!
[2020.10.20-08.04.11:432][  0]LogInit: Display: Starting Game.
[2020.10.20-08.04.11:432][  0]LogNet: Browse: 127.0.0.1:17777/Game/ThirdPersonBP/Maps/ThirdPersonExampleMap?Name=Player
[2020.10.20-08.04.11:432][  0]LogInit: WinSock: Socket queue. Rx: 32768 (config 32768) Tx: 32768 (config 32768)
[2020.10.20-08.04.11:433][  0]LogNet: Created socket for bind address: 0.0.0.0 on port 0
[2020.10.20-08.04.11:433][  0]PacketHandlerLog: Loaded PacketHandler component: Engine.EngineHandlerComponentFactory (StatelessConnectHandlerComponent)
[2020.10.20-08.04.11:433][  0]LogNet: Game client on port 17777, rate 10000
[2020.10.20-08.04.11:456][  0]LogLoad: (Engine Initialization) Total time: 7.00 seconds
[2020.10.20-08.04.11:456][  0]LogLoad: (Engine Initialization) Total Blueprint compile time: 0.00 seconds
[2020.10.20-08.04.11:682][  0]LogContentStreaming: Texture pool size now 1000 MB
[2020.10.20-08.04.13:067][ 82]LogAudio: Display: Waited 35.757900 ms for audio thread.
[2020.10.20-08.04.13:103][ 82]LogAudio: Display: Waited 71.956406 ms for audio thread.
[2020.10.20-08.04.13:139][ 82]LogAudio: Display: Waited 107.556297 ms for audio thread.
[2020.10.20-08.04.13:146][ 82]LogAudio: Display: Waited 115.045097 ms for audio thread.
[2020.10.20-08.04.14:472][136]LogAudio: Display: Waited 35.071499 ms for audio thread.
[2020.10.20-08.04.14:508][136]LogAudio: Display: Waited 71.123299 ms for audio thread.
[2020.10.20-08.04.14:543][136]LogAudio: Display: Waited 105.775497 ms for audio thread.
[2020.10.20-08.04.14:579][136]LogAudio: Display: Waited 141.785995 ms for audio thread.
[2020.10.20-08.04.14:614][136]LogAudio: Display: Waited 176.802200 ms for audio thread.
[2020.10.20-08.04.14:650][136]LogAudio: Display: Waited 213.089493 ms for audio thread.
[2020.10.20-08.04.14:686][136]LogAudio: Display: Waited 248.049393 ms for audio thread.
[2020.10.20-08.04.14:721][136]LogAudio: Display: Waited 282.829498 ms for audio thread.
[2020.10.20-08.04.14:756][136]LogAudio: Display: Waited 317.872925 ms for audio thread.
[2020.10.20-08.04.14:791][136]LogAudio: Display: Waited 353.490814 ms for audio thread.
[2020.10.20-08.04.14:827][136]LogAudio: Display: Waited 389.291901 ms for audio thread.
[2020.10.20-08.04.14:863][136]LogAudio: Display: Waited 425.699402 ms for audio thread.
[2020.10.20-08.04.14:899][136]LogAudio: Display: Waited 461.290588 ms for audio thread.
[2020.10.20-08.04.14:935][136]LogAudio: Display: Waited 497.681488 ms for audio thread.
[2020.10.20-08.04.14:971][136]LogAudio: Display: Waited 533.331421 ms for audio thread.
[2020.10.20-08.04.15:006][136]LogAudio: Display: Waited 568.310181 ms for audio thread.
[2020.10.20-08.04.15:041][136]LogAudio: Display: Waited 603.110779 ms for audio thread.
[2020.10.20-08.04.15:076][136]LogAudio: Display: Waited 638.151794 ms for audio thread.
[2020.10.20-08.04.15:111][136]LogAudio: Display: Waited 673.256287 ms for audio thread.
[2020.10.20-08.04.15:146][136]LogAudio: Display: Waited 708.223083 ms for audio thread.
[2020.10.20-08.04.15:181][136]LogAudio: Display: Waited 744.124084 ms for audio thread.
[2020.10.20-08.04.15:217][136]LogAudio: Display: Waited 779.908203 ms for audio thread.
[2020.10.20-08.04.15:252][136]LogAudio: Display: Waited 814.872498 ms for audio thread.
[2020.10.20-08.04.15:288][136]LogAudio: Display: Waited 850.666016 ms for audio thread.
[2020.10.20-08.04.15:324][136]LogAudio: Display: Waited 886.723083 ms for audio thread.
[2020.10.20-08.04.15:360][136]LogAudio: Display: Waited 922.493530 ms for audio thread.
[2020.10.20-08.04.15:398][136]LogAudio: Display: Waited 960.378418 ms for audio thread.
[2020.10.20-08.04.15:434][136]LogAudio: Display: Waited 996.588989 ms for audio thread.
[2020.10.20-08.04.15:438][136]LogAudio: Display: Waited 1000.492432 ms for audio thread.
[2020.10.20-08.04.16:955][201]LogAudio: Display: Waited 70.519402 ms for audio thread.
[2020.10.20-08.04.16:991][201]LogAudio: Display: Waited 106.369400 ms for audio thread.
[2020.10.20-08.04.17:026][201]LogAudio: Display: Waited 141.570297 ms for audio thread.
[2020.10.20-08.04.17:062][201]LogAudio: Display: Waited 176.818207 ms for audio thread.
[2020.10.20-08.04.17:097][201]LogAudio: Display: Waited 212.544098 ms for audio thread.
[2020.10.20-08.04.17:124][201]LogAudio: Display: Waited 239.587692 ms for audio thread.
[2020.10.20-08.04.17:661][762]LogAudio: Display: Waited 70.611496 ms for audio thread.
[2020.10.20-08.04.17:662][762]LogAudio: Display: Waited 70.958000 ms for audio thread.
[2020.10.20-08.04.17:972][839]LogAudio: Display: Waited 70.203201 ms for audio thread.
[2020.10.20-08.04.17:977][839]LogAudio: Display: Waited 76.336502 ms for audio thread.
[2020.10.20-08.04.19:838][808]LogAudio: Display: Waited 35.822800 ms for audio thread.
[2020.10.20-08.04.19:874][808]LogAudio: Display: Waited 71.386597 ms for audio thread.
[2020.10.20-08.04.19:911][808]LogAudio: Display: Waited 108.846802 ms for audio thread.
[2020.10.20-08.04.19:946][808]LogAudio: Display: Waited 144.243408 ms for audio thread.
[2020.10.20-08.04.19:982][808]LogAudio: Display: Waited 179.946091 ms for audio thread.
[2020.10.20-08.04.20:018][808]LogAudio: Display: Waited 215.478104 ms for audio thread.
[2020.10.20-08.04.20:056][808]LogAudio: Display: Waited 253.880203 ms for audio thread.
[2020.10.20-08.04.20:092][808]LogAudio: Display: Waited 289.738373 ms for audio thread.
[2020.10.20-08.04.20:128][808]LogAudio: Display: Waited 325.712402 ms for audio thread.
[2020.10.20-08.04.20:141][808]LogAudio: Display: Waited 338.291290 ms for audio thread.
[2020.10.20-08.04.21:664][809]LogAudio: Display: Waited 35.218399 ms for audio thread.
[2020.10.20-08.04.21:700][809]LogAudio: Display: Waited 71.042000 ms for audio thread.
[2020.10.20-08.04.21:735][809]LogAudio: Display: Waited 106.069000 ms for audio thread.
[2020.10.20-08.04.21:771][809]LogAudio: Display: Waited 142.208099 ms for audio thread.
[2020.10.20-08.04.21:807][809]LogAudio: Display: Waited 178.245804 ms for audio thread.
[2020.10.20-08.04.21:842][809]LogAudio: Display: Waited 213.314301 ms for audio thread.
[2020.10.20-08.04.21:878][809]LogAudio: Display: Waited 249.026001 ms for audio thread.
[2020.10.20-08.04.21:914][809]LogAudio: Display: Waited 284.481781 ms for audio thread.
[2020.10.20-08.04.21:949][809]LogAudio: Display: Waited 320.825104 ms for audio thread.
[2020.10.20-08.04.21:985][809]LogAudio: Display: Waited 356.268494 ms for audio thread.
[2020.10.20-08.04.22:021][809]LogAudio: Display: Waited 392.825195 ms for audio thread.
[2020.10.20-08.04.22:057][809]LogAudio: Display: Waited 428.114807 ms for audio thread.
[2020.10.20-08.04.22:093][809]LogAudio: Display: Waited 464.357117 ms for audio thread.
[2020.10.20-08.04.22:129][809]LogAudio: Display: Waited 499.997803 ms for audio thread.
[2020.10.20-08.04.22:164][809]LogAudio: Display: Waited 534.985413 ms for audio thread.
[2020.10.20-08.04.22:200][809]LogAudio: Display: Waited 570.985901 ms for audio thread.
[2020.10.20-08.04.22:235][809]LogAudio: Display: Waited 605.996338 ms for audio thread.
[2020.10.20-08.04.22:270][809]LogAudio: Display: Waited 641.000000 ms for audio thread.
[2020.10.20-08.04.22:292][809]LogAudio: Display: Waited 663.521729 ms for audio thread.
[2020.10.20-08.04.23:257][916]LogAudio: Display: Waited 70.025200 ms for audio thread.
[2020.10.20-08.04.23:293][916]LogAudio: Display: Waited 106.218193 ms for audio thread.
[2020.10.20-08.04.23:329][916]LogAudio: Display: Waited 141.955307 ms for audio thread.
[2020.10.20-08.04.23:364][916]LogAudio: Display: Waited 177.268692 ms for audio thread.
[2020.10.20-08.04.23:400][916]LogAudio: Display: Waited 213.152390 ms for audio thread.
[2020.10.20-08.04.23:435][916]LogAudio: Display: Waited 248.234711 ms for audio thread.
[2020.10.20-08.04.23:471][916]LogAudio: Display: Waited 283.798889 ms for audio thread.
[2020.10.20-08.04.23:506][916]LogAudio: Display: Waited 319.195221 ms for audio thread.
[2020.10.20-08.04.23:542][916]LogAudio: Display: Waited 355.196808 ms for audio thread.
[2020.10.20-08.04.23:578][916]LogAudio: Display: Waited 391.028625 ms for audio thread.
[2020.10.20-08.04.23:613][916]LogAudio: Display: Waited 426.247101 ms for audio thread.
[2020.10.20-08.04.23:649][916]LogAudio: Display: Waited 462.077301 ms for audio thread.
[2020.10.20-08.04.23:685][916]LogAudio: Display: Waited 498.066193 ms for audio thread.
[2020.10.20-08.04.23:720][916]LogAudio: Display: Waited 533.010315 ms for audio thread.
[2020.10.20-08.04.23:755][916]LogAudio: Display: Waited 568.905579 ms for audio thread.
[2020.10.20-08.04.23:791][916]LogAudio: Display: Waited 603.978699 ms for audio thread.
[2020.10.20-08.04.23:827][916]LogAudio: Display: Waited 640.125793 ms for audio thread.
[2020.10.20-08.04.23:863][916]LogAudio: Display: Waited 676.680298 ms for audio thread.
[2020.10.20-08.04.23:898][916]LogAudio: Display: Waited 711.155457 ms for audio thread.
[2020.10.20-08.04.23:933][916]LogAudio: Display: Waited 746.502075 ms for audio thread.
[2020.10.20-08.04.23:968][916]LogAudio: Display: Waited 781.437561 ms for audio thread.
[2020.10.20-08.04.24:004][916]LogAudio: Display: Waited 817.109131 ms for audio thread.
[2020.10.20-08.04.24:041][916]LogAudio: Display: Waited 853.726074 ms for audio thread.
[2020.10.20-08.04.24:052][916]LogAudio: Display: Waited 865.972229 ms for audio thread.
[2020.10.20-08.04.25:669][962]LogAudio: Display: Waited 35.896698 ms for audio thread.
[2020.10.20-08.04.25:704][962]LogAudio: Display: Waited 71.133896 ms for audio thread.
[2020.10.20-08.04.25:740][962]LogAudio: Display: Waited 106.912498 ms for audio thread.
[2020.10.20-08.04.25:775][962]LogAudio: Display: Waited 141.923798 ms for audio thread.
[2020.10.20-08.04.25:811][962]LogAudio: Display: Waited 177.915802 ms for audio thread.
[2020.10.20-08.04.25:839][962]LogAudio: Display: Waited 206.518402 ms for audio thread.
[2020.10.20-08.04.29:670][  3]LogAudio: Display: Waited 35.560898 ms for audio thread.
[2020.10.20-08.04.29:705][  3]LogAudio: Display: Waited 70.575600 ms for audio thread.
[2020.10.20-08.04.29:741][  3]LogAudio: Display: Waited 106.638901 ms for audio thread.
[2020.10.20-08.04.29:776][  3]LogAudio: Display: Waited 141.604309 ms for audio thread.
[2020.10.20-08.04.29:812][  3]LogAudio: Display: Waited 177.368301 ms for audio thread.
[2020.10.20-08.04.29:848][  3]LogAudio: Display: Waited 213.624191 ms for audio thread.
[2020.10.20-08.04.29:883][  3]LogAudio: Display: Waited 248.820007 ms for audio thread.
[2020.10.20-08.04.29:919][  3]LogAudio: Display: Waited 284.615387 ms for audio thread.
[2020.10.20-08.04.29:940][  3]LogAudio: Display: Waited 306.182495 ms for audio thread.
[2020.10.20-08.04.31:680][470]LogNet: Warning: UNetConnection::Tick: Connection TIMED OUT. Closing connection.. Elapsed: 20.22, Real: 20.01, Good: 20.01, DriverTime: 20.22, Threshold: 20.00, [UNetConnection] RemoteAddr: 127.0.0.1:17777, Name: IpConnection_0, Driver: PendingNetDriver IpNetDriver_0, IsServer: NO, PC: NULL, Owner: NULL, UniqueId: INVALID
[2020.10.20-08.04.31:705][470]LogNet: Error: UEngine::BroadcastNetworkFailure: FailureType = ConnectionTimeout, ErrorString = UNetConnection::Tick: Connection TIMED OUT. Closing connection.. Elapsed: 20.22, Real: 20.01, Good: 20.01, DriverTime: 20.22, Threshold: 20.00, [UNetConnection] RemoteAddr: 127.0.0.1:17777, Name: IpConnection_0, Driver: PendingNetDriver IpNetDriver_0, IsServer: NO, PC: NULL, Owner: NULL, UniqueId: INVALID, Driver = PendingNetDriver IpNetDriver_0
[2020.10.20-08.04.31:705][470]LogNet: Warning: Network Failure: PendingNetDriver[ConnectionTimeout]: UNetConnection::Tick: Connection TIMED OUT. Closing connection.. Elapsed: 20.22, Real: 20.01, Good: 20.01, DriverTime: 20.22, Threshold: 20.00, [UNetConnection] RemoteAddr: 127.0.0.1:17777, Name: IpConnection_0, Driver: PendingNetDriver IpNetDriver_0, IsServer: NO, PC: NULL, Owner: NULL, UniqueId: INVALID
[2020.10.20-08.04.31:705][470]LogNet: NetworkFailure: ConnectionTimeout, Error: 'UNetConnection::Tick: Connection TIMED OUT. Closing connection.. Elapsed: 20.22, Real: 20.01, Good: 20.01, DriverTime: 20.22, Threshold: 20.00, [UNetConnection] RemoteAddr: 127.0.0.1:17777, Name: IpConnection_0, Driver: PendingNetDriver IpNetDriver_0, IsServer: NO, PC: NULL, Owner: NULL, UniqueId: INVALID'
[2020.10.20-08.04.31:725][470]LogNet: UNetConnection::Close: [UNetConnection] RemoteAddr: 127.0.0.1:17777, Name: IpConnection_0, Driver: PendingNetDriver IpNetDriver_0, IsServer: NO, PC: NULL, Owner: NULL, UniqueId: INVALID, Channels: 2, Time: 2020.10.20-08.04.31
[2020.10.20-08.04.31:725][470]LogNet: UChannel::Close: Sending CloseBunch. ChIndex == 0. Name: [UChannel] ChIndex: 0, Closing: 0 [UNetConnection] RemoteAddr: 127.0.0.1:17777, Name: IpConnection_0, Driver: PendingNetDriver IpNetDriver_0, IsServer: NO, PC: NULL, Owner: NULL, UniqueId: INVALID
[2020.10.20-08.04.31:725][470]LogNet: DestroyNamedNetDriver IpNetDriver_0 [PendingNetDriver]
[2020.10.20-08.04.31:725][470]LogExit: PendingNetDriver IpNetDriver_0 shut down
[2020.10.20-08.04.31:726][471]LogNet: Browse: /Game/ThirdPersonBP/Maps/ThirdPersonExampleMap?closed
[2020.10.20-08.04.31:726][471]LogNet: Connection failed; returning to Entry
[2020.10.20-08.04.31:726][471]LogLoad: LoadMap: /Game/ThirdPersonBP/Maps/ThirdPersonExampleMap?closed
[2020.10.20-08.04.31:727][471]LogWorld: BeginTearingDown for /Temp/Untitled_0
[2020.10.20-08.04.31:727][471]LogWorld: UWorld::CleanupWorld for Untitled, bSessionEnded=true, bCleanupResources=true
[2020.10.20-08.04.31:727][471]LogSlate: InvalidateAllWidgets triggered.  All widgets were invalidated
[2020.10.20-08.04.31:735][471]LogNet: UChannel::CleanUp: ChIndex == 0. Closing connection. [UChannel] ChIndex: 0, Closing: 0 [UNetConnection] RemoteAddr: 127.0.0.1:17777, Name: None, Driver: PendingNetDriver None, IsServer: NO, PC: NULL, Owner: NULL, UniqueId: INVALID
[2020.10.20-08.04.31:735][471]LogNet: UNetConnection::PendingConnectionLost. [UNetConnection] RemoteAddr: 127.0.0.1:17777, Name: None, Driver: PendingNetDriver None, IsServer: YES, PC: NULL, Owner: NULL, UniqueId: INVALID bPendingDestroy=0 
[2020.10.20-08.04.31:736][471]LogUObjectHash: Compacting FUObjectHashTables data took   0.65ms
[2020.10.20-08.04.31:989][471]LogAIModule: Creating AISystem for world ThirdPersonExampleMap
[2020.10.20-08.04.31:989][471]LogAISub: UAISubsystem::UAISubsystem EnvQueryManager (000002048B391A00), frame # 14471
[2020.10.20-08.04.31:989][471]LogAISub: UAISubsystem::UAISubsystem AIPerceptionSystem (00000204EDE3C400), frame # 14471
[2020.10.20-08.04.31:992][471]LogLoad: Game class is 'ThirdPersonGameMode_C'
[2020.10.20-08.04.31:995][471]LogWorld: Bringing World /Game/ThirdPersonBP/Maps/ThirdPersonExampleMap.ThirdPersonExampleMap up for play (max tick rate 0) at 2020.10.20-10.04.31
[2020.10.20-08.04.31:995][471]LogWorld: Bringing up level for play took: 0.003581
[2020.10.20-08.04.31:997][471]LogBlueprintUserMessages: [ThirdPersonCharacter_167] Amount of hiders: 1
[2020.10.20-08.04.31:998][471]LogSlate: Took 0.000173 seconds to synchronously load lazily loaded font '../../../Engine/Content/Slate/Fonts/Roboto-Regular.ttf' (155K)
[2020.10.20-08.04.31:999][471]LogLoad: Took 0.272598 seconds to LoadMap(/Game/ThirdPersonBP/Maps/ThirdPersonExampleMap)
[2020.10.20-08.04.32:221][471]LogRenderer: Reallocating scene render targets to support 1280x720 Format 10 NumSamples 1 (Frame:1).
[2020.10.20-08.04.32:223][471]LogUObjectHash: Compacting FUObjectHashTables data took   1.27ms
[2020.10.20-08.04.32:256][473]LogRenderer: Reallocating scene render targets to support 128x128 Format 10 NumSamples 1 (Frame:1).
[2020.10.20-08.04.32:297][473]LogRenderer: Reallocating scene render targets to support 1280x720 Format 10 NumSamples 1 (Frame:2).
[2020.10.20-08.04.43:370][301]Set new viewmode: Wireframe
[2020.10.20-08.04.44:812][303]Set new viewmode: Wireframe
[2020.10.20-08.04.46:660][975]Set new viewmode: Unlit
[2020.10.20-08.04.47:589][363]Set new viewmode: Lit
[2020.10.20-08.04.47:596][365]Set new viewmode: Unlit
[2020.10.20-08.04.48:131][577]Set new viewmode: Lit
[2020.10.20-08.04.48:435][660]Set new viewmode: Lit_DetailLighting
[2020.10.20-08.04.49:938][ 50]Set new viewmode: Lit
