Log file open, 10/20/20 10:39:52
LogInit: Display: Running engine for game: HideNSneakUnreal
LogPlatformFile: Not using cached read wrapper
LogTaskGraph: Started task graph with 5 named threads and 23 total threads with 3 sets of task threads.
LogStats: Stats thread started at 0.309324
LogD3D11RHI: Loaded GFSDK_Aftermath_Lib.x64.dll
LogICUInternationalization: ICU TimeZone Detection - Raw Offset: +1:00, Platform Override: ''
LogPluginManager: Mounting plugin Paper2D
LogPluginManager: Mounting plugin AdvancedSessions
LogPluginManager: Mounting plugin AISupport
LogPluginManager: Mounting plugin LightPropagationVolume
LogPluginManager: Mounting plugin CameraShakePreviewer
LogPluginManager: Mounting plugin ActorLayerUtilities
LogPluginManager: Mounting plugin AnimationSharing
LogPluginManager: Mounting plugin CLionSourceCodeAccess
LogPluginManager: Mounting plugin CodeLiteSourceCodeAccess
LogPluginManager: Mounting plugin GitSourceControl
LogPluginManager: Mounting plugin KDevelopSourceCodeAccess
LogPluginManager: Mounting plugin NullSourceCodeAccess
LogPluginManager: Mounting plugin PerforceSourceControl
LogPluginManager: Mounting plugin PlasticSourceControl
LogPluginManager: Mounting plugin RiderSourceCodeAccess
LogPluginManager: Mounting plugin SubversionSourceControl
LogPluginManager: Mounting plugin UObjectPlugin
LogPluginManager: Mounting plugin VisualStudioCodeSourceCodeAccess
LogPluginManager: Mounting plugin VisualStudioSourceCodeAccess
LogPluginManager: Mounting plugin XCodeSourceCodeAccess
LogPluginManager: Mounting plugin AssetManagerEditor
LogPluginManager: Mounting plugin CryptoKeys
LogPluginManager: Mounting plugin CurveEditorTools
LogPluginManager: Mounting plugin DataValidation
LogPluginManager: Mounting plugin EditorScriptingUtilities
LogPluginManager: Mounting plugin FacialAnimation
LogPluginManager: Mounting plugin GameplayTagsEditor
LogPluginManager: Mounting plugin GeometryMode
LogPluginManager: Mounting plugin MacGraphicsSwitching
LogPluginManager: Mounting plugin MaterialAnalyzer
LogPluginManager: Mounting plugin MobileLauncherProfileWizard
LogPluginManager: Mounting plugin PluginBrowser
LogPluginManager: Mounting plugin SpeedTreeImporter
LogPluginManager: Mounting plugin DatasmithContent
LogPluginManager: Mounting plugin VariantManagerContent
LogPluginManager: Mounting plugin AlembicImporter
LogPluginManager: Mounting plugin AutomationUtils
LogPluginManager: Mounting plugin BackChannel
LogPluginManager: Mounting plugin ChaosCloth
LogPluginManager: Mounting plugin ChaosClothEditor
LogPluginManager: Mounting plugin ChaosEditor
LogPluginManager: Mounting plugin ChaosNiagara
LogPluginManager: Mounting plugin ChaosSolverPlugin
LogPluginManager: Mounting plugin CharacterAI
LogPluginManager: Mounting plugin GeometryCache
LogPluginManager: Mounting plugin GeometryCollectionPlugin
LogPluginManager: Mounting plugin GeometryProcessing
LogPluginManager: Mounting plugin PlanarCut
LogPluginManager: Mounting plugin PlatformCrypto
LogPluginManager: Mounting plugin ProxyLODPlugin
LogPluginManager: Mounting plugin SkeletalReduction
LogPluginManager: Mounting plugin Niagara
LogPluginManager: Mounting plugin MagicLeap
LogPluginManager: Mounting plugin MagicLeapLightEstimation
LogPluginManager: Mounting plugin MagicLeapMedia
LogPluginManager: Mounting plugin MagicLeapPassableWorld
LogPluginManager: Mounting plugin MLSDK
LogPluginManager: Mounting plugin AndroidMedia
LogPluginManager: Mounting plugin AvfMedia
LogPluginManager: Mounting plugin ImgMedia
LogPluginManager: Mounting plugin MediaCompositing
LogPluginManager: Mounting plugin MediaPlayerEditor
LogPluginManager: Mounting plugin WebMMedia
LogPluginManager: Mounting plugin WmfMedia
LogPluginManager: Mounting plugin MeshPainting
LogPluginManager: Mounting plugin TcpMessaging
LogPluginManager: Mounting plugin UdpMessaging
LogPluginManager: Mounting plugin ActorSequence
LogPluginManager: Mounting plugin LevelSequenceEditor
LogPluginManager: Mounting plugin MatineeToLevelSequence
LogPluginManager: Mounting plugin MovieRenderPipeline
LogPluginManager: Mounting plugin TemplateSequence
LogPluginManager: Mounting plugin NetcodeUnitTest
LogPluginManager: Mounting plugin NUTUnrealEngine4
LogPluginManager: Mounting plugin OnlineSubsystemGooglePlay
LogPluginManager: Mounting plugin OnlineSubsystemIOS
LogPluginManager: Mounting plugin OnlineSubsystem
LogPluginManager: Mounting plugin OnlineSubsystemNull
LogPluginManager: Mounting plugin OnlineSubsystemUtils
LogPluginManager: Mounting plugin LauncherChunkInstaller
LogPluginManager: Mounting plugin AndroidDeviceProfileSelector
LogPluginManager: Mounting plugin AndroidMoviePlayer
LogPluginManager: Mounting plugin AndroidPermission
LogPluginManager: Mounting plugin AppleImageUtils
LogPluginManager: Mounting plugin AppleMoviePlayer
LogPluginManager: Mounting plugin ArchVisCharacter
LogPluginManager: Mounting plugin AssetTags
LogPluginManager: Mounting plugin AudioCapture
LogPluginManager: Mounting plugin CableComponent
LogPluginManager: Mounting plugin CustomMeshComponent
LogPluginManager: Mounting plugin EditableMesh
LogPluginManager: Mounting plugin ExampleDeviceProfileSelector
LogPluginManager: Mounting plugin GoogleCloudMessaging
LogPluginManager: Mounting plugin GooglePAD
LogPluginManager: Mounting plugin IOSDeviceProfileSelector
LogPluginManager: Mounting plugin LinuxDeviceProfileSelector
LogPluginManager: Mounting plugin LocationServicesBPLibrary
LogPluginManager: Mounting plugin MobilePatchingUtils
LogPluginManager: Mounting plugin OculusVR
LogPluginManager: Mounting plugin PhysXVehicles
LogPluginManager: Mounting plugin PostSplashScreen
LogPluginManager: Mounting plugin ProceduralMeshComponent
LogPluginManager: Mounting plugin RuntimePhysXCooking
LogPluginManager: Mounting plugin SignificanceManager
LogPluginManager: Mounting plugin SoundFields
LogPluginManager: Mounting plugin SteamVR
LogPluginManager: Mounting plugin Synthesis
LogPluginManager: Mounting plugin WebMMoviePlayer
LogPluginManager: Mounting plugin WindowsMoviePlayer
LogPluginManager: Mounting plugin ScreenshotTools
LogInit: Using libcurl 7.55.1-DEV
LogInit:  - built for x86_64-pc-win32
LogInit:  - supports SSL with OpenSSL/1.1.1
LogInit:  - supports HTTP deflate (compression) using libz 1.2.8
LogInit:  - other features:
LogInit:      CURL_VERSION_SSL
LogInit:      CURL_VERSION_LIBZ
LogInit:      CURL_VERSION_IPV6
LogInit:      CURL_VERSION_ASYNCHDNS
LogInit:      CURL_VERSION_LARGEFILE
LogInit:      CURL_VERSION_IDN
LogInit:  CurlRequestOptions (configurable via config and command line):
LogInit:  - bVerifyPeer = true  - Libcurl will verify peer certificate
LogInit:  - bUseHttpProxy = false  - Libcurl will NOT use HTTP proxy
LogInit:  - bDontReuseConnections = false  - Libcurl will reuse connections
LogInit:  - MaxHostConnections = 16  - Libcurl will limit the number of connections to a host
LogInit:  - LocalHostAddr = Default
LogInit:  - BufferSize = 65536
LogModuleManager: Warning: ModuleManager: Unable to load module 'OnlineSubsystemSteam'  - 0 instances of that module name found.
LogOnline: Warning: OSS: TryLoadSubsystemAndSetDefault: LoadSubsystemModule([Steam]) failed
LogOnline: OSS: Creating online subsystem instance for: NULL
LogInit: WinSock: version 1.1 (2.2), MaxSocks=32767, MaxUdp=65467
LogOnline: OSS: TryLoadSubsystemAndSetDefault: Loaded subsystem for module [NULL]
LogInit: Build: ++UE4+Release-4.25-CL-13942748
LogInit: Engine Version: 4.25.3-13942748+++UE4+Release-4.25
LogInit: Compatible Engine Version: 4.25.0-13144385+++UE4+Release-4.25
LogInit: Net CL: 13144385
LogInit: OS: Windows 10 (Release 2004) (), CPU: AMD FX(tm)-8350 Eight-Core Processor           , GPU: NVIDIA GeForce GTX 1070
LogInit: Compiled (64-bit): Jul 25 2020 02:07:48
LogInit: Compiled with Visual C++: 19.24.28315.00
LogInit: Build Configuration: Development
LogInit: Branch Name: ++UE4+Release-4.25
LogInit: Command Line:  /Game/Maps/Online?Listen -game -PIEVIACONSOLE -Multiprocess GameUserSettingsINI=C:/Users/fredr/Documents/GitHub/PROJ_Grupp2/HideNSneakUnreal/Saved/Config/Windows/PIEGameUserSettings0.ini -MultiprocessSaveConfig -MultiprocessOSS -messaging -SessionName="Play in Standalone Game" -port=17777 -windowed -ResX=1280 -ResY=720
LogInit: Base Directory: F:/Program Files/Epic Games/UE_4.25/Engine/Binaries/Win64/
LogInit: Allocator: TBB
LogInit: Installed Engine Build: 1
LogDevObjectVersion: Number of dev versions registered: 26
LogDevObjectVersion:   Dev-Blueprints (B0D832E4-1F89-4F0D-ACCF-7EB736FD4AA2): 10
LogDevObjectVersion:   Dev-Build (E1C64328-A22C-4D53-A36C-8E866417BD8C): 0
LogDevObjectVersion:   Dev-Core (375EC13C-06E4-48FB-B500-84F0262A717E): 4
LogDevObjectVersion:   Dev-Editor (E4B068ED-F494-42E9-A231-DA0B2E46BB41): 38
LogDevObjectVersion:   Dev-Framework (CFFC743F-43B0-4480-9391-14DF171D2073): 37
LogDevObjectVersion:   Dev-Mobile (B02B49B5-BB20-44E9-A304-32B752E40360): 2
LogDevObjectVersion:   Dev-Networking (A4E4105C-59A1-49B5-A7C5-40C4547EDFEE): 0
LogDevObjectVersion:   Dev-Online (39C831C9-5AE6-47DC-9A44-9C173E1C8E7C): 0
LogDevObjectVersion:   Dev-Physics (78F01B33-EBEA-4F98-B9B4-84EACCB95AA2): 4
LogDevObjectVersion:   Dev-Platform (6631380F-2D4D-43E0-8009-CF276956A95A): 0
LogDevObjectVersion:   Dev-Rendering (12F88B9F-8875-4AFC-A67C-D90C383ABD29): 43
LogDevObjectVersion:   Dev-Sequencer (7B5AE74C-D270-4C10-A958-57980B212A5A): 12
LogDevObjectVersion:   Dev-VR (D7296918-1DD6-4BDD-9DE2-64A83CC13884): 3
LogDevObjectVersion:   Dev-LoadTimes (C2A15278-BFE7-4AFE-6C17-90FF531DF755): 1
LogDevObjectVersion:   Private-Geometry (6EACA3D4-40EC-4CC1-B786-8BED09428FC5): 3
LogDevObjectVersion:   Dev-AnimPhys (29E575DD-E0A3-4627-9D10-D276232CDCEA): 17
LogDevObjectVersion:   Dev-Anim (AF43A65D-7FD3-4947-9873-3E8ED9C1BB05): 7
LogDevObjectVersion:   Dev-ReflectionCapture (6B266CEC-1EC7-4B8F-A30B-E4D90942FC07): 1
LogDevObjectVersion:   Dev-Automation (0DF73D61-A23F-47EA-B727-89E90C41499A): 1
LogDevObjectVersion:   FortniteMain (601D1886-AC64-4F84-AA16-D3DE0DEAC7D6): 31
LogDevObjectVersion:   Dev-Enterprise (9DFFBCD6-494F-0158-E221-12823C92A888): 10
LogDevObjectVersion:   Dev-Niagara (F2AED0AC-9AFE-416F-8664-AA7FFA26D6FC): 1
LogDevObjectVersion:   Dev-Destruction (174F1F0B-B4C6-45A5-B13F-2EE8D0FB917D): 10
LogDevObjectVersion:   Dev-Physics-Ext (35F94A83-E258-406C-A318-09F59610247C): 37
LogDevObjectVersion:   Dev-PhysicsMaterial-Chaos (B68FC16E-8B1B-42E2-B453-215C058844FE): 1
LogDevObjectVersion:   Dev-CineCamera (B2E18506-4273-CFC2-A54E-F4BB758BBA07): 1
LogInit: Presizing for max 25165824 objects, including 0 objects not considered by GC, pre-allocating 0 bytes for permanent pool.
LogConfig: Applying CVar settings from Section [/Script/Engine.StreamingSettings] File [C:/Users/fredr/Documents/GitHub/PROJ_Grupp2/HideNSneakUnreal/Saved/Config/Windows/Engine.ini]
LogConfig: Setting CVar [[s.MinBulkDataSizeForAsyncLoading:131072]]
LogConfig: Setting CVar [[s.AsyncLoadingThreadEnabled:0]]
LogConfig: Setting CVar [[s.EventDrivenLoaderEnabled:1]]
LogConfig: Setting CVar [[s.WarnIfTimeLimitExceeded:0]]
LogConfig: Setting CVar [[s.TimeLimitExceededMultiplier:1.5]]
LogConfig: Setting CVar [[s.TimeLimitExceededMinTime:0.005]]
LogConfig: Setting CVar [[s.UseBackgroundLevelStreaming:1]]
LogConfig: Setting CVar [[s.PriorityAsyncLoadingExtraTime:15.0]]
LogConfig: Setting CVar [[s.LevelStreamingActorsUpdateTimeLimit:5.0]]
LogConfig: Setting CVar [[s.PriorityLevelStreamingActorsUpdateExtraTime:5.0]]
LogConfig: Setting CVar [[s.LevelStreamingComponentsRegistrationGranularity:10]]
LogConfig: Setting CVar [[s.UnregisterComponentsTimeLimit:1.0]]
LogConfig: Setting CVar [[s.LevelStreamingComponentsUnregistrationGranularity:5]]
LogConfig: Setting CVar [[s.FlushStreamingOnExit:1]]
LogInit: Object subsystem initialized
LogConfig: Setting CVar [[con.DebugEarlyDefault:1]]
LogConfig: Setting CVar [[r.setres:1280x720]]
[2020.10.20-08.39.52:769][  0]LogConfig: Setting CVar [[con.DebugEarlyDefault:1]]
[2020.10.20-08.39.52:769][  0]LogConfig: Setting CVar [[r.setres:1280x720]]
[2020.10.20-08.39.52:769][  0]LogConfig: Applying CVar settings from Section [/Script/Engine.RendererSettings] File [C:/Users/fredr/Documents/GitHub/PROJ_Grupp2/HideNSneakUnreal/Saved/Config/Windows/Engine.ini]
[2020.10.20-08.39.52:769][  0]LogConfig: Setting CVar [[r.GPUCrashDebugging:0]]
[2020.10.20-08.39.52:769][  0]LogConfig: Applying CVar settings from Section [/Script/Engine.RendererOverrideSettings] File [C:/Users/fredr/Documents/GitHub/PROJ_Grupp2/HideNSneakUnreal/Saved/Config/Windows/Engine.ini]
[2020.10.20-08.39.52:769][  0]LogConfig: Applying CVar settings from Section [/Script/Engine.StreamingSettings] File [C:/Users/fredr/Documents/GitHub/PROJ_Grupp2/HideNSneakUnreal/Saved/Config/Windows/Engine.ini]
[2020.10.20-08.39.52:769][  0]LogConfig: Setting CVar [[s.MinBulkDataSizeForAsyncLoading:131072]]
[2020.10.20-08.39.52:769][  0]LogConfig: Setting CVar [[s.AsyncLoadingThreadEnabled:0]]
[2020.10.20-08.39.52:769][  0]LogConfig: Setting CVar [[s.EventDrivenLoaderEnabled:1]]
[2020.10.20-08.39.52:769][  0]LogConfig: Setting CVar [[s.WarnIfTimeLimitExceeded:0]]
[2020.10.20-08.39.52:769][  0]LogConfig: Setting CVar [[s.TimeLimitExceededMultiplier:1.5]]
[2020.10.20-08.39.52:769][  0]LogConfig: Setting CVar [[s.TimeLimitExceededMinTime:0.005]]
[2020.10.20-08.39.52:769][  0]LogConfig: Setting CVar [[s.UseBackgroundLevelStreaming:1]]
[2020.10.20-08.39.52:769][  0]LogConfig: Setting CVar [[s.PriorityAsyncLoadingExtraTime:15.0]]
[2020.10.20-08.39.52:769][  0]LogConfig: Setting CVar [[s.LevelStreamingActorsUpdateTimeLimit:5.0]]
[2020.10.20-08.39.52:769][  0]LogConfig: Setting CVar [[s.PriorityLevelStreamingActorsUpdateExtraTime:5.0]]
[2020.10.20-08.39.52:769][  0]LogConfig: Setting CVar [[s.LevelStreamingComponentsRegistrationGranularity:10]]
[2020.10.20-08.39.52:769][  0]LogConfig: Setting CVar [[s.UnregisterComponentsTimeLimit:1.0]]
[2020.10.20-08.39.52:769][  0]LogConfig: Setting CVar [[s.LevelStreamingComponentsUnregistrationGranularity:5]]
[2020.10.20-08.39.52:769][  0]LogConfig: Setting CVar [[s.FlushStreamingOnExit:1]]
[2020.10.20-08.39.52:769][  0]LogConfig: Applying CVar settings from Section [/Script/Engine.GarbageCollectionSettings] File [C:/Users/fredr/Documents/GitHub/PROJ_Grupp2/HideNSneakUnreal/Saved/Config/Windows/Engine.ini]
[2020.10.20-08.39.52:770][  0]LogConfig: Setting CVar [[gc.MaxObjectsNotConsideredByGC:1]]
[2020.10.20-08.39.52:770][  0]LogConfig: Setting CVar [[gc.SizeOfPermanentObjectPool:0]]
[2020.10.20-08.39.52:770][  0]LogConfig: Setting CVar [[gc.FlushStreamingOnGC:0]]
[2020.10.20-08.39.52:770][  0]LogConfig: Setting CVar [[gc.NumRetriesBeforeForcingGC:10]]
[2020.10.20-08.39.52:770][  0]LogConfig: Setting CVar [[gc.AllowParallelGC:1]]
[2020.10.20-08.39.52:770][  0]LogConfig: Setting CVar [[gc.TimeBetweenPurgingPendingKillObjects:61.1]]
[2020.10.20-08.39.52:770][  0]LogConfig: Setting CVar [[gc.MaxObjectsInEditor:25165824]]
[2020.10.20-08.39.52:770][  0]LogConfig: Setting CVar [[gc.IncrementalBeginDestroyEnabled:1]]
[2020.10.20-08.39.52:770][  0]LogConfig: Setting CVar [[gc.CreateGCClusters:1]]
[2020.10.20-08.39.52:770][  0]LogConfig: Setting CVar [[gc.MinGCClusterSize:5]]
[2020.10.20-08.39.52:770][  0]LogConfig: Setting CVar [[gc.ActorClusteringEnabled:0]]
[2020.10.20-08.39.52:770][  0]LogConfig: Setting CVar [[gc.BlueprintClusteringEnabled:0]]
[2020.10.20-08.39.52:770][  0]LogConfig: Setting CVar [[gc.UseDisregardForGCOnDedicatedServers:0]]
[2020.10.20-08.39.52:770][  0]LogConfig: Applying CVar settings from Section [/Script/Engine.NetworkSettings] File [C:/Users/fredr/Documents/GitHub/PROJ_Grupp2/HideNSneakUnreal/Saved/Config/Windows/Engine.ini]
[2020.10.20-08.39.52:770][  0]LogConfig: Applying CVar settings from Section [/Script/UnrealEd.CookerSettings] File [C:/Users/fredr/Documents/GitHub/PROJ_Grupp2/HideNSneakUnreal/Saved/Config/Windows/Engine.ini]
[2020.10.20-08.39.52:777][  0]LogConfig: Applying CVar settings from Section [ViewDistanceQuality@3] File [C:/Users/fredr/Documents/GitHub/PROJ_Grupp2/HideNSneakUnreal/Saved/Config/Windows/Scalability.ini]
[2020.10.20-08.39.52:777][  0]LogConfig: Setting CVar [[r.SkeletalMeshLODBias:0]]
[2020.10.20-08.39.52:777][  0]LogConfig: Setting CVar [[r.ViewDistanceScale:1.0]]
[2020.10.20-08.39.52:777][  0]LogConfig: Applying CVar settings from Section [AntiAliasingQuality@3] File [C:/Users/fredr/Documents/GitHub/PROJ_Grupp2/HideNSneakUnreal/Saved/Config/Windows/Scalability.ini]
[2020.10.20-08.39.52:777][  0]LogConfig: Setting CVar [[r.PostProcessAAQuality:4]]
[2020.10.20-08.39.52:777][  0]LogConfig: Applying CVar settings from Section [ShadowQuality@3] File [C:/Users/fredr/Documents/GitHub/PROJ_Grupp2/HideNSneakUnreal/Saved/Config/Windows/Scalability.ini]
[2020.10.20-08.39.52:777][  0]LogConfig: Setting CVar [[r.LightFunctionQuality:1]]
[2020.10.20-08.39.52:777][  0]LogConfig: Setting CVar [[r.ShadowQuality:5]]
[2020.10.20-08.39.52:777][  0]LogConfig: Setting CVar [[r.Shadow.CSM.MaxCascades:10]]
[2020.10.20-08.39.52:777][  0]LogConfig: Setting CVar [[r.Shadow.MaxResolution:2048]]
[2020.10.20-08.39.52:777][  0]LogConfig: Setting CVar [[r.Shadow.MaxCSMResolution:2048]]
[2020.10.20-08.39.52:777][  0]LogConfig: Setting CVar [[r.Shadow.RadiusThreshold:0.01]]
[2020.10.20-08.39.52:777][  0]LogConfig: Setting CVar [[r.Shadow.DistanceScale:1.0]]
[2020.10.20-08.39.52:777][  0]LogConfig: Setting CVar [[r.Shadow.CSM.TransitionScale:1.0]]
[2020.10.20-08.39.52:777][  0]LogConfig: Setting CVar [[r.Shadow.PreShadowResolutionFactor:1.0]]
[2020.10.20-08.39.52:777][  0]LogConfig: Setting CVar [[r.DistanceFieldShadowing:1]]
[2020.10.20-08.39.52:777][  0]LogConfig: Setting CVar [[r.DistanceFieldAO:1]]
[2020.10.20-08.39.52:777][  0]LogConfig: Setting CVar [[r.AOQuality:2]]
[2020.10.20-08.39.52:777][  0]LogConfig: Setting CVar [[r.VolumetricFog:1]]
[2020.10.20-08.39.52:777][  0]LogConfig: Setting CVar [[r.VolumetricFog.GridPixelSize:8]]
[2020.10.20-08.39.52:777][  0]LogConfig: Setting CVar [[r.VolumetricFog.GridSizeZ:128]]
[2020.10.20-08.39.52:777][  0]LogConfig: Setting CVar [[r.VolumetricFog.HistoryMissSupersampleCount:4]]
[2020.10.20-08.39.52:777][  0]LogConfig: Setting CVar [[r.LightMaxDrawDistanceScale:1]]
[2020.10.20-08.39.52:777][  0]LogConfig: Setting CVar [[r.CapsuleShadows:1]]
[2020.10.20-08.39.52:777][  0]LogConfig: Applying CVar settings from Section [PostProcessQuality@3] File [C:/Users/fredr/Documents/GitHub/PROJ_Grupp2/HideNSneakUnreal/Saved/Config/Windows/Scalability.ini]
[2020.10.20-08.39.52:778][  0]LogConfig: Setting CVar [[r.MotionBlurQuality:4]]
[2020.10.20-08.39.52:778][  0]LogConfig: Setting CVar [[r.AmbientOcclusionMipLevelFactor:0.4]]
[2020.10.20-08.39.52:778][  0]LogConfig: Setting CVar [[r.AmbientOcclusionMaxQuality:100]]
[2020.10.20-08.39.52:778][  0]LogConfig: Setting CVar [[r.AmbientOcclusionLevels:-1]]
[2020.10.20-08.39.52:778][  0]LogConfig: Setting CVar [[r.AmbientOcclusionRadiusScale:1.0]]
[2020.10.20-08.39.52:778][  0]LogConfig: Setting CVar [[r.DepthOfFieldQuality:2]]
[2020.10.20-08.39.52:778][  0]LogConfig: Setting CVar [[r.RenderTargetPoolMin:400]]
[2020.10.20-08.39.52:778][  0]LogConfig: Setting CVar [[r.LensFlareQuality:2]]
[2020.10.20-08.39.52:778][  0]LogConfig: Setting CVar [[r.SceneColorFringeQuality:1]]
[2020.10.20-08.39.52:778][  0]LogConfig: Setting CVar [[r.EyeAdaptationQuality:2]]
[2020.10.20-08.39.52:778][  0]LogConfig: Setting CVar [[r.BloomQuality:5]]
[2020.10.20-08.39.52:778][  0]LogConfig: Setting CVar [[r.FastBlurThreshold:100]]
[2020.10.20-08.39.52:778][  0]LogConfig: Setting CVar [[r.Upscale.Quality:3]]
[2020.10.20-08.39.52:778][  0]LogConfig: Setting CVar [[r.Tonemapper.GrainQuantization:1]]
[2020.10.20-08.39.52:778][  0]LogConfig: Setting CVar [[r.LightShaftQuality:1]]
[2020.10.20-08.39.52:778][  0]LogConfig: Setting CVar [[r.Filter.SizeScale:1]]
[2020.10.20-08.39.52:778][  0]LogConfig: Setting CVar [[r.Tonemapper.Quality:5]]
[2020.10.20-08.39.52:778][  0]LogConfig: Setting CVar [[r.DOF.Gather.AccumulatorQuality:1        ; higher gathering accumulator quality]]
[2020.10.20-08.39.52:778][  0]LogConfig: Setting CVar [[r.DOF.Gather.PostfilterMethod:1          ; Median3x3 postfilering method]]
[2020.10.20-08.39.52:778][  0]LogConfig: Setting CVar [[r.DOF.Gather.EnableBokehSettings:0       ; no bokeh simulation when gathering]]
[2020.10.20-08.39.52:778][  0]LogConfig: Setting CVar [[r.DOF.Gather.RingCount:4                 ; medium number of samples when gathering]]
[2020.10.20-08.39.52:778][  0]LogConfig: Setting CVar [[r.DOF.Scatter.ForegroundCompositing:1    ; additive foreground scattering]]
[2020.10.20-08.39.52:778][  0]LogConfig: Setting CVar [[r.DOF.Scatter.BackgroundCompositing:2    ; additive background scattering]]
[2020.10.20-08.39.52:778][  0]LogConfig: Setting CVar [[r.DOF.Scatter.EnableBokehSettings:1      ; bokeh simulation when scattering]]
[2020.10.20-08.39.52:778][  0]LogConfig: Setting CVar [[r.DOF.Scatter.MaxSpriteRatio:0.1         ; only a maximum of 10% of scattered bokeh]]
[2020.10.20-08.39.52:778][  0]LogConfig: Setting CVar [[r.DOF.Recombine.Quality:1                ; cheap slight out of focus]]
[2020.10.20-08.39.52:778][  0]LogConfig: Setting CVar [[r.DOF.Recombine.EnableBokehSettings:0    ; no bokeh simulation on slight out of focus]]
[2020.10.20-08.39.52:778][  0]LogConfig: Setting CVar [[r.DOF.TemporalAAQuality:1                ; more stable temporal accumulation]]
[2020.10.20-08.39.52:778][  0]LogConfig: Setting CVar [[r.DOF.Kernel.MaxForegroundRadius:0.025]]
[2020.10.20-08.39.52:778][  0]LogConfig: Setting CVar [[r.DOF.Kernel.MaxBackgroundRadius:0.025]]
[2020.10.20-08.39.52:778][  0]LogConfig: Applying CVar settings from Section [TextureQuality@3] File [C:/Users/fredr/Documents/GitHub/PROJ_Grupp2/HideNSneakUnreal/Saved/Config/Windows/Scalability.ini]
[2020.10.20-08.39.52:778][  0]LogConfig: Setting CVar [[r.Streaming.MipBias:0]]
[2020.10.20-08.39.52:778][  0]LogConfig: Setting CVar [[r.Streaming.AmortizeCPUToGPUCopy:0]]
[2020.10.20-08.39.52:778][  0]LogConfig: Setting CVar [[r.Streaming.MaxNumTexturesToStreamPerFrame:0]]
[2020.10.20-08.39.52:779][  0]LogConfig: Setting CVar [[r.Streaming.Boost:1]]
[2020.10.20-08.39.52:779][  0]LogConfig: Setting CVar [[r.MaxAnisotropy:8]]
[2020.10.20-08.39.52:779][  0]LogConfig: Setting CVar [[r.VT.MaxAnisotropy:8]]
[2020.10.20-08.39.52:779][  0]LogConfig: Setting CVar [[r.Streaming.LimitPoolSizeToVRAM:0]]
[2020.10.20-08.39.52:779][  0]LogConfig: Setting CVar [[r.Streaming.PoolSize:1000]]
[2020.10.20-08.39.52:779][  0]LogConfig: Setting CVar [[r.Streaming.MaxEffectiveScreenSize:0]]
[2020.10.20-08.39.52:779][  0]LogConfig: Applying CVar settings from Section [EffectsQuality@3] File [C:/Users/fredr/Documents/GitHub/PROJ_Grupp2/HideNSneakUnreal/Saved/Config/Windows/Scalability.ini]
[2020.10.20-08.39.52:779][  0]LogConfig: Setting CVar [[r.TranslucencyLightingVolumeDim:64]]
[2020.10.20-08.39.52:779][  0]LogConfig: Setting CVar [[r.RefractionQuality:2]]
[2020.10.20-08.39.52:779][  0]LogConfig: Setting CVar [[r.SSR.Quality:3]]
[2020.10.20-08.39.52:779][  0]LogConfig: Setting CVar [[r.SSR.HalfResSceneColor:0]]
[2020.10.20-08.39.52:779][  0]LogConfig: Setting CVar [[r.SceneColorFormat:4]]
[2020.10.20-08.39.52:779][  0]LogConfig: Setting CVar [[r.DetailMode:2]]
[2020.10.20-08.39.52:779][  0]LogConfig: Setting CVar [[r.TranslucencyVolumeBlur:1]]
[2020.10.20-08.39.52:779][  0]LogConfig: Setting CVar [[r.MaterialQualityLevel:1 ; High quality]]
[2020.10.20-08.39.52:779][  0]LogConfig: Setting CVar [[r.SSS.Scale:1]]
[2020.10.20-08.39.52:779][  0]LogConfig: Setting CVar [[r.SSS.SampleSet:2]]
[2020.10.20-08.39.52:779][  0]LogConfig: Setting CVar [[r.SSS.Quality:1]]
[2020.10.20-08.39.52:779][  0]LogConfig: Setting CVar [[r.SSS.HalfRes:0]]
[2020.10.20-08.39.52:779][  0]LogConfig: Setting CVar [[r.SSGI.Quality:3]]
[2020.10.20-08.39.52:779][  0]LogConfig: Setting CVar [[r.EmitterSpawnRateScale:1.0]]
[2020.10.20-08.39.52:779][  0]LogConfig: Setting CVar [[r.ParticleLightQuality:2]]
[2020.10.20-08.39.52:779][  0]LogConfig: Setting CVar [[r.SkyAtmosphere.AerialPerspectiveLUT.FastApplyOnOpaque:1 ; Always have FastSkyLUT 1 in this case to avoid wrong sky]]
[2020.10.20-08.39.52:779][  0]LogConfig: Setting CVar [[r.SkyAtmosphere.AerialPerspectiveLUT.SampleCountPerSlice:1]]
[2020.10.20-08.39.52:779][  0]LogConfig: Setting CVar [[r.SkyAtmosphere.AerialPerspectiveLUT.DepthResolution:16.0]]
[2020.10.20-08.39.52:779][  0]LogConfig: Setting CVar [[r.SkyAtmosphere.FastSkyLUT:1]]
[2020.10.20-08.39.52:779][  0]LogConfig: Setting CVar [[r.SkyAtmosphere.FastSkyLUT.SampleCountMin:4.0]]
[2020.10.20-08.39.52:779][  0]LogConfig: Setting CVar [[r.SkyAtmosphere.FastSkyLUT.SampleCountMax:32.0]]
[2020.10.20-08.39.52:779][  0]LogConfig: Setting CVar [[r.SkyAtmosphere.SampleCountMin:4.0]]
[2020.10.20-08.39.52:779][  0]LogConfig: Setting CVar [[r.SkyAtmosphere.SampleCountMax:32.0]]
[2020.10.20-08.39.52:779][  0]LogConfig: Setting CVar [[r.SkyAtmosphere.TransmittanceLUT.UseSmallFormat:0]]
[2020.10.20-08.39.52:779][  0]LogConfig: Setting CVar [[r.SkyAtmosphere.TransmittanceLUT.SampleCount:10.0]]
[2020.10.20-08.39.52:779][  0]LogConfig: Setting CVar [[r.SkyAtmosphere.MultiScatteringLUT.SampleCount:15.0]]
[2020.10.20-08.39.52:780][  0]LogConfig: Applying CVar settings from Section [FoliageQuality@3] File [C:/Users/fredr/Documents/GitHub/PROJ_Grupp2/HideNSneakUnreal/Saved/Config/Windows/Scalability.ini]
[2020.10.20-08.39.52:780][  0]LogConfig: Setting CVar [[foliage.DensityScale:1.0]]
[2020.10.20-08.39.52:780][  0]LogConfig: Setting CVar [[grass.DensityScale:1.0]]
[2020.10.20-08.39.52:780][  0]LogConfig: Applying CVar settings from Section [ShadingQuality@3] File [C:/Users/fredr/Documents/GitHub/PROJ_Grupp2/HideNSneakUnreal/Saved/Config/Windows/Scalability.ini]
[2020.10.20-08.39.52:780][  0]LogConfig: Setting CVar [[r.HairStrands.SkyLighting.SampleCount:16]]
[2020.10.20-08.39.52:780][  0]LogConfig: Setting CVar [[r.HairStrands.SkyLighting.JitterIntegration:0]]
[2020.10.20-08.39.52:780][  0]LogConfig: Setting CVar [[r.HairStrands.SkyAO.SampleCount:16]]
[2020.10.20-08.39.52:780][  0]LogConfig: Setting CVar [[r.HairStrands.DeepShadow.SuperSampling:0]]
[2020.10.20-08.39.52:780][  0]LogConfig: Setting CVar [[r.HairStrands.VisibilityPPLL:0]]
[2020.10.20-08.39.52:780][  0]LogConfig: Setting CVar [[r.HairStrands.RasterizationScale:0.5]]
[2020.10.20-08.39.52:780][  0]LogConfig: Setting CVar [[r.HairStrands.VelocityRasterizationScale:1]]
[2020.10.20-08.39.52:780][  0]LogInit: Selected Device Profile: [Windows]
[2020.10.20-08.39.52:780][  0]LogInit: Applying CVar settings loaded from the selected device profile: [Windows]
[2020.10.20-08.39.52:780][  0]LogHAL: Display: Platform has ~ 16 GB [17161113600 / 17179869184 / 16], which maps to Larger [LargestMinGB=32, LargerMinGB=12, DefaultMinGB=8, SmallerMinGB=6, SmallestMinGB=0)
[2020.10.20-08.39.52:780][  0]LogInit: Going up to parent DeviceProfile []
[2020.10.20-08.39.52:780][  0]LogConfig: Applying CVar settings from Section [ViewDistanceQuality@3] File [C:/Users/fredr/Documents/GitHub/PROJ_Grupp2/HideNSneakUnreal/Saved/Config/Windows/Scalability.ini]
[2020.10.20-08.39.52:780][  0]LogConfig: Setting CVar [[r.SkeletalMeshLODBias:0]]
[2020.10.20-08.39.52:780][  0]LogConfig: Setting CVar [[r.ViewDistanceScale:1.0]]
[2020.10.20-08.39.52:780][  0]LogConfig: Applying CVar settings from Section [AntiAliasingQuality@3] File [C:/Users/fredr/Documents/GitHub/PROJ_Grupp2/HideNSneakUnreal/Saved/Config/Windows/Scalability.ini]
[2020.10.20-08.39.52:780][  0]LogConfig: Setting CVar [[r.PostProcessAAQuality:4]]
[2020.10.20-08.39.52:780][  0]LogConfig: Applying CVar settings from Section [ShadowQuality@3] File [C:/Users/fredr/Documents/GitHub/PROJ_Grupp2/HideNSneakUnreal/Saved/Config/Windows/Scalability.ini]
[2020.10.20-08.39.52:780][  0]LogConfig: Setting CVar [[r.LightFunctionQuality:1]]
[2020.10.20-08.39.52:780][  0]LogConfig: Setting CVar [[r.ShadowQuality:5]]
[2020.10.20-08.39.52:780][  0]LogConfig: Setting CVar [[r.Shadow.CSM.MaxCascades:10]]
[2020.10.20-08.39.52:780][  0]LogConfig: Setting CVar [[r.Shadow.MaxResolution:2048]]
[2020.10.20-08.39.52:780][  0]LogConfig: Setting CVar [[r.Shadow.MaxCSMResolution:2048]]
[2020.10.20-08.39.52:780][  0]LogConfig: Setting CVar [[r.Shadow.RadiusThreshold:0.01]]
[2020.10.20-08.39.52:780][  0]LogConfig: Setting CVar [[r.Shadow.DistanceScale:1.0]]
[2020.10.20-08.39.52:780][  0]LogConfig: Setting CVar [[r.Shadow.CSM.TransitionScale:1.0]]
[2020.10.20-08.39.52:780][  0]LogConfig: Setting CVar [[r.Shadow.PreShadowResolutionFactor:1.0]]
[2020.10.20-08.39.52:780][  0]LogConfig: Setting CVar [[r.DistanceFieldShadowing:1]]
[2020.10.20-08.39.52:780][  0]LogConfig: Setting CVar [[r.DistanceFieldAO:1]]
[2020.10.20-08.39.52:781][  0]LogConfig: Setting CVar [[r.AOQuality:2]]
[2020.10.20-08.39.52:781][  0]LogConfig: Setting CVar [[r.VolumetricFog:1]]
[2020.10.20-08.39.52:781][  0]LogConfig: Setting CVar [[r.VolumetricFog.GridPixelSize:8]]
[2020.10.20-08.39.52:781][  0]LogConfig: Setting CVar [[r.VolumetricFog.GridSizeZ:128]]
[2020.10.20-08.39.52:781][  0]LogConfig: Setting CVar [[r.VolumetricFog.HistoryMissSupersampleCount:4]]
[2020.10.20-08.39.52:781][  0]LogConfig: Setting CVar [[r.LightMaxDrawDistanceScale:1]]
[2020.10.20-08.39.52:781][  0]LogConfig: Setting CVar [[r.CapsuleShadows:1]]
[2020.10.20-08.39.52:781][  0]LogConfig: Applying CVar settings from Section [PostProcessQuality@3] File [C:/Users/fredr/Documents/GitHub/PROJ_Grupp2/HideNSneakUnreal/Saved/Config/Windows/Scalability.ini]
[2020.10.20-08.39.52:781][  0]LogConfig: Setting CVar [[r.MotionBlurQuality:4]]
[2020.10.20-08.39.52:781][  0]LogConfig: Setting CVar [[r.AmbientOcclusionMipLevelFactor:0.4]]
[2020.10.20-08.39.52:781][  0]LogConfig: Setting CVar [[r.AmbientOcclusionMaxQuality:100]]
[2020.10.20-08.39.52:781][  0]LogConfig: Setting CVar [[r.AmbientOcclusionLevels:-1]]
[2020.10.20-08.39.52:781][  0]LogConfig: Setting CVar [[r.AmbientOcclusionRadiusScale:1.0]]
[2020.10.20-08.39.52:781][  0]LogConfig: Setting CVar [[r.DepthOfFieldQuality:2]]
[2020.10.20-08.39.52:781][  0]LogConfig: Setting CVar [[r.RenderTargetPoolMin:400]]
[2020.10.20-08.39.52:781][  0]LogConfig: Setting CVar [[r.LensFlareQuality:2]]
[2020.10.20-08.39.52:781][  0]LogConfig: Setting CVar [[r.SceneColorFringeQuality:1]]
[2020.10.20-08.39.52:781][  0]LogConfig: Setting CVar [[r.EyeAdaptationQuality:2]]
[2020.10.20-08.39.52:781][  0]LogConfig: Setting CVar [[r.BloomQuality:5]]
[2020.10.20-08.39.52:781][  0]LogConfig: Setting CVar [[r.FastBlurThreshold:100]]
[2020.10.20-08.39.52:781][  0]LogConfig: Setting CVar [[r.Upscale.Quality:3]]
[2020.10.20-08.39.52:781][  0]LogConfig: Setting CVar [[r.Tonemapper.GrainQuantization:1]]
[2020.10.20-08.39.52:781][  0]LogConfig: Setting CVar [[r.LightShaftQuality:1]]
[2020.10.20-08.39.52:781][  0]LogConfig: Setting CVar [[r.Filter.SizeScale:1]]
[2020.10.20-08.39.52:781][  0]LogConfig: Setting CVar [[r.Tonemapper.Quality:5]]
[2020.10.20-08.39.52:781][  0]LogConfig: Setting CVar [[r.DOF.Gather.AccumulatorQuality:1        ; higher gathering accumulator quality]]
[2020.10.20-08.39.52:781][  0]LogConfig: Setting CVar [[r.DOF.Gather.PostfilterMethod:1          ; Median3x3 postfilering method]]
[2020.10.20-08.39.52:781][  0]LogConfig: Setting CVar [[r.DOF.Gather.EnableBokehSettings:0       ; no bokeh simulation when gathering]]
[2020.10.20-08.39.52:781][  0]LogConfig: Setting CVar [[r.DOF.Gather.RingCount:4                 ; medium number of samples when gathering]]
[2020.10.20-08.39.52:781][  0]LogConfig: Setting CVar [[r.DOF.Scatter.ForegroundCompositing:1    ; additive foreground scattering]]
[2020.10.20-08.39.52:781][  0]LogConfig: Setting CVar [[r.DOF.Scatter.BackgroundCompositing:2    ; additive background scattering]]
[2020.10.20-08.39.52:781][  0]LogConfig: Setting CVar [[r.DOF.Scatter.EnableBokehSettings:1      ; bokeh simulation when scattering]]
[2020.10.20-08.39.52:781][  0]LogConfig: Setting CVar [[r.DOF.Scatter.MaxSpriteRatio:0.1         ; only a maximum of 10% of scattered bokeh]]
[2020.10.20-08.39.52:781][  0]LogConfig: Setting CVar [[r.DOF.Recombine.Quality:1                ; cheap slight out of focus]]
[2020.10.20-08.39.52:781][  0]LogConfig: Setting CVar [[r.DOF.Recombine.EnableBokehSettings:0    ; no bokeh simulation on slight out of focus]]
[2020.10.20-08.39.52:781][  0]LogConfig: Setting CVar [[r.DOF.TemporalAAQuality:1                ; more stable temporal accumulation]]
[2020.10.20-08.39.52:781][  0]LogConfig: Setting CVar [[r.DOF.Kernel.MaxForegroundRadius:0.025]]
[2020.10.20-08.39.52:781][  0]LogConfig: Setting CVar [[r.DOF.Kernel.MaxBackgroundRadius:0.025]]
[2020.10.20-08.39.52:781][  0]LogConfig: Applying CVar settings from Section [TextureQuality@3] File [C:/Users/fredr/Documents/GitHub/PROJ_Grupp2/HideNSneakUnreal/Saved/Config/Windows/Scalability.ini]
[2020.10.20-08.39.52:781][  0]LogConfig: Setting CVar [[r.Streaming.MipBias:0]]
[2020.10.20-08.39.52:782][  0]LogConfig: Setting CVar [[r.Streaming.AmortizeCPUToGPUCopy:0]]
[2020.10.20-08.39.52:782][  0]LogConfig: Setting CVar [[r.Streaming.MaxNumTexturesToStreamPerFrame:0]]
[2020.10.20-08.39.52:782][  0]LogConfig: Setting CVar [[r.Streaming.Boost:1]]
[2020.10.20-08.39.52:782][  0]LogConfig: Setting CVar [[r.MaxAnisotropy:8]]
[2020.10.20-08.39.52:782][  0]LogConfig: Setting CVar [[r.VT.MaxAnisotropy:8]]
[2020.10.20-08.39.52:782][  0]LogConfig: Setting CVar [[r.Streaming.LimitPoolSizeToVRAM:0]]
[2020.10.20-08.39.52:782][  0]LogConfig: Setting CVar [[r.Streaming.PoolSize:1000]]
[2020.10.20-08.39.52:782][  0]LogConfig: Setting CVar [[r.Streaming.MaxEffectiveScreenSize:0]]
[2020.10.20-08.39.52:782][  0]LogConfig: Applying CVar settings from Section [EffectsQuality@3] File [C:/Users/fredr/Documents/GitHub/PROJ_Grupp2/HideNSneakUnreal/Saved/Config/Windows/Scalability.ini]
[2020.10.20-08.39.52:782][  0]LogConfig: Setting CVar [[r.TranslucencyLightingVolumeDim:64]]
[2020.10.20-08.39.52:782][  0]LogConfig: Setting CVar [[r.RefractionQuality:2]]
[2020.10.20-08.39.52:782][  0]LogConfig: Setting CVar [[r.SSR.Quality:3]]
[2020.10.20-08.39.52:782][  0]LogConfig: Setting CVar [[r.SSR.HalfResSceneColor:0]]
[2020.10.20-08.39.52:782][  0]LogConfig: Setting CVar [[r.SceneColorFormat:4]]
[2020.10.20-08.39.52:782][  0]LogConfig: Setting CVar [[r.DetailMode:2]]
[2020.10.20-08.39.52:782][  0]LogConfig: Setting CVar [[r.TranslucencyVolumeBlur:1]]
[2020.10.20-08.39.52:782][  0]LogConfig: Setting CVar [[r.MaterialQualityLevel:1 ; High quality]]
[2020.10.20-08.39.52:782][  0]LogConfig: Setting CVar [[r.SSS.Scale:1]]
[2020.10.20-08.39.52:782][  0]LogConfig: Setting CVar [[r.SSS.SampleSet:2]]
[2020.10.20-08.39.52:782][  0]LogConfig: Setting CVar [[r.SSS.Quality:1]]
[2020.10.20-08.39.52:782][  0]LogConfig: Setting CVar [[r.SSS.HalfRes:0]]
[2020.10.20-08.39.52:782][  0]LogConfig: Setting CVar [[r.SSGI.Quality:3]]
[2020.10.20-08.39.52:782][  0]LogConfig: Setting CVar [[r.EmitterSpawnRateScale:1.0]]
[2020.10.20-08.39.52:782][  0]LogConfig: Setting CVar [[r.ParticleLightQuality:2]]
[2020.10.20-08.39.52:782][  0]LogConfig: Setting CVar [[r.SkyAtmosphere.AerialPerspectiveLUT.FastApplyOnOpaque:1 ; Always have FastSkyLUT 1 in this case to avoid wrong sky]]
[2020.10.20-08.39.52:782][  0]LogConfig: Setting CVar [[r.SkyAtmosphere.AerialPerspectiveLUT.SampleCountPerSlice:1]]
[2020.10.20-08.39.52:782][  0]LogConfig: Setting CVar [[r.SkyAtmosphere.AerialPerspectiveLUT.DepthResolution:16.0]]
[2020.10.20-08.39.52:783][  0]LogConfig: Setting CVar [[r.SkyAtmosphere.FastSkyLUT:1]]
[2020.10.20-08.39.52:783][  0]LogConfig: Setting CVar [[r.SkyAtmosphere.FastSkyLUT.SampleCountMin:4.0]]
[2020.10.20-08.39.52:783][  0]LogConfig: Setting CVar [[r.SkyAtmosphere.FastSkyLUT.SampleCountMax:32.0]]
[2020.10.20-08.39.52:783][  0]LogConfig: Setting CVar [[r.SkyAtmosphere.SampleCountMin:4.0]]
[2020.10.20-08.39.52:783][  0]LogConfig: Setting CVar [[r.SkyAtmosphere.SampleCountMax:32.0]]
[2020.10.20-08.39.52:783][  0]LogConfig: Setting CVar [[r.SkyAtmosphere.TransmittanceLUT.UseSmallFormat:0]]
[2020.10.20-08.39.52:783][  0]LogConfig: Setting CVar [[r.SkyAtmosphere.TransmittanceLUT.SampleCount:10.0]]
[2020.10.20-08.39.52:783][  0]LogConfig: Setting CVar [[r.SkyAtmosphere.MultiScatteringLUT.SampleCount:15.0]]
[2020.10.20-08.39.52:783][  0]LogConfig: Applying CVar settings from Section [FoliageQuality@3] File [C:/Users/fredr/Documents/GitHub/PROJ_Grupp2/HideNSneakUnreal/Saved/Config/Windows/Scalability.ini]
[2020.10.20-08.39.52:783][  0]LogConfig: Setting CVar [[foliage.DensityScale:1.0]]
[2020.10.20-08.39.52:783][  0]LogConfig: Setting CVar [[grass.DensityScale:1.0]]
[2020.10.20-08.39.52:783][  0]LogConfig: Applying CVar settings from Section [ShadingQuality@3] File [C:/Users/fredr/Documents/GitHub/PROJ_Grupp2/HideNSneakUnreal/Saved/Config/Windows/Scalability.ini]
[2020.10.20-08.39.52:783][  0]LogConfig: Setting CVar [[r.HairStrands.SkyLighting.SampleCount:16]]
[2020.10.20-08.39.52:783][  0]LogConfig: Setting CVar [[r.HairStrands.SkyLighting.JitterIntegration:0]]
[2020.10.20-08.39.52:783][  0]LogConfig: Setting CVar [[r.HairStrands.SkyAO.SampleCount:16]]
[2020.10.20-08.39.52:783][  0]LogConfig: Setting CVar [[r.HairStrands.DeepShadow.SuperSampling:0]]
[2020.10.20-08.39.52:783][  0]LogConfig: Setting CVar [[r.HairStrands.VisibilityPPLL:0]]
[2020.10.20-08.39.52:783][  0]LogConfig: Setting CVar [[r.HairStrands.RasterizationScale:0.5]]
[2020.10.20-08.39.52:783][  0]LogConfig: Setting CVar [[r.HairStrands.VelocityRasterizationScale:1]]
[2020.10.20-08.39.52:783][  0]LogConfig: Applying CVar settings from Section [Startup] File [../../../Engine/Config/ConsoleVariables.ini]
[2020.10.20-08.39.52:784][  0]LogConfig: Setting CVar [[net.UseAdaptiveNetUpdateFrequency:0]]
[2020.10.20-08.39.52:784][  0]LogConfig: Setting CVar [[p.chaos.AllowCreatePhysxBodies:1]]
[2020.10.20-08.39.52:784][  0]LogConfig: Setting CVar [[fx.SkipVectorVMBackendOptimizations:1]]
[2020.10.20-08.39.52:784][  0]LogConfig: Applying CVar settings from Section [ConsoleVariables] File [C:/Users/fredr/Documents/GitHub/PROJ_Grupp2/HideNSneakUnreal/Saved/Config/Windows/Engine.ini]
[2020.10.20-08.39.52:784][  0]LogInit: Computer: DESKTOP-BTA50U2
[2020.10.20-08.39.52:784][  0]LogInit: User: fredr
[2020.10.20-08.39.52:784][  0]LogInit: CPU Page size=4096, Cores=4
[2020.10.20-08.39.52:784][  0]LogInit: High frequency timer resolution =10.000000 MHz
[2020.10.20-08.39.52:784][  0]LogMemory: Memory total: Physical=16.0GB (16GB approx)
[2020.10.20-08.39.52:784][  0]LogMemory: Platform Memory Stats for Windows
[2020.10.20-08.39.52:784][  0]LogMemory: Process Physical Memory: 113.98 MB used, 113.98 MB peak
[2020.10.20-08.39.52:784][  0]LogMemory: Process Virtual Memory: 96.04 MB used, 96.04 MB peak
[2020.10.20-08.39.52:784][  0]LogMemory: Physical Memory: 7981.31 MB used,  8384.80 MB free, 16366.11 MB total
[2020.10.20-08.39.52:784][  0]LogMemory: Virtual Memory: 5144.88 MB used,  134212584.00 MB free, 134217728.00 MB total
[2020.10.20-08.39.52:792][  0]LogWindows: WindowsPlatformFeatures enabled
[2020.10.20-08.39.52:822][  0]LogInit: Physics initialised using underlying interface: PhysX
[2020.10.20-08.39.52:823][  0]LogInit: Using OS detected language (en-GB).
[2020.10.20-08.39.52:823][  0]LogInit: Using OS detected locale (en-GB).
[2020.10.20-08.39.52:826][  0]LogTextLocalizationManager: No specific localization for 'en-GB' exists, so the 'en' localization will be used.
[2020.10.20-08.39.53:283][  0]LogSlate: New Slate User Created.  User Index 0, Is Virtual User: 0
[2020.10.20-08.39.53:283][  0]LogSlate: Slate User Registered.  User Index 0, Is Virtual User: 0
[2020.10.20-08.39.53:302][  0]LogHMD: Failed to initialize OpenVR with code 110
[2020.10.20-08.39.53:302][  0]LogD3D11RHI: D3D11 min allowed feature level: 11_0
[2020.10.20-08.39.53:302][  0]LogD3D11RHI: D3D11 max allowed feature level: 11_0
[2020.10.20-08.39.53:302][  0]LogD3D11RHI: D3D11 adapters:
[2020.10.20-08.39.53:435][  0]LogD3D11RHI:    0. 'NVIDIA GeForce GTX 1070' (Feature Level 11_0)
[2020.10.20-08.39.53:435][  0]LogD3D11RHI:       8088/0/8183 MB DedicatedVideo/DedicatedSystem/SharedSystem, Outputs:2, VendorId:0x10de
[2020.10.20-08.39.53:440][  0]LogD3D11RHI:    1. 'Microsoft Basic Render Driver' (Feature Level 11_0)
[2020.10.20-08.39.53:440][  0]LogD3D11RHI:       0/0/8183 MB DedicatedVideo/DedicatedSystem/SharedSystem, Outputs:0, VendorId:0x1414
[2020.10.20-08.39.53:440][  0]LogD3D11RHI: Chosen D3D11 Adapter: 0
[2020.10.20-08.39.53:456][  0]LogD3D11RHI: Creating new Direct3DDevice
[2020.10.20-08.39.53:457][  0]LogD3D11RHI:     GPU DeviceId: 0x1b81 (for the marketing name, search the web for "GPU Device Id")
[2020.10.20-08.39.53:457][  0]LogWindows: EnumDisplayDevices:
[2020.10.20-08.39.53:457][  0]LogWindows:    0. 'NVIDIA GeForce GTX 1070' (P:1 D:1)
[2020.10.20-08.39.53:457][  0]LogWindows:    1. 'NVIDIA GeForce GTX 1070' (P:0 D:1)
[2020.10.20-08.39.53:458][  0]LogWindows:    2. 'NVIDIA GeForce GTX 1070' (P:0 D:0)
[2020.10.20-08.39.53:458][  0]LogWindows:    3. 'NVIDIA GeForce GTX 1070' (P:0 D:0)
[2020.10.20-08.39.53:459][  0]LogWindows: DebugString: FoundDriverCount:4 
[2020.10.20-08.39.53:459][  0]LogD3D11RHI:     Adapter Name: NVIDIA GeForce GTX 1070
[2020.10.20-08.39.53:459][  0]LogD3D11RHI:   Driver Version: 441.20 (internal:26.21.14.4120, unified:441.20)
[2020.10.20-08.39.53:459][  0]LogD3D11RHI:      Driver Date: 11-6-2019
[2020.10.20-08.39.53:459][  0]LogRHI: Texture pool is 5661 MB (70% of 8088 MB)
[2020.10.20-08.39.53:548][  0]LogD3D11RHI: RHI has support for 64 bit atomics
[2020.10.20-08.39.53:549][  0]LogD3D11RHI: Async texture creation enabled
[2020.10.20-08.39.53:549][  0]LogD3D11RHI: Array index from any shader is supported
[2020.10.20-08.39.53:587][  0]LogD3D11RHI: GPU Timing Frequency: 1000.000000 (Debug: 2 1)
[2020.10.20-08.39.54:056][  0]LogTargetPlatformManager: Display: Loaded TargetPlatform 'WindowsNoEditor'
[2020.10.20-08.39.54:064][  0]LogTargetPlatformManager: Display: Loaded TargetPlatform 'Windows'
[2020.10.20-08.39.54:079][  0]LogTargetPlatformManager: Display: Loaded TargetPlatform 'WindowsClient'
[2020.10.20-08.39.54:095][  0]LogTargetPlatformManager: Display: Loaded TargetPlatform 'WindowsServer'
[2020.10.20-08.39.54:096][  0]LogTargetPlatformManager: Display: Building Assets For Windows
[2020.10.20-08.39.54:108][  0]LogAudioDebug: Display: Lib vorbis DLL was dynamically loaded.
[2020.10.20-08.39.54:207][  0]LogShaderCompilers: Guid format shader working directory is -14 characters bigger than the processId version (C:/Users/fredr/Documents/GitHub/PROJ_Grupp2/HideNSneakUnreal/Intermediate/Shaders/WorkingDirectory/7392/).
[2020.10.20-08.39.54:208][  0]LogShaderCompilers: Cleaned the shader compiler working directory 'C:/Users/fredr/AppData/Local/Temp/UnrealShaderWorkingDir/CD29BC8B48AEA31C6BDEF4B537B66CBF/'.
[2020.10.20-08.39.54:208][  0]LogXGEController: Cannot use XGE Controller as Incredibuild is not installed on this machine.
[2020.10.20-08.39.54:208][  0]LogShaderCompilers: Cannot use XGE Shader Compiler as Incredibuild is not installed on this machine.
[2020.10.20-08.39.54:209][  0]LogShaderCompilers: Display: Using Local Shader Compiler.
[2020.10.20-08.39.55:594][  0]LogDerivedDataCache: Display: Max Cache Size: 512 MB
[2020.10.20-08.39.55:730][  0]LogDerivedDataCache: Loaded boot cache 0.14s 75MB C:/Users/fredr/AppData/Local/UnrealEngine/4.25/DerivedDataCache/Boot.ddc.
[2020.10.20-08.39.55:730][  0]LogDerivedDataCache: Display: Loaded Boot cache: C:/Users/fredr/AppData/Local/UnrealEngine/4.25/DerivedDataCache/Boot.ddc
[2020.10.20-08.39.55:730][  0]LogDerivedDataCache: FDerivedDataBackendGraph:  Pak pak cache file C:/Users/fredr/Documents/GitHub/PROJ_Grupp2/HideNSneakUnreal/DerivedDataCache/DDC.ddp not found, will not use a pak cache.
[2020.10.20-08.39.55:730][  0]LogDerivedDataCache: Unable to find inner node Pak for hierarchical cache Hierarchy.
[2020.10.20-08.39.55:730][  0]LogDerivedDataCache: FDerivedDataBackendGraph:  CompressedPak pak cache file C:/Users/fredr/Documents/GitHub/PROJ_Grupp2/HideNSneakUnreal/DerivedDataCache/Compressed.ddp not found, will not use a pak cache.
[2020.10.20-08.39.55:731][  0]LogDerivedDataCache: Unable to find inner node CompressedPak for hierarchical cache Hierarchy.
[2020.10.20-08.39.55:746][  0]LogDerivedDataCache: Display: Pak cache opened for reading ../../../Engine/DerivedDataCache/Compressed.ddp.
[2020.10.20-08.39.55:746][  0]LogDerivedDataCache: FDerivedDataBackendGraph:  EnterprisePak pak cache file ../../../Enterprise/DerivedDataCache/Compressed.ddp not found, will not use a pak cache.
[2020.10.20-08.39.55:746][  0]LogDerivedDataCache: Unable to find inner node EnterprisePak for hierarchical cache Hierarchy.
[2020.10.20-08.39.55:748][  0]LogDerivedDataCache: Using Local data cache path C:/Users/fredr/AppData/Local/UnrealEngine/Common/DerivedDataCache: Writable
[2020.10.20-08.39.55:748][  0]LogDerivedDataCache: Shared data cache path not found in *engine.ini, will not use an Shared cache.
[2020.10.20-08.39.55:748][  0]LogDerivedDataCache: Unable to find inner node Shared for hierarchical cache Hierarchy.
[2020.10.20-08.39.55:841][  0]LogSlate: Using FreeType 2.10.0
[2020.10.20-08.39.55:842][  0]LogSlate: SlateFontServices - WITH_FREETYPE: 1, WITH_HARFBUZZ: 1
[2020.10.20-08.39.55:994][  0]LogInit: Using OS detected language (en-GB).
[2020.10.20-08.39.55:994][  0]LogInit: Using OS detected locale (en-GB).
[2020.10.20-08.39.55:995][  0]LogTextLocalizationManager: No localization for 'en-GB' exists, so 'en' will be used for the language.
[2020.10.20-08.39.55:995][  0]LogTextLocalizationManager: No localization for 'en-GB' exists, so 'en' will be used for the locale.
[2020.10.20-08.39.55:995][  0]LogSlate: FontCache flush requested. Reason: Culture for localization was changed
[2020.10.20-08.39.55:995][  0]LogSlate: FontCache flush requested. Reason: Culture for localization was changed
[2020.10.20-08.39.55:997][  0]LogTextLocalizationManager: Compacting localization data took   0.01ms
[2020.10.20-08.39.56:001][  0]LogAssetRegistry: FAssetRegistry took 0.0025 seconds to start up
[2020.10.20-08.39.56:319][  0]LogPackageLocalizationCache: Processed 19 localized package path(s) for 1 prioritized culture(s) in 0.001283 seconds
[2020.10.20-08.39.56:390][  0]LogInit: Selected Device Profile: [Windows]
[2020.10.20-08.39.56:555][  0]LogMeshReduction: Using QuadricMeshReduction for automatic static mesh reduction
[2020.10.20-08.39.56:555][  0]LogMeshReduction: Using SimplygonMeshReduction for automatic skeletal mesh reduction
[2020.10.20-08.39.56:555][  0]LogMeshReduction: Using ProxyLODMeshReduction for automatic mesh merging
[2020.10.20-08.39.56:555][  0]LogMeshReduction: No distributed automatic mesh merging module available
[2020.10.20-08.39.56:555][  0]LogMeshMerging: No distributed automatic mesh merging module available
[2020.10.20-08.39.56:579][  0]LogNetVersion: HideNSneakUnreal 1.0.0, NetCL: 13144385, EngineNetVer: 14, GameNetVer: 0 (Checksum: 3367979030)
[2020.10.20-08.39.56:976][  0]LogAISub: UAISubsystem::UAISubsystem AISubsystem (000001E8AF593880), frame # 0
[2020.10.20-08.39.56:976][  0]LogAISub: UAISubsystem::UAISubsystem AIPerceptionSystem (000001E8AF58E840), frame # 0
[2020.10.20-08.39.56:978][  0]LogAISub: UAISubsystem::UAISubsystem EnvQueryManager (000001E8AF5F4C00), frame # 0
[2020.10.20-08.39.57:114][  0]LogCollectionManager: Loaded 0 collections in 0.004022 seconds
[2020.10.20-08.39.57:117][  0]LogFileCache: Scanning file cache for directory 'C:/Users/fredr/Documents/GitHub/PROJ_Grupp2/HideNSneakUnreal/Saved/Collections/' took 0.00s
[2020.10.20-08.39.57:117][  0]LogFileCache: Scanning file cache for directory 'C:/Users/fredr/Documents/GitHub/PROJ_Grupp2/HideNSneakUnreal/Content/Developers/fredr/Collections/' took 0.00s
[2020.10.20-08.39.57:117][  0]LogFileCache: Scanning file cache for directory 'C:/Users/fredr/Documents/GitHub/PROJ_Grupp2/HideNSneakUnreal/Content/Collections/' took 0.00s
[2020.10.20-08.39.57:117][  0]LogCollectionManager: Fixed up redirectors for 0 collections in 0.000008 seconds (updated 0 objects)
[2020.10.20-08.39.57:222][  0]LogMoviePlayer: Initializing movie player
[2020.10.20-08.39.57:466][  0]LogTcpMessaging: Initializing TcpMessaging bridge
[2020.10.20-08.39.57:472][  0]LogUdpMessaging: Initializing bridge on interface 0.0.0.0:0 to multicast group 230.0.0.1:6666.
[2020.10.20-08.39.57:536][  0]SourceControl: Source control is disabled
[2020.10.20-08.39.57:536][  0]SourceControl: Source control is disabled
[2020.10.20-08.39.57:546][  0]SourceControl: Source control is disabled
[2020.10.20-08.39.57:740][  0]LogAndroidPermission: UAndroidPermissionCallbackProxy::GetInstance
[2020.10.20-08.39.57:770][  0]LogAudioCaptureCore: Display: No Audio Capture implementations found. Audio input will be silent.
[2020.10.20-08.39.57:770][  0]LogAudioCaptureCore: Display: No Audio Capture implementations found. Audio input will be silent.
[2020.10.20-08.39.57:841][  0]LogOcInput: OculusInput pre-init called
[2020.10.20-08.39.57:862][  0]LogUObjectArray: 19228 objects as part of root set at end of initial load.
[2020.10.20-08.39.57:862][  0]LogUObjectAllocator: 5060096 out of 0 bytes used by permanent object pool.
[2020.10.20-08.39.57:862][  0]LogUObjectArray: CloseDisregardForGC: 0/0 objects in disregard for GC pool
[2020.10.20-08.39.57:927][  0]LogEngine: Initializing Engine...
[2020.10.20-08.39.57:929][  0]LogHMD: Failed to initialize OpenVR with code 110
[2020.10.20-08.39.57:929][  0]LogMagicLeap: Warning: VR disabled because ZI is not enabled.  To enable, in the editor, Edit -> Project Settings -> Plugins -> Magic Leap Plugin -> Enable Zero Iteration
[2020.10.20-08.39.57:931][  0]LogStats: UGameplayTagsManager::InitializeManager -  0.000 s
[2020.10.20-08.39.58:104][  0]LogInit: Initializing FReadOnlyCVARCache
[2020.10.20-08.39.58:110][  0]LogAudioMixer: Display: Audio Mixer Platform Settings:
[2020.10.20-08.39.58:110][  0]LogAudioMixer: Display: 	Sample Rate:						  48000
[2020.10.20-08.39.58:110][  0]LogAudioMixer: Display: 	Callback Buffer Frame Size Requested: 1024
[2020.10.20-08.39.58:110][  0]LogAudioMixer: Display: 	Callback Buffer Frame Size To Use:	  1024
[2020.10.20-08.39.58:110][  0]LogAudioMixer: Display: 	Number of buffers to queue:			  2
[2020.10.20-08.39.58:110][  0]LogAudioMixer: Display: 	Max Channels (voices):				  32
[2020.10.20-08.39.58:110][  0]LogAudioMixer: Display: 	Number of Async Source Workers:		  0
[2020.10.20-08.39.58:110][  0]LogAudio: Display: AudioDevice MaxSources: 32
[2020.10.20-08.39.58:110][  0]LogAudio: Display: Using built-in audio occlusion.
[2020.10.20-08.39.58:110][  0]LogAudioMixer: Display: Initializing audio mixer.
[2020.10.20-08.39.58:138][  0]LogAudioMixer: Display: 0: FrontLeft
[2020.10.20-08.39.58:138][  0]LogAudioMixer: Display: 1: FrontRight
[2020.10.20-08.39.58:189][  0]LogAudioMixer: Display: Using Audio Device Headset Earphone (HyperX Virtual Surround Sound)
[2020.10.20-08.39.58:196][  0]LogAudioMixer: Display: Initializing Sound Submixes...
[2020.10.20-08.39.58:198][  0]LogAudioMixer: Display: Creating Master Submix 'MasterSubmixDefault'
[2020.10.20-08.39.58:198][  0]LogAudioMixer: Display: Creating Master Submix 'MasterReverbSubmixDefault'
[2020.10.20-08.39.58:200][  0]LogAudioMixer: Display: Creating Master Submix 'MasterEQSubmixDefault'
[2020.10.20-08.39.58:201][  0]LogInit: FAudioDevice initialized.
[2020.10.20-08.39.58:212][  0]LogNetVersion: Set ProjectVersion to 1.0.0.0. Version Checksum will be recalculated on next use.
[2020.10.20-08.39.58:215][  0]LogInit: Texture streaming: Enabled
[2020.10.20-08.39.58:869][  0]LogSlate: Updating window title bar state: overlay mode, drag disabled, window buttons hidden, title bar hidden
[2020.10.20-08.39.58:894][  0]LogInit: Display: Game Engine Initialized.
[2020.10.20-08.39.58:902][  0]LogNiagaraEditor: Warning: GEditor isn't valid! Particle reset commands will not work for Niagara components!
[2020.10.20-08.39.58:956][  0]LogInit: Display: Starting Game.
[2020.10.20-08.39.58:987][  0]LogNet: Browse: /Game/Maps/Online?Name=Player?Listen
[2020.10.20-08.39.58:988][  0]LogLoad: LoadMap: /Game/Maps/Online?Name=Player?Listen
[2020.10.20-08.39.58:988][  0]LogWorld: BeginTearingDown for /Temp/Untitled_0
[2020.10.20-08.39.59:098][  0]LogWorld: UWorld::CleanupWorld for Untitled, bSessionEnded=true, bCleanupResources=true
[2020.10.20-08.39.59:098][  0]LogSlate: InvalidateAllWidgets triggered.  All widgets were invalidated
[2020.10.20-08.39.59:152][  0]LogUObjectHash: Compacting FUObjectHashTables data took   1.94ms
[2020.10.20-08.39.59:207][  0]LogUObjectGlobals: Warning: While loading 'C:/Users/fredr/Documents/GitHub/PROJ_Grupp2/HideNSneakUnreal/Content/Maps/Online.umap' failed to load '/Game/Maps/Online_BuiltData': Can't find file.
[2020.10.20-08.39.59:207][  0]LogUObjectGlobals: Warning: While loading 'C:/Users/fredr/Documents/GitHub/PROJ_Grupp2/HideNSneakUnreal/Content/Maps/Online.umap' failed to load '/Game/Maps/Online_BuiltData': Can't find file.
[2020.10.20-08.39.59:228][  0]LogAIModule: Creating AISystem for world Online
[2020.10.20-08.39.59:228][  0]LogAISub: UAISubsystem::UAISubsystem EnvQueryManager (000001E8B2960A00), frame # 0
[2020.10.20-08.39.59:228][  0]LogAISub: UAISubsystem::UAISubsystem AIPerceptionSystem (000001E8B2A8BB00), frame # 0
[2020.10.20-08.39.59:229][  0]LogUObjectGlobals: Warning: Failed to load '/Game/ThirdPersonBP/Blueprints/ThirdPersonGameMode': Can't find file.
[2020.10.20-08.39.59:229][  0]LogUObjectGlobals: Warning: Failed to load '/Game/ThirdPersonBP/Blueprints/ThirdPersonGameMode': Can't find file.
[2020.10.20-08.39.59:229][  0]LogUObjectGlobals: Warning: Failed to find object 'Class /Game/ThirdPersonBP/Blueprints/ThirdPersonGameMode.ThirdPersonGameMode_C'
[2020.10.20-08.39.59:229][  0]LogLoad: Game class is 'GameModeBase'
[2020.10.20-08.39.59:271][  0]LogNet: ReplicationDriverClass is null! Not using ReplicationDriver.
[2020.10.20-08.39.59:271][  0]LogNetCore: DDoS detection status: detection enabled: 0 analytics enabled: 0
[2020.10.20-08.39.59:294][  0]LogInit: WinSock: Socket queue. Rx: 131072 (config 131072) Tx: 131072 (config 131072)
[2020.10.20-08.39.59:302][  0]LogNet: Created socket for bind address: 0.0.0.0 on port 17777
[2020.10.20-08.39.59:321][  0]PacketHandlerLog: Loaded PacketHandler component: Engine.EngineHandlerComponentFactory (StatelessConnectHandlerComponent)
[2020.10.20-08.39.59:330][  0]LogNet: GameNetDriver IpNetDriver_0 IpNetDriver listening on port 17777
[2020.10.20-08.39.59:336][  0]LogWorld: Bringing World /Game/Maps/Online.Online up for play (max tick rate 0) at 2020.10.20-10.39.59
[2020.10.20-08.39.59:368][  0]LogWorld: Bringing up level for play took: 0.037225
[2020.10.20-08.39.59:416][  0]LogOnlineSession: Warning: OSS: No game present to join for session (GameSession)
[2020.10.20-08.39.59:675][  0]LogLoad: Took 0.687959 seconds to LoadMap(/Game/Maps/Online)
[2020.10.20-08.39.59:735][  0]LogSlate: Took 0.000249 seconds to synchronously load lazily loaded font '../../../Engine/Content/Slate/Fonts/Roboto-Regular.ttf' (155K)
[2020.10.20-08.39.59:775][  0]LogRenderer: Reallocating scene render targets to support 1280x720 Format 10 NumSamples 1 (Frame:1).
[2020.10.20-08.39.59:775][  0]LogLoad: (Engine Initialization) Total time: 9.78 seconds
[2020.10.20-08.39.59:775][  0]LogLoad: (Engine Initialization) Total Blueprint compile time: 0.00 seconds
[2020.10.20-08.39.59:879][  0]LogContentStreaming: Texture pool size now 1000 MB
[2020.10.20-08.39.59:894][  0]LogSlate: InvalidateAllWidgets triggered.  All widgets were invalidated
[2020.10.20-08.39.59:972][  1]LogSlate: Took 0.000210 seconds to synchronously load lazily loaded font '../../../Engine/Content/Slate/Fonts/Roboto-Regular.ttf' (155K)
[2020.10.20-08.40.37:282][553]LogSlate: Window 'HideNSneakUnreal (64-bit Development PCD3D_SM5) ' being destroyed
[2020.10.20-08.40.37:283][553]LogWindowsTextInputMethodSystem: Display: IME system now deactivated.
[2020.10.20-08.40.37:286][554]LogOnlineSession: Warning: OSS: No game present to leave for session (GameSession)
[2020.10.20-08.40.37:287][554]LogSlate: Updating window title bar state: overlay mode, drag disabled, window buttons hidden, title bar hidden
[2020.10.20-08.40.37:287][554]LogEngine: All Windows Closed
[2020.10.20-08.40.37:287][554]LogWindows: FPlatformMisc::RequestExit(0)
[2020.10.20-08.40.37:287][554]LogCore: Engine exit requested (reason: Win RequestExit)
[2020.10.20-08.40.37:287][555]LogCore: Engine exit requested (reason: EngineExit() was called; note: exit was already requested)
[2020.10.20-08.40.37:289][555]LogAudio: Display: Shutting down audio device while 2 references to it are still alive. For more information, compile with INSTRUMENT_AUDIODEVICE_HANDLES.
[2020.10.20-08.40.37:339][555]LogInit: Display: PreExit Game.
[2020.10.20-08.40.37:407][555]LogWorld: BeginTearingDown for /Game/Maps/Online
[2020.10.20-08.40.37:407][555]LogNet: World NetDriver shutdown IpNetDriver_0 [GameNetDriver]
[2020.10.20-08.40.37:407][555]LogNet: DestroyNamedNetDriver IpNetDriver_0 [GameNetDriver]
[2020.10.20-08.40.37:407][555]LogExit: GameNetDriver IpNetDriver_0 shut down
[2020.10.20-08.40.37:408][555]LogWorld: UWorld::CleanupWorld for Online, bSessionEnded=true, bCleanupResources=true
[2020.10.20-08.40.37:408][555]LogSlate: InvalidateAllWidgets triggered.  All widgets were invalidated
[2020.10.20-08.40.37:967][555]LogExit: Preparing to exit.
[2020.10.20-08.40.38:497][555]LogMoviePlayer: Shutting down movie player
[2020.10.20-08.40.38:624][555]LogSlate: Updating window title bar state: overlay mode, drag disabled, window buttons hidden, title bar hidden
[2020.10.20-08.40.38:665][555]LogDemo: Cleaned up 0 splitscreen connections with owner deletion
[2020.10.20-08.40.38:671][555]LogExit: Game engine shut down
[2020.10.20-08.40.38:691][555]LogAISub: UAISubsystem::~UAISubsystem AISubsystem (000001E8AF593880), frame # 12555
[2020.10.20-08.40.38:692][555]LogAISub: UAISubsystem::~UAISubsystem AIPerceptionSystem (000001E8AF58E840), frame # 12555
[2020.10.20-08.40.38:692][555]LogAISub: UAISubsystem::~UAISubsystem EnvQueryManager (000001E8AF5F4C00), frame # 12555
[2020.10.20-08.40.38:710][555]LogAISub: UAISubsystem::~UAISubsystem EnvQueryManager (000001E8B2960A00), frame # 12555
[2020.10.20-08.40.38:710][555]LogAISub: UAISubsystem::~UAISubsystem AIPerceptionSystem (000001E8B2A8BB00), frame # 12555
[2020.10.20-08.40.38:751][555]LogExit: Object subsystem successfully closed.
[2020.10.20-08.40.38:774][555]LogShaderCompilers: Display: Shaders left to compile 0
[2020.10.20-08.40.38:809][555]LogModuleManager: Shutting down and abandoning module SequenceRecorderSections (505)
[2020.10.20-08.40.38:809][555]LogModuleManager: Shutting down and abandoning module SequenceRecorder (503)
[2020.10.20-08.40.38:809][555]LogModuleManager: Shutting down and abandoning module AutomationController (501)
[2020.10.20-08.40.38:809][555]LogModuleManager: Shutting down and abandoning module AutomationWorker (499)
[2020.10.20-08.40.38:809][555]LogModuleManager: Shutting down and abandoning module Voice (497)
[2020.10.20-08.40.38:824][555]LogModuleManager: Shutting down and abandoning module AIModule (495)
[2020.10.20-08.40.38:824][555]LogModuleManager: Shutting down and abandoning module GameplayDebugger (494)
[2020.10.20-08.40.38:824][555]LogModuleManager: Shutting down and abandoning module AITestSuite (492)
[2020.10.20-08.40.38:824][555]LogModuleManager: Shutting down and abandoning module NavigationSystem (490)
[2020.10.20-08.40.38:824][555]LogModuleManager: Shutting down and abandoning module OculusMR (487)
[2020.10.20-08.40.38:824][555]LogModuleManager: Shutting down and abandoning module WmfMediaFactory (485)
[2020.10.20-08.40.38:824][555]LogModuleManager: Shutting down and abandoning module WebMMediaFactory (483)
[2020.10.20-08.40.38:824][555]LogModuleManager: Shutting down and abandoning module WebMMedia (481)
[2020.10.20-08.40.38:824][555]LogModuleManager: Shutting down and abandoning module OpenExrWrapper (479)
[2020.10.20-08.40.38:824][555]LogModuleManager: Shutting down and abandoning module ImgMediaFactory (477)
[2020.10.20-08.40.38:824][555]LogModuleManager: Shutting down and abandoning module AvfMediaFactory (475)
[2020.10.20-08.40.38:825][555]LogModuleManager: Shutting down and abandoning module MagicLeapMediaCodecFactory (473)
[2020.10.20-08.40.38:825][555]LogModuleManager: Shutting down and abandoning module MagicLeapMediaFactory (471)
[2020.10.20-08.40.38:825][555]LogModuleManager: Shutting down and abandoning module PlanarCut (469)
[2020.10.20-08.40.38:825][555]LogModuleManager: Shutting down and abandoning module CharacterAI (467)
[2020.10.20-08.40.38:825][555]LogModuleManager: Shutting down and abandoning module SessionServices (465)
[2020.10.20-08.40.38:825][555]LogModuleManager: Shutting down and abandoning module MovieSceneCapture (463)
[2020.10.20-08.40.38:825][555]LogModuleManager: Shutting down and abandoning module LiveCoding (461)
[2020.10.20-08.40.38:825][555]LogModuleManager: Shutting down and abandoning module LevelSequence (459)
[2020.10.20-08.40.38:825][555]LogModuleManager: Shutting down and abandoning module MovieSceneTracks (457)
[2020.10.20-08.40.38:825][555]LogModuleManager: Shutting down and abandoning module MovieScene (455)
[2020.10.20-08.40.38:825][555]LogModuleManager: Shutting down and abandoning module StreamingPauseRendering (453)
[2020.10.20-08.40.38:825][555]LogModuleManager: Shutting down and abandoning module PortalServices (451)
[2020.10.20-08.40.38:825][555]LogModuleManager: Shutting down and abandoning module PortalRpc (449)
[2020.10.20-08.40.38:825][555]LogModuleManager: Shutting down and abandoning module MessagingRpc (447)
[2020.10.20-08.40.38:825][555]LogModuleManager: Shutting down and abandoning module AudioMixerXAudio2 (445)
[2020.10.20-08.40.38:825][555]LogModuleManager: Shutting down and abandoning module AudioMixerCore (444)
[2020.10.20-08.40.38:825][555]LogModuleManager: Shutting down and abandoning module ProfilerService (441)
[2020.10.20-08.40.38:960][555]LogModuleManager: Shutting down and abandoning module TaskGraph (439)
[2020.10.20-08.40.38:961][555]LogModuleManager: Shutting down and abandoning module Synthesis (437)
[2020.10.20-08.40.38:961][555]LogModuleManager: Shutting down and abandoning module ProceduralMeshComponent (435)
[2020.10.20-08.40.38:961][555]LogModuleManager: Shutting down and abandoning module OculusInput (433)
[2020.10.20-08.40.38:961][555]LogModuleManager: Shutting down and abandoning module MobilePatchingUtils (431)
[2020.10.20-08.40.38:961][555]LogModuleManager: Shutting down and abandoning module GooglePAD (429)
[2020.10.20-08.40.38:961][555]LogModuleManager: Shutting down and abandoning module EditableMesh (427)
[2020.10.20-08.40.38:961][555]LogModuleManager: Shutting down and abandoning module CustomMeshComponent (425)
[2020.10.20-08.40.38:961][555]LogModuleManager: Shutting down and abandoning module CableComponent (423)
[2020.10.20-08.40.38:961][555]LogModuleManager: Shutting down and abandoning module AudioCapture (421)
[2020.10.20-08.40.38:961][555]LogModuleManager: Shutting down and abandoning module AudioCaptureRtAudio (420)
[2020.10.20-08.40.38:961][555]LogModuleManager: Shutting down and abandoning module AssetTags (417)
[2020.10.20-08.40.38:961][555]LogModuleManager: Shutting down and abandoning module ArchVisCharacter (415)
[2020.10.20-08.40.38:961][555]LogModuleManager: Shutting down and abandoning module AppleImageUtilsBlueprintSupport (413)
[2020.10.20-08.40.38:961][555]LogModuleManager: Shutting down and abandoning module AppleImageUtils (411)
[2020.10.20-08.40.38:961][555]LogModuleManager: Shutting down and abandoning module AndroidPermission (409)
[2020.10.20-08.40.38:961][555]LogModuleManager: Shutting down and abandoning module NUTUnrealEngine4 (407)
[2020.10.20-08.40.38:961][555]LogModuleManager: Shutting down and abandoning module NetcodeUnitTest (405)
[2020.10.20-08.40.38:961][555]LogModuleManager: Shutting down and abandoning module TemplateSequence (403)
[2020.10.20-08.40.38:961][555]LogModuleManager: Shutting down and abandoning module MovieRenderPipelineRenderPasses (401)
[2020.10.20-08.40.38:961][555]LogModuleManager: Shutting down and abandoning module MovieRenderPipelineSettings (399)
[2020.10.20-08.40.38:961][555]LogModuleManager: Shutting down and abandoning module MovieRenderPipelineCore (397)
[2020.10.20-08.40.38:961][555]LogModuleManager: Shutting down and abandoning module ImageWriteQueue (396)
[2020.10.20-08.40.38:961][555]LogModuleManager: Shutting down and abandoning module MediaCompositing (393)
[2020.10.20-08.40.38:961][555]LogModuleManager: Shutting down and abandoning module ImgMedia (391)
[2020.10.20-08.40.38:961][555]LogModuleManager: Shutting down and abandoning module MagicLeapSharedWorld (389)
[2020.10.20-08.40.38:961][555]LogModuleManager: Shutting down and abandoning module MagicLeapLightEstimation (387)
[2020.10.20-08.40.38:961][555]LogModuleManager: Shutting down and abandoning module MagicLeapHelperVulkan (385)
[2020.10.20-08.40.38:961][555]LogModuleManager: Shutting down and abandoning module MagicLeapHelperOpenGL (383)
[2020.10.20-08.40.38:961][555]LogModuleManager: Shutting down and abandoning module MagicLeapAudio (381)
[2020.10.20-08.40.38:961][555]LogModuleManager: Shutting down and abandoning module MeshSolverUtilities (379)
[2020.10.20-08.40.38:961][555]LogModuleManager: Shutting down and abandoning module MeshConversion (377)
[2020.10.20-08.40.38:961][555]LogModuleManager: Shutting down and abandoning module DynamicMesh (375)
[2020.10.20-08.40.38:961][555]LogModuleManager: Shutting down and abandoning module GeometryAlgorithms (373)
[2020.10.20-08.40.38:962][555]LogModuleManager: Shutting down and abandoning module GeometricObjects (371)
[2020.10.20-08.40.38:962][555]LogModuleManager: Shutting down and abandoning module GeometryCollectionTracks (369)
[2020.10.20-08.40.38:962][555]LogModuleManager: Shutting down and abandoning module GeometryCollectionSequencer (368)
[2020.10.20-08.40.38:962][555]LogModuleManager: Shutting down and abandoning module GeometryCacheTracks (365)
[2020.10.20-08.40.38:962][555]LogModuleManager: Shutting down and abandoning module GeometryCacheSequencer (364)
[2020.10.20-08.40.38:962][555]LogModuleManager: Shutting down and abandoning module GeometryCache (361)
[2020.10.20-08.40.38:962][555]LogModuleManager: Shutting down and abandoning module GeometryCacheEd (360)
[2020.10.20-08.40.38:962][555]LogModuleManager: Shutting down and abandoning module ChaosNiagara (357)
[2020.10.20-08.40.38:962][555]LogModuleManager: Shutting down and abandoning module ChaosCloth (355)
[2020.10.20-08.40.38:962][555]LogModuleManager: Shutting down and abandoning module BackChannel (353)
[2020.10.20-08.40.38:963][555]LogModuleManager: Shutting down and abandoning module AutomationUtils (351)
[2020.10.20-08.40.38:963][555]LogModuleManager: Shutting down and abandoning module VisualStudioSourceCodeAccess (349)
[2020.10.20-08.40.38:963][555]LogModuleManager: Shutting down and abandoning module HotReload (348)
[2020.10.20-08.40.38:963][555]LogModuleManager: Shutting down and abandoning module VisualStudioCodeSourceCodeAccess (345)
[2020.10.20-08.40.38:963][555]LogModuleManager: Shutting down and abandoning module UObjectPlugin (343)
[2020.10.20-08.40.38:963][555]LogModuleManager: Shutting down and abandoning module SubversionSourceControl (341)
[2020.10.20-08.40.38:963][555]LogModuleManager: Shutting down and abandoning module RiderSourceCodeAccess (339)
[2020.10.20-08.40.38:963][555]LogModuleManager: Shutting down and abandoning module PerforceSourceControl (337)
[2020.10.20-08.40.38:963][555]LogModuleManager: Shutting down and abandoning module SourceControl (336)
[2020.10.20-08.40.38:963][555]LogModuleManager: Shutting down and abandoning module CLionSourceCodeAccess (333)
[2020.10.20-08.40.38:963][555]LogModuleManager: Shutting down and abandoning module ActorLayerUtilities (331)
[2020.10.20-08.40.38:963][555]LogModuleManager: Shutting down and abandoning module SoundFields (329)
[2020.10.20-08.40.38:963][555]LogModuleManager: Shutting down and abandoning module SignificanceManager (327)
[2020.10.20-08.40.38:963][555]LogModuleManager: Shutting down and abandoning module RuntimePhysXCooking (325)
[2020.10.20-08.40.38:963][555]LogModuleManager: Shutting down and abandoning module PhysXVehiclesEditor (323)
[2020.10.20-08.40.38:963][555]LogModuleManager: Shutting down and abandoning module LocationServicesBPLibrary (319)
[2020.10.20-08.40.38:963][555]LogModuleManager: Shutting down and abandoning module ActorSequence (317)
[2020.10.20-08.40.38:963][555]LogModuleManager: Shutting down and abandoning module UdpMessaging (315)
[2020.10.20-08.40.39:064][555]LogModuleManager: Shutting down and abandoning module TcpMessaging (313)
[2020.10.20-08.40.39:493][555]LogModuleManager: Shutting down and abandoning module MagicLeapARPin (311)
[2020.10.20-08.40.39:493][555]LogModuleManager: Shutting down and abandoning module MagicLeapHandMeshing (309)
[2020.10.20-08.40.39:493][555]LogModuleManager: Shutting down and abandoning module MagicLeapSecureStorage (307)
[2020.10.20-08.40.39:493][555]LogModuleManager: Shutting down and abandoning module MagicLeapPrivileges (305)
[2020.10.20-08.40.39:493][555]LogModuleManager: Shutting down and abandoning module MagicLeapPlanes (303)
[2020.10.20-08.40.39:493][555]LogMagicLeapPlanes: Planes tracker already destroyed.
[2020.10.20-08.40.39:493][555]LogModuleManager: Shutting down and abandoning module MagicLeapImageTracker (301)
[2020.10.20-08.40.39:493][555]LogModuleManager: Shutting down and abandoning module MagicLeapIdentity (299)
[2020.10.20-08.40.39:493][555]LogModuleManager: Shutting down and abandoning module MagicLeapHandTracking (297)
[2020.10.20-08.40.39:493][555]LogModuleManager: Shutting down and abandoning module MagicLeapEyeTracker (295)
[2020.10.20-08.40.39:493][555]LogModuleManager: Shutting down and abandoning module MagicLeapController (293)
[2020.10.20-08.40.39:493][555]LogSlate: Slate User Destroyed.  User Index 0, Is Virtual User: 0
[2020.10.20-08.40.39:493][555]LogModuleManager: Shutting down and abandoning module MagicLeapARPinImpl (291)
[2020.10.20-08.40.39:493][555]LogModuleManager: Shutting down and abandoning module MagicLeapAR (289)
[2020.10.20-08.40.39:493][555]LogModuleManager: Shutting down and abandoning module AugmentedReality (288)
[2020.10.20-08.40.39:493][555]LogModuleManager: Shutting down and abandoning module NiagaraAnimNotifies (285)
[2020.10.20-08.40.39:493][555]LogModuleManager: Shutting down and abandoning module Niagara (283)
[2020.10.20-08.40.39:493][555]LogModuleManager: Shutting down and abandoning module SignalProcessing (282)
[2020.10.20-08.40.39:493][555]LogModuleManager: Shutting down and abandoning module NiagaraEditor (280)
[2020.10.20-08.40.39:493][555]LogModuleManager: Shutting down and abandoning module NiagaraCore (277)
[2020.10.20-08.40.39:493][555]LogModuleManager: Shutting down and abandoning module GameplayTagsEditor (275)
[2020.10.20-08.40.39:493][555]LogModuleManager: Shutting down and abandoning module FacialAnimation (273)
[2020.10.20-08.40.39:493][555]LogModuleManager: Shutting down and abandoning module AssetManagerEditor (271)
[2020.10.20-08.40.39:494][555]LogModuleManager: Shutting down and abandoning module TreeMap (270)
[2020.10.20-08.40.39:494][555]LogModuleManager: Shutting down and abandoning module AnimationSharing (267)
[2020.10.20-08.40.39:494][555]LogModuleManager: Shutting down and abandoning module LightPropagationVolumeRuntime (265)
[2020.10.20-08.40.39:494][555]LogModuleManager: Shutting down and abandoning module AdvancedSessions (263)
[2020.10.20-08.40.39:494][555]LogModuleManager: Shutting down and abandoning module Paper2D (261)
[2020.10.20-08.40.39:494][555]LogModuleManager: Shutting down and abandoning module WindowsMoviePlayer (259)
[2020.10.20-08.40.39:494][555]LogModuleManager: Shutting down and abandoning module WebMMoviePlayer (257)
[2020.10.20-08.40.39:494][555]LogModuleManager: Shutting down and abandoning module NetworkReplayStreaming (255)
[2020.10.20-08.40.39:494][555]LogModuleManager: Shutting down and abandoning module PacketHandler (253)
[2020.10.20-08.40.39:494][555]LogModuleManager: Shutting down and abandoning module ClothingSystemEditor (251)
[2020.10.20-08.40.39:494][555]LogModuleManager: Shutting down and abandoning module ClothingSystemRuntimeNv (249)
[2020.10.20-08.40.39:494][555]LogModuleManager: Shutting down and abandoning module MediaAssets (247)
[2020.10.20-08.40.39:494][555]LogModuleManager: Shutting down and abandoning module Overlay (245)
[2020.10.20-08.40.39:495][555]LogModuleManager: Shutting down and abandoning module OverlayEditor (244)
[2020.10.20-08.40.39:495][555]LogModuleManager: Shutting down and abandoning module VREditor (241)
[2020.10.20-08.40.39:495][555]LogModuleManager: Shutting down and abandoning module StringTableEditor (239)
[2020.10.20-08.40.39:495][555]LogModuleManager: Shutting down and abandoning module GameplayTasksEditor (237)
[2020.10.20-08.40.39:495][555]LogModuleManager: Shutting down and abandoning module BehaviorTreeEditor (235)
[2020.10.20-08.40.39:495][555]LogModuleManager: Shutting down and abandoning module FunctionalTesting (233)
[2020.10.20-08.40.39:495][555]LogModuleManager: Shutting down and abandoning module CollisionAnalyzer (231)
[2020.10.20-08.40.39:495][555]LogModuleManager: Shutting down and abandoning module UMG (229)
[2020.10.20-08.40.39:495][555]LogModuleManager: Shutting down and abandoning module UMGEditor (228)
[2020.10.20-08.40.39:495][555]LogModuleManager: Shutting down and abandoning module Sequencer (227)
[2020.10.20-08.40.39:495][555]LogModuleManager: Shutting down and abandoning module MessageLog (224)
[2020.10.20-08.40.39:495][555]LogModuleManager: Shutting down and abandoning module MaterialEditor (222)
[2020.10.20-08.40.39:495][555]LogModuleManager: Shutting down and abandoning module ContentBrowser (221)
[2020.10.20-08.40.39:495][555]LogModuleManager: Shutting down and abandoning module WorkspaceMenuStructure (220)
[2020.10.20-08.40.39:495][555]LogModuleManager: Shutting down and abandoning module CollectionManager (218)
[2020.10.20-08.40.39:496][555]LogModuleManager: Shutting down and abandoning module DirectoryWatcher (217)
[2020.10.20-08.40.39:496][555]LogModuleManager: Shutting down and abandoning module SlateReflector (209)
[2020.10.20-08.40.39:496][555]LogModuleManager: Shutting down and abandoning module Slate (207)
[2020.10.20-08.40.39:496][555]LogModuleManager: Shutting down and abandoning module SlateCore (205)
[2020.10.20-08.40.39:496][555]LogModuleManager: Shutting down and abandoning module LandscapeEditorUtilities (203)
[2020.10.20-08.40.39:496][555]LogModuleManager: Shutting down and abandoning module EditorStyle (201)
[2020.10.20-08.40.39:497][555]LogModuleManager: Shutting down and abandoning module UnrealEd (199)
[2020.10.20-08.40.39:497][555]LogModuleManager: Shutting down and abandoning module MRMesh (197)
[2020.10.20-08.40.39:497][555]LogModuleManager: Shutting down and abandoning module Messaging (195)
[2020.10.20-08.40.39:497][555]LogModuleManager: Shutting down and abandoning module SourceCodeAccess (193)
[2020.10.20-08.40.39:497][555]LogModuleManager: Shutting down and abandoning module HeadMountedDisplay (191)
[2020.10.20-08.40.39:497][555]LogModuleManager: Shutting down and abandoning module XAudio2 (189)
[2020.10.20-08.40.39:497][555]LogModuleManager: Shutting down and abandoning module Networking (187)
[2020.10.20-08.40.39:497][555]LogModuleManager: Shutting down and abandoning module Core (185)
[2020.10.20-08.40.39:497][555]LogModuleManager: Shutting down and abandoning module MovieSceneTools (183)
[2020.10.20-08.40.39:497][555]LogModuleManager: Shutting down and abandoning module KismetCompiler (181)
[2020.10.20-08.40.39:497][555]LogModuleManager: Shutting down and abandoning module MeshBuilder (179)
[2020.10.20-08.40.39:497][555]LogModuleManager: Shutting down and abandoning module MeshUtilities (177)
[2020.10.20-08.40.39:497][555]LogModuleManager: Shutting down and abandoning module MeshMergeUtilities (176)
[2020.10.20-08.40.39:497][555]LogModuleManager: Shutting down and abandoning module MeshReductionInterface (175)
[2020.10.20-08.40.39:497][555]LogModuleManager: Shutting down and abandoning module MeshBoneReduction (174)
[2020.10.20-08.40.39:497][555]LogModuleManager: Shutting down and abandoning module SkeletalMeshReduction (172)
[2020.10.20-08.40.39:497][555]LogModuleManager: Shutting down and abandoning module ProxyLODMeshReduction (170)
[2020.10.20-08.40.39:497][555]LogModuleManager: Shutting down and abandoning module QuadricMeshReduction (168)
[2020.10.20-08.40.39:497][555]LogModuleManager: Shutting down and abandoning module MaterialBaking (164)
[2020.10.20-08.40.39:497][555]LogModuleManager: Shutting down and abandoning module NullInstallBundleManager (159)
[2020.10.20-08.40.39:498][555]LogModuleManager: Shutting down and abandoning module PIEPreviewDeviceProfileSelector (157)
[2020.10.20-08.40.39:498][555]LogModuleManager: Shutting down and abandoning module DerivedDataCache (155)
[2020.10.20-08.40.39:498][555]LogModuleManager: Shutting down and abandoning module XGEController (153)
[2020.10.20-08.40.39:498][555]LogModuleManager: Shutting down and abandoning module TargetPlatform (151)
[2020.10.20-08.40.39:498][555]LogModuleManager: Shutting down and abandoning module VulkanShaderFormat (150)
[2020.10.20-08.40.39:498][555]LogModuleManager: Shutting down and abandoning module ShaderFormatVectorVM (148)
[2020.10.20-08.40.39:498][555]LogModuleManager: Shutting down and abandoning module ShaderFormatOpenGL (146)
[2020.10.20-08.40.39:498][555]LogModuleManager: Shutting down and abandoning module ShaderFormatD3D (144)
[2020.10.20-08.40.39:498][555]LogModuleManager: Shutting down and abandoning module MetalShaderFormat (142)
[2020.10.20-08.40.39:498][555]LogModuleManager: Shutting down and abandoning module TextureFormatUncompressed (140)
[2020.10.20-08.40.39:498][555]LogModuleManager: Shutting down and abandoning module TextureFormatPVR (138)
[2020.10.20-08.40.39:498][555]LogModuleManager: Shutting down and abandoning module TextureFormatDXT (136)
[2020.10.20-08.40.39:498][555]LogModuleManager: Shutting down and abandoning module TextureFormatIntelISPCTexComp (134)
[2020.10.20-08.40.39:498][555]LogModuleManager: Shutting down and abandoning module TextureFormatASTC (132)
[2020.10.20-08.40.39:498][555]LogModuleManager: Shutting down and abandoning module ImageWrapper (131)
[2020.10.20-08.40.39:498][555]LogModuleManager: Shutting down and abandoning module TextureFormatAndroid (128)
[2020.10.20-08.40.39:498][555]LogModuleManager: Shutting down and abandoning module AudioFormatOpus (126)
[2020.10.20-08.40.39:498][555]LogModuleManager: Shutting down and abandoning module AudioFormatOgg (124)
[2020.10.20-08.40.39:498][555]LogModuleManager: Shutting down and abandoning module AudioFormatADPCM (122)
[2020.10.20-08.40.39:498][555]LogModuleManager: Shutting down and abandoning module WindowsServerTargetPlatform (120)
[2020.10.20-08.40.39:498][555]LogModuleManager: Shutting down and abandoning module WindowsClientTargetPlatform (118)
[2020.10.20-08.40.39:498][555]LogModuleManager: Shutting down and abandoning module WindowsTargetPlatform (116)
[2020.10.20-08.40.39:498][555]LogModuleManager: Shutting down and abandoning module WindowsNoEditorTargetPlatform (114)
[2020.10.20-08.40.39:498][555]LogModuleManager: Shutting down and abandoning module InputCore (111)
[2020.10.20-08.40.39:498][555]LogModuleManager: Shutting down and abandoning module Settings (109)
[2020.10.20-08.40.39:498][555]LogModuleManager: Shutting down and abandoning module PhysXCooking (107)
[2020.10.20-08.40.39:498][555]LogModuleManager: Shutting down and abandoning module ChaosSolvers (105)
[2020.10.20-08.40.39:499][555]LogModuleManager: Shutting down and abandoning module FieldSystemEngine (104)
[2020.10.20-08.40.39:499][555]LogModuleManager: Shutting down and abandoning module Chaos (101)
[2020.10.20-08.40.39:499][555]LogModuleManager: Shutting down and abandoning module WindowsPlatformFeatures (99)
[2020.10.20-08.40.39:499][555]LogModuleManager: Shutting down and abandoning module GameplayMediaEncoder (98)
[2020.10.20-08.40.39:499][555]LogModuleManager: Shutting down and abandoning module AVEncoder (97)
[2020.10.20-08.40.39:499][555]LogModuleManager: Shutting down and abandoning module SteamVRInputDevice (93)
[2020.10.20-08.40.39:499][555]LogModuleManager: Shutting down and abandoning module SteamVRInput (91)
[2020.10.20-08.40.39:499][555]LogModuleManager: Shutting down and abandoning module SteamVR (89)
[2020.10.20-08.40.39:499][555]LogHMD: Freeing OpenVRDLLHandle.
[2020.10.20-08.40.39:499][555]LogModuleManager: Shutting down and abandoning module OculusHMD (87)
[2020.10.20-08.40.39:499][555]LogModuleManager: Shutting down and abandoning module ExampleDeviceProfileSelector (85)
[2020.10.20-08.40.39:499][555]LogModuleManager: Shutting down and abandoning module LauncherChunkInstaller (83)
[2020.10.20-08.40.39:499][555]LogModuleManager: Shutting down and abandoning module OnlineBlueprintSupport (81)
[2020.10.20-08.40.39:499][555]LogModuleManager: Shutting down and abandoning module OnlineSubsystem (77)
[2020.10.20-08.40.39:500][555]LogModuleManager: Shutting down and abandoning module XMPP (71)
[2020.10.20-08.40.39:500][555]LogModuleManager: Shutting down and abandoning module WebSockets (70)
[2020.10.20-08.40.39:537][555]LogModuleManager: Shutting down and abandoning module HTTP (67)
[2020.10.20-08.40.39:551][555]LogModuleManager: Shutting down and abandoning module SSL (66)
[2020.10.20-08.40.39:553][555]LogModuleManager: Shutting down and abandoning module WmfMedia (62)
[2020.10.20-08.40.39:555][555]LogModuleManager: Shutting down and abandoning module Media (61)
[2020.10.20-08.40.39:556][555]LogModuleManager: Shutting down and abandoning module MagicLeap (58)
[2020.10.20-08.40.39:556][555]LogModuleManager: Shutting down and abandoning module NiagaraVertexFactories (56)
[2020.10.20-08.40.39:556][555]LogModuleManager: Shutting down and abandoning module NiagaraShader (54)
[2020.10.20-08.40.39:556][555]LogModuleManager: Shutting down and abandoning module VariantManagerContent (52)
[2020.10.20-08.40.39:556][555]LogModuleManager: Shutting down and abandoning module DatasmithContent (50)
[2020.10.20-08.40.39:557][555]LogModuleManager: Shutting down and abandoning module AISupportModule (48)
[2020.10.20-08.40.39:557][555]LogModuleManager: Shutting down and abandoning module DesktopPlatform (46)
[2020.10.20-08.40.39:557][555]LogModuleManager: Shutting down and abandoning module PlatformCryptoOpenSSL (44)
[2020.10.20-08.40.39:557][555]LogModuleManager: Shutting down and abandoning module PlatformCryptoTypes (42)
[2020.10.20-08.40.39:557][555]LogModuleManager: Shutting down and abandoning module PlatformCrypto (40)
[2020.10.20-08.40.39:557][555]LogModuleManager: Shutting down and abandoning module AnimationModifiers (38)
[2020.10.20-08.40.39:557][555]LogModuleManager: Shutting down and abandoning module PropertyEditor (37)
[2020.10.20-08.40.39:557][555]LogModuleManager: Shutting down and abandoning module AudioEditor (34)
[2020.10.20-08.40.39:558][555]LogModuleManager: Shutting down and abandoning module TextureCompressor (32)
[2020.10.20-08.40.39:558][555]LogModuleManager: Shutting down and abandoning module RenderCore (30)
[2020.10.20-08.40.39:558][555]LogModuleManager: Shutting down and abandoning module Landscape (28)
[2020.10.20-08.40.39:558][555]LogModuleManager: Shutting down and abandoning module SlateRHIRenderer (26)
[2020.10.20-08.40.39:558][555]LogModuleManager: Shutting down and abandoning module OpenGLDrv (24)
[2020.10.20-08.40.39:558][555]LogModuleManager: Shutting down and abandoning module D3D11RHI (22)
[2020.10.20-08.40.39:558][555]LogModuleManager: Shutting down and abandoning module AnimGraphRuntime (20)
[2020.10.20-08.40.39:558][555]LogModuleManager: Shutting down and abandoning module Renderer (18)
[2020.10.20-08.40.39:559][555]LogModuleManager: Shutting down and abandoning module Engine (16)
[2020.10.20-08.40.39:559][555]LogModuleManager: Shutting down and abandoning module CoreUObject (14)
[2020.10.20-08.40.39:559][555]LogModuleManager: Shutting down and abandoning module NetworkFile (12)
[2020.10.20-08.40.39:559][555]LogModuleManager: Shutting down and abandoning module CookedIterativeFile (10)
[2020.10.20-08.40.39:559][555]LogModuleManager: Shutting down and abandoning module StreamingFile (8)
[2020.10.20-08.40.39:559][555]LogModuleManager: Shutting down and abandoning module SandboxFile (6)
[2020.10.20-08.40.39:559][555]LogModuleManager: Shutting down and abandoning module PakFile (4)
[2020.10.20-08.40.39:559][555]LogModuleManager: Shutting down and abandoning module RSA (3)
[2020.10.20-08.40.39:958][555]LogContentStreaming: Display: There are 1 unreleased StreamingManagers
[2020.10.20-08.40.39:959][555]LogD3D11RHI: Shutdown
[2020.10.20-08.40.39:959][555]LogD3D11RHI: CleanupD3DDevice
[2020.10.20-08.40.39:969][555]LogExit: Exiting.
[2020.10.20-08.40.39:999][555]Log file closed, 10/20/20 10:40:39
