Log file open, 10/20/20 11:49:56
LogInit: Display: Running engine for game: HideNSneakUnreal
LogPlatformFile: Not using cached read wrapper
LogTaskGraph: Started task graph with 5 named threads and 47 total threads with 3 sets of task threads.
LogStats: Stats thread started at 0.245879
LogD3D11RHI: Loaded GFSDK_Aftermath_Lib.x64.dll
LogICUInternationalization: ICU TimeZone Detection - Raw Offset: +1:00, Platform Override: ''
LogPluginManager: Mounting plugin Paper2D
LogPluginManager: Mounting plugin AISupport
LogPluginManager: Mounting plugin LightPropagationVolume
LogPluginManager: Mounting plugin CameraShakePreviewer
LogPluginManager: Mounting plugin ActorLayerUtilities
LogPluginManager: Mounting plugin AnimationSharing
LogPluginManager: Mounting plugin CLionSourceCodeAccess
LogPluginManager: Mounting plugin CodeLiteSourceCodeAccess
LogPluginManager: Mounting plugin GitSourceControl
LogPluginManager: Mounting plugin KDevelopSourceCodeAccess
LogPluginManager: Mounting plugin NullSourceCodeAccess
LogPluginManager: Mounting plugin PerforceSourceControl
LogPluginManager: Mounting plugin PlasticSourceControl
LogPluginManager: Mounting plugin RiderSourceCodeAccess
LogPluginManager: Mounting plugin SubversionSourceControl
LogPluginManager: Mounting plugin UObjectPlugin
LogPluginManager: Mounting plugin VisualStudioCodeSourceCodeAccess
LogPluginManager: Mounting plugin VisualStudioSourceCodeAccess
LogPluginManager: Mounting plugin XCodeSourceCodeAccess
LogPluginManager: Mounting plugin AssetManagerEditor
LogPluginManager: Mounting plugin CryptoKeys
LogPluginManager: Mounting plugin CurveEditorTools
LogPluginManager: Mounting plugin DataValidation
LogPluginManager: Mounting plugin EditorScriptingUtilities
LogPluginManager: Mounting plugin FacialAnimation
LogPluginManager: Mounting plugin GameplayTagsEditor
LogPluginManager: Mounting plugin GeometryMode
LogPluginManager: Mounting plugin MacGraphicsSwitching
LogPluginManager: Mounting plugin MaterialAnalyzer
LogPluginManager: Mounting plugin MobileLauncherProfileWizard
LogPluginManager: Mounting plugin PluginBrowser
LogPluginManager: Mounting plugin SpeedTreeImporter
LogPluginManager: Mounting plugin DatasmithContent
LogPluginManager: Mounting plugin VariantManagerContent
LogPluginManager: Mounting plugin AlembicImporter
LogPluginManager: Mounting plugin AutomationUtils
LogPluginManager: Mounting plugin BackChannel
LogPluginManager: Mounting plugin ChaosCloth
LogPluginManager: Mounting plugin ChaosClothEditor
LogPluginManager: Mounting plugin ChaosEditor
LogPluginManager: Mounting plugin ChaosNiagara
LogPluginManager: Mounting plugin ChaosSolverPlugin
LogPluginManager: Mounting plugin CharacterAI
LogPluginManager: Mounting plugin GeometryCache
LogPluginManager: Mounting plugin GeometryCollectionPlugin
LogPluginManager: Mounting plugin GeometryProcessing
LogPluginManager: Mounting plugin PlanarCut
LogPluginManager: Mounting plugin PlatformCrypto
LogPluginManager: Mounting plugin ProxyLODPlugin
LogPluginManager: Mounting plugin SkeletalReduction
LogPluginManager: Mounting plugin Niagara
LogPluginManager: Mounting plugin MagicLeap
LogPluginManager: Mounting plugin MagicLeapLightEstimation
LogPluginManager: Mounting plugin MagicLeapMedia
LogPluginManager: Mounting plugin MagicLeapPassableWorld
LogPluginManager: Mounting plugin MLSDK
LogPluginManager: Mounting plugin AndroidMedia
LogPluginManager: Mounting plugin AvfMedia
LogPluginManager: Mounting plugin ImgMedia
LogPluginManager: Mounting plugin MediaCompositing
LogPluginManager: Mounting plugin MediaPlayerEditor
LogPluginManager: Mounting plugin WebMMedia
LogPluginManager: Mounting plugin WmfMedia
LogPluginManager: Mounting plugin MeshPainting
LogPluginManager: Mounting plugin TcpMessaging
LogPluginManager: Mounting plugin UdpMessaging
LogPluginManager: Mounting plugin ActorSequence
LogPluginManager: Mounting plugin LevelSequenceEditor
LogPluginManager: Mounting plugin MatineeToLevelSequence
LogPluginManager: Mounting plugin MovieRenderPipeline
LogPluginManager: Mounting plugin TemplateSequence
LogPluginManager: Mounting plugin NetcodeUnitTest
LogPluginManager: Mounting plugin NUTUnrealEngine4
LogPluginManager: Mounting plugin OnlineSubsystemGooglePlay
LogPluginManager: Mounting plugin OnlineSubsystemIOS
LogPluginManager: Mounting plugin OnlineSubsystem
LogPluginManager: Mounting plugin OnlineSubsystemNull
LogPluginManager: Mounting plugin OnlineSubsystemUtils
LogPluginManager: Mounting plugin LauncherChunkInstaller
LogPluginManager: Mounting plugin AndroidDeviceProfileSelector
LogPluginManager: Mounting plugin AndroidMoviePlayer
LogPluginManager: Mounting plugin AndroidPermission
LogPluginManager: Mounting plugin AppleImageUtils
LogPluginManager: Mounting plugin AppleMoviePlayer
LogPluginManager: Mounting plugin ArchVisCharacter
LogPluginManager: Mounting plugin AssetTags
LogPluginManager: Mounting plugin AudioCapture
LogPluginManager: Mounting plugin CableComponent
LogPluginManager: Mounting plugin CustomMeshComponent
LogPluginManager: Mounting plugin EditableMesh
LogPluginManager: Mounting plugin ExampleDeviceProfileSelector
LogPluginManager: Mounting plugin GoogleCloudMessaging
LogPluginManager: Mounting plugin GooglePAD
LogPluginManager: Mounting plugin IOSDeviceProfileSelector
LogPluginManager: Mounting plugin LinuxDeviceProfileSelector
LogPluginManager: Mounting plugin LocationServicesBPLibrary
LogPluginManager: Mounting plugin MobilePatchingUtils
LogPluginManager: Mounting plugin OculusVR
LogPluginManager: Mounting plugin PhysXVehicles
LogPluginManager: Mounting plugin PostSplashScreen
LogPluginManager: Mounting plugin ProceduralMeshComponent
LogPluginManager: Mounting plugin RuntimePhysXCooking
LogPluginManager: Mounting plugin SignificanceManager
LogPluginManager: Mounting plugin SoundFields
LogPluginManager: Mounting plugin SteamVR
LogPluginManager: Mounting plugin Synthesis
LogPluginManager: Mounting plugin WebMMoviePlayer
LogPluginManager: Mounting plugin WindowsMoviePlayer
LogPluginManager: Mounting plugin ScreenshotTools
LogInit: Using libcurl 7.55.1-DEV
LogInit:  - built for x86_64-pc-win32
LogInit:  - supports SSL with OpenSSL/1.1.1
LogInit:  - supports HTTP deflate (compression) using libz 1.2.8
LogInit:  - other features:
LogInit:      CURL_VERSION_SSL
LogInit:      CURL_VERSION_LIBZ
LogInit:      CURL_VERSION_IPV6
LogInit:      CURL_VERSION_ASYNCHDNS
LogInit:      CURL_VERSION_LARGEFILE
LogInit:      CURL_VERSION_IDN
LogInit:  CurlRequestOptions (configurable via config and command line):
LogInit:  - bVerifyPeer = true  - Libcurl will verify peer certificate
LogInit:  - bUseHttpProxy = false  - Libcurl will NOT use HTTP proxy
LogInit:  - bDontReuseConnections = false  - Libcurl will reuse connections
LogInit:  - MaxHostConnections = 16  - Libcurl will limit the number of connections to a host
LogInit:  - LocalHostAddr = Default
LogInit:  - BufferSize = 65536
LogOnline: OSS: Creating online subsystem instance for: NULL
LogInit: WinSock: version 1.1 (2.2), MaxSocks=32767, MaxUdp=65467
LogOnline: OSS: TryLoadSubsystemAndSetDefault: Loaded subsystem for module [NULL]
LogInit: Build: ++UE4+Release-4.25-CL-13942748
LogInit: Engine Version: 4.25.3-13942748+++UE4+Release-4.25
LogInit: Compatible Engine Version: 4.25.0-13144385+++UE4+Release-4.25
LogInit: Net CL: 13144385
LogInit: OS: Windows 10 (Release 1909) (), CPU: AMD Ryzen 7 1700 Eight-Core Processor          , GPU: NVIDIA GeForce GTX 1070
LogInit: Compiled (64-bit): Jul 25 2020 02:07:48
LogInit: Compiled with Visual C++: 19.24.28315.00
LogInit: Build Configuration: Development
LogInit: Branch Name: ++UE4+Release-4.25
LogInit: Command Line: 
LogInit: Base Directory: D:/UE_4.25/Engine/Binaries/Win64/
LogInit: Allocator: TBB
LogInit: Installed Engine Build: 1
LogDevObjectVersion: Number of dev versions registered: 26
LogDevObjectVersion:   Dev-Blueprints (B0D832E4-1F89-4F0D-ACCF-7EB736FD4AA2): 10
LogDevObjectVersion:   Dev-Build (E1C64328-A22C-4D53-A36C-8E866417BD8C): 0
LogDevObjectVersion:   Dev-Core (375EC13C-06E4-48FB-B500-84F0262A717E): 4
LogDevObjectVersion:   Dev-Editor (E4B068ED-F494-42E9-A231-DA0B2E46BB41): 38
LogDevObjectVersion:   Dev-Framework (CFFC743F-43B0-4480-9391-14DF171D2073): 37
LogDevObjectVersion:   Dev-Mobile (B02B49B5-BB20-44E9-A304-32B752E40360): 2
LogDevObjectVersion:   Dev-Networking (A4E4105C-59A1-49B5-A7C5-40C4547EDFEE): 0
LogDevObjectVersion:   Dev-Online (39C831C9-5AE6-47DC-9A44-9C173E1C8E7C): 0
LogDevObjectVersion:   Dev-Physics (78F01B33-EBEA-4F98-B9B4-84EACCB95AA2): 4
LogDevObjectVersion:   Dev-Platform (6631380F-2D4D-43E0-8009-CF276956A95A): 0
LogDevObjectVersion:   Dev-Rendering (12F88B9F-8875-4AFC-A67C-D90C383ABD29): 43
LogDevObjectVersion:   Dev-Sequencer (7B5AE74C-D270-4C10-A958-57980B212A5A): 12
LogDevObjectVersion:   Dev-VR (D7296918-1DD6-4BDD-9DE2-64A83CC13884): 3
LogDevObjectVersion:   Dev-LoadTimes (C2A15278-BFE7-4AFE-6C17-90FF531DF755): 1
LogDevObjectVersion:   Private-Geometry (6EACA3D4-40EC-4CC1-B786-8BED09428FC5): 3
LogDevObjectVersion:   Dev-AnimPhys (29E575DD-E0A3-4627-9D10-D276232CDCEA): 17
LogDevObjectVersion:   Dev-Anim (AF43A65D-7FD3-4947-9873-3E8ED9C1BB05): 7
LogDevObjectVersion:   Dev-ReflectionCapture (6B266CEC-1EC7-4B8F-A30B-E4D90942FC07): 1
LogDevObjectVersion:   Dev-Automation (0DF73D61-A23F-47EA-B727-89E90C41499A): 1
LogDevObjectVersion:   FortniteMain (601D1886-AC64-4F84-AA16-D3DE0DEAC7D6): 31
LogDevObjectVersion:   Dev-Enterprise (9DFFBCD6-494F-0158-E221-12823C92A888): 10
LogDevObjectVersion:   Dev-Niagara (F2AED0AC-9AFE-416F-8664-AA7FFA26D6FC): 1
LogDevObjectVersion:   Dev-Destruction (174F1F0B-B4C6-45A5-B13F-2EE8D0FB917D): 10
LogDevObjectVersion:   Dev-Physics-Ext (35F94A83-E258-406C-A318-09F59610247C): 37
LogDevObjectVersion:   Dev-PhysicsMaterial-Chaos (B68FC16E-8B1B-42E2-B453-215C058844FE): 1
LogDevObjectVersion:   Dev-CineCamera (B2E18506-4273-CFC2-A54E-F4BB758BBA07): 1
LogInit: Presizing for max 25165824 objects, including 0 objects not considered by GC, pre-allocating 0 bytes for permanent pool.
LogConfig: Applying CVar settings from Section [/Script/Engine.StreamingSettings] File [D:/HideNsneak/HideNSneakUnreal/Saved/Config/Windows/Engine.ini]
LogConfig: Setting CVar [[s.MinBulkDataSizeForAsyncLoading:131072]]
LogConfig: Setting CVar [[s.AsyncLoadingThreadEnabled:0]]
LogConfig: Setting CVar [[s.EventDrivenLoaderEnabled:1]]
LogConfig: Setting CVar [[s.WarnIfTimeLimitExceeded:0]]
LogConfig: Setting CVar [[s.TimeLimitExceededMultiplier:1.5]]
LogConfig: Setting CVar [[s.TimeLimitExceededMinTime:0.005]]
LogConfig: Setting CVar [[s.UseBackgroundLevelStreaming:1]]
LogConfig: Setting CVar [[s.PriorityAsyncLoadingExtraTime:15.0]]
LogConfig: Setting CVar [[s.LevelStreamingActorsUpdateTimeLimit:5.0]]
LogConfig: Setting CVar [[s.PriorityLevelStreamingActorsUpdateExtraTime:5.0]]
LogConfig: Setting CVar [[s.LevelStreamingComponentsRegistrationGranularity:10]]
LogConfig: Setting CVar [[s.UnregisterComponentsTimeLimit:1.0]]
LogConfig: Setting CVar [[s.LevelStreamingComponentsUnregistrationGranularity:5]]
LogConfig: Setting CVar [[s.FlushStreamingOnExit:1]]
LogInit: Object subsystem initialized
LogConfig: Setting CVar [[con.DebugEarlyDefault:1]]
LogConfig: Setting CVar [[r.setres:1280x720]]
[2020.10.20-09.49.56:912][  0]LogConfig: Setting CVar [[r.VSync:0]]
[2020.10.20-09.49.56:912][  0]LogConfig: Setting CVar [[r.RHICmdBypass:0]]
[2020.10.20-09.49.56:912][  0]LogConfig: Applying CVar settings from Section [/Script/Engine.RendererSettings] File [D:/HideNsneak/HideNSneakUnreal/Saved/Config/Windows/Engine.ini]
[2020.10.20-09.49.56:912][  0]LogConfig: Setting CVar [[r.GPUCrashDebugging:0]]
[2020.10.20-09.49.56:912][  0]LogConfig: Applying CVar settings from Section [/Script/Engine.RendererOverrideSettings] File [D:/HideNsneak/HideNSneakUnreal/Saved/Config/Windows/Engine.ini]
[2020.10.20-09.49.56:912][  0]LogConfig: Applying CVar settings from Section [/Script/Engine.StreamingSettings] File [D:/HideNsneak/HideNSneakUnreal/Saved/Config/Windows/Engine.ini]
[2020.10.20-09.49.56:912][  0]LogConfig: Setting CVar [[s.MinBulkDataSizeForAsyncLoading:131072]]
[2020.10.20-09.49.56:912][  0]LogConfig: Setting CVar [[s.AsyncLoadingThreadEnabled:0]]
[2020.10.20-09.49.56:912][  0]LogConfig: Setting CVar [[s.EventDrivenLoaderEnabled:1]]
[2020.10.20-09.49.56:912][  0]LogConfig: Setting CVar [[s.WarnIfTimeLimitExceeded:0]]
[2020.10.20-09.49.56:912][  0]LogConfig: Setting CVar [[s.TimeLimitExceededMultiplier:1.5]]
[2020.10.20-09.49.56:912][  0]LogConfig: Setting CVar [[s.TimeLimitExceededMinTime:0.005]]
[2020.10.20-09.49.56:912][  0]LogConfig: Setting CVar [[s.UseBackgroundLevelStreaming:1]]
[2020.10.20-09.49.56:912][  0]LogConfig: Setting CVar [[s.PriorityAsyncLoadingExtraTime:15.0]]
[2020.10.20-09.49.56:912][  0]LogConfig: Setting CVar [[s.LevelStreamingActorsUpdateTimeLimit:5.0]]
[2020.10.20-09.49.56:912][  0]LogConfig: Setting CVar [[s.PriorityLevelStreamingActorsUpdateExtraTime:5.0]]
[2020.10.20-09.49.56:912][  0]LogConfig: Setting CVar [[s.LevelStreamingComponentsRegistrationGranularity:10]]
[2020.10.20-09.49.56:912][  0]LogConfig: Setting CVar [[s.UnregisterComponentsTimeLimit:1.0]]
[2020.10.20-09.49.56:912][  0]LogConfig: Setting CVar [[s.LevelStreamingComponentsUnregistrationGranularity:5]]
[2020.10.20-09.49.56:912][  0]LogConfig: Setting CVar [[s.FlushStreamingOnExit:1]]
[2020.10.20-09.49.56:913][  0]LogConfig: Applying CVar settings from Section [/Script/Engine.GarbageCollectionSettings] File [D:/HideNsneak/HideNSneakUnreal/Saved/Config/Windows/Engine.ini]
[2020.10.20-09.49.56:913][  0]LogConfig: Setting CVar [[gc.MaxObjectsNotConsideredByGC:1]]
[2020.10.20-09.49.56:913][  0]LogConfig: Setting CVar [[gc.SizeOfPermanentObjectPool:0]]
[2020.10.20-09.49.56:913][  0]LogConfig: Setting CVar [[gc.FlushStreamingOnGC:0]]
[2020.10.20-09.49.56:913][  0]LogConfig: Setting CVar [[gc.NumRetriesBeforeForcingGC:10]]
[2020.10.20-09.49.56:913][  0]LogConfig: Setting CVar [[gc.AllowParallelGC:1]]
[2020.10.20-09.49.56:913][  0]LogConfig: Setting CVar [[gc.TimeBetweenPurgingPendingKillObjects:61.1]]
[2020.10.20-09.49.56:913][  0]LogConfig: Setting CVar [[gc.MaxObjectsInEditor:25165824]]
[2020.10.20-09.49.56:913][  0]LogConfig: Setting CVar [[gc.IncrementalBeginDestroyEnabled:1]]
[2020.10.20-09.49.56:913][  0]LogConfig: Setting CVar [[gc.CreateGCClusters:1]]
[2020.10.20-09.49.56:913][  0]LogConfig: Setting CVar [[gc.MinGCClusterSize:5]]
[2020.10.20-09.49.56:913][  0]LogConfig: Setting CVar [[gc.ActorClusteringEnabled:0]]
[2020.10.20-09.49.56:913][  0]LogConfig: Setting CVar [[gc.BlueprintClusteringEnabled:0]]
[2020.10.20-09.49.56:913][  0]LogConfig: Setting CVar [[gc.UseDisregardForGCOnDedicatedServers:0]]
[2020.10.20-09.49.56:913][  0]LogConfig: Applying CVar settings from Section [/Script/Engine.NetworkSettings] File [D:/HideNsneak/HideNSneakUnreal/Saved/Config/Windows/Engine.ini]
[2020.10.20-09.49.56:913][  0]LogConfig: Applying CVar settings from Section [/Script/UnrealEd.CookerSettings] File [D:/HideNsneak/HideNSneakUnreal/Saved/Config/Windows/Engine.ini]
[2020.10.20-09.49.56:915][  0]LogConfig: Applying CVar settings from Section [ViewDistanceQuality@3] File [D:/HideNsneak/HideNSneakUnreal/Saved/Config/Windows/Scalability.ini]
[2020.10.20-09.49.56:916][  0]LogConfig: Setting CVar [[r.SkeletalMeshLODBias:0]]
[2020.10.20-09.49.56:916][  0]LogConfig: Setting CVar [[r.ViewDistanceScale:1.0]]
[2020.10.20-09.49.56:916][  0]LogConfig: Applying CVar settings from Section [AntiAliasingQuality@3] File [D:/HideNsneak/HideNSneakUnreal/Saved/Config/Windows/Scalability.ini]
[2020.10.20-09.49.56:916][  0]LogConfig: Setting CVar [[r.PostProcessAAQuality:4]]
[2020.10.20-09.49.56:916][  0]LogConfig: Applying CVar settings from Section [ShadowQuality@3] File [D:/HideNsneak/HideNSneakUnreal/Saved/Config/Windows/Scalability.ini]
[2020.10.20-09.49.56:916][  0]LogConfig: Setting CVar [[r.LightFunctionQuality:1]]
[2020.10.20-09.49.56:916][  0]LogConfig: Setting CVar [[r.ShadowQuality:5]]
[2020.10.20-09.49.56:916][  0]LogConfig: Setting CVar [[r.Shadow.CSM.MaxCascades:10]]
[2020.10.20-09.49.56:916][  0]LogConfig: Setting CVar [[r.Shadow.MaxResolution:2048]]
[2020.10.20-09.49.56:916][  0]LogConfig: Setting CVar [[r.Shadow.MaxCSMResolution:2048]]
[2020.10.20-09.49.56:916][  0]LogConfig: Setting CVar [[r.Shadow.RadiusThreshold:0.01]]
[2020.10.20-09.49.56:916][  0]LogConfig: Setting CVar [[r.Shadow.DistanceScale:1.0]]
[2020.10.20-09.49.56:916][  0]LogConfig: Setting CVar [[r.Shadow.CSM.TransitionScale:1.0]]
[2020.10.20-09.49.56:916][  0]LogConfig: Setting CVar [[r.Shadow.PreShadowResolutionFactor:1.0]]
[2020.10.20-09.49.56:916][  0]LogConfig: Setting CVar [[r.DistanceFieldShadowing:1]]
[2020.10.20-09.49.56:916][  0]LogConfig: Setting CVar [[r.DistanceFieldAO:1]]
[2020.10.20-09.49.56:916][  0]LogConfig: Setting CVar [[r.AOQuality:2]]
[2020.10.20-09.49.56:916][  0]LogConfig: Setting CVar [[r.VolumetricFog:1]]
[2020.10.20-09.49.56:916][  0]LogConfig: Setting CVar [[r.VolumetricFog.GridPixelSize:8]]
[2020.10.20-09.49.56:916][  0]LogConfig: Setting CVar [[r.VolumetricFog.GridSizeZ:128]]
[2020.10.20-09.49.56:916][  0]LogConfig: Setting CVar [[r.VolumetricFog.HistoryMissSupersampleCount:4]]
[2020.10.20-09.49.56:916][  0]LogConfig: Setting CVar [[r.LightMaxDrawDistanceScale:1]]
[2020.10.20-09.49.56:916][  0]LogConfig: Setting CVar [[r.CapsuleShadows:1]]
[2020.10.20-09.49.56:916][  0]LogConfig: Applying CVar settings from Section [PostProcessQuality@3] File [D:/HideNsneak/HideNSneakUnreal/Saved/Config/Windows/Scalability.ini]
[2020.10.20-09.49.56:916][  0]LogConfig: Setting CVar [[r.MotionBlurQuality:4]]
[2020.10.20-09.49.56:916][  0]LogConfig: Setting CVar [[r.AmbientOcclusionMipLevelFactor:0.4]]
[2020.10.20-09.49.56:916][  0]LogConfig: Setting CVar [[r.AmbientOcclusionMaxQuality:100]]
[2020.10.20-09.49.56:916][  0]LogConfig: Setting CVar [[r.AmbientOcclusionLevels:-1]]
[2020.10.20-09.49.56:916][  0]LogConfig: Setting CVar [[r.AmbientOcclusionRadiusScale:1.0]]
[2020.10.20-09.49.56:916][  0]LogConfig: Setting CVar [[r.DepthOfFieldQuality:2]]
[2020.10.20-09.49.56:916][  0]LogConfig: Setting CVar [[r.RenderTargetPoolMin:400]]
[2020.10.20-09.49.56:916][  0]LogConfig: Setting CVar [[r.LensFlareQuality:2]]
[2020.10.20-09.49.56:916][  0]LogConfig: Setting CVar [[r.SceneColorFringeQuality:1]]
[2020.10.20-09.49.56:916][  0]LogConfig: Setting CVar [[r.EyeAdaptationQuality:2]]
[2020.10.20-09.49.56:916][  0]LogConfig: Setting CVar [[r.BloomQuality:5]]
[2020.10.20-09.49.56:916][  0]LogConfig: Setting CVar [[r.FastBlurThreshold:100]]
[2020.10.20-09.49.56:916][  0]LogConfig: Setting CVar [[r.Upscale.Quality:3]]
[2020.10.20-09.49.56:916][  0]LogConfig: Setting CVar [[r.Tonemapper.GrainQuantization:1]]
[2020.10.20-09.49.56:916][  0]LogConfig: Setting CVar [[r.LightShaftQuality:1]]
[2020.10.20-09.49.56:916][  0]LogConfig: Setting CVar [[r.Filter.SizeScale:1]]
[2020.10.20-09.49.56:916][  0]LogConfig: Setting CVar [[r.Tonemapper.Quality:5]]
[2020.10.20-09.49.56:916][  0]LogConfig: Setting CVar [[r.DOF.Gather.AccumulatorQuality:1        ; higher gathering accumulator quality]]
[2020.10.20-09.49.56:916][  0]LogConfig: Setting CVar [[r.DOF.Gather.PostfilterMethod:1          ; Median3x3 postfilering method]]
[2020.10.20-09.49.56:916][  0]LogConfig: Setting CVar [[r.DOF.Gather.EnableBokehSettings:0       ; no bokeh simulation when gathering]]
[2020.10.20-09.49.56:916][  0]LogConfig: Setting CVar [[r.DOF.Gather.RingCount:4                 ; medium number of samples when gathering]]
[2020.10.20-09.49.56:916][  0]LogConfig: Setting CVar [[r.DOF.Scatter.ForegroundCompositing:1    ; additive foreground scattering]]
[2020.10.20-09.49.56:916][  0]LogConfig: Setting CVar [[r.DOF.Scatter.BackgroundCompositing:2    ; additive background scattering]]
[2020.10.20-09.49.56:916][  0]LogConfig: Setting CVar [[r.DOF.Scatter.EnableBokehSettings:1      ; bokeh simulation when scattering]]
[2020.10.20-09.49.56:916][  0]LogConfig: Setting CVar [[r.DOF.Scatter.MaxSpriteRatio:0.1         ; only a maximum of 10% of scattered bokeh]]
[2020.10.20-09.49.56:916][  0]LogConfig: Setting CVar [[r.DOF.Recombine.Quality:1                ; cheap slight out of focus]]
[2020.10.20-09.49.56:916][  0]LogConfig: Setting CVar [[r.DOF.Recombine.EnableBokehSettings:0    ; no bokeh simulation on slight out of focus]]
[2020.10.20-09.49.56:916][  0]LogConfig: Setting CVar [[r.DOF.TemporalAAQuality:1                ; more stable temporal accumulation]]
[2020.10.20-09.49.56:916][  0]LogConfig: Setting CVar [[r.DOF.Kernel.MaxForegroundRadius:0.025]]
[2020.10.20-09.49.56:916][  0]LogConfig: Setting CVar [[r.DOF.Kernel.MaxBackgroundRadius:0.025]]
[2020.10.20-09.49.56:916][  0]LogConfig: Applying CVar settings from Section [TextureQuality@3] File [D:/HideNsneak/HideNSneakUnreal/Saved/Config/Windows/Scalability.ini]
[2020.10.20-09.49.56:916][  0]LogConfig: Setting CVar [[r.Streaming.MipBias:0]]
[2020.10.20-09.49.56:916][  0]LogConfig: Setting CVar [[r.Streaming.AmortizeCPUToGPUCopy:0]]
[2020.10.20-09.49.56:916][  0]LogConfig: Setting CVar [[r.Streaming.MaxNumTexturesToStreamPerFrame:0]]
[2020.10.20-09.49.56:916][  0]LogConfig: Setting CVar [[r.Streaming.Boost:1]]
[2020.10.20-09.49.56:916][  0]LogConfig: Setting CVar [[r.MaxAnisotropy:8]]
[2020.10.20-09.49.56:916][  0]LogConfig: Setting CVar [[r.VT.MaxAnisotropy:8]]
[2020.10.20-09.49.56:916][  0]LogConfig: Setting CVar [[r.Streaming.LimitPoolSizeToVRAM:0]]
[2020.10.20-09.49.56:917][  0]LogConfig: Setting CVar [[r.Streaming.PoolSize:1000]]
[2020.10.20-09.49.56:917][  0]LogConfig: Setting CVar [[r.Streaming.MaxEffectiveScreenSize:0]]
[2020.10.20-09.49.56:917][  0]LogConfig: Applying CVar settings from Section [EffectsQuality@3] File [D:/HideNsneak/HideNSneakUnreal/Saved/Config/Windows/Scalability.ini]
[2020.10.20-09.49.56:917][  0]LogConfig: Setting CVar [[r.TranslucencyLightingVolumeDim:64]]
[2020.10.20-09.49.56:917][  0]LogConfig: Setting CVar [[r.RefractionQuality:2]]
[2020.10.20-09.49.56:917][  0]LogConfig: Setting CVar [[r.SSR.Quality:3]]
[2020.10.20-09.49.56:917][  0]LogConfig: Setting CVar [[r.SSR.HalfResSceneColor:0]]
[2020.10.20-09.49.56:917][  0]LogConfig: Setting CVar [[r.SceneColorFormat:4]]
[2020.10.20-09.49.56:917][  0]LogConfig: Setting CVar [[r.DetailMode:2]]
[2020.10.20-09.49.56:917][  0]LogConfig: Setting CVar [[r.TranslucencyVolumeBlur:1]]
[2020.10.20-09.49.56:917][  0]LogConfig: Setting CVar [[r.MaterialQualityLevel:1 ; High quality]]
[2020.10.20-09.49.56:917][  0]LogConfig: Setting CVar [[r.SSS.Scale:1]]
[2020.10.20-09.49.56:917][  0]LogConfig: Setting CVar [[r.SSS.SampleSet:2]]
[2020.10.20-09.49.56:917][  0]LogConfig: Setting CVar [[r.SSS.Quality:1]]
[2020.10.20-09.49.56:917][  0]LogConfig: Setting CVar [[r.SSS.HalfRes:0]]
[2020.10.20-09.49.56:917][  0]LogConfig: Setting CVar [[r.SSGI.Quality:3]]
[2020.10.20-09.49.56:917][  0]LogConfig: Setting CVar [[r.EmitterSpawnRateScale:1.0]]
[2020.10.20-09.49.56:917][  0]LogConfig: Setting CVar [[r.ParticleLightQuality:2]]
[2020.10.20-09.49.56:917][  0]LogConfig: Setting CVar [[r.SkyAtmosphere.AerialPerspectiveLUT.FastApplyOnOpaque:1 ; Always have FastSkyLUT 1 in this case to avoid wrong sky]]
[2020.10.20-09.49.56:917][  0]LogConfig: Setting CVar [[r.SkyAtmosphere.AerialPerspectiveLUT.SampleCountPerSlice:1]]
[2020.10.20-09.49.56:917][  0]LogConfig: Setting CVar [[r.SkyAtmosphere.AerialPerspectiveLUT.DepthResolution:16.0]]
[2020.10.20-09.49.56:917][  0]LogConfig: Setting CVar [[r.SkyAtmosphere.FastSkyLUT:1]]
[2020.10.20-09.49.56:917][  0]LogConfig: Setting CVar [[r.SkyAtmosphere.FastSkyLUT.SampleCountMin:4.0]]
[2020.10.20-09.49.56:917][  0]LogConfig: Setting CVar [[r.SkyAtmosphere.FastSkyLUT.SampleCountMax:32.0]]
[2020.10.20-09.49.56:917][  0]LogConfig: Setting CVar [[r.SkyAtmosphere.SampleCountMin:4.0]]
[2020.10.20-09.49.56:917][  0]LogConfig: Setting CVar [[r.SkyAtmosphere.SampleCountMax:32.0]]
[2020.10.20-09.49.56:917][  0]LogConfig: Setting CVar [[r.SkyAtmosphere.TransmittanceLUT.UseSmallFormat:0]]
[2020.10.20-09.49.56:917][  0]LogConfig: Setting CVar [[r.SkyAtmosphere.TransmittanceLUT.SampleCount:10.0]]
[2020.10.20-09.49.56:917][  0]LogConfig: Setting CVar [[r.SkyAtmosphere.MultiScatteringLUT.SampleCount:15.0]]
[2020.10.20-09.49.56:917][  0]LogConfig: Applying CVar settings from Section [FoliageQuality@3] File [D:/HideNsneak/HideNSneakUnreal/Saved/Config/Windows/Scalability.ini]
[2020.10.20-09.49.56:917][  0]LogConfig: Setting CVar [[foliage.DensityScale:1.0]]
[2020.10.20-09.49.56:917][  0]LogConfig: Setting CVar [[grass.DensityScale:1.0]]
[2020.10.20-09.49.56:917][  0]LogConfig: Applying CVar settings from Section [ShadingQuality@3] File [D:/HideNsneak/HideNSneakUnreal/Saved/Config/Windows/Scalability.ini]
[2020.10.20-09.49.56:917][  0]LogConfig: Setting CVar [[r.HairStrands.SkyLighting.SampleCount:16]]
[2020.10.20-09.49.56:917][  0]LogConfig: Setting CVar [[r.HairStrands.SkyLighting.JitterIntegration:0]]
[2020.10.20-09.49.56:917][  0]LogConfig: Setting CVar [[r.HairStrands.SkyAO.SampleCount:16]]
[2020.10.20-09.49.56:917][  0]LogConfig: Setting CVar [[r.HairStrands.DeepShadow.SuperSampling:0]]
[2020.10.20-09.49.56:917][  0]LogConfig: Setting CVar [[r.HairStrands.VisibilityPPLL:0]]
[2020.10.20-09.49.56:917][  0]LogConfig: Setting CVar [[r.HairStrands.RasterizationScale:0.5]]
[2020.10.20-09.49.56:917][  0]LogConfig: Setting CVar [[r.HairStrands.VelocityRasterizationScale:1]]
[2020.10.20-09.49.56:917][  0]LogInit: Selected Device Profile: [Windows]
[2020.10.20-09.49.56:917][  0]LogInit: Applying CVar settings loaded from the selected device profile: [Windows]
[2020.10.20-09.49.56:917][  0]LogHAL: Display: Platform has ~ 16 GB [17128341504 / 17179869184 / 16], which maps to Larger [LargestMinGB=32, LargerMinGB=12, DefaultMinGB=8, SmallerMinGB=6, SmallestMinGB=0)
[2020.10.20-09.49.56:917][  0]LogInit: Going up to parent DeviceProfile []
[2020.10.20-09.49.56:917][  0]LogConfig: Applying CVar settings from Section [ViewDistanceQuality@3] File [D:/HideNsneak/HideNSneakUnreal/Saved/Config/Windows/Scalability.ini]
[2020.10.20-09.49.56:917][  0]LogConfig: Setting CVar [[r.SkeletalMeshLODBias:0]]
[2020.10.20-09.49.56:917][  0]LogConfig: Setting CVar [[r.ViewDistanceScale:1.0]]
[2020.10.20-09.49.56:917][  0]LogConfig: Applying CVar settings from Section [AntiAliasingQuality@3] File [D:/HideNsneak/HideNSneakUnreal/Saved/Config/Windows/Scalability.ini]
[2020.10.20-09.49.56:917][  0]LogConfig: Setting CVar [[r.PostProcessAAQuality:4]]
[2020.10.20-09.49.56:917][  0]LogConfig: Applying CVar settings from Section [ShadowQuality@3] File [D:/HideNsneak/HideNSneakUnreal/Saved/Config/Windows/Scalability.ini]
[2020.10.20-09.49.56:917][  0]LogConfig: Setting CVar [[r.LightFunctionQuality:1]]
[2020.10.20-09.49.56:917][  0]LogConfig: Setting CVar [[r.ShadowQuality:5]]
[2020.10.20-09.49.56:917][  0]LogConfig: Setting CVar [[r.Shadow.CSM.MaxCascades:10]]
[2020.10.20-09.49.56:917][  0]LogConfig: Setting CVar [[r.Shadow.MaxResolution:2048]]
[2020.10.20-09.49.56:917][  0]LogConfig: Setting CVar [[r.Shadow.MaxCSMResolution:2048]]
[2020.10.20-09.49.56:918][  0]LogConfig: Setting CVar [[r.Shadow.RadiusThreshold:0.01]]
[2020.10.20-09.49.56:918][  0]LogConfig: Setting CVar [[r.Shadow.DistanceScale:1.0]]
[2020.10.20-09.49.56:918][  0]LogConfig: Setting CVar [[r.Shadow.CSM.TransitionScale:1.0]]
[2020.10.20-09.49.56:918][  0]LogConfig: Setting CVar [[r.Shadow.PreShadowResolutionFactor:1.0]]
[2020.10.20-09.49.56:918][  0]LogConfig: Setting CVar [[r.DistanceFieldShadowing:1]]
[2020.10.20-09.49.56:918][  0]LogConfig: Setting CVar [[r.DistanceFieldAO:1]]
[2020.10.20-09.49.56:918][  0]LogConfig: Setting CVar [[r.AOQuality:2]]
[2020.10.20-09.49.56:918][  0]LogConfig: Setting CVar [[r.VolumetricFog:1]]
[2020.10.20-09.49.56:918][  0]LogConfig: Setting CVar [[r.VolumetricFog.GridPixelSize:8]]
[2020.10.20-09.49.56:918][  0]LogConfig: Setting CVar [[r.VolumetricFog.GridSizeZ:128]]
[2020.10.20-09.49.56:918][  0]LogConfig: Setting CVar [[r.VolumetricFog.HistoryMissSupersampleCount:4]]
[2020.10.20-09.49.56:918][  0]LogConfig: Setting CVar [[r.LightMaxDrawDistanceScale:1]]
[2020.10.20-09.49.56:918][  0]LogConfig: Setting CVar [[r.CapsuleShadows:1]]
[2020.10.20-09.49.56:918][  0]LogConfig: Applying CVar settings from Section [PostProcessQuality@3] File [D:/HideNsneak/HideNSneakUnreal/Saved/Config/Windows/Scalability.ini]
[2020.10.20-09.49.56:918][  0]LogConfig: Setting CVar [[r.MotionBlurQuality:4]]
[2020.10.20-09.49.56:918][  0]LogConfig: Setting CVar [[r.AmbientOcclusionMipLevelFactor:0.4]]
[2020.10.20-09.49.56:918][  0]LogConfig: Setting CVar [[r.AmbientOcclusionMaxQuality:100]]
[2020.10.20-09.49.56:918][  0]LogConfig: Setting CVar [[r.AmbientOcclusionLevels:-1]]
[2020.10.20-09.49.56:918][  0]LogConfig: Setting CVar [[r.AmbientOcclusionRadiusScale:1.0]]
[2020.10.20-09.49.56:918][  0]LogConfig: Setting CVar [[r.DepthOfFieldQuality:2]]
[2020.10.20-09.49.56:918][  0]LogConfig: Setting CVar [[r.RenderTargetPoolMin:400]]
[2020.10.20-09.49.56:918][  0]LogConfig: Setting CVar [[r.LensFlareQuality:2]]
[2020.10.20-09.49.56:918][  0]LogConfig: Setting CVar [[r.SceneColorFringeQuality:1]]
[2020.10.20-09.49.56:918][  0]LogConfig: Setting CVar [[r.EyeAdaptationQuality:2]]
[2020.10.20-09.49.56:918][  0]LogConfig: Setting CVar [[r.BloomQuality:5]]
[2020.10.20-09.49.56:918][  0]LogConfig: Setting CVar [[r.FastBlurThreshold:100]]
[2020.10.20-09.49.56:918][  0]LogConfig: Setting CVar [[r.Upscale.Quality:3]]
[2020.10.20-09.49.56:918][  0]LogConfig: Setting CVar [[r.Tonemapper.GrainQuantization:1]]
[2020.10.20-09.49.56:918][  0]LogConfig: Setting CVar [[r.LightShaftQuality:1]]
[2020.10.20-09.49.56:918][  0]LogConfig: Setting CVar [[r.Filter.SizeScale:1]]
[2020.10.20-09.49.56:918][  0]LogConfig: Setting CVar [[r.Tonemapper.Quality:5]]
[2020.10.20-09.49.56:918][  0]LogConfig: Setting CVar [[r.DOF.Gather.AccumulatorQuality:1        ; higher gathering accumulator quality]]
[2020.10.20-09.49.56:918][  0]LogConfig: Setting CVar [[r.DOF.Gather.PostfilterMethod:1          ; Median3x3 postfilering method]]
[2020.10.20-09.49.56:918][  0]LogConfig: Setting CVar [[r.DOF.Gather.EnableBokehSettings:0       ; no bokeh simulation when gathering]]
[2020.10.20-09.49.56:918][  0]LogConfig: Setting CVar [[r.DOF.Gather.RingCount:4                 ; medium number of samples when gathering]]
[2020.10.20-09.49.56:918][  0]LogConfig: Setting CVar [[r.DOF.Scatter.ForegroundCompositing:1    ; additive foreground scattering]]
[2020.10.20-09.49.56:918][  0]LogConfig: Setting CVar [[r.DOF.Scatter.BackgroundCompositing:2    ; additive background scattering]]
[2020.10.20-09.49.56:918][  0]LogConfig: Setting CVar [[r.DOF.Scatter.EnableBokehSettings:1      ; bokeh simulation when scattering]]
[2020.10.20-09.49.56:918][  0]LogConfig: Setting CVar [[r.DOF.Scatter.MaxSpriteRatio:0.1         ; only a maximum of 10% of scattered bokeh]]
[2020.10.20-09.49.56:918][  0]LogConfig: Setting CVar [[r.DOF.Recombine.Quality:1                ; cheap slight out of focus]]
[2020.10.20-09.49.56:918][  0]LogConfig: Setting CVar [[r.DOF.Recombine.EnableBokehSettings:0    ; no bokeh simulation on slight out of focus]]
[2020.10.20-09.49.56:918][  0]LogConfig: Setting CVar [[r.DOF.TemporalAAQuality:1                ; more stable temporal accumulation]]
[2020.10.20-09.49.56:918][  0]LogConfig: Setting CVar [[r.DOF.Kernel.MaxForegroundRadius:0.025]]
[2020.10.20-09.49.56:918][  0]LogConfig: Setting CVar [[r.DOF.Kernel.MaxBackgroundRadius:0.025]]
[2020.10.20-09.49.56:918][  0]LogConfig: Applying CVar settings from Section [TextureQuality@3] File [D:/HideNsneak/HideNSneakUnreal/Saved/Config/Windows/Scalability.ini]
[2020.10.20-09.49.56:918][  0]LogConfig: Setting CVar [[r.Streaming.MipBias:0]]
[2020.10.20-09.49.56:918][  0]LogConfig: Setting CVar [[r.Streaming.AmortizeCPUToGPUCopy:0]]
[2020.10.20-09.49.56:918][  0]LogConfig: Setting CVar [[r.Streaming.MaxNumTexturesToStreamPerFrame:0]]
[2020.10.20-09.49.56:918][  0]LogConfig: Setting CVar [[r.Streaming.Boost:1]]
[2020.10.20-09.49.56:918][  0]LogConfig: Setting CVar [[r.MaxAnisotropy:8]]
[2020.10.20-09.49.56:918][  0]LogConfig: Setting CVar [[r.VT.MaxAnisotropy:8]]
[2020.10.20-09.49.56:918][  0]LogConfig: Setting CVar [[r.Streaming.LimitPoolSizeToVRAM:0]]
[2020.10.20-09.49.56:918][  0]LogConfig: Setting CVar [[r.Streaming.PoolSize:1000]]
[2020.10.20-09.49.56:918][  0]LogConfig: Setting CVar [[r.Streaming.MaxEffectiveScreenSize:0]]
[2020.10.20-09.49.56:918][  0]LogConfig: Applying CVar settings from Section [EffectsQuality@3] File [D:/HideNsneak/HideNSneakUnreal/Saved/Config/Windows/Scalability.ini]
[2020.10.20-09.49.56:918][  0]LogConfig: Setting CVar [[r.TranslucencyLightingVolumeDim:64]]
[2020.10.20-09.49.56:918][  0]LogConfig: Setting CVar [[r.RefractionQuality:2]]
[2020.10.20-09.49.56:918][  0]LogConfig: Setting CVar [[r.SSR.Quality:3]]
[2020.10.20-09.49.56:918][  0]LogConfig: Setting CVar [[r.SSR.HalfResSceneColor:0]]
[2020.10.20-09.49.56:918][  0]LogConfig: Setting CVar [[r.SceneColorFormat:4]]
[2020.10.20-09.49.56:918][  0]LogConfig: Setting CVar [[r.DetailMode:2]]
[2020.10.20-09.49.56:918][  0]LogConfig: Setting CVar [[r.TranslucencyVolumeBlur:1]]
[2020.10.20-09.49.56:918][  0]LogConfig: Setting CVar [[r.MaterialQualityLevel:1 ; High quality]]
[2020.10.20-09.49.56:918][  0]LogConfig: Setting CVar [[r.SSS.Scale:1]]
[2020.10.20-09.49.56:919][  0]LogConfig: Setting CVar [[r.SSS.SampleSet:2]]
[2020.10.20-09.49.56:919][  0]LogConfig: Setting CVar [[r.SSS.Quality:1]]
[2020.10.20-09.49.56:919][  0]LogConfig: Setting CVar [[r.SSS.HalfRes:0]]
[2020.10.20-09.49.56:919][  0]LogConfig: Setting CVar [[r.SSGI.Quality:3]]
[2020.10.20-09.49.56:919][  0]LogConfig: Setting CVar [[r.EmitterSpawnRateScale:1.0]]
[2020.10.20-09.49.56:919][  0]LogConfig: Setting CVar [[r.ParticleLightQuality:2]]
[2020.10.20-09.49.56:919][  0]LogConfig: Setting CVar [[r.SkyAtmosphere.AerialPerspectiveLUT.FastApplyOnOpaque:1 ; Always have FastSkyLUT 1 in this case to avoid wrong sky]]
[2020.10.20-09.49.56:919][  0]LogConfig: Setting CVar [[r.SkyAtmosphere.AerialPerspectiveLUT.SampleCountPerSlice:1]]
[2020.10.20-09.49.56:919][  0]LogConfig: Setting CVar [[r.SkyAtmosphere.AerialPerspectiveLUT.DepthResolution:16.0]]
[2020.10.20-09.49.56:919][  0]LogConfig: Setting CVar [[r.SkyAtmosphere.FastSkyLUT:1]]
[2020.10.20-09.49.56:919][  0]LogConfig: Setting CVar [[r.SkyAtmosphere.FastSkyLUT.SampleCountMin:4.0]]
[2020.10.20-09.49.56:919][  0]LogConfig: Setting CVar [[r.SkyAtmosphere.FastSkyLUT.SampleCountMax:32.0]]
[2020.10.20-09.49.56:919][  0]LogConfig: Setting CVar [[r.SkyAtmosphere.SampleCountMin:4.0]]
[2020.10.20-09.49.56:919][  0]LogConfig: Setting CVar [[r.SkyAtmosphere.SampleCountMax:32.0]]
[2020.10.20-09.49.56:919][  0]LogConfig: Setting CVar [[r.SkyAtmosphere.TransmittanceLUT.UseSmallFormat:0]]
[2020.10.20-09.49.56:919][  0]LogConfig: Setting CVar [[r.SkyAtmosphere.TransmittanceLUT.SampleCount:10.0]]
[2020.10.20-09.49.56:919][  0]LogConfig: Setting CVar [[r.SkyAtmosphere.MultiScatteringLUT.SampleCount:15.0]]
[2020.10.20-09.49.56:919][  0]LogConfig: Applying CVar settings from Section [FoliageQuality@3] File [D:/HideNsneak/HideNSneakUnreal/Saved/Config/Windows/Scalability.ini]
[2020.10.20-09.49.56:919][  0]LogConfig: Setting CVar [[foliage.DensityScale:1.0]]
[2020.10.20-09.49.56:919][  0]LogConfig: Setting CVar [[grass.DensityScale:1.0]]
[2020.10.20-09.49.56:919][  0]LogConfig: Applying CVar settings from Section [ShadingQuality@3] File [D:/HideNsneak/HideNSneakUnreal/Saved/Config/Windows/Scalability.ini]
[2020.10.20-09.49.56:919][  0]LogConfig: Setting CVar [[r.HairStrands.SkyLighting.SampleCount:16]]
[2020.10.20-09.49.56:919][  0]LogConfig: Setting CVar [[r.HairStrands.SkyLighting.JitterIntegration:0]]
[2020.10.20-09.49.56:919][  0]LogConfig: Setting CVar [[r.HairStrands.SkyAO.SampleCount:16]]
[2020.10.20-09.49.56:919][  0]LogConfig: Setting CVar [[r.HairStrands.DeepShadow.SuperSampling:0]]
[2020.10.20-09.49.56:919][  0]LogConfig: Setting CVar [[r.HairStrands.VisibilityPPLL:0]]
[2020.10.20-09.49.56:919][  0]LogConfig: Setting CVar [[r.HairStrands.RasterizationScale:0.5]]
[2020.10.20-09.49.56:919][  0]LogConfig: Setting CVar [[r.HairStrands.VelocityRasterizationScale:1]]
[2020.10.20-09.49.56:919][  0]LogConfig: Applying CVar settings from Section [Startup] File [../../../Engine/Config/ConsoleVariables.ini]
[2020.10.20-09.49.56:919][  0]LogConfig: Setting CVar [[net.UseAdaptiveNetUpdateFrequency:0]]
[2020.10.20-09.49.56:919][  0]LogConfig: Setting CVar [[p.chaos.AllowCreatePhysxBodies:1]]
[2020.10.20-09.49.56:919][  0]LogConfig: Setting CVar [[fx.SkipVectorVMBackendOptimizations:1]]
[2020.10.20-09.49.56:919][  0]LogConfig: Applying CVar settings from Section [ConsoleVariables] File [D:/HideNsneak/HideNSneakUnreal/Saved/Config/Windows/Engine.ini]
[2020.10.20-09.49.56:919][  0]LogInit: Computer: DESKTOP-I42L79B
[2020.10.20-09.49.56:919][  0]LogInit: User: Oskar
[2020.10.20-09.49.56:919][  0]LogInit: CPU Page size=4096, Cores=8
[2020.10.20-09.49.56:919][  0]LogInit: High frequency timer resolution =10.000000 MHz
[2020.10.20-09.49.56:920][  0]LogMemory: Memory total: Physical=16.0GB (16GB approx)
[2020.10.20-09.49.56:920][  0]LogMemory: Platform Memory Stats for Windows
[2020.10.20-09.49.56:920][  0]LogMemory: Process Physical Memory: 117.31 MB used, 117.32 MB peak
[2020.10.20-09.49.56:920][  0]LogMemory: Process Virtual Memory: 100.05 MB used, 100.05 MB peak
[2020.10.20-09.49.56:920][  0]LogMemory: Physical Memory: 7393.84 MB used,  8941.02 MB free, 16334.86 MB total
[2020.10.20-09.49.56:920][  0]LogMemory: Virtual Memory: 5186.95 MB used,  134212544.00 MB free, 134217728.00 MB total
[2020.10.20-09.49.56:927][  0]LogWindows: WindowsPlatformFeatures enabled
[2020.10.20-09.49.56:964][  0]LogInit: Physics initialised using underlying interface: PhysX
[2020.10.20-09.49.56:965][  0]LogInit: Using OS detected language (en-GB).
[2020.10.20-09.49.56:965][  0]LogInit: Using OS detected locale (en-SE).
[2020.10.20-09.49.56:968][  0]LogTextLocalizationManager: No specific localization for 'en-GB' exists, so the 'en' localization will be used.
[2020.10.20-09.49.57:160][  0]LogInit: Setting process to per monitor DPI aware
[2020.10.20-09.49.57:200][  0]LogSlate: New Slate User Created.  User Index 0, Is Virtual User: 0
[2020.10.20-09.49.57:200][  0]LogSlate: Slate User Registered.  User Index 0, Is Virtual User: 0
[2020.10.20-09.49.57:337][  0]LogHMD: Failed to initialize OpenVR with code 110
[2020.10.20-09.49.57:337][  0]LogD3D11RHI: D3D11 min allowed feature level: 11_0
[2020.10.20-09.49.57:337][  0]LogD3D11RHI: D3D11 max allowed feature level: 11_0
[2020.10.20-09.49.57:337][  0]LogD3D11RHI: D3D11 adapters:
[2020.10.20-09.49.57:441][  0]LogD3D11RHI:    0. 'NVIDIA GeForce GTX 1070' (Feature Level 11_0)
[2020.10.20-09.49.57:441][  0]LogD3D11RHI:       8088/0/8167 MB DedicatedVideo/DedicatedSystem/SharedSystem, Outputs:1, VendorId:0x10de
[2020.10.20-09.49.57:444][  0]LogD3D11RHI:    1. 'Microsoft Basic Render Driver' (Feature Level 11_0)
[2020.10.20-09.49.57:444][  0]LogD3D11RHI:       0/0/8167 MB DedicatedVideo/DedicatedSystem/SharedSystem, Outputs:0, VendorId:0x1414
[2020.10.20-09.49.57:444][  0]LogD3D11RHI: Chosen D3D11 Adapter: 0
[2020.10.20-09.49.57:454][  0]LogD3D11RHI: Creating new Direct3DDevice
[2020.10.20-09.49.57:454][  0]LogD3D11RHI:     GPU DeviceId: 0x1b81 (for the marketing name, search the web for "GPU Device Id")
[2020.10.20-09.49.57:454][  0]LogWindows: EnumDisplayDevices:
[2020.10.20-09.49.57:454][  0]LogWindows:    0. 'NVIDIA GeForce GTX 1070' (P:1 D:1)
[2020.10.20-09.49.57:455][  0]LogWindows:    1. 'NVIDIA GeForce GTX 1070' (P:0 D:0)
[2020.10.20-09.49.57:455][  0]LogWindows:    2. 'NVIDIA GeForce GTX 1070' (P:0 D:0)
[2020.10.20-09.49.57:455][  0]LogWindows:    3. 'NVIDIA GeForce GTX 1070' (P:0 D:0)
[2020.10.20-09.49.57:455][  0]LogWindows: DebugString: FoundDriverCount:4 
[2020.10.20-09.49.57:456][  0]LogD3D11RHI:     Adapter Name: NVIDIA GeForce GTX 1070
[2020.10.20-09.49.57:456][  0]LogD3D11RHI:   Driver Version: 432.00 (internal:26.21.14.3200, unified:432.00)
[2020.10.20-09.49.57:456][  0]LogD3D11RHI:      Driver Date: 7-24-2019
[2020.10.20-09.49.57:456][  0]LogRHI: Texture pool is 5661 MB (70% of 8088 MB)
[2020.10.20-09.49.57:514][  0]LogD3D11RHI: RHI has support for 64 bit atomics
[2020.10.20-09.49.57:515][  0]LogD3D11RHI: [Aftermath] Enabled and primed
[2020.10.20-09.49.57:515][  0]LogD3D11RHI: Async texture creation enabled
[2020.10.20-09.49.57:515][  0]LogD3D11RHI: Array index from any shader is supported
[2020.10.20-09.49.57:582][  0]LogD3D11RHI: GPU Timing Frequency: 1000.000000 (Debug: 2 1)
[2020.10.20-09.49.57:901][  0]LogTargetPlatformManager: Display: Loaded TargetPlatform 'AllDesktop'
[2020.10.20-09.49.57:927][  0]LogTargetPlatformManager: Display: Loaded TargetPlatform 'Android'
[2020.10.20-09.49.57:927][  0]LogTargetPlatformManager: Display: Loaded TargetPlatform 'Android_ASTC'
[2020.10.20-09.49.57:927][  0]LogTargetPlatformManager: Display: Loaded TargetPlatform 'Android_DXT'
[2020.10.20-09.49.57:927][  0]LogTargetPlatformManager: Display: Loaded TargetPlatform 'Android_ETC2'
[2020.10.20-09.49.57:928][  0]LogTargetPlatformManager: Display: Loaded TargetPlatform 'AndroidClient'
[2020.10.20-09.49.57:928][  0]LogTargetPlatformManager: Display: Loaded TargetPlatform 'Android_ASTCClient'
[2020.10.20-09.49.57:928][  0]LogTargetPlatformManager: Display: Loaded TargetPlatform 'Android_DXTClient'
[2020.10.20-09.49.57:928][  0]LogTargetPlatformManager: Display: Loaded TargetPlatform 'Android_ETC2Client'
[2020.10.20-09.49.57:928][  0]LogTargetPlatformManager: Display: Loaded TargetPlatform 'Android_Multi'
[2020.10.20-09.49.57:928][  0]LogTargetPlatformManager: Display: Loaded TargetPlatform 'Android_MultiClient'
[2020.10.20-09.49.57:956][  0]LogTargetPlatformManager: Display: Loaded TargetPlatform 'IOSClient'
[2020.10.20-09.49.57:956][  0]LogTargetPlatformManager: Display: Loaded TargetPlatform 'IOS'
[2020.10.20-09.49.57:968][  0]LogTargetPlatformManager: Display: Loaded TargetPlatform 'Linux'
[2020.10.20-09.49.57:979][  0]LogTargetPlatformManager: Display: Loaded TargetPlatform 'LinuxNoEditor'
[2020.10.20-09.49.57:991][  0]LogTargetPlatformManager: Display: Loaded TargetPlatform 'LinuxClient'
[2020.10.20-09.49.58:002][  0]LogTargetPlatformManager: Display: Loaded TargetPlatform 'LinuxServer'
[2020.10.20-09.49.58:013][  0]LogTargetPlatformManager: Display: Loaded TargetPlatform 'LinuxAArch64NoEditor'
[2020.10.20-09.49.58:024][  0]LogTargetPlatformManager: Display: Loaded TargetPlatform 'LinuxAArch64Client'
[2020.10.20-09.49.58:035][  0]LogTargetPlatformManager: Display: Loaded TargetPlatform 'LinuxAArch64Server'
[2020.10.20-09.49.58:066][  0]LogTargetPlatformManager: Display: Loaded TargetPlatform 'Lumin'
[2020.10.20-09.49.58:066][  0]LogTargetPlatformManager: Display: Loaded TargetPlatform 'LuminClient'
[2020.10.20-09.49.58:085][  0]LogTargetPlatformManager: Display: Loaded TargetPlatform 'TVOSClient'
[2020.10.20-09.49.58:085][  0]LogTargetPlatformManager: Display: Loaded TargetPlatform 'TVOS'
[2020.10.20-09.49.58:096][  0]LogTargetPlatformManager: Display: Loaded TargetPlatform 'WindowsNoEditor'
[2020.10.20-09.49.58:107][  0]LogTargetPlatformManager: Display: Loaded TargetPlatform 'Windows'
[2020.10.20-09.49.58:118][  0]LogTargetPlatformManager: Display: Loaded TargetPlatform 'WindowsClient'
[2020.10.20-09.49.58:129][  0]LogTargetPlatformManager: Display: Loaded TargetPlatform 'WindowsServer'
[2020.10.20-09.49.58:129][  0]LogTargetPlatformManager: Display: Building Assets For Windows
[2020.10.20-09.49.58:138][  0]LogAudioDebug: Display: Lib vorbis DLL was dynamically loaded.
[2020.10.20-09.49.58:206][  0]LogShaderCompilers: Guid format shader working directory is 7 characters bigger than the processId version (../../../../HideNsneak/HideNSneakUnreal/Intermediate/Shaders/WorkingDirectory/5104/).
[2020.10.20-09.49.58:206][  0]LogShaderCompilers: Cleaned the shader compiler working directory 'C:/Users/Oskar/AppData/Local/Temp/UnrealShaderWorkingDir/5D2EEDF8478E09C790126292FCB85794/'.
[2020.10.20-09.49.58:207][  0]LogXGEController: Cleaning working directory: C:/Users/Oskar/AppData/Local/Temp/UnrealXGEWorkingDir/
[2020.10.20-09.49.58:207][  0]LogXGEController: Cannot use XGE Controller as Incredibuild is not installed on this machine.
[2020.10.20-09.49.58:207][  0]LogShaderCompilers: Cannot use XGE Shader Compiler as Incredibuild is not installed on this machine.
[2020.10.20-09.49.58:207][  0]LogShaderCompilers: Display: Using Local Shader Compiler.
[2020.10.20-09.49.59:119][  0]LogDerivedDataCache: Display: Max Cache Size: 512 MB
[2020.10.20-09.49.59:176][  0]LogDerivedDataCache: Loaded boot cache 0.06s 75MB C:/Users/Oskar/AppData/Local/UnrealEngine/4.25/DerivedDataCache/Boot.ddc.
[2020.10.20-09.49.59:176][  0]LogDerivedDataCache: Display: Loaded Boot cache: C:/Users/Oskar/AppData/Local/UnrealEngine/4.25/DerivedDataCache/Boot.ddc
[2020.10.20-09.49.59:176][  0]LogDerivedDataCache: FDerivedDataBackendGraph:  Pak pak cache file ../../../../HideNsneak/HideNSneakUnreal/DerivedDataCache/DDC.ddp not found, will not use a pak cache.
[2020.10.20-09.49.59:176][  0]LogDerivedDataCache: Unable to find inner node Pak for hierarchical cache Hierarchy.
[2020.10.20-09.49.59:176][  0]LogDerivedDataCache: FDerivedDataBackendGraph:  CompressedPak pak cache file ../../../../HideNsneak/HideNSneakUnreal/DerivedDataCache/Compressed.ddp not found, will not use a pak cache.
[2020.10.20-09.49.59:176][  0]LogDerivedDataCache: Unable to find inner node CompressedPak for hierarchical cache Hierarchy.
[2020.10.20-09.49.59:189][  0]LogDerivedDataCache: Display: Pak cache opened for reading ../../../Engine/DerivedDataCache/Compressed.ddp.
[2020.10.20-09.49.59:189][  0]LogDerivedDataCache: FDerivedDataBackendGraph:  EnterprisePak pak cache file ../../../Enterprise/DerivedDataCache/Compressed.ddp not found, will not use a pak cache.
[2020.10.20-09.49.59:189][  0]LogDerivedDataCache: Unable to find inner node EnterprisePak for hierarchical cache Hierarchy.
[2020.10.20-09.49.59:191][  0]LogDerivedDataCache: Using Local data cache path C:/Users/Oskar/AppData/Local/UnrealEngine/Common/DerivedDataCache: Writable
[2020.10.20-09.49.59:191][  0]LogDerivedDataCache: Shared data cache path not found in *engine.ini, will not use an Shared cache.
[2020.10.20-09.49.59:191][  0]LogDerivedDataCache: Unable to find inner node Shared for hierarchical cache Hierarchy.
[2020.10.20-09.49.59:252][  0]LogSlate: Using FreeType 2.10.0
[2020.10.20-09.49.59:253][  0]LogSlate: SlateFontServices - WITH_FREETYPE: 1, WITH_HARFBUZZ: 1
[2020.10.20-09.49.59:279][  0]LogAssetRegistry: FAssetRegistry took 0.0032 seconds to start up
[2020.10.20-09.49.59:570][  0]LogInit: Selected Device Profile: [Windows]
[2020.10.20-09.49.59:697][  0]LogMeshReduction: Using QuadricMeshReduction for automatic static mesh reduction
[2020.10.20-09.49.59:697][  0]LogMeshReduction: Using SimplygonMeshReduction for automatic skeletal mesh reduction
[2020.10.20-09.49.59:697][  0]LogMeshReduction: Using ProxyLODMeshReduction for automatic mesh merging
[2020.10.20-09.49.59:697][  0]LogMeshReduction: No distributed automatic mesh merging module available
[2020.10.20-09.49.59:697][  0]LogMeshMerging: No distributed automatic mesh merging module available
[2020.10.20-09.49.59:716][  0]LogNetVersion: HideNSneakUnreal 1.0.0, NetCL: 13144385, EngineNetVer: 14, GameNetVer: 0 (Checksum: 3367979030)
[2020.10.20-09.50.00:258][  0]LogAISub: UAISubsystem::UAISubsystem AISubsystem (00000217768642C0), frame # 0
[2020.10.20-09.50.00:258][  0]LogAISub: UAISubsystem::UAISubsystem AIPerceptionSystem (00000217767B1080), frame # 0
[2020.10.20-09.50.00:259][  0]LogAISub: UAISubsystem::UAISubsystem EnvQueryManager (00000217767F5E00), frame # 0
[2020.10.20-09.50.00:305][  0]LogPackageLocalizationCache: Processed 19 localized package path(s) for 1 prioritized culture(s) in 0.038457 seconds
[2020.10.20-09.50.00:312][  0]LogUObjectArray: 15917 objects as part of root set at end of initial load.
[2020.10.20-09.50.00:312][  0]LogUObjectAllocator: 3965568 out of 0 bytes used by permanent object pool.
[2020.10.20-09.50.00:312][  0]LogUObjectArray: CloseDisregardForGC: 0/0 objects in disregard for GC pool
[2020.10.20-09.50.00:735][  0]LogTcpMessaging: Initializing TcpMessaging bridge
[2020.10.20-09.50.00:740][  0]LogUdpMessaging: Initializing bridge on interface 0.0.0.0:0 to multicast group 230.0.0.1:6666.
[2020.10.20-09.50.00:877][  0]SourceControl: Source control is disabled
[2020.10.20-09.50.00:877][  0]SourceControl: Source control is disabled
[2020.10.20-09.50.00:881][  0]SourceControl: Source control is disabled
[2020.10.20-09.50.00:884][  0]SourceControl: Source control is disabled
[2020.10.20-09.50.00:892][  0]SourceControl: Source control is disabled
[2020.10.20-09.50.01:170][  0]LogAndroidPermission: UAndroidPermissionCallbackProxy::GetInstance
[2020.10.20-09.50.01:195][  0]LogAudioCaptureCore: Display: No Audio Capture implementations found. Audio input will be silent.
[2020.10.20-09.50.01:196][  0]LogAudioCaptureCore: Display: No Audio Capture implementations found. Audio input will be silent.
[2020.10.20-09.50.01:262][  0]LogOcInput: OculusInput pre-init called
[2020.10.20-09.50.01:274][  0]LogWindows: Failed to load 'OVRPlugin.dll' (GetLastError=126)
[2020.10.20-09.50.01:274][  0]LogWindows: File 'OVRPlugin.dll' does not exist
[2020.10.20-09.50.01:352][  0]LogEngine: Initializing Engine...
[2020.10.20-09.50.01:354][  0]LogHMD: Failed to initialize OpenVR with code 110
[2020.10.20-09.50.01:354][  0]LogMagicLeap: Warning: VR disabled because ZI is not enabled.  To enable, in the editor, Edit -> Project Settings -> Plugins -> Magic Leap Plugin -> Enable Zero Iteration
[2020.10.20-09.50.01:355][  0]LogStats: UGameplayTagsManager::InitializeManager -  0.000 s
[2020.10.20-09.50.01:496][  0]LogInit: Initializing FReadOnlyCVARCache
[2020.10.20-09.50.01:505][  0]LogAIModule: Creating AISystem for world Untitled
[2020.10.20-09.50.01:505][  0]LogAISub: UAISubsystem::UAISubsystem EnvQueryManager (000002177C28FC00), frame # 0
[2020.10.20-09.50.01:505][  0]LogAISub: UAISubsystem::UAISubsystem AIPerceptionSystem (000002177C29BB00), frame # 0
[2020.10.20-09.50.01:607][  0]LogAudioMixer: Display: Audio Mixer Platform Settings:
[2020.10.20-09.50.01:607][  0]LogAudioMixer: Display: 	Sample Rate:						  48000
[2020.10.20-09.50.01:607][  0]LogAudioMixer: Display: 	Callback Buffer Frame Size Requested: 1024
[2020.10.20-09.50.01:607][  0]LogAudioMixer: Display: 	Callback Buffer Frame Size To Use:	  1024
[2020.10.20-09.50.01:607][  0]LogAudioMixer: Display: 	Number of buffers to queue:			  2
[2020.10.20-09.50.01:607][  0]LogAudioMixer: Display: 	Max Channels (voices):				  32
[2020.10.20-09.50.01:607][  0]LogAudioMixer: Display: 	Number of Async Source Workers:		  0
[2020.10.20-09.50.01:607][  0]LogAudio: Display: AudioDevice MaxSources: 32
[2020.10.20-09.50.01:608][  0]LogAudio: Display: Using built-in audio occlusion.
[2020.10.20-09.50.01:608][  0]LogAudioMixer: Display: Initializing audio mixer.
[2020.10.20-09.50.01:626][  0]LogAudioMixer: Display: 0: FrontLeft
[2020.10.20-09.50.01:626][  0]LogAudioMixer: Display: 1: FrontRight
[2020.10.20-09.50.01:687][  0]LogAudioMixer: Display: Using Audio Device Speakers (Realtek High Definition Audio)
[2020.10.20-09.50.01:691][  0]LogAudioMixer: Display: Initializing Sound Submixes...
[2020.10.20-09.50.01:693][  0]LogAudioMixer: Display: Creating Master Submix 'MasterSubmixDefault'
[2020.10.20-09.50.01:693][  0]LogAudioMixer: Display: Creating Master Submix 'MasterReverbSubmixDefault'
[2020.10.20-09.50.01:694][  0]LogAudioMixer: Display: Creating Master Submix 'MasterEQSubmixDefault'
[2020.10.20-09.50.01:696][  0]LogInit: FAudioDevice initialized.
[2020.10.20-09.50.01:696][  0]LogNetVersion: Set ProjectVersion to 1.0.0.0. Version Checksum will be recalculated on next use.
[2020.10.20-09.50.01:890][  0]LogDerivedDataCache: Saved boot cache 0.19s 75MB C:/Users/Oskar/AppData/Local/UnrealEngine/4.25/DerivedDataCache/Boot.ddc.
[2020.10.20-09.50.01:891][  0]LogInit: Texture streaming: Enabled
[2020.10.20-09.50.01:941][  0]LogEngineSessionManager: EngineSessionManager initialized
[2020.10.20-09.50.01:986][  0]LogEngineSessionManager: EngineSessionManager sent abnormal shutdown report. Type=Crashed, SessionId={8F575B59-4638-B059-D677-E5B9C2D67D38}
[2020.10.20-09.50.01:986][  0]LogEditorSessionSummary: Verbose: Initializing EditorSessionSummaryWriter for editor session tracking
[2020.10.20-09.50.01:988][  0]LogEditorSessionSummary: EditorSessionSummaryWriter initialized
[2020.10.20-09.50.02:041][  0]LogInit: Transaction tracking system initialized
[2020.10.20-09.50.02:066][  0]BlueprintLog: New page: Editor Load
[2020.10.20-09.50.02:151][  0]LocalizationService: Localization service is disabled
[2020.10.20-09.50.02:315][  0]LogCook: Display: Max memory allowance for cook 16384mb min free memory 0mb
[2020.10.20-09.50.02:315][  0]LogCook: Display: Mobile HDR setting 1
[2020.10.20-09.50.02:470][  0]LogFileCache: Scanning file cache for directory 'D:/HideNsneak/HideNSneakUnreal/Content/' took 0.00s
[2020.10.20-09.50.02:658][  0]SourceControl: Source control is disabled
[2020.10.20-09.50.02:658][  0]LogUnrealEdMisc: Loading editor; pre map load, took 7.280
[2020.10.20-09.50.02:658][  0]Cmd: MAP LOAD FILE="../../../../HideNsneak/HideNSneakUnreal/Content/ThirdPersonBP/Maps/ThirdPersonExampleMap.umap" TEMPLATE=0 SHOWPROGRESS=1 FEATURELEVEL=3
[2020.10.20-09.50.02:659][  0]LightingResults: New page: Lighting Build
[2020.10.20-09.50.02:659][  0]LogWorld: UWorld::CleanupWorld for Untitled, bSessionEnded=true, bCleanupResources=true
[2020.10.20-09.50.02:660][  0]LogSlate: InvalidateAllWidgets triggered.  All widgets were invalidated
[2020.10.20-09.50.02:660][  0]MapCheck: New page: Map Check
[2020.10.20-09.50.02:660][  0]LightingResults: New page: Lighting Build
[2020.10.20-09.50.02:680][  0]LogAISub: UAISubsystem::~UAISubsystem EnvQueryManager (000002177C28FC00), frame # 0
[2020.10.20-09.50.02:680][  0]LogAISub: UAISubsystem::~UAISubsystem AIPerceptionSystem (000002177C29BB00), frame # 0
[2020.10.20-09.50.02:681][  0]LogUObjectHash: Compacting FUObjectHashTables data took   0.93ms
[2020.10.20-09.50.02:725][  0]LogLinker: Warning: While loading '../../../../HideNsneak/HideNSneakUnreal/Content/ThirdPersonBP/Maps/ThirdPersonExampleMap.umap' failed to load '/Game/ThirdPersonBP/Maps/ThirdPersonExampleMap_BuiltData': Can't find file.
[2020.10.20-09.50.02:725][  0]LogLinker: Warning: While loading '../../../../HideNsneak/HideNSneakUnreal/Content/ThirdPersonBP/Maps/ThirdPersonExampleMap.umap' failed to load '/Game/ThirdPersonBP/Maps/ThirdPersonExampleMap_BuiltData': Can't find file.
[2020.10.20-09.50.02:730][  0]LogLinker: Warning: While loading '../../../../HideNsneak/HideNSneakUnreal/Content/ThirdPersonBP/Maps/ThirdPersonExampleMap.umap' failed to load '/Game/ThirdPersonBP/Maps/ThirdPersonExampleMap_BuiltData': Can't find file.
[2020.10.20-09.50.02:730][  0]LogLinker: Warning: While loading '../../../../HideNsneak/HideNSneakUnreal/Content/ThirdPersonBP/Maps/ThirdPersonExampleMap.umap' failed to load '/Game/ThirdPersonBP/Maps/ThirdPersonExampleMap_BuiltData': Can't find file.
[2020.10.20-09.50.02:731][  0]LogLinker: Warning: Failed to load '/Game/ThirdPersonBP/Maps/ThirdPersonExampleMap_BuiltData': Can't find file.
[2020.10.20-09.50.02:731][  0]LogLinker: Warning: Failed to load '/Game/ThirdPersonBP/Maps/ThirdPersonExampleMap_BuiltData': Can't find file.
[2020.10.20-09.50.02:731][  0]LogLinker: Warning: Failed to load '/Game/ThirdPersonBP/Maps/ThirdPersonExampleMap_BuiltData': Can't find file.
[2020.10.20-09.50.02:731][  0]LogLinker: Warning: Failed to load '/Game/ThirdPersonBP/Maps/ThirdPersonExampleMap_BuiltData': Can't find file.
[2020.10.20-09.50.02:736][  0]LogLinker: Warning: While loading '../../../../HideNsneak/HideNSneakUnreal/Content/ThirdPersonBP/Maps/ThirdPersonExampleMap.umap' failed to load '/Game/ThirdPersonBP/Maps/ThirdPersonExampleMap_BuiltData': Can't find file.
[2020.10.20-09.50.02:736][  0]LoadErrors: Failed to load /Game/ThirdPersonBP/Maps/ThirdPersonExampleMap_BuiltData.ThirdPersonExampleMap_BuiltData Referenced by PersistentLevel
[2020.10.20-09.50.02:736][  0]LogLinker: Warning: While loading '../../../../HideNsneak/HideNSneakUnreal/Content/ThirdPersonBP/Maps/ThirdPersonExampleMap.umap' failed to load '/Game/ThirdPersonBP/Maps/ThirdPersonExampleMap_BuiltData': Can't find file.
[2020.10.20-09.50.02:736][  0]LoadErrors: Failed to load /Game/ThirdPersonBP/Maps/ThirdPersonExampleMap_BuiltData.ThirdPersonExampleMap_BuiltData Referenced by PersistentLevel
[2020.10.20-09.50.02:757][  0]LogAIModule: Creating AISystem for world ThirdPersonExampleMap
[2020.10.20-09.50.02:757][  0]LogAISub: UAISubsystem::UAISubsystem EnvQueryManager (000002177C59FE00), frame # 0
[2020.10.20-09.50.02:757][  0]LogAISub: UAISubsystem::UAISubsystem AIPerceptionSystem (0000021775B6A700), frame # 0
[2020.10.20-09.50.02:832][  0]LogEditorServer: Finished looking for orphan Actors (0.000 secs)
[2020.10.20-09.50.02:851][  0]LogUObjectHash: Compacting FUObjectHashTables data took   0.98ms
[2020.10.20-09.50.02:851][  0]Cmd: MAP CHECKDEP NOCLEARLOG
[2020.10.20-09.50.02:851][  0]MapCheck: Map check complete: 0 Error(s), 0 Warning(s), took 0,133ms to complete.
[2020.10.20-09.50.02:851][  0]LogFileHelpers: Loading map 'ThirdPersonExampleMap' took 0.193
[2020.10.20-09.50.02:853][  0]LogUnrealEdMisc: Total Editor Startup Time, took 7.476
[2020.10.20-09.50.03:003][  0]LogSlate: Updating window title bar state: overlay mode, drag disabled, window buttons hidden, title bar hidden
[2020.10.20-09.50.03:012][  0]LogSlate: Updating window title bar state: overlay mode, drag disabled, window buttons hidden, title bar hidden
[2020.10.20-09.50.03:021][  0]LogSlate: Updating window title bar state: overlay mode, drag disabled, window buttons hidden, title bar hidden
[2020.10.20-09.50.03:031][  0]LogSlate: Updating window title bar state: overlay mode, drag disabled, window buttons hidden, title bar hidden
[2020.10.20-09.50.03:038][  0]LogCollectionManager: Loaded 0 collections in 0.001025 seconds
[2020.10.20-09.50.03:057][  0]LogFileCache: Scanning file cache for directory 'D:/HideNsneak/HideNSneakUnreal/Saved/Collections/' took 0.00s
[2020.10.20-09.50.03:057][  0]LogFileCache: Scanning file cache for directory 'D:/HideNsneak/HideNSneakUnreal/Content/Developers/Oskar/Collections/' took 0.00s
[2020.10.20-09.50.03:057][  0]LogFileCache: Scanning file cache for directory 'D:/HideNsneak/HideNSneakUnreal/Content/Collections/' took 0.00s
[2020.10.20-09.50.03:057][  0]LogContentBrowser: Native class hierarchy populated in 0.0123 seconds. Added 3431 classes and 823 folders.
[2020.10.20-09.50.03:062][  0]LogContentBrowser: Native class hierarchy updated for 'WidgetCarousel' in 0.0004 seconds. Added 0 classes and 0 folders.
[2020.10.20-09.50.03:111][  0]LogContentBrowser: Native class hierarchy updated for 'AddContentDialog' in 0.0005 seconds. Added 0 classes and 0 folders.
[2020.10.20-09.50.03:113][  0]LogContentBrowser: Native class hierarchy updated for 'SceneOutliner' in 0.0004 seconds. Added 2 classes and 0 folders.
[2020.10.20-09.50.03:143][  0]LogContentBrowser: Native class hierarchy updated for 'HierarchicalLODOutliner' in 0.0005 seconds. Added 0 classes and 0 folders.
[2020.10.20-09.50.03:143][  0]LogLoad: (Engine Initialization) Total time: 7.77 seconds
[2020.10.20-09.50.03:143][  0]LogLoad: (Engine Initialization) Total Blueprint compile time: 0.00 seconds
[2020.10.20-09.50.03:185][  0]LogAssetRegistry: Asset discovery search completed in 3.9074 seconds
[2020.10.20-09.50.03:190][  0]LogCollectionManager: Fixed up redirectors for 0 collections in 0.000003 seconds (updated 0 objects)
[2020.10.20-09.50.03:191][  0]LogContentStreaming: Texture pool size now 1000 MB
[2020.10.20-09.50.03:253][  0]LogSlate: Took 0.000138 seconds to synchronously load lazily loaded font '../../../Engine/Content/Slate/Fonts/Roboto-Regular.ttf' (155K)
[2020.10.20-09.50.03:255][  0]LogSlate: Took 0.000100 seconds to synchronously load lazily loaded font '../../../Engine/Content/Slate/Fonts/Roboto-Bold.ttf' (160K)
[2020.10.20-09.50.03:261][  0]LogSlate: Took 0.000185 seconds to synchronously load lazily loaded font '../../../Engine/Content/Editor/Slate/Fonts/FontAwesome.ttf' (139K)
[2020.10.20-09.50.03:352][  0]LogRenderer: Reallocating scene render targets to support 1156x700 Format 10 NumSamples 1 (Frame:1).
[2020.10.20-09.50.03:352][  0]LogSlate: Took 0.000171 seconds to synchronously load lazily loaded font '../../../Engine/Content/Slate/Fonts/DroidSansMono.ttf' (77K)
[2020.10.20-09.50.19:502][468]LogSlate: Took 0.000187 seconds to synchronously load lazily loaded font '../../../Engine/Content/Slate/Fonts/Roboto-Light.ttf' (167K)
[2020.10.20-09.50.19:521][468]LogAssetEditorSubsystem: Opening Asset editor for World /Game/Oskar/Maps/OskarsTestZone.OskarsTestZone
[2020.10.20-09.50.19:543][468]LogUObjectHash: Compacting FUObjectHashTables data took   1.11ms
[2020.10.20-09.50.19:544][468]Cmd: MAP LOAD FILE="../../../../HideNsneak/HideNSneakUnreal/Content/Oskar/Maps/OskarsTestZone.umap" TEMPLATE=0 SHOWPROGRESS=1 FEATURELEVEL=3
[2020.10.20-09.50.19:544][468]LightingResults: New page: Lighting Build
[2020.10.20-09.50.19:545][468]LoadErrors: New page: Loading map: OskarsTestZone.umap
[2020.10.20-09.50.19:546][468]LogWorld: UWorld::CleanupWorld for ThirdPersonExampleMap, bSessionEnded=true, bCleanupResources=true
[2020.10.20-09.50.19:546][468]LogSlate: InvalidateAllWidgets triggered.  All widgets were invalidated
[2020.10.20-09.50.19:546][468]MapCheck: New page: Map Check
[2020.10.20-09.50.19:546][468]LightingResults: New page: Lighting Build
[2020.10.20-09.50.19:563][468]LogAISub: UAISubsystem::~UAISubsystem EnvQueryManager (000002177C59FE00), frame # 1468
[2020.10.20-09.50.19:563][468]LogAISub: UAISubsystem::~UAISubsystem AIPerceptionSystem (0000021775B6A700), frame # 1468
[2020.10.20-09.50.19:564][468]LogUObjectHash: Compacting FUObjectHashTables data took   0.85ms
[2020.10.20-09.50.19:569][468]LogEditorServer: Finished looking for orphan Actors (0.000 secs)
[2020.10.20-09.50.19:569][468]LogAIModule: Creating AISystem for world OskarsTestZone
[2020.10.20-09.50.19:569][468]LogAISub: UAISubsystem::UAISubsystem EnvQueryManager (000002177C59F200), frame # 1468
[2020.10.20-09.50.19:569][468]LogAISub: UAISubsystem::UAISubsystem AIPerceptionSystem (0000021775C4A0C0), frame # 1468
[2020.10.20-09.50.19:589][468]LogUObjectHash: Compacting FUObjectHashTables data took   0.77ms
[2020.10.20-09.50.19:614][468]Cmd: MAP CHECKDEP NOCLEARLOG
[2020.10.20-09.50.19:614][468]MapCheck: Map check complete: 0 Error(s), 0 Warning(s), took 0,093ms to complete.
[2020.10.20-09.50.19:614][468]LogFileHelpers: Loading map 'OskarsTestZone' took 0.070
[2020.10.20-09.50.22:813][804]Candidate modules for hot reload:
[2020.10.20-09.50.22:813][804]  HideNSneakUnreal
[2020.10.20-09.50.22:813][804]Launching UnrealBuildTool... [D:/UE_4.25/Engine/Binaries/DotNET/UnrealBuildTool.exe  -ModuleWithSuffix=HideNSneakUnreal,9973 HideNSneakUnrealEditor Win64 Development -Project="D:/HideNsneak/HideNSneakUnreal/HideNSneakUnreal.uproject" "D:/HideNsneak/HideNSneakUnreal/HideNSneakUnreal.uproject"  -IgnoreJunk]
[2020.10.20-09.50.22:816][804]Warning: Starting HotReload took  0.0s.
[2020.10.20-09.50.25:059][ 24]CompilerResultsLog: New page: Compilation - 20 Oct 2020, 13:50:25
[2020.10.20-09.50.25:059][ 24]CompilerResultsLog: Using 'git status' to determine working set for adaptive non-unity build (D:\HideNsneak).
[2020.10.20-09.50.25:059][ 24]CompilerResultsLog: Building HideNSneakUnrealEditor...
[2020.10.20-09.50.25:059][ 24]CompilerResultsLog: Using Visual Studio 2019 14.25.28614 toolchain (C:\Program Files (x86)\Microsoft Visual Studio\2019\Community\VC\Tools\MSVC\14.25.28610) and Windows 10.0.18362.0 SDK (C:\Program Files (x86)\Windows Kits\10).
[2020.10.20-09.50.25:059][ 24]CompilerResultsLog: Building 3 actions with 16 processes...
[2020.10.20-09.50.25:059][ 24]CompilerResultsLog:   [1/3] UE4Editor-HideNSneakUnreal-9973.lib
[2020.10.20-09.50.25:059][ 24]CompilerResultsLog:      Creating library D:\HideNsneak\HideNSneakUnreal\Intermediate\Build\Win64\UE4Editor\Development\HideNSneakUnreal\UE4Editor-HideNSneakUnreal-9973.lib and object D:\HideNsneak\HideNSneakUnreal\Intermediate\Build\Win64\UE4Editor\Development\HideNSneakUnreal\UE4Editor-HideNSneakUnreal-9973.exp
[2020.10.20-09.50.25:059][ 24]CompilerResultsLog:   [2/3] UE4Editor-HideNSneakUnreal-9973.dll
[2020.10.20-09.50.25:059][ 24]CompilerResultsLog:      Creating library D:\HideNsneak\HideNSneakUnreal\Intermediate\Build\Win64\UE4Editor\Development\HideNSneakUnreal\UE4Editor-HideNSneakUnreal-9973.suppressed.lib and object D:\HideNsneak\HideNSneakUnreal\Intermediate\Build\Win64\UE4Editor\Development\HideNSneakUnreal\UE4Editor-HideNSneakUnreal-9973.suppressed.exp
[2020.10.20-09.50.25:059][ 24]CompilerResultsLog:   [3/3] HideNSneakUnrealEditor.target
[2020.10.20-09.50.25:059][ 24]CompilerResultsLog: Total time in Parallel executor: 1,29 seconds
[2020.10.20-09.50.25:059][ 24]CompilerResultsLog: Total execution time: 2,07 seconds
[2020.10.20-09.50.25:059][ 24]LogMainFrame: MainFrame: Module compiling took 2.253 seconds
[2020.10.20-09.50.25:069][ 24]LogContentBrowser: Native class hierarchy updated for 'HideNSneakUnreal' in 0.0005 seconds. Added 4 classes and 2 folders.
[2020.10.20-09.50.25:071][ 24]Display: HotReload successful (0 functions remapped  0 scriptstructs remapped)
[2020.10.20-09.50.25:131][ 24]LogContentBrowser: Native class hierarchy populated in 0.0122 seconds. Added 3431 classes and 823 folders.
[2020.10.20-09.50.25:138][ 24]Display: HotReload took  2.3s.
[2020.10.20-09.50.42:776][296]LogEditorViewport: Clicking on Actor (LMB): StaticMeshActor (Floor)
[2020.10.20-09.50.43:641][370]Candidate modules for hot reload:
[2020.10.20-09.50.43:641][370]  HideNSneakUnreal
[2020.10.20-09.50.43:641][370]Launching UnrealBuildTool... [D:/UE_4.25/Engine/Binaries/DotNET/UnrealBuildTool.exe  -ModuleWithSuffix=HideNSneakUnreal,769 HideNSneakUnrealEditor Win64 Development -Project="D:/HideNsneak/HideNSneakUnreal/HideNSneakUnreal.uproject" "D:/HideNsneak/HideNSneakUnreal/HideNSneakUnreal.uproject"  -IgnoreJunk]
[2020.10.20-09.50.43:644][370]Warning: Starting HotReload took  0.0s.
[2020.10.20-09.50.44:889][460]CompilerResultsLog: New page: Compilation - 20 Oct 2020, 13:50:44
[2020.10.20-09.50.44:889][460]CompilerResultsLog: Using 'git status' to determine working set for adaptive non-unity build (D:\HideNsneak).
[2020.10.20-09.50.44:889][460]CompilerResultsLog: Building HideNSneakUnrealEditor...
[2020.10.20-09.50.44:889][460]CompilerResultsLog: Using Visual Studio 2019 14.25.28614 toolchain (C:\Program Files (x86)\Microsoft Visual Studio\2019\Community\VC\Tools\MSVC\14.25.28610) and Windows 10.0.18362.0 SDK (C:\Program Files (x86)\Windows Kits\10).
[2020.10.20-09.50.44:889][460]CompilerResultsLog: Building 4 actions with 16 processes...
[2020.10.20-09.50.44:889][460]CompilerResultsLog:   [1/4] moveableBox.cpp
[2020.10.20-09.50.44:889][460]CompilerResultsLog:    D:\HideNsneak\HideNSneakUnreal\Source\HideNSneakUnreal\moveableBox.cpp(24) : error C2100: illegal indirection
[2020.10.20-09.50.44:889][460]LogMainFrame: MainFrame: Module compiling took 1.255 seconds
[2020.10.20-09.50.44:889][460]Warning: HotReload failed, recompile failed
[2020.10.20-09.51.53:482][778]Candidate modules for hot reload:
[2020.10.20-09.51.53:482][778]  HideNSneakUnreal
[2020.10.20-09.51.53:483][778]Launching UnrealBuildTool... [D:/UE_4.25/Engine/Binaries/DotNET/UnrealBuildTool.exe  -ModuleWithSuffix=HideNSneakUnreal,349 HideNSneakUnrealEditor Win64 Development -Project="D:/HideNsneak/HideNSneakUnreal/HideNSneakUnreal.uproject" "D:/HideNsneak/HideNSneakUnreal/HideNSneakUnreal.uproject"  -IgnoreJunk]
[2020.10.20-09.51.53:485][778]Warning: Starting HotReload took  0.0s.
[2020.10.20-09.51.56:243][ 41]CompilerResultsLog: New page: Compilation - 20 Oct 2020, 13:51:56
[2020.10.20-09.51.56:243][ 41]CompilerResultsLog: Using 'git status' to determine working set for adaptive non-unity build (D:\HideNsneak).
[2020.10.20-09.51.56:244][ 41]CompilerResultsLog: Building HideNSneakUnrealEditor...
[2020.10.20-09.51.56:244][ 41]CompilerResultsLog: Using Visual Studio 2019 14.25.28614 toolchain (C:\Program Files (x86)\Microsoft Visual Studio\2019\Community\VC\Tools\MSVC\14.25.28610) and Windows 10.0.18362.0 SDK (C:\Program Files (x86)\Windows Kits\10).
[2020.10.20-09.51.56:244][ 41]CompilerResultsLog: Building 4 actions with 16 processes...
[2020.10.20-09.51.56:244][ 41]CompilerResultsLog:   [1/4] moveableBox.cpp
[2020.10.20-09.51.56:244][ 41]CompilerResultsLog:   [2/4] UE4Editor-HideNSneakUnreal-0349.lib
[2020.10.20-09.51.56:244][ 41]CompilerResultsLog:      Creating library D:\HideNsneak\HideNSneakUnreal\Intermediate\Build\Win64\UE4Editor\Development\HideNSneakUnreal\UE4Editor-HideNSneakUnreal-0349.lib and object D:\HideNsneak\HideNSneakUnreal\Intermediate\Build\Win64\UE4Editor\Development\HideNSneakUnreal\UE4Editor-HideNSneakUnreal-0349.exp
[2020.10.20-09.51.56:244][ 41]CompilerResultsLog:   [3/4] UE4Editor-HideNSneakUnreal-0349.dll
[2020.10.20-09.51.56:244][ 41]CompilerResultsLog:      Creating library D:\HideNsneak\HideNSneakUnreal\Intermediate\Build\Win64\UE4Editor\Development\HideNSneakUnreal\UE4Editor-HideNSneakUnreal-0349.suppressed.lib and object D:\HideNsneak\HideNSneakUnreal\Intermediate\Build\Win64\UE4Editor\Development\HideNSneakUnreal\UE4Editor-HideNSneakUnreal-0349.suppressed.exp
[2020.10.20-09.51.56:244][ 41]CompilerResultsLog:   [4/4] HideNSneakUnrealEditor.target
[2020.10.20-09.51.56:244][ 41]CompilerResultsLog: Total time in Parallel executor: 1,88 seconds
[2020.10.20-09.51.56:244][ 41]CompilerResultsLog: Total execution time: 2,66 seconds
[2020.10.20-09.51.56:244][ 41]LogMainFrame: MainFrame: Module compiling took 2.768 seconds
[2020.10.20-09.51.56:257][ 41]LogContentBrowser: Native class hierarchy populated in 0.0130 seconds. Added 3431 classes and 823 folders.
[2020.10.20-09.51.56:263][ 41]Display: HotReload took  2.8s.
[2020.10.20-09.52.05:177][887]Cmd: OBJ SAVEPACKAGE PACKAGE="/Game/Oskar/Maps/OskarsTestZone" FILE="../../../../HideNsneak/HideNSneakUnreal/Content/Oskar/Maps/OskarsTestZone.umap" SILENT=true AUTOSAVING=false KEEPDIRTY=false
[2020.10.20-09.52.05:195][887]LogUObjectHash: Compacting FUObjectHashTables data took   0.81ms
[2020.10.20-09.52.05:214][887]LogSavePackage: Moving '../../../../HideNsneak/HideNSneakUnreal/Saved/OskarsTestZone427ED0834E314D79DB4F64B0CEBA43A4.tmp' to '../../../../HideNsneak/HideNSneakUnreal/Content/Oskar/Maps/OskarsTestZone.umap'
[2020.10.20-09.52.05:253][887]AssetCheck: New page: Asset Save: OskarsTestZone
[2020.10.20-09.52.05:253][887]LogContentValidation: Display: Validating World /Game/Oskar/Maps/OskarsTestZone.OskarsTestZone
[2020.10.20-09.52.08:228][223]Cmd: OBJ SAVEPACKAGE PACKAGE="/Game/Oskar/Maps/OskarsTestZone" FILE="../../../../HideNsneak/HideNSneakUnreal/Content/Oskar/Maps/OskarsTestZone.umap" SILENT=true AUTOSAVING=false KEEPDIRTY=false
[2020.10.20-09.52.08:246][223]LogUObjectHash: Compacting FUObjectHashTables data took   0.37ms
[2020.10.20-09.52.08:263][223]LogSavePackage: Moving '../../../../HideNsneak/HideNSneakUnreal/Saved/OskarsTestZoneA9B112A6437F4E4DCCDC7390FDB50D14.tmp' to '../../../../HideNsneak/HideNSneakUnreal/Content/Oskar/Maps/OskarsTestZone.umap'
[2020.10.20-09.52.08:299][223]AssetCheck: New page: Asset Save: OskarsTestZone
[2020.10.20-09.52.08:299][223]LogContentValidation: Display: Validating World /Game/Oskar/Maps/OskarsTestZone.OskarsTestZone
[2020.10.20-09.52.10:455][451]Candidate modules for hot reload:
[2020.10.20-09.52.10:455][451]  HideNSneakUnreal
[2020.10.20-09.52.10:455][451]Launching UnrealBuildTool... [D:/UE_4.25/Engine/Binaries/DotNET/UnrealBuildTool.exe  -ModuleWithSuffix=HideNSneakUnreal,879 HideNSneakUnrealEditor Win64 Development -Project="D:/HideNsneak/HideNSneakUnreal/HideNSneakUnreal.uproject" "D:/HideNsneak/HideNSneakUnreal/HideNSneakUnreal.uproject"  -IgnoreJunk]
[2020.10.20-09.52.10:458][451]Warning: Starting HotReload took  0.0s.
[2020.10.20-09.52.12:686][637]CompilerResultsLog: New page: Compilation - 20 Oct 2020, 13:52:12
[2020.10.20-09.52.12:686][637]CompilerResultsLog: Using 'git status' to determine working set for adaptive non-unity build (D:\HideNsneak).
[2020.10.20-09.52.12:686][637]CompilerResultsLog: Building HideNSneakUnrealEditor...
[2020.10.20-09.52.12:686][637]CompilerResultsLog: Using Visual Studio 2019 14.25.28614 toolchain (C:\Program Files (x86)\Microsoft Visual Studio\2019\Community\VC\Tools\MSVC\14.25.28610) and Windows 10.0.18362.0 SDK (C:\Program Files (x86)\Windows Kits\10).
[2020.10.20-09.52.12:686][637]CompilerResultsLog: Building 3 actions with 16 processes...
[2020.10.20-09.52.12:686][637]CompilerResultsLog:   [1/3] UE4Editor-HideNSneakUnreal-0879.lib
[2020.10.20-09.52.12:686][637]CompilerResultsLog:      Creating library D:\HideNsneak\HideNSneakUnreal\Intermediate\Build\Win64\UE4Editor\Development\HideNSneakUnreal\UE4Editor-HideNSneakUnreal-0879.lib and object D:\HideNsneak\HideNSneakUnreal\Intermediate\Build\Win64\UE4Editor\Development\HideNSneakUnreal\UE4Editor-HideNSneakUnreal-0879.exp
[2020.10.20-09.52.12:686][637]CompilerResultsLog:   [2/3] UE4Editor-HideNSneakUnreal-0879.dll
[2020.10.20-09.52.12:686][637]CompilerResultsLog:      Creating library D:\HideNsneak\HideNSneakUnreal\Intermediate\Build\Win64\UE4Editor\Development\HideNSneakUnreal\UE4Editor-HideNSneakUnreal-0879.suppressed.lib and object D:\HideNsneak\HideNSneakUnreal\Intermediate\Build\Win64\UE4Editor\Development\HideNSneakUnreal\UE4Editor-HideNSneakUnreal-0879.suppressed.exp
[2020.10.20-09.52.12:686][637]CompilerResultsLog:   [3/3] HideNSneakUnrealEditor.target
[2020.10.20-09.52.12:686][637]CompilerResultsLog: Total time in Parallel executor: 1,34 seconds
[2020.10.20-09.52.12:686][637]CompilerResultsLog: Total execution time: 2,12 seconds
[2020.10.20-09.52.12:687][637]LogMainFrame: MainFrame: Module compiling took 2.239 seconds
[2020.10.20-09.52.12:701][637]LogContentBrowser: Native class hierarchy populated in 0.0139 seconds. Added 3431 classes and 823 folders.
[2020.10.20-09.52.12:707][637]Display: HotReload took  2.3s.
[2020.10.20-09.52.15:154][908]LogTemp: Repeating last play command: Selected Viewport
[2020.10.20-09.52.15:173][908]LogPlayLevel: PlayLevel: No blueprints needed recompiling
[2020.10.20-09.52.15:173][908]PIE: New page: PIE session: OskarsTestZone (20 Oct 2020, 13:52:15)
[2020.10.20-09.52.15:174][908]LogOnline: OSS: Creating online subsystem instance for: NULL
[2020.10.20-09.52.15:175][908]LogOnline: OSS: TryLoadSubsystemAndSetDefault: Loaded subsystem for module [NULL]
[2020.10.20-09.52.15:176][908]LogPlayLevel: Creating play world package: /Game/Oskar/Maps/UEDPIE_0_OskarsTestZone
[2020.10.20-09.52.15:178][908]LogPlayLevel: PIE: StaticDuplicateObject took: (0.002871s)
[2020.10.20-09.52.15:180][908]LogAIModule: Creating AISystem for world OskarsTestZone
[2020.10.20-09.52.15:180][908]LogAISub: UAISubsystem::UAISubsystem EnvQueryManager (0000021719F62800), frame # 6908
[2020.10.20-09.52.15:180][908]LogAISub: UAISubsystem::UAISubsystem AIPerceptionSystem (0000021775C48F40), frame # 6908
[2020.10.20-09.52.15:180][908]LogPlayLevel: PIE: World Init took: (0.001734s)
[2020.10.20-09.52.15:180][908]LogPlayLevel: PIE: Created PIE world by copying editor world from /Game/Oskar/Maps/OskarsTestZone.OskarsTestZone to /Game/Oskar/Maps/UEDPIE_0_OskarsTestZone.OskarsTestZone (0.004779s)
[2020.10.20-09.52.15:197][908]LogUObjectHash: Compacting FUObjectHashTables data took   0.72ms
[2020.10.20-09.52.15:199][908]LogAudioMixer: Display: Audio Mixer Platform Settings:
[2020.10.20-09.52.15:199][908]LogAudioMixer: Display: 	Sample Rate:						  48000
[2020.10.20-09.52.15:199][908]LogAudioMixer: Display: 	Callback Buffer Frame Size Requested: 1024
[2020.10.20-09.52.15:199][908]LogAudioMixer: Display: 	Callback Buffer Frame Size To Use:	  1024
[2020.10.20-09.52.15:199][908]LogAudioMixer: Display: 	Number of buffers to queue:			  2
[2020.10.20-09.52.15:199][908]LogAudioMixer: Display: 	Max Channels (voices):				  32
[2020.10.20-09.52.15:199][908]LogAudioMixer: Display: 	Number of Async Source Workers:		  0
[2020.10.20-09.52.15:199][908]LogAudio: Display: AudioDevice MaxSources: 32
[2020.10.20-09.52.15:199][908]LogAudio: Display: Using built-in audio occlusion.
[2020.10.20-09.52.15:199][908]LogAudioMixer: Display: Initializing audio mixer.
[2020.10.20-09.52.15:209][908]LogAudioMixer: Display: 0: FrontLeft
[2020.10.20-09.52.15:209][908]LogAudioMixer: Display: 1: FrontRight
[2020.10.20-09.52.15:251][908]LogAudioMixer: Display: Using Audio Device Speakers (Realtek High Definition Audio)
[2020.10.20-09.52.15:251][908]LogAudioMixer: Display: Initializing Sound Submixes...
[2020.10.20-09.52.15:251][908]LogAudioMixer: Display: Creating Master Submix 'MasterSubmixDefault'
[2020.10.20-09.52.15:251][908]LogAudioMixer: Display: Creating Master Submix 'MasterReverbSubmixDefault'
[2020.10.20-09.52.15:252][908]LogAudioMixer: Display: Creating Master Submix 'MasterEQSubmixDefault'
[2020.10.20-09.52.15:270][908]LogInit: FAudioDevice initialized.
[2020.10.20-09.52.15:286][908]LogLoad: Game class is 'ThirdPersonGameMode_C'
[2020.10.20-09.52.15:288][908]LogWorld: Bringing World /Game/Oskar/Maps/UEDPIE_0_OskarsTestZone.OskarsTestZone up for play (max tick rate 0) at 2020.10.20-11.52.15
[2020.10.20-09.52.15:288][908]LogWorld: Bringing up level for play took: 0.000975
[2020.10.20-09.52.15:288][908]LogOnline: OSS: Creating online subsystem instance for: :Context_3
[2020.10.20-09.52.15:310][908]LogContentBrowser: Native class hierarchy updated for 'MovieSceneCapture' in 0.0005 seconds. Added 20 classes and 0 folders.
[2020.10.20-09.52.17:216][908]LogWindows: Error: === Critical error: ===
[2020.10.20-09.52.17:216][908]LogWindows: Error: 
[2020.10.20-09.52.17:216][908]LogWindows: Error: Fatal error!
[2020.10.20-09.52.17:216][908]LogWindows: Error: 
[2020.10.20-09.52.17:216][908]LogWindows: Error: Unhandled Exception: EXCEPTION_ACCESS_VIOLATION reading address 0x00000000
[2020.10.20-09.52.17:216][908]LogWindows: Error: 
[2020.10.20-09.52.17:216][908]LogWindows: Error: [Callstack] 0x00007ffdb44954cb ucrtbase.dll!UnknownFunction []
[2020.10.20-09.52.17:216][908]LogWindows: Error: [Callstack] 0x00007ffdb4480c24 ucrtbase.dll!UnknownFunction []
[2020.10.20-09.52.17:216][908]LogWindows: Error: [Callstack] 0x00007ffdb448083e ucrtbase.dll!UnknownFunction []
[2020.10.20-09.52.17:216][908]LogWindows: Error: [Callstack] 0x00007ffd561c98d5 UE4Editor-Core.dll!UnknownFunction []
[2020.10.20-09.52.17:216][908]LogWindows: Error: [Callstack] 0x00007ffd37702464 UE4Editor-HideNSneakUnreal-9973.dll!UmoveableBox::BeginPlay() [D:\HideNsneak\HideNSneakUnreal\Source\HideNSneakUnreal\moveableBox.cpp:24]
[2020.10.20-09.52.17:216][908]LogWindows: Error: [Callstack] 0x00007ffd57174776 UE4Editor-Engine.dll!UnknownFunction []
[2020.10.20-09.52.17:216][908]LogWindows: Error: [Callstack] 0x00007ffd571802fc UE4Editor-Engine.dll!UnknownFunction []
[2020.10.20-09.52.17:216][908]LogWindows: Error: [Callstack] 0x00007ffd58427fdd UE4Editor-Engine.dll!UnknownFunction []
[2020.10.20-09.52.17:216][908]LogWindows: Error: [Callstack] 0x00007ffd57862181 UE4Editor-Engine.dll!UnknownFunction []
[2020.10.20-09.52.17:216][908]LogWindows: Error: [Callstack] 0x00007ffd583d247e UE4Editor-Engine.dll!UnknownFunction []
[2020.10.20-09.52.17:216][908]LogWindows: Error: [Callstack] 0x00007ffd57883519 UE4Editor-Engine.dll!UnknownFunction []
[2020.10.20-09.52.17:216][908]LogWindows: Error: [Callstack] 0x00007ffd546b3e9c UE4Editor-UnrealEd.dll!UnknownFunction []
[2020.10.20-09.52.17:216][908]LogWindows: Error: [Callstack] 0x00007ffd546d4d6c UE4Editor-UnrealEd.dll!UnknownFunction []
[2020.10.20-09.52.17:216][908]LogWindows: Error: [Callstack] 0x00007ffd546b4dd9 UE4Editor-UnrealEd.dll!UnknownFunction []
[2020.10.20-09.52.17:216][908]LogWindows: Error: [Callstack] 0x00007ffd546f08fa UE4Editor-UnrealEd.dll!UnknownFunction []
[2020.10.20-09.52.17:216][908]LogWindows: Error: [Callstack] 0x00007ffd546f3bbd UE4Editor-UnrealEd.dll!UnknownFunction []
[2020.10.20-09.52.17:216][908]LogWindows: Error: [Callstack] 0x00007ffd546f3598 UE4Editor-UnrealEd.dll!UnknownFunction []
[2020.10.20-09.52.17:216][908]LogWindows: Error: [Callstack] 0x00007ffd5417a854 UE4Editor-UnrealEd.dll!UnknownFunction []
[2020.10.20-09.52.17:216][908]LogWindows: Error: [Callstack] 0x00007ffd54a51d06 UE4Editor-UnrealEd.dll!UnknownFunction []
[2020.10.20-09.52.17:216][908]LogWindows: Error: [Callstack] 0x00007ff753537800 UE4Editor.exe!UnknownFunction []
[2020.10.20-09.52.17:216][908]LogWindows: Error: [Callstack] 0x00007ff75354ba7c UE4Editor.exe!UnknownFunction []
[2020.10.20-09.52.17:217][908]LogWindows: Error: [Callstack] 0x00007ff75354bb5a UE4Editor.exe!UnknownFunction []
[2020.10.20-09.52.17:217][908]LogWindows: Error: [Callstack] 0x00007ff75355e31d UE4Editor.exe!UnknownFunction []
[2020.10.20-09.52.17:217][908]LogWindows: Error: [Callstack] 0x00007ff75356145a UE4Editor.exe!UnknownFunction []
[2020.10.20-09.52.17:217][908]LogWindows: Error: [Callstack] 0x00007ffdb73f7c24 KERNEL32.DLL!UnknownFunction []
[2020.10.20-09.52.17:217][908]LogWindows: Error: [Callstack] 0x00007ffdb754cea1 ntdll.dll!UnknownFunction []
[2020.10.20-09.52.17:217][908]LogWindows: Error: 
[2020.10.20-09.52.17:265][908]LogExit: Executing StaticShutdownAfterError
[2020.10.20-09.52.17:267][908]LogWindows: FPlatformMisc::RequestExit(1)
[2020.10.20-09.52.17:267][908]LogCore: Engine exit requested (reason: Win RequestExit)
[2020.10.20-09.52.17:279][908]Log file closed, 10/20/20 11:52:17
