Log file open, 11/09/20 12:25:15
LogInit: Display: Running engine for game: HideNSneakUnreal
LogPlatformFile: Not using cached read wrapper
LogTaskGraph: Started task graph with 5 named threads and 47 total threads with 3 sets of task threads.
LogStats: Stats thread started at 0.298505
LogD3D11RHI: Loaded GFSDK_Aftermath_Lib.x64.dll
LogICUInternationalization: ICU TimeZone Detection - Raw Offset: +1:00, Platform Override: ''
LogPluginManager: Mounting plugin Paper2D
LogPluginManager: Mounting plugin AdvancedSessions
LogPluginManager: Mounting plugin AdvancedSteamSessions
LogPluginManager: Mounting plugin AISupport
LogPluginManager: Mounting plugin LightPropagationVolume
LogPluginManager: Mounting plugin CameraShakePreviewer
LogPluginManager: Mounting plugin ActorLayerUtilities
LogPluginManager: Mounting plugin AnimationSharing
LogPluginManager: Mounting plugin CLionSourceCodeAccess
LogPluginManager: Mounting plugin CodeLiteSourceCodeAccess
LogPluginManager: Mounting plugin GitSourceControl
LogPluginManager: Mounting plugin KDevelopSourceCodeAccess
LogPluginManager: Mounting plugin NullSourceCodeAccess
LogPluginManager: Mounting plugin PerforceSourceControl
LogPluginManager: Mounting plugin PlasticSourceControl
LogPluginManager: Mounting plugin RiderSourceCodeAccess
LogPluginManager: Mounting plugin SubversionSourceControl
LogPluginManager: Mounting plugin UObjectPlugin
LogPluginManager: Mounting plugin VisualStudioCodeSourceCodeAccess
LogPluginManager: Mounting plugin VisualStudioSourceCodeAccess
LogPluginManager: Mounting plugin XCodeSourceCodeAccess
LogPluginManager: Mounting plugin AssetManagerEditor
LogPluginManager: Mounting plugin CryptoKeys
LogPluginManager: Mounting plugin CurveEditorTools
LogPluginManager: Mounting plugin DataValidation
LogPluginManager: Mounting plugin EditorScriptingUtilities
LogPluginManager: Mounting plugin FacialAnimation
LogPluginManager: Mounting plugin GameplayTagsEditor
LogPluginManager: Mounting plugin GeometryMode
LogPluginManager: Mounting plugin MacGraphicsSwitching
LogPluginManager: Mounting plugin MaterialAnalyzer
LogPluginManager: Mounting plugin MobileLauncherProfileWizard
LogPluginManager: Mounting plugin PluginBrowser
LogPluginManager: Mounting plugin SpeedTreeImporter
LogPluginManager: Mounting plugin DatasmithContent
LogPluginManager: Mounting plugin VariantManagerContent
LogPluginManager: Mounting plugin AlembicImporter
LogPluginManager: Mounting plugin AutomationUtils
LogPluginManager: Mounting plugin BackChannel
LogPluginManager: Mounting plugin ChaosCloth
LogPluginManager: Mounting plugin ChaosClothEditor
LogPluginManager: Mounting plugin ChaosEditor
LogPluginManager: Mounting plugin ChaosNiagara
LogPluginManager: Mounting plugin ChaosSolverPlugin
LogPluginManager: Mounting plugin CharacterAI
LogPluginManager: Mounting plugin GeometryCache
LogPluginManager: Mounting plugin GeometryCollectionPlugin
LogPluginManager: Mounting plugin GeometryProcessing
LogPluginManager: Mounting plugin PlanarCut
LogPluginManager: Mounting plugin PlatformCrypto
LogPluginManager: Mounting plugin ProxyLODPlugin
LogPluginManager: Mounting plugin SkeletalReduction
LogPluginManager: Mounting plugin Niagara
LogPluginManager: Mounting plugin MagicLeap
LogPluginManager: Mounting plugin MagicLeapLightEstimation
LogPluginManager: Mounting plugin MagicLeapMedia
LogPluginManager: Mounting plugin MagicLeapPassableWorld
LogPluginManager: Mounting plugin MLSDK
LogPluginManager: Mounting plugin AndroidMedia
LogPluginManager: Mounting plugin AvfMedia
LogPluginManager: Mounting plugin ImgMedia
LogPluginManager: Mounting plugin MediaCompositing
LogPluginManager: Mounting plugin MediaPlayerEditor
LogPluginManager: Mounting plugin WebMMedia
LogPluginManager: Mounting plugin WmfMedia
LogPluginManager: Mounting plugin MeshPainting
LogPluginManager: Mounting plugin TcpMessaging
LogPluginManager: Mounting plugin UdpMessaging
LogPluginManager: Mounting plugin ActorSequence
LogPluginManager: Mounting plugin LevelSequenceEditor
LogPluginManager: Mounting plugin MatineeToLevelSequence
LogPluginManager: Mounting plugin MovieRenderPipeline
LogPluginManager: Mounting plugin TemplateSequence
LogPluginManager: Mounting plugin NetcodeUnitTest
LogPluginManager: Mounting plugin NUTUnrealEngine4
LogPluginManager: Mounting plugin OnlineSubsystemGooglePlay
LogPluginManager: Mounting plugin OnlineSubsystemIOS
LogPluginManager: Mounting plugin OnlineSubsystem
LogPluginManager: Mounting plugin OnlineSubsystemNull
LogPluginManager: Mounting plugin OnlineSubsystemSteam
LogPluginManager: Mounting plugin OnlineSubsystemUtils
LogPluginManager: Mounting plugin LauncherChunkInstaller
LogPluginManager: Mounting plugin AndroidDeviceProfileSelector
LogPluginManager: Mounting plugin AndroidMoviePlayer
LogPluginManager: Mounting plugin AndroidPermission
LogPluginManager: Mounting plugin AppleImageUtils
LogPluginManager: Mounting plugin AppleMoviePlayer
LogPluginManager: Mounting plugin ArchVisCharacter
LogPluginManager: Mounting plugin AssetTags
LogPluginManager: Mounting plugin AudioCapture
LogPluginManager: Mounting plugin CableComponent
LogPluginManager: Mounting plugin CustomMeshComponent
LogPluginManager: Mounting plugin EditableMesh
LogPluginManager: Mounting plugin ExampleDeviceProfileSelector
LogPluginManager: Mounting plugin GoogleCloudMessaging
LogPluginManager: Mounting plugin GooglePAD
LogPluginManager: Mounting plugin IOSDeviceProfileSelector
LogPluginManager: Mounting plugin LinuxDeviceProfileSelector
LogPluginManager: Mounting plugin LocationServicesBPLibrary
LogPluginManager: Mounting plugin MobilePatchingUtils
LogPluginManager: Mounting plugin OculusVR
LogPluginManager: Mounting plugin PhysXVehicles
LogPluginManager: Mounting plugin PostSplashScreen
LogPluginManager: Mounting plugin ProceduralMeshComponent
LogPluginManager: Mounting plugin RuntimePhysXCooking
LogPluginManager: Mounting plugin SignificanceManager
LogPluginManager: Mounting plugin SoundFields
LogPluginManager: Mounting plugin SteamShared
LogPluginManager: Mounting plugin SteamVR
LogPluginManager: Mounting plugin Synthesis
LogPluginManager: Mounting plugin WebMMoviePlayer
LogPluginManager: Mounting plugin WindowsMoviePlayer
LogPluginManager: Mounting plugin ScreenshotTools
LogInit: Using libcurl 7.55.1-DEV
LogInit:  - built for x86_64-pc-win32
LogInit:  - supports SSL with OpenSSL/1.1.1
LogInit:  - supports HTTP deflate (compression) using libz 1.2.8
LogInit:  - other features:
LogInit:      CURL_VERSION_SSL
LogInit:      CURL_VERSION_LIBZ
LogInit:      CURL_VERSION_IPV6
LogInit:      CURL_VERSION_ASYNCHDNS
LogInit:      CURL_VERSION_LARGEFILE
LogInit:      CURL_VERSION_IDN
LogInit:  CurlRequestOptions (configurable via config and command line):
LogInit:  - bVerifyPeer = true  - Libcurl will verify peer certificate
LogInit:  - bUseHttpProxy = false  - Libcurl will NOT use HTTP proxy
LogInit:  - bDontReuseConnections = false  - Libcurl will reuse connections
LogInit:  - MaxHostConnections = 16  - Libcurl will limit the number of connections to a host
LogInit:  - LocalHostAddr = Default
LogInit:  - BufferSize = 65536
LogOnline: OSS: Creating online subsystem instance for: NULL
LogInit: WinSock: version 1.1 (2.2), MaxSocks=32767, MaxUdp=65467
LogOnline: OSS: TryLoadSubsystemAndSetDefault: Loaded subsystem for module [NULL]
LogInit: Build: ++UE4+Release-4.25-CL-13942748
LogInit: Engine Version: 4.25.3-13942748+++UE4+Release-4.25
LogInit: Compatible Engine Version: 4.25.0-13144385+++UE4+Release-4.25
LogInit: Net CL: 13144385
LogInit: OS: Windows 10 (Release 1909) (), CPU: AMD Ryzen 7 1700 Eight-Core Processor          , GPU: NVIDIA GeForce GTX 1070
LogInit: Compiled (64-bit): Jul 25 2020 02:07:48
LogInit: Compiled with Visual C++: 19.24.28315.00
LogInit: Build Configuration: Development
LogInit: Branch Name: ++UE4+Release-4.25
LogInit: Command Line: 
LogInit: Base Directory: D:/UE_4.25/Engine/Binaries/Win64/
LogInit: Allocator: TBB
LogInit: Installed Engine Build: 1
LogDevObjectVersion: Number of dev versions registered: 26
LogDevObjectVersion:   Dev-Blueprints (B0D832E4-1F89-4F0D-ACCF-7EB736FD4AA2): 10
LogDevObjectVersion:   Dev-Build (E1C64328-A22C-4D53-A36C-8E866417BD8C): 0
LogDevObjectVersion:   Dev-Core (375EC13C-06E4-48FB-B500-84F0262A717E): 4
LogDevObjectVersion:   Dev-Editor (E4B068ED-F494-42E9-A231-DA0B2E46BB41): 38
LogDevObjectVersion:   Dev-Framework (CFFC743F-43B0-4480-9391-14DF171D2073): 37
LogDevObjectVersion:   Dev-Mobile (B02B49B5-BB20-44E9-A304-32B752E40360): 2
LogDevObjectVersion:   Dev-Networking (A4E4105C-59A1-49B5-A7C5-40C4547EDFEE): 0
LogDevObjectVersion:   Dev-Online (39C831C9-5AE6-47DC-9A44-9C173E1C8E7C): 0
LogDevObjectVersion:   Dev-Physics (78F01B33-EBEA-4F98-B9B4-84EACCB95AA2): 4
LogDevObjectVersion:   Dev-Platform (6631380F-2D4D-43E0-8009-CF276956A95A): 0
LogDevObjectVersion:   Dev-Rendering (12F88B9F-8875-4AFC-A67C-D90C383ABD29): 43
LogDevObjectVersion:   Dev-Sequencer (7B5AE74C-D270-4C10-A958-57980B212A5A): 12
LogDevObjectVersion:   Dev-VR (D7296918-1DD6-4BDD-9DE2-64A83CC13884): 3
LogDevObjectVersion:   Dev-LoadTimes (C2A15278-BFE7-4AFE-6C17-90FF531DF755): 1
LogDevObjectVersion:   Private-Geometry (6EACA3D4-40EC-4CC1-B786-8BED09428FC5): 3
LogDevObjectVersion:   Dev-AnimPhys (29E575DD-E0A3-4627-9D10-D276232CDCEA): 17
LogDevObjectVersion:   Dev-Anim (AF43A65D-7FD3-4947-9873-3E8ED9C1BB05): 7
LogDevObjectVersion:   Dev-ReflectionCapture (6B266CEC-1EC7-4B8F-A30B-E4D90942FC07): 1
LogDevObjectVersion:   Dev-Automation (0DF73D61-A23F-47EA-B727-89E90C41499A): 1
LogDevObjectVersion:   FortniteMain (601D1886-AC64-4F84-AA16-D3DE0DEAC7D6): 31
LogDevObjectVersion:   Dev-Enterprise (9DFFBCD6-494F-0158-E221-12823C92A888): 10
LogDevObjectVersion:   Dev-Niagara (F2AED0AC-9AFE-416F-8664-AA7FFA26D6FC): 1
LogDevObjectVersion:   Dev-Destruction (174F1F0B-B4C6-45A5-B13F-2EE8D0FB917D): 10
LogDevObjectVersion:   Dev-Physics-Ext (35F94A83-E258-406C-A318-09F59610247C): 37
LogDevObjectVersion:   Dev-PhysicsMaterial-Chaos (B68FC16E-8B1B-42E2-B453-215C058844FE): 1
LogDevObjectVersion:   Dev-CineCamera (B2E18506-4273-CFC2-A54E-F4BB758BBA07): 1
LogInit: Presizing for max 25165824 objects, including 0 objects not considered by GC, pre-allocating 0 bytes for permanent pool.
LogConfig: Applying CVar settings from Section [/Script/Engine.StreamingSettings] File [D:/HideNSneak2/HideNSneakUnreal/Saved/Config/Windows/Engine.ini]
LogConfig: Setting CVar [[s.MinBulkDataSizeForAsyncLoading:131072]]
LogConfig: Setting CVar [[s.AsyncLoadingThreadEnabled:0]]
LogConfig: Setting CVar [[s.EventDrivenLoaderEnabled:1]]
LogConfig: Setting CVar [[s.WarnIfTimeLimitExceeded:0]]
LogConfig: Setting CVar [[s.TimeLimitExceededMultiplier:1.5]]
LogConfig: Setting CVar [[s.TimeLimitExceededMinTime:0.005]]
LogConfig: Setting CVar [[s.UseBackgroundLevelStreaming:1]]
LogConfig: Setting CVar [[s.PriorityAsyncLoadingExtraTime:15.0]]
LogConfig: Setting CVar [[s.LevelStreamingActorsUpdateTimeLimit:5.0]]
LogConfig: Setting CVar [[s.PriorityLevelStreamingActorsUpdateExtraTime:5.0]]
LogConfig: Setting CVar [[s.LevelStreamingComponentsRegistrationGranularity:10]]
LogConfig: Setting CVar [[s.UnregisterComponentsTimeLimit:1.0]]
LogConfig: Setting CVar [[s.LevelStreamingComponentsUnregistrationGranularity:5]]
LogConfig: Setting CVar [[s.FlushStreamingOnExit:1]]
LogInit: Object subsystem initialized
LogConfig: Setting CVar [[con.DebugEarlyDefault:1]]
LogConfig: Setting CVar [[r.setres:1280x720]]
[2020.11.09-11.25.15:628][  0]LogConfig: Setting CVar [[r.VSync:0]]
[2020.11.09-11.25.15:628][  0]LogConfig: Setting CVar [[r.RHICmdBypass:0]]
[2020.11.09-11.25.15:628][  0]LogConfig: Applying CVar settings from Section [/Script/Engine.RendererSettings] File [D:/HideNSneak2/HideNSneakUnreal/Saved/Config/Windows/Engine.ini]
[2020.11.09-11.25.15:628][  0]LogConfig: Setting CVar [[r.GPUCrashDebugging:0]]
[2020.11.09-11.25.15:628][  0]LogConfig: Applying CVar settings from Section [/Script/Engine.RendererOverrideSettings] File [D:/HideNSneak2/HideNSneakUnreal/Saved/Config/Windows/Engine.ini]
[2020.11.09-11.25.15:628][  0]LogConfig: Applying CVar settings from Section [/Script/Engine.StreamingSettings] File [D:/HideNSneak2/HideNSneakUnreal/Saved/Config/Windows/Engine.ini]
[2020.11.09-11.25.15:628][  0]LogConfig: Setting CVar [[s.MinBulkDataSizeForAsyncLoading:131072]]
[2020.11.09-11.25.15:628][  0]LogConfig: Setting CVar [[s.AsyncLoadingThreadEnabled:0]]
[2020.11.09-11.25.15:628][  0]LogConfig: Setting CVar [[s.EventDrivenLoaderEnabled:1]]
[2020.11.09-11.25.15:629][  0]LogConfig: Setting CVar [[s.WarnIfTimeLimitExceeded:0]]
[2020.11.09-11.25.15:629][  0]LogConfig: Setting CVar [[s.TimeLimitExceededMultiplier:1.5]]
[2020.11.09-11.25.15:629][  0]LogConfig: Setting CVar [[s.TimeLimitExceededMinTime:0.005]]
[2020.11.09-11.25.15:629][  0]LogConfig: Setting CVar [[s.UseBackgroundLevelStreaming:1]]
[2020.11.09-11.25.15:629][  0]LogConfig: Setting CVar [[s.PriorityAsyncLoadingExtraTime:15.0]]
[2020.11.09-11.25.15:629][  0]LogConfig: Setting CVar [[s.LevelStreamingActorsUpdateTimeLimit:5.0]]
[2020.11.09-11.25.15:629][  0]LogConfig: Setting CVar [[s.PriorityLevelStreamingActorsUpdateExtraTime:5.0]]
[2020.11.09-11.25.15:629][  0]LogConfig: Setting CVar [[s.LevelStreamingComponentsRegistrationGranularity:10]]
[2020.11.09-11.25.15:629][  0]LogConfig: Setting CVar [[s.UnregisterComponentsTimeLimit:1.0]]
[2020.11.09-11.25.15:629][  0]LogConfig: Setting CVar [[s.LevelStreamingComponentsUnregistrationGranularity:5]]
[2020.11.09-11.25.15:629][  0]LogConfig: Setting CVar [[s.FlushStreamingOnExit:1]]
[2020.11.09-11.25.15:629][  0]LogConfig: Applying CVar settings from Section [/Script/Engine.GarbageCollectionSettings] File [D:/HideNSneak2/HideNSneakUnreal/Saved/Config/Windows/Engine.ini]
[2020.11.09-11.25.15:629][  0]LogConfig: Setting CVar [[gc.MaxObjectsNotConsideredByGC:1]]
[2020.11.09-11.25.15:629][  0]LogConfig: Setting CVar [[gc.SizeOfPermanentObjectPool:0]]
[2020.11.09-11.25.15:629][  0]LogConfig: Setting CVar [[gc.FlushStreamingOnGC:0]]
[2020.11.09-11.25.15:629][  0]LogConfig: Setting CVar [[gc.NumRetriesBeforeForcingGC:10]]
[2020.11.09-11.25.15:629][  0]LogConfig: Setting CVar [[gc.AllowParallelGC:1]]
[2020.11.09-11.25.15:629][  0]LogConfig: Setting CVar [[gc.TimeBetweenPurgingPendingKillObjects:61.1]]
[2020.11.09-11.25.15:629][  0]LogConfig: Setting CVar [[gc.MaxObjectsInEditor:25165824]]
[2020.11.09-11.25.15:629][  0]LogConfig: Setting CVar [[gc.IncrementalBeginDestroyEnabled:1]]
[2020.11.09-11.25.15:629][  0]LogConfig: Setting CVar [[gc.CreateGCClusters:1]]
[2020.11.09-11.25.15:629][  0]LogConfig: Setting CVar [[gc.MinGCClusterSize:5]]
[2020.11.09-11.25.15:629][  0]LogConfig: Setting CVar [[gc.ActorClusteringEnabled:0]]
[2020.11.09-11.25.15:629][  0]LogConfig: Setting CVar [[gc.BlueprintClusteringEnabled:0]]
[2020.11.09-11.25.15:629][  0]LogConfig: Setting CVar [[gc.UseDisregardForGCOnDedicatedServers:0]]
[2020.11.09-11.25.15:629][  0]LogConfig: Applying CVar settings from Section [/Script/Engine.NetworkSettings] File [D:/HideNSneak2/HideNSneakUnreal/Saved/Config/Windows/Engine.ini]
[2020.11.09-11.25.15:629][  0]LogConfig: Applying CVar settings from Section [/Script/UnrealEd.CookerSettings] File [D:/HideNSneak2/HideNSneakUnreal/Saved/Config/Windows/Engine.ini]
[2020.11.09-11.25.15:632][  0]LogConfig: Applying CVar settings from Section [ViewDistanceQuality@3] File [D:/HideNSneak2/HideNSneakUnreal/Saved/Config/Windows/Scalability.ini]
[2020.11.09-11.25.15:632][  0]LogConfig: Setting CVar [[r.SkeletalMeshLODBias:0]]
[2020.11.09-11.25.15:632][  0]LogConfig: Setting CVar [[r.ViewDistanceScale:1.0]]
[2020.11.09-11.25.15:632][  0]LogConfig: Applying CVar settings from Section [AntiAliasingQuality@3] File [D:/HideNSneak2/HideNSneakUnreal/Saved/Config/Windows/Scalability.ini]
[2020.11.09-11.25.15:632][  0]LogConfig: Setting CVar [[r.PostProcessAAQuality:4]]
[2020.11.09-11.25.15:632][  0]LogConfig: Applying CVar settings from Section [ShadowQuality@3] File [D:/HideNSneak2/HideNSneakUnreal/Saved/Config/Windows/Scalability.ini]
[2020.11.09-11.25.15:632][  0]LogConfig: Setting CVar [[r.LightFunctionQuality:1]]
[2020.11.09-11.25.15:632][  0]LogConfig: Setting CVar [[r.ShadowQuality:5]]
[2020.11.09-11.25.15:632][  0]LogConfig: Setting CVar [[r.Shadow.CSM.MaxCascades:10]]
[2020.11.09-11.25.15:632][  0]LogConfig: Setting CVar [[r.Shadow.MaxResolution:2048]]
[2020.11.09-11.25.15:632][  0]LogConfig: Setting CVar [[r.Shadow.MaxCSMResolution:2048]]
[2020.11.09-11.25.15:632][  0]LogConfig: Setting CVar [[r.Shadow.RadiusThreshold:0.01]]
[2020.11.09-11.25.15:632][  0]LogConfig: Setting CVar [[r.Shadow.DistanceScale:1.0]]
[2020.11.09-11.25.15:632][  0]LogConfig: Setting CVar [[r.Shadow.CSM.TransitionScale:1.0]]
[2020.11.09-11.25.15:632][  0]LogConfig: Setting CVar [[r.Shadow.PreShadowResolutionFactor:1.0]]
[2020.11.09-11.25.15:632][  0]LogConfig: Setting CVar [[r.DistanceFieldShadowing:1]]
[2020.11.09-11.25.15:632][  0]LogConfig: Setting CVar [[r.DistanceFieldAO:1]]
[2020.11.09-11.25.15:632][  0]LogConfig: Setting CVar [[r.AOQuality:2]]
[2020.11.09-11.25.15:632][  0]LogConfig: Setting CVar [[r.VolumetricFog:1]]
[2020.11.09-11.25.15:632][  0]LogConfig: Setting CVar [[r.VolumetricFog.GridPixelSize:8]]
[2020.11.09-11.25.15:632][  0]LogConfig: Setting CVar [[r.VolumetricFog.GridSizeZ:128]]
[2020.11.09-11.25.15:632][  0]LogConfig: Setting CVar [[r.VolumetricFog.HistoryMissSupersampleCount:4]]
[2020.11.09-11.25.15:632][  0]LogConfig: Setting CVar [[r.LightMaxDrawDistanceScale:1]]
[2020.11.09-11.25.15:632][  0]LogConfig: Setting CVar [[r.CapsuleShadows:1]]
[2020.11.09-11.25.15:632][  0]LogConfig: Applying CVar settings from Section [PostProcessQuality@3] File [D:/HideNSneak2/HideNSneakUnreal/Saved/Config/Windows/Scalability.ini]
[2020.11.09-11.25.15:632][  0]LogConfig: Setting CVar [[r.MotionBlurQuality:4]]
[2020.11.09-11.25.15:632][  0]LogConfig: Setting CVar [[r.AmbientOcclusionMipLevelFactor:0.4]]
[2020.11.09-11.25.15:632][  0]LogConfig: Setting CVar [[r.AmbientOcclusionMaxQuality:100]]
[2020.11.09-11.25.15:632][  0]LogConfig: Setting CVar [[r.AmbientOcclusionLevels:-1]]
[2020.11.09-11.25.15:632][  0]LogConfig: Setting CVar [[r.AmbientOcclusionRadiusScale:1.0]]
[2020.11.09-11.25.15:632][  0]LogConfig: Setting CVar [[r.DepthOfFieldQuality:2]]
[2020.11.09-11.25.15:632][  0]LogConfig: Setting CVar [[r.RenderTargetPoolMin:400]]
[2020.11.09-11.25.15:632][  0]LogConfig: Setting CVar [[r.LensFlareQuality:2]]
[2020.11.09-11.25.15:632][  0]LogConfig: Setting CVar [[r.SceneColorFringeQuality:1]]
[2020.11.09-11.25.15:632][  0]LogConfig: Setting CVar [[r.EyeAdaptationQuality:2]]
[2020.11.09-11.25.15:632][  0]LogConfig: Setting CVar [[r.BloomQuality:5]]
[2020.11.09-11.25.15:632][  0]LogConfig: Setting CVar [[r.FastBlurThreshold:100]]
[2020.11.09-11.25.15:633][  0]LogConfig: Setting CVar [[r.Upscale.Quality:3]]
[2020.11.09-11.25.15:633][  0]LogConfig: Setting CVar [[r.Tonemapper.GrainQuantization:1]]
[2020.11.09-11.25.15:633][  0]LogConfig: Setting CVar [[r.LightShaftQuality:1]]
[2020.11.09-11.25.15:633][  0]LogConfig: Setting CVar [[r.Filter.SizeScale:1]]
[2020.11.09-11.25.15:633][  0]LogConfig: Setting CVar [[r.Tonemapper.Quality:5]]
[2020.11.09-11.25.15:633][  0]LogConfig: Setting CVar [[r.DOF.Gather.AccumulatorQuality:1        ; higher gathering accumulator quality]]
[2020.11.09-11.25.15:633][  0]LogConfig: Setting CVar [[r.DOF.Gather.PostfilterMethod:1          ; Median3x3 postfilering method]]
[2020.11.09-11.25.15:633][  0]LogConfig: Setting CVar [[r.DOF.Gather.EnableBokehSettings:0       ; no bokeh simulation when gathering]]
[2020.11.09-11.25.15:633][  0]LogConfig: Setting CVar [[r.DOF.Gather.RingCount:4                 ; medium number of samples when gathering]]
[2020.11.09-11.25.15:633][  0]LogConfig: Setting CVar [[r.DOF.Scatter.ForegroundCompositing:1    ; additive foreground scattering]]
[2020.11.09-11.25.15:633][  0]LogConfig: Setting CVar [[r.DOF.Scatter.BackgroundCompositing:2    ; additive background scattering]]
[2020.11.09-11.25.15:633][  0]LogConfig: Setting CVar [[r.DOF.Scatter.EnableBokehSettings:1      ; bokeh simulation when scattering]]
[2020.11.09-11.25.15:633][  0]LogConfig: Setting CVar [[r.DOF.Scatter.MaxSpriteRatio:0.1         ; only a maximum of 10% of scattered bokeh]]
[2020.11.09-11.25.15:633][  0]LogConfig: Setting CVar [[r.DOF.Recombine.Quality:1                ; cheap slight out of focus]]
[2020.11.09-11.25.15:633][  0]LogConfig: Setting CVar [[r.DOF.Recombine.EnableBokehSettings:0    ; no bokeh simulation on slight out of focus]]
[2020.11.09-11.25.15:633][  0]LogConfig: Setting CVar [[r.DOF.TemporalAAQuality:1                ; more stable temporal accumulation]]
[2020.11.09-11.25.15:633][  0]LogConfig: Setting CVar [[r.DOF.Kernel.MaxForegroundRadius:0.025]]
[2020.11.09-11.25.15:633][  0]LogConfig: Setting CVar [[r.DOF.Kernel.MaxBackgroundRadius:0.025]]
[2020.11.09-11.25.15:633][  0]LogConfig: Applying CVar settings from Section [TextureQuality@3] File [D:/HideNSneak2/HideNSneakUnreal/Saved/Config/Windows/Scalability.ini]
[2020.11.09-11.25.15:633][  0]LogConfig: Setting CVar [[r.Streaming.MipBias:0]]
[2020.11.09-11.25.15:633][  0]LogConfig: Setting CVar [[r.Streaming.AmortizeCPUToGPUCopy:0]]
[2020.11.09-11.25.15:633][  0]LogConfig: Setting CVar [[r.Streaming.MaxNumTexturesToStreamPerFrame:0]]
[2020.11.09-11.25.15:633][  0]LogConfig: Setting CVar [[r.Streaming.Boost:1]]
[2020.11.09-11.25.15:633][  0]LogConfig: Setting CVar [[r.MaxAnisotropy:8]]
[2020.11.09-11.25.15:633][  0]LogConfig: Setting CVar [[r.VT.MaxAnisotropy:8]]
[2020.11.09-11.25.15:633][  0]LogConfig: Setting CVar [[r.Streaming.LimitPoolSizeToVRAM:0]]
[2020.11.09-11.25.15:633][  0]LogConfig: Setting CVar [[r.Streaming.PoolSize:1000]]
[2020.11.09-11.25.15:633][  0]LogConfig: Setting CVar [[r.Streaming.MaxEffectiveScreenSize:0]]
[2020.11.09-11.25.15:633][  0]LogConfig: Applying CVar settings from Section [EffectsQuality@3] File [D:/HideNSneak2/HideNSneakUnreal/Saved/Config/Windows/Scalability.ini]
[2020.11.09-11.25.15:633][  0]LogConfig: Setting CVar [[r.TranslucencyLightingVolumeDim:64]]
[2020.11.09-11.25.15:633][  0]LogConfig: Setting CVar [[r.RefractionQuality:2]]
[2020.11.09-11.25.15:633][  0]LogConfig: Setting CVar [[r.SSR.Quality:3]]
[2020.11.09-11.25.15:633][  0]LogConfig: Setting CVar [[r.SSR.HalfResSceneColor:0]]
[2020.11.09-11.25.15:633][  0]LogConfig: Setting CVar [[r.SceneColorFormat:4]]
[2020.11.09-11.25.15:633][  0]LogConfig: Setting CVar [[r.DetailMode:2]]
[2020.11.09-11.25.15:633][  0]LogConfig: Setting CVar [[r.TranslucencyVolumeBlur:1]]
[2020.11.09-11.25.15:633][  0]LogConfig: Setting CVar [[r.MaterialQualityLevel:1 ; High quality]]
[2020.11.09-11.25.15:633][  0]LogConfig: Setting CVar [[r.SSS.Scale:1]]
[2020.11.09-11.25.15:633][  0]LogConfig: Setting CVar [[r.SSS.SampleSet:2]]
[2020.11.09-11.25.15:633][  0]LogConfig: Setting CVar [[r.SSS.Quality:1]]
[2020.11.09-11.25.15:633][  0]LogConfig: Setting CVar [[r.SSS.HalfRes:0]]
[2020.11.09-11.25.15:633][  0]LogConfig: Setting CVar [[r.SSGI.Quality:3]]
[2020.11.09-11.25.15:633][  0]LogConfig: Setting CVar [[r.EmitterSpawnRateScale:1.0]]
[2020.11.09-11.25.15:633][  0]LogConfig: Setting CVar [[r.ParticleLightQuality:2]]
[2020.11.09-11.25.15:633][  0]LogConfig: Setting CVar [[r.SkyAtmosphere.AerialPerspectiveLUT.FastApplyOnOpaque:1 ; Always have FastSkyLUT 1 in this case to avoid wrong sky]]
[2020.11.09-11.25.15:633][  0]LogConfig: Setting CVar [[r.SkyAtmosphere.AerialPerspectiveLUT.SampleCountPerSlice:1]]
[2020.11.09-11.25.15:633][  0]LogConfig: Setting CVar [[r.SkyAtmosphere.AerialPerspectiveLUT.DepthResolution:16.0]]
[2020.11.09-11.25.15:633][  0]LogConfig: Setting CVar [[r.SkyAtmosphere.FastSkyLUT:1]]
[2020.11.09-11.25.15:633][  0]LogConfig: Setting CVar [[r.SkyAtmosphere.FastSkyLUT.SampleCountMin:4.0]]
[2020.11.09-11.25.15:633][  0]LogConfig: Setting CVar [[r.SkyAtmosphere.FastSkyLUT.SampleCountMax:32.0]]
[2020.11.09-11.25.15:633][  0]LogConfig: Setting CVar [[r.SkyAtmosphere.SampleCountMin:4.0]]
[2020.11.09-11.25.15:633][  0]LogConfig: Setting CVar [[r.SkyAtmosphere.SampleCountMax:32.0]]
[2020.11.09-11.25.15:633][  0]LogConfig: Setting CVar [[r.SkyAtmosphere.TransmittanceLUT.UseSmallFormat:0]]
[2020.11.09-11.25.15:633][  0]LogConfig: Setting CVar [[r.SkyAtmosphere.TransmittanceLUT.SampleCount:10.0]]
[2020.11.09-11.25.15:633][  0]LogConfig: Setting CVar [[r.SkyAtmosphere.MultiScatteringLUT.SampleCount:15.0]]
[2020.11.09-11.25.15:633][  0]LogConfig: Applying CVar settings from Section [FoliageQuality@3] File [D:/HideNSneak2/HideNSneakUnreal/Saved/Config/Windows/Scalability.ini]
[2020.11.09-11.25.15:633][  0]LogConfig: Setting CVar [[foliage.DensityScale:1.0]]
[2020.11.09-11.25.15:633][  0]LogConfig: Setting CVar [[grass.DensityScale:1.0]]
[2020.11.09-11.25.15:633][  0]LogConfig: Applying CVar settings from Section [ShadingQuality@3] File [D:/HideNSneak2/HideNSneakUnreal/Saved/Config/Windows/Scalability.ini]
[2020.11.09-11.25.15:633][  0]LogConfig: Setting CVar [[r.HairStrands.SkyLighting.SampleCount:16]]
[2020.11.09-11.25.15:633][  0]LogConfig: Setting CVar [[r.HairStrands.SkyLighting.JitterIntegration:0]]
[2020.11.09-11.25.15:633][  0]LogConfig: Setting CVar [[r.HairStrands.SkyAO.SampleCount:16]]
[2020.11.09-11.25.15:634][  0]LogConfig: Setting CVar [[r.HairStrands.DeepShadow.SuperSampling:0]]
[2020.11.09-11.25.15:634][  0]LogConfig: Setting CVar [[r.HairStrands.VisibilityPPLL:0]]
[2020.11.09-11.25.15:634][  0]LogConfig: Setting CVar [[r.HairStrands.RasterizationScale:0.5]]
[2020.11.09-11.25.15:634][  0]LogConfig: Setting CVar [[r.HairStrands.VelocityRasterizationScale:1]]
[2020.11.09-11.25.15:634][  0]LogInit: Selected Device Profile: [Windows]
[2020.11.09-11.25.15:634][  0]LogInit: Applying CVar settings loaded from the selected device profile: [Windows]
[2020.11.09-11.25.15:634][  0]LogHAL: Display: Platform has ~ 16 GB [17128341504 / 17179869184 / 16], which maps to Larger [LargestMinGB=32, LargerMinGB=12, DefaultMinGB=8, SmallerMinGB=6, SmallestMinGB=0)
[2020.11.09-11.25.15:634][  0]LogInit: Going up to parent DeviceProfile []
[2020.11.09-11.25.15:634][  0]LogConfig: Applying CVar settings from Section [ViewDistanceQuality@3] File [D:/HideNSneak2/HideNSneakUnreal/Saved/Config/Windows/Scalability.ini]
[2020.11.09-11.25.15:634][  0]LogConfig: Setting CVar [[r.SkeletalMeshLODBias:0]]
[2020.11.09-11.25.15:634][  0]LogConfig: Setting CVar [[r.ViewDistanceScale:1.0]]
[2020.11.09-11.25.15:634][  0]LogConfig: Applying CVar settings from Section [AntiAliasingQuality@3] File [D:/HideNSneak2/HideNSneakUnreal/Saved/Config/Windows/Scalability.ini]
[2020.11.09-11.25.15:634][  0]LogConfig: Setting CVar [[r.PostProcessAAQuality:4]]
[2020.11.09-11.25.15:634][  0]LogConfig: Applying CVar settings from Section [ShadowQuality@3] File [D:/HideNSneak2/HideNSneakUnreal/Saved/Config/Windows/Scalability.ini]
[2020.11.09-11.25.15:634][  0]LogConfig: Setting CVar [[r.LightFunctionQuality:1]]
[2020.11.09-11.25.15:634][  0]LogConfig: Setting CVar [[r.ShadowQuality:5]]
[2020.11.09-11.25.15:634][  0]LogConfig: Setting CVar [[r.Shadow.CSM.MaxCascades:10]]
[2020.11.09-11.25.15:634][  0]LogConfig: Setting CVar [[r.Shadow.MaxResolution:2048]]
[2020.11.09-11.25.15:634][  0]LogConfig: Setting CVar [[r.Shadow.MaxCSMResolution:2048]]
[2020.11.09-11.25.15:634][  0]LogConfig: Setting CVar [[r.Shadow.RadiusThreshold:0.01]]
[2020.11.09-11.25.15:634][  0]LogConfig: Setting CVar [[r.Shadow.DistanceScale:1.0]]
[2020.11.09-11.25.15:634][  0]LogConfig: Setting CVar [[r.Shadow.CSM.TransitionScale:1.0]]
[2020.11.09-11.25.15:634][  0]LogConfig: Setting CVar [[r.Shadow.PreShadowResolutionFactor:1.0]]
[2020.11.09-11.25.15:634][  0]LogConfig: Setting CVar [[r.DistanceFieldShadowing:1]]
[2020.11.09-11.25.15:634][  0]LogConfig: Setting CVar [[r.DistanceFieldAO:1]]
[2020.11.09-11.25.15:634][  0]LogConfig: Setting CVar [[r.AOQuality:2]]
[2020.11.09-11.25.15:634][  0]LogConfig: Setting CVar [[r.VolumetricFog:1]]
[2020.11.09-11.25.15:634][  0]LogConfig: Setting CVar [[r.VolumetricFog.GridPixelSize:8]]
[2020.11.09-11.25.15:634][  0]LogConfig: Setting CVar [[r.VolumetricFog.GridSizeZ:128]]
[2020.11.09-11.25.15:634][  0]LogConfig: Setting CVar [[r.VolumetricFog.HistoryMissSupersampleCount:4]]
[2020.11.09-11.25.15:634][  0]LogConfig: Setting CVar [[r.LightMaxDrawDistanceScale:1]]
[2020.11.09-11.25.15:634][  0]LogConfig: Setting CVar [[r.CapsuleShadows:1]]
[2020.11.09-11.25.15:634][  0]LogConfig: Applying CVar settings from Section [PostProcessQuality@3] File [D:/HideNSneak2/HideNSneakUnreal/Saved/Config/Windows/Scalability.ini]
[2020.11.09-11.25.15:634][  0]LogConfig: Setting CVar [[r.MotionBlurQuality:4]]
[2020.11.09-11.25.15:634][  0]LogConfig: Setting CVar [[r.AmbientOcclusionMipLevelFactor:0.4]]
[2020.11.09-11.25.15:634][  0]LogConfig: Setting CVar [[r.AmbientOcclusionMaxQuality:100]]
[2020.11.09-11.25.15:634][  0]LogConfig: Setting CVar [[r.AmbientOcclusionLevels:-1]]
[2020.11.09-11.25.15:634][  0]LogConfig: Setting CVar [[r.AmbientOcclusionRadiusScale:1.0]]
[2020.11.09-11.25.15:634][  0]LogConfig: Setting CVar [[r.DepthOfFieldQuality:2]]
[2020.11.09-11.25.15:634][  0]LogConfig: Setting CVar [[r.RenderTargetPoolMin:400]]
[2020.11.09-11.25.15:634][  0]LogConfig: Setting CVar [[r.LensFlareQuality:2]]
[2020.11.09-11.25.15:634][  0]LogConfig: Setting CVar [[r.SceneColorFringeQuality:1]]
[2020.11.09-11.25.15:634][  0]LogConfig: Setting CVar [[r.EyeAdaptationQuality:2]]
[2020.11.09-11.25.15:634][  0]LogConfig: Setting CVar [[r.BloomQuality:5]]
[2020.11.09-11.25.15:634][  0]LogConfig: Setting CVar [[r.FastBlurThreshold:100]]
[2020.11.09-11.25.15:634][  0]LogConfig: Setting CVar [[r.Upscale.Quality:3]]
[2020.11.09-11.25.15:634][  0]LogConfig: Setting CVar [[r.Tonemapper.GrainQuantization:1]]
[2020.11.09-11.25.15:634][  0]LogConfig: Setting CVar [[r.LightShaftQuality:1]]
[2020.11.09-11.25.15:634][  0]LogConfig: Setting CVar [[r.Filter.SizeScale:1]]
[2020.11.09-11.25.15:634][  0]LogConfig: Setting CVar [[r.Tonemapper.Quality:5]]
[2020.11.09-11.25.15:634][  0]LogConfig: Setting CVar [[r.DOF.Gather.AccumulatorQuality:1        ; higher gathering accumulator quality]]
[2020.11.09-11.25.15:634][  0]LogConfig: Setting CVar [[r.DOF.Gather.PostfilterMethod:1          ; Median3x3 postfilering method]]
[2020.11.09-11.25.15:634][  0]LogConfig: Setting CVar [[r.DOF.Gather.EnableBokehSettings:0       ; no bokeh simulation when gathering]]
[2020.11.09-11.25.15:634][  0]LogConfig: Setting CVar [[r.DOF.Gather.RingCount:4                 ; medium number of samples when gathering]]
[2020.11.09-11.25.15:634][  0]LogConfig: Setting CVar [[r.DOF.Scatter.ForegroundCompositing:1    ; additive foreground scattering]]
[2020.11.09-11.25.15:634][  0]LogConfig: Setting CVar [[r.DOF.Scatter.BackgroundCompositing:2    ; additive background scattering]]
[2020.11.09-11.25.15:634][  0]LogConfig: Setting CVar [[r.DOF.Scatter.EnableBokehSettings:1      ; bokeh simulation when scattering]]
[2020.11.09-11.25.15:634][  0]LogConfig: Setting CVar [[r.DOF.Scatter.MaxSpriteRatio:0.1         ; only a maximum of 10% of scattered bokeh]]
[2020.11.09-11.25.15:635][  0]LogConfig: Setting CVar [[r.DOF.Recombine.Quality:1                ; cheap slight out of focus]]
[2020.11.09-11.25.15:635][  0]LogConfig: Setting CVar [[r.DOF.Recombine.EnableBokehSettings:0    ; no bokeh simulation on slight out of focus]]
[2020.11.09-11.25.15:635][  0]LogConfig: Setting CVar [[r.DOF.TemporalAAQuality:1                ; more stable temporal accumulation]]
[2020.11.09-11.25.15:635][  0]LogConfig: Setting CVar [[r.DOF.Kernel.MaxForegroundRadius:0.025]]
[2020.11.09-11.25.15:635][  0]LogConfig: Setting CVar [[r.DOF.Kernel.MaxBackgroundRadius:0.025]]
[2020.11.09-11.25.15:635][  0]LogConfig: Applying CVar settings from Section [TextureQuality@3] File [D:/HideNSneak2/HideNSneakUnreal/Saved/Config/Windows/Scalability.ini]
[2020.11.09-11.25.15:635][  0]LogConfig: Setting CVar [[r.Streaming.MipBias:0]]
[2020.11.09-11.25.15:635][  0]LogConfig: Setting CVar [[r.Streaming.AmortizeCPUToGPUCopy:0]]
[2020.11.09-11.25.15:635][  0]LogConfig: Setting CVar [[r.Streaming.MaxNumTexturesToStreamPerFrame:0]]
[2020.11.09-11.25.15:635][  0]LogConfig: Setting CVar [[r.Streaming.Boost:1]]
[2020.11.09-11.25.15:635][  0]LogConfig: Setting CVar [[r.MaxAnisotropy:8]]
[2020.11.09-11.25.15:635][  0]LogConfig: Setting CVar [[r.VT.MaxAnisotropy:8]]
[2020.11.09-11.25.15:635][  0]LogConfig: Setting CVar [[r.Streaming.LimitPoolSizeToVRAM:0]]
[2020.11.09-11.25.15:635][  0]LogConfig: Setting CVar [[r.Streaming.PoolSize:1000]]
[2020.11.09-11.25.15:635][  0]LogConfig: Setting CVar [[r.Streaming.MaxEffectiveScreenSize:0]]
[2020.11.09-11.25.15:635][  0]LogConfig: Applying CVar settings from Section [EffectsQuality@3] File [D:/HideNSneak2/HideNSneakUnreal/Saved/Config/Windows/Scalability.ini]
[2020.11.09-11.25.15:635][  0]LogConfig: Setting CVar [[r.TranslucencyLightingVolumeDim:64]]
[2020.11.09-11.25.15:635][  0]LogConfig: Setting CVar [[r.RefractionQuality:2]]
[2020.11.09-11.25.15:635][  0]LogConfig: Setting CVar [[r.SSR.Quality:3]]
[2020.11.09-11.25.15:635][  0]LogConfig: Setting CVar [[r.SSR.HalfResSceneColor:0]]
[2020.11.09-11.25.15:635][  0]LogConfig: Setting CVar [[r.SceneColorFormat:4]]
[2020.11.09-11.25.15:635][  0]LogConfig: Setting CVar [[r.DetailMode:2]]
[2020.11.09-11.25.15:635][  0]LogConfig: Setting CVar [[r.TranslucencyVolumeBlur:1]]
[2020.11.09-11.25.15:635][  0]LogConfig: Setting CVar [[r.MaterialQualityLevel:1 ; High quality]]
[2020.11.09-11.25.15:635][  0]LogConfig: Setting CVar [[r.SSS.Scale:1]]
[2020.11.09-11.25.15:635][  0]LogConfig: Setting CVar [[r.SSS.SampleSet:2]]
[2020.11.09-11.25.15:635][  0]LogConfig: Setting CVar [[r.SSS.Quality:1]]
[2020.11.09-11.25.15:635][  0]LogConfig: Setting CVar [[r.SSS.HalfRes:0]]
[2020.11.09-11.25.15:635][  0]LogConfig: Setting CVar [[r.SSGI.Quality:3]]
[2020.11.09-11.25.15:635][  0]LogConfig: Setting CVar [[r.EmitterSpawnRateScale:1.0]]
[2020.11.09-11.25.15:635][  0]LogConfig: Setting CVar [[r.ParticleLightQuality:2]]
[2020.11.09-11.25.15:635][  0]LogConfig: Setting CVar [[r.SkyAtmosphere.AerialPerspectiveLUT.FastApplyOnOpaque:1 ; Always have FastSkyLUT 1 in this case to avoid wrong sky]]
[2020.11.09-11.25.15:635][  0]LogConfig: Setting CVar [[r.SkyAtmosphere.AerialPerspectiveLUT.SampleCountPerSlice:1]]
[2020.11.09-11.25.15:635][  0]LogConfig: Setting CVar [[r.SkyAtmosphere.AerialPerspectiveLUT.DepthResolution:16.0]]
[2020.11.09-11.25.15:635][  0]LogConfig: Setting CVar [[r.SkyAtmosphere.FastSkyLUT:1]]
[2020.11.09-11.25.15:635][  0]LogConfig: Setting CVar [[r.SkyAtmosphere.FastSkyLUT.SampleCountMin:4.0]]
[2020.11.09-11.25.15:635][  0]LogConfig: Setting CVar [[r.SkyAtmosphere.FastSkyLUT.SampleCountMax:32.0]]
[2020.11.09-11.25.15:635][  0]LogConfig: Setting CVar [[r.SkyAtmosphere.SampleCountMin:4.0]]
[2020.11.09-11.25.15:635][  0]LogConfig: Setting CVar [[r.SkyAtmosphere.SampleCountMax:32.0]]
[2020.11.09-11.25.15:635][  0]LogConfig: Setting CVar [[r.SkyAtmosphere.TransmittanceLUT.UseSmallFormat:0]]
[2020.11.09-11.25.15:635][  0]LogConfig: Setting CVar [[r.SkyAtmosphere.TransmittanceLUT.SampleCount:10.0]]
[2020.11.09-11.25.15:635][  0]LogConfig: Setting CVar [[r.SkyAtmosphere.MultiScatteringLUT.SampleCount:15.0]]
[2020.11.09-11.25.15:635][  0]LogConfig: Applying CVar settings from Section [FoliageQuality@3] File [D:/HideNSneak2/HideNSneakUnreal/Saved/Config/Windows/Scalability.ini]
[2020.11.09-11.25.15:635][  0]LogConfig: Setting CVar [[foliage.DensityScale:1.0]]
[2020.11.09-11.25.15:635][  0]LogConfig: Setting CVar [[grass.DensityScale:1.0]]
[2020.11.09-11.25.15:635][  0]LogConfig: Applying CVar settings from Section [ShadingQuality@3] File [D:/HideNSneak2/HideNSneakUnreal/Saved/Config/Windows/Scalability.ini]
[2020.11.09-11.25.15:635][  0]LogConfig: Setting CVar [[r.HairStrands.SkyLighting.SampleCount:16]]
[2020.11.09-11.25.15:635][  0]LogConfig: Setting CVar [[r.HairStrands.SkyLighting.JitterIntegration:0]]
[2020.11.09-11.25.15:635][  0]LogConfig: Setting CVar [[r.HairStrands.SkyAO.SampleCount:16]]
[2020.11.09-11.25.15:635][  0]LogConfig: Setting CVar [[r.HairStrands.DeepShadow.SuperSampling:0]]
[2020.11.09-11.25.15:635][  0]LogConfig: Setting CVar [[r.HairStrands.VisibilityPPLL:0]]
[2020.11.09-11.25.15:635][  0]LogConfig: Setting CVar [[r.HairStrands.RasterizationScale:0.5]]
[2020.11.09-11.25.15:635][  0]LogConfig: Setting CVar [[r.HairStrands.VelocityRasterizationScale:1]]
[2020.11.09-11.25.15:635][  0]LogConfig: Applying CVar settings from Section [Startup] File [../../../Engine/Config/ConsoleVariables.ini]
[2020.11.09-11.25.15:636][  0]LogConfig: Setting CVar [[net.UseAdaptiveNetUpdateFrequency:0]]
[2020.11.09-11.25.15:636][  0]LogConfig: Setting CVar [[p.chaos.AllowCreatePhysxBodies:1]]
[2020.11.09-11.25.15:636][  0]LogConfig: Setting CVar [[fx.SkipVectorVMBackendOptimizations:1]]
[2020.11.09-11.25.15:636][  0]LogConfig: Applying CVar settings from Section [ConsoleVariables] File [D:/HideNSneak2/HideNSneakUnreal/Saved/Config/Windows/Engine.ini]
[2020.11.09-11.25.15:636][  0]LogInit: Computer: DESKTOP-I42L79B
[2020.11.09-11.25.15:636][  0]LogInit: User: Oskar
[2020.11.09-11.25.15:636][  0]LogInit: CPU Page size=4096, Cores=8
[2020.11.09-11.25.15:636][  0]LogInit: High frequency timer resolution =10.000000 MHz
[2020.11.09-11.25.15:636][  0]LogMemory: Memory total: Physical=16.0GB (16GB approx)
[2020.11.09-11.25.15:636][  0]LogMemory: Platform Memory Stats for Windows
[2020.11.09-11.25.15:636][  0]LogMemory: Process Physical Memory: 116.33 MB used, 116.33 MB peak
[2020.11.09-11.25.15:636][  0]LogMemory: Process Virtual Memory: 106.21 MB used, 106.21 MB peak
[2020.11.09-11.25.15:636][  0]LogMemory: Physical Memory: 5168.75 MB used,  11166.11 MB free, 16334.86 MB total
[2020.11.09-11.25.15:636][  0]LogMemory: Virtual Memory: 5193.13 MB used,  134212536.00 MB free, 134217728.00 MB total
[2020.11.09-11.25.15:644][  0]LogWindows: WindowsPlatformFeatures enabled
[2020.11.09-11.25.15:687][  0]LogInit: Physics initialised using underlying interface: PhysX
[2020.11.09-11.25.15:688][  0]LogInit: Using OS detected language (en-GB).
[2020.11.09-11.25.15:688][  0]LogInit: Using OS detected locale (en-SE).
[2020.11.09-11.25.15:691][  0]LogTextLocalizationManager: No specific localization for 'en-GB' exists, so the 'en' localization will be used.
[2020.11.09-11.25.15:893][  0]LogInit: Setting process to per monitor DPI aware
[2020.11.09-11.25.15:934][  0]LogSlate: New Slate User Created.  User Index 0, Is Virtual User: 0
[2020.11.09-11.25.15:934][  0]LogSlate: Slate User Registered.  User Index 0, Is Virtual User: 0
[2020.11.09-11.25.16:074][  0]LogHMD: Failed to initialize OpenVR with code 110
[2020.11.09-11.25.16:074][  0]LogD3D11RHI: D3D11 min allowed feature level: 11_0
[2020.11.09-11.25.16:074][  0]LogD3D11RHI: D3D11 max allowed feature level: 11_0
[2020.11.09-11.25.16:074][  0]LogD3D11RHI: D3D11 adapters:
[2020.11.09-11.25.16:150][  0]LogD3D11RHI:    0. 'NVIDIA GeForce GTX 1070' (Feature Level 11_0)
[2020.11.09-11.25.16:150][  0]LogD3D11RHI:       8088/0/8167 MB DedicatedVideo/DedicatedSystem/SharedSystem, Outputs:1, VendorId:0x10de
[2020.11.09-11.25.16:152][  0]LogD3D11RHI:    1. 'Microsoft Basic Render Driver' (Feature Level 11_0)
[2020.11.09-11.25.16:152][  0]LogD3D11RHI:       0/0/8167 MB DedicatedVideo/DedicatedSystem/SharedSystem, Outputs:0, VendorId:0x1414
[2020.11.09-11.25.16:152][  0]LogD3D11RHI: Chosen D3D11 Adapter: 0
[2020.11.09-11.25.16:161][  0]LogD3D11RHI: Creating new Direct3DDevice
[2020.11.09-11.25.16:161][  0]LogD3D11RHI:     GPU DeviceId: 0x1b81 (for the marketing name, search the web for "GPU Device Id")
[2020.11.09-11.25.16:161][  0]LogWindows: EnumDisplayDevices:
[2020.11.09-11.25.16:161][  0]LogWindows:    0. 'NVIDIA GeForce GTX 1070' (P:1 D:1)
[2020.11.09-11.25.16:162][  0]LogWindows:    1. 'NVIDIA GeForce GTX 1070' (P:0 D:0)
[2020.11.09-11.25.16:162][  0]LogWindows:    2. 'NVIDIA GeForce GTX 1070' (P:0 D:0)
[2020.11.09-11.25.16:162][  0]LogWindows:    3. 'NVIDIA GeForce GTX 1070' (P:0 D:0)
[2020.11.09-11.25.16:163][  0]LogWindows: DebugString: FoundDriverCount:4 
[2020.11.09-11.25.16:163][  0]LogD3D11RHI:     Adapter Name: NVIDIA GeForce GTX 1070
[2020.11.09-11.25.16:163][  0]LogD3D11RHI:   Driver Version: 432.00 (internal:26.21.14.3200, unified:432.00)
[2020.11.09-11.25.16:163][  0]LogD3D11RHI:      Driver Date: 7-24-2019
[2020.11.09-11.25.16:163][  0]LogRHI: Texture pool is 5661 MB (70% of 8088 MB)
[2020.11.09-11.25.16:220][  0]LogD3D11RHI: RHI has support for 64 bit atomics
[2020.11.09-11.25.16:222][  0]LogD3D11RHI: [Aftermath] Enabled and primed
[2020.11.09-11.25.16:222][  0]LogD3D11RHI: Async texture creation enabled
[2020.11.09-11.25.16:222][  0]LogD3D11RHI: Array index from any shader is supported
[2020.11.09-11.25.16:288][  0]LogD3D11RHI: GPU Timing Frequency: 1000.000000 (Debug: 2 1)
[2020.11.09-11.25.16:813][  0]LogTargetPlatformManager: Display: Loaded TargetPlatform 'AllDesktop'
[2020.11.09-11.25.16:839][  0]LogTargetPlatformManager: Display: Loaded TargetPlatform 'Android'
[2020.11.09-11.25.16:839][  0]LogTargetPlatformManager: Display: Loaded TargetPlatform 'Android_ASTC'
[2020.11.09-11.25.16:839][  0]LogTargetPlatformManager: Display: Loaded TargetPlatform 'Android_DXT'
[2020.11.09-11.25.16:839][  0]LogTargetPlatformManager: Display: Loaded TargetPlatform 'Android_ETC2'
[2020.11.09-11.25.16:839][  0]LogTargetPlatformManager: Display: Loaded TargetPlatform 'AndroidClient'
[2020.11.09-11.25.16:839][  0]LogTargetPlatformManager: Display: Loaded TargetPlatform 'Android_ASTCClient'
[2020.11.09-11.25.16:839][  0]LogTargetPlatformManager: Display: Loaded TargetPlatform 'Android_DXTClient'
[2020.11.09-11.25.16:839][  0]LogTargetPlatformManager: Display: Loaded TargetPlatform 'Android_ETC2Client'
[2020.11.09-11.25.16:839][  0]LogTargetPlatformManager: Display: Loaded TargetPlatform 'Android_Multi'
[2020.11.09-11.25.16:839][  0]LogTargetPlatformManager: Display: Loaded TargetPlatform 'Android_MultiClient'
[2020.11.09-11.25.16:868][  0]LogTargetPlatformManager: Display: Loaded TargetPlatform 'IOSClient'
[2020.11.09-11.25.16:868][  0]LogTargetPlatformManager: Display: Loaded TargetPlatform 'IOS'
[2020.11.09-11.25.16:880][  0]LogTargetPlatformManager: Display: Loaded TargetPlatform 'Linux'
[2020.11.09-11.25.16:892][  0]LogTargetPlatformManager: Display: Loaded TargetPlatform 'LinuxNoEditor'
[2020.11.09-11.25.16:903][  0]LogTargetPlatformManager: Display: Loaded TargetPlatform 'LinuxClient'
[2020.11.09-11.25.16:914][  0]LogTargetPlatformManager: Display: Loaded TargetPlatform 'LinuxServer'
[2020.11.09-11.25.16:925][  0]LogTargetPlatformManager: Display: Loaded TargetPlatform 'LinuxAArch64NoEditor'
[2020.11.09-11.25.16:936][  0]LogTargetPlatformManager: Display: Loaded TargetPlatform 'LinuxAArch64Client'
[2020.11.09-11.25.16:948][  0]LogTargetPlatformManager: Display: Loaded TargetPlatform 'LinuxAArch64Server'
[2020.11.09-11.25.16:979][  0]LogTargetPlatformManager: Display: Loaded TargetPlatform 'Lumin'
[2020.11.09-11.25.16:979][  0]LogTargetPlatformManager: Display: Loaded TargetPlatform 'LuminClient'
[2020.11.09-11.25.16:998][  0]LogTargetPlatformManager: Display: Loaded TargetPlatform 'TVOSClient'
[2020.11.09-11.25.16:998][  0]LogTargetPlatformManager: Display: Loaded TargetPlatform 'TVOS'
[2020.11.09-11.25.17:009][  0]LogTargetPlatformManager: Display: Loaded TargetPlatform 'WindowsNoEditor'
[2020.11.09-11.25.17:021][  0]LogTargetPlatformManager: Display: Loaded TargetPlatform 'Windows'
[2020.11.09-11.25.17:032][  0]LogTargetPlatformManager: Display: Loaded TargetPlatform 'WindowsClient'
[2020.11.09-11.25.17:043][  0]LogTargetPlatformManager: Display: Loaded TargetPlatform 'WindowsServer'
[2020.11.09-11.25.17:043][  0]LogTargetPlatformManager: Display: Building Assets For Windows
[2020.11.09-11.25.17:052][  0]LogAudioDebug: Display: Lib vorbis DLL was dynamically loaded.
[2020.11.09-11.25.17:121][  0]LogShaderCompilers: Guid format shader working directory is 6 characters bigger than the processId version (../../../../HideNSneak2/HideNSneakUnreal/Intermediate/Shaders/WorkingDirectory/5124/).
[2020.11.09-11.25.17:121][  0]LogShaderCompilers: Cleaned the shader compiler working directory 'C:/Users/Oskar/AppData/Local/Temp/UnrealShaderWorkingDir/EEC1CFCE41B3FE780F0D86B25FEEC7E4/'.
[2020.11.09-11.25.17:122][  0]LogXGEController: Cleaning working directory: C:/Users/Oskar/AppData/Local/Temp/UnrealXGEWorkingDir/
[2020.11.09-11.25.17:122][  0]LogXGEController: Cannot use XGE Controller as Incredibuild is not installed on this machine.
[2020.11.09-11.25.17:122][  0]LogShaderCompilers: Cannot use XGE Shader Compiler as Incredibuild is not installed on this machine.
[2020.11.09-11.25.17:123][  0]LogShaderCompilers: Display: Using Local Shader Compiler.
[2020.11.09-11.25.18:019][  0]LogDerivedDataCache: Display: Max Cache Size: 512 MB
[2020.11.09-11.25.18:070][  0]LogDerivedDataCache: Loaded boot cache 0.05s 75MB C:/Users/Oskar/AppData/Local/UnrealEngine/4.25/DerivedDataCache/Boot.ddc.
[2020.11.09-11.25.18:070][  0]LogDerivedDataCache: Display: Loaded Boot cache: C:/Users/Oskar/AppData/Local/UnrealEngine/4.25/DerivedDataCache/Boot.ddc
[2020.11.09-11.25.18:070][  0]LogDerivedDataCache: FDerivedDataBackendGraph:  Pak pak cache file ../../../../HideNSneak2/HideNSneakUnreal/DerivedDataCache/DDC.ddp not found, will not use a pak cache.
[2020.11.09-11.25.18:070][  0]LogDerivedDataCache: Unable to find inner node Pak for hierarchical cache Hierarchy.
[2020.11.09-11.25.18:070][  0]LogDerivedDataCache: FDerivedDataBackendGraph:  CompressedPak pak cache file ../../../../HideNSneak2/HideNSneakUnreal/DerivedDataCache/Compressed.ddp not found, will not use a pak cache.
[2020.11.09-11.25.18:071][  0]LogDerivedDataCache: Unable to find inner node CompressedPak for hierarchical cache Hierarchy.
[2020.11.09-11.25.18:084][  0]LogDerivedDataCache: Display: Pak cache opened for reading ../../../Engine/DerivedDataCache/Compressed.ddp.
[2020.11.09-11.25.18:084][  0]LogDerivedDataCache: FDerivedDataBackendGraph:  EnterprisePak pak cache file ../../../Enterprise/DerivedDataCache/Compressed.ddp not found, will not use a pak cache.
[2020.11.09-11.25.18:084][  0]LogDerivedDataCache: Unable to find inner node EnterprisePak for hierarchical cache Hierarchy.
[2020.11.09-11.25.18:086][  0]LogDerivedDataCache: Using Local data cache path C:/Users/Oskar/AppData/Local/UnrealEngine/Common/DerivedDataCache: Writable
[2020.11.09-11.25.18:086][  0]LogDerivedDataCache: Shared data cache path not found in *engine.ini, will not use an Shared cache.
[2020.11.09-11.25.18:086][  0]LogDerivedDataCache: Unable to find inner node Shared for hierarchical cache Hierarchy.
[2020.11.09-11.25.18:147][  0]LogSlate: Using FreeType 2.10.0
[2020.11.09-11.25.18:148][  0]LogSlate: SlateFontServices - WITH_FREETYPE: 1, WITH_HARFBUZZ: 1
[2020.11.09-11.25.18:173][  0]LogAssetRegistry: FAssetRegistry took 0.0032 seconds to start up
[2020.11.09-11.25.18:450][  0]LogLinker: Warning: Failed to read package file summary, the file "../../../../HideNSneak2/HideNSneakUnreal/Content/Blueprints/Widgets/BPW_MenuHost_BASE_976.uasset" is too small (0 bytes, expected at least 32 bytes)
[2020.11.09-11.25.18:450][  0]LogInit: Selected Device Profile: [Windows]
[2020.11.09-11.25.18:589][  0]LogMeshReduction: Using QuadricMeshReduction for automatic static mesh reduction
[2020.11.09-11.25.18:589][  0]LogMeshReduction: Using SimplygonMeshReduction for automatic skeletal mesh reduction
[2020.11.09-11.25.18:589][  0]LogMeshReduction: Using ProxyLODMeshReduction for automatic mesh merging
[2020.11.09-11.25.18:589][  0]LogMeshReduction: No distributed automatic mesh merging module available
[2020.11.09-11.25.18:589][  0]LogMeshMerging: No distributed automatic mesh merging module available
[2020.11.09-11.25.18:605][  0]LogNetVersion: HideNSneakUnreal 1.0.0, NetCL: 13144385, EngineNetVer: 14, GameNetVer: 0 (Checksum: 3367979030)
[2020.11.09-11.25.19:040][  0]LogAISub: UAISubsystem::UAISubsystem AISubsystem (0000020B02435BC0), frame # 0
[2020.11.09-11.25.19:040][  0]LogAISub: UAISubsystem::UAISubsystem AIPerceptionSystem (0000020B0237EAC0), frame # 0
[2020.11.09-11.25.19:042][  0]LogAISub: UAISubsystem::UAISubsystem EnvQueryManager (0000020B023D5E00), frame # 0
[2020.11.09-11.25.19:083][  0]LogPackageLocalizationCache: Processed 19 localized package path(s) for 1 prioritized culture(s) in 0.034757 seconds
[2020.11.09-11.25.19:090][  0]LogUObjectArray: 15917 objects as part of root set at end of initial load.
[2020.11.09-11.25.19:090][  0]LogUObjectAllocator: 3965568 out of 0 bytes used by permanent object pool.
[2020.11.09-11.25.19:090][  0]LogUObjectArray: CloseDisregardForGC: 0/0 objects in disregard for GC pool
[2020.11.09-11.25.19:503][  0]LogTcpMessaging: Initializing TcpMessaging bridge
[2020.11.09-11.25.19:509][  0]LogUdpMessaging: Initializing bridge on interface 0.0.0.0:0 to multicast group 230.0.0.1:6666.
[2020.11.09-11.25.19:549][  0]LogSteamShared: Display: Loading Steam SDK 1.47
[2020.11.09-11.25.19:550][  0]LogSteamShared: Steam SDK Loaded!
[2020.11.09-11.25.19:655][  0]SourceControl: Source control is disabled
[2020.11.09-11.25.19:655][  0]SourceControl: Source control is disabled
[2020.11.09-11.25.19:660][  0]SourceControl: Source control is disabled
[2020.11.09-11.25.19:663][  0]SourceControl: Source control is disabled
[2020.11.09-11.25.19:672][  0]SourceControl: Source control is disabled
[2020.11.09-11.25.19:973][  0]LogAndroidPermission: UAndroidPermissionCallbackProxy::GetInstance
[2020.11.09-11.25.19:999][  0]LogAudioCaptureCore: Display: No Audio Capture implementations found. Audio input will be silent.
[2020.11.09-11.25.19:999][  0]LogAudioCaptureCore: Display: No Audio Capture implementations found. Audio input will be silent.
[2020.11.09-11.25.20:058][  0]LogOcInput: OculusInput pre-init called
[2020.11.09-11.25.20:071][  0]LogWindows: Failed to load 'OVRPlugin.dll' (GetLastError=126)
[2020.11.09-11.25.20:071][  0]LogWindows: File 'OVRPlugin.dll' does not exist
[2020.11.09-11.25.20:147][  0]LogEngine: Initializing Engine...
[2020.11.09-11.25.20:149][  0]LogHMD: Failed to initialize OpenVR with code 110
[2020.11.09-11.25.20:149][  0]LogMagicLeap: Warning: VR disabled because ZI is not enabled.  To enable, in the editor, Edit -> Project Settings -> Plugins -> Magic Leap Plugin -> Enable Zero Iteration
[2020.11.09-11.25.20:150][  0]LogStats: UGameplayTagsManager::InitializeManager -  0.000 s
[2020.11.09-11.25.20:267][  0]LogInit: Initializing FReadOnlyCVARCache
[2020.11.09-11.25.20:276][  0]LogAIModule: Creating AISystem for world Untitled
[2020.11.09-11.25.20:276][  0]LogAISub: UAISubsystem::UAISubsystem EnvQueryManager (0000020B0A983C00), frame # 0
[2020.11.09-11.25.20:276][  0]LogAISub: UAISubsystem::UAISubsystem AIPerceptionSystem (0000020B0A9D9800), frame # 0
[2020.11.09-11.25.20:281][  0]LogAudioMixer: Display: Audio Mixer Platform Settings:
[2020.11.09-11.25.20:281][  0]LogAudioMixer: Display: 	Sample Rate:						  48000
[2020.11.09-11.25.20:281][  0]LogAudioMixer: Display: 	Callback Buffer Frame Size Requested: 1024
[2020.11.09-11.25.20:282][  0]LogAudioMixer: Display: 	Callback Buffer Frame Size To Use:	  1024
[2020.11.09-11.25.20:282][  0]LogAudioMixer: Display: 	Number of buffers to queue:			  2
[2020.11.09-11.25.20:282][  0]LogAudioMixer: Display: 	Max Channels (voices):				  32
[2020.11.09-11.25.20:282][  0]LogAudioMixer: Display: 	Number of Async Source Workers:		  0
[2020.11.09-11.25.20:282][  0]LogAudio: Display: AudioDevice MaxSources: 32
[2020.11.09-11.25.20:282][  0]LogAudio: Display: Using built-in audio occlusion.
[2020.11.09-11.25.20:282][  0]LogAudioMixer: Display: Initializing audio mixer.
[2020.11.09-11.25.20:304][  0]LogAudioMixer: Display: 0: FrontLeft
[2020.11.09-11.25.20:304][  0]LogAudioMixer: Display: 1: FrontRight
[2020.11.09-11.25.20:364][  0]LogAudioMixer: Display: Using Audio Device Speakers (Realtek High Definition Audio)
[2020.11.09-11.25.20:367][  0]LogAudioMixer: Display: Initializing Sound Submixes...
[2020.11.09-11.25.20:369][  0]LogAudioMixer: Display: Creating Master Submix 'MasterSubmixDefault'
[2020.11.09-11.25.20:369][  0]LogAudioMixer: Display: Creating Master Submix 'MasterReverbSubmixDefault'
[2020.11.09-11.25.20:370][  0]LogAudioMixer: Display: Creating Master Submix 'MasterEQSubmixDefault'
[2020.11.09-11.25.20:371][  0]LogInit: FAudioDevice initialized.
[2020.11.09-11.25.20:371][  0]LogNetVersion: Set ProjectVersion to 1.0.0.0. Version Checksum will be recalculated on next use.
[2020.11.09-11.25.20:569][  0]LogDerivedDataCache: Saved boot cache 0.20s 75MB C:/Users/Oskar/AppData/Local/UnrealEngine/4.25/DerivedDataCache/Boot.ddc.
[2020.11.09-11.25.20:569][  0]LogInit: Texture streaming: Enabled
[2020.11.09-11.25.20:590][  0]LogEngineSessionManager: EngineSessionManager initialized
[2020.11.09-11.25.20:590][  0]LogEditorSessionSummary: Verbose: Initializing EditorSessionSummaryWriter for editor session tracking
[2020.11.09-11.25.20:593][  0]LogEditorSessionSummary: EditorSessionSummaryWriter initialized
[2020.11.09-11.25.20:642][  0]LogInit: Transaction tracking system initialized
[2020.11.09-11.25.20:669][  0]BlueprintLog: New page: Editor Load
[2020.11.09-11.25.20:753][  0]LocalizationService: Localization service is disabled
[2020.11.09-11.25.20:918][  0]LogCook: Display: Max memory allowance for cook 16384mb min free memory 0mb
[2020.11.09-11.25.20:918][  0]LogCook: Display: Mobile HDR setting 1
[2020.11.09-11.25.21:074][  0]LogFileCache: Scanning file cache for directory 'D:/HideNSneak2/HideNSneakUnreal/Content/' took 0.01s
[2020.11.09-11.25.21:259][  0]SourceControl: Source control is disabled
[2020.11.09-11.25.21:259][  0]LogUnrealEdMisc: Loading editor; pre map load, took 7.404
[2020.11.09-11.25.21:259][  0]Cmd: MAP LOAD FILE="../../../Engine/Content/Maps/Templates/Template_Default.umap" TEMPLATE=1 SHOWPROGRESS=1 FEATURELEVEL=3
[2020.11.09-11.25.21:278][  0]LightingResults: New page: Lighting Build
[2020.11.09-11.25.21:278][  0]LogWorld: UWorld::CleanupWorld for Untitled, bSessionEnded=true, bCleanupResources=true
[2020.11.09-11.25.21:278][  0]LogSlate: InvalidateAllWidgets triggered.  All widgets were invalidated
[2020.11.09-11.25.21:279][  0]MapCheck: New page: Map Check
[2020.11.09-11.25.21:279][  0]LightingResults: New page: Lighting Build
[2020.11.09-11.25.21:299][  0]LogAISub: UAISubsystem::~UAISubsystem EnvQueryManager (0000020B0A983C00), frame # 0
[2020.11.09-11.25.21:299][  0]LogAISub: UAISubsystem::~UAISubsystem AIPerceptionSystem (0000020B0A9D9800), frame # 0
[2020.11.09-11.25.21:300][  0]LogUObjectHash: Compacting FUObjectHashTables data took   0.92ms
[2020.11.09-11.25.21:491][  0]LogAIModule: Creating AISystem for world Untitled_1
[2020.11.09-11.25.21:491][  0]LogAISub: UAISubsystem::UAISubsystem EnvQueryManager (0000020B08C7D800), frame # 0
[2020.11.09-11.25.21:491][  0]LogAISub: UAISubsystem::UAISubsystem AIPerceptionSystem (0000020B0AD45BC0), frame # 0
[2020.11.09-11.25.21:495][  0]LogEditorServer: Finished looking for orphan Actors (0.000 secs)
[2020.11.09-11.25.21:513][  0]LogUObjectHash: Compacting FUObjectHashTables data took   0.93ms
[2020.11.09-11.25.21:514][  0]Cmd: MAP CHECKDEP NOCLEARLOG
[2020.11.09-11.25.21:514][  0]MapCheck: Map check complete: 0 Error(s), 0 Warning(s), took 0,143ms to complete.
[2020.11.09-11.25.21:514][  0]LogFileHelpers: Loading map 'Template_Default' took 0.255
[2020.11.09-11.25.21:517][  0]LogUnrealEdMisc: Total Editor Startup Time, took 7.662
[2020.11.09-11.25.21:676][  0]LogSlate: Updating window title bar state: overlay mode, drag disabled, window buttons hidden, title bar hidden
[2020.11.09-11.25.21:684][  0]LogSlate: Updating window title bar state: overlay mode, drag disabled, window buttons hidden, title bar hidden
[2020.11.09-11.25.21:692][  0]LogSlate: Updating window title bar state: overlay mode, drag disabled, window buttons hidden, title bar hidden
[2020.11.09-11.25.21:701][  0]LogSlate: Updating window title bar state: overlay mode, drag disabled, window buttons hidden, title bar hidden
[2020.11.09-11.25.21:708][  0]LogCollectionManager: Loaded 0 collections in 0.000928 seconds
[2020.11.09-11.25.21:727][  0]LogFileCache: Scanning file cache for directory 'D:/HideNSneak2/HideNSneakUnreal/Saved/Collections/' took 0.00s
[2020.11.09-11.25.21:727][  0]LogFileCache: Scanning file cache for directory 'D:/HideNSneak2/HideNSneakUnreal/Content/Developers/Oskar/Collections/' took 0.00s
[2020.11.09-11.25.21:727][  0]LogFileCache: Scanning file cache for directory 'D:/HideNSneak2/HideNSneakUnreal/Content/Collections/' took 0.00s
[2020.11.09-11.25.21:727][  0]LogContentBrowser: Native class hierarchy populated in 0.0126 seconds. Added 3471 classes and 833 folders.
[2020.11.09-11.25.21:732][  0]LogContentBrowser: Native class hierarchy updated for 'WidgetCarousel' in 0.0004 seconds. Added 0 classes and 0 folders.
[2020.11.09-11.25.21:782][  0]LogContentBrowser: Native class hierarchy updated for 'AddContentDialog' in 0.0005 seconds. Added 0 classes and 0 folders.
[2020.11.09-11.25.21:791][  0]LogContentBrowser: Native class hierarchy updated for 'SceneOutliner' in 0.0004 seconds. Added 2 classes and 0 folders.
[2020.11.09-11.25.22:268][  0]LogSlate: Took 0.000177 seconds to synchronously load lazily loaded font '../../../Engine/Content/Slate/Fonts/Roboto-Regular.ttf' (155K)
[2020.11.09-11.25.22:270][  0]LogSlate: Took 0.000103 seconds to synchronously load lazily loaded font '../../../Engine/Content/Slate/Fonts/Roboto-Bold.ttf' (160K)
[2020.11.09-11.25.22:276][  0]LogSlate: Took 0.000113 seconds to synchronously load lazily loaded font '../../../Engine/Content/Editor/Slate/Fonts/FontAwesome.ttf' (139K)
[2020.11.09-11.25.22:343][  0]LogRenderer: Reallocating scene render targets to support 2316x1472 Format 10 NumSamples 1 (Frame:1).
[2020.11.09-11.25.22:437][  0]LogContentBrowser: Native class hierarchy updated for 'HierarchicalLODOutliner' in 0.0005 seconds. Added 0 classes and 0 folders.
[2020.11.09-11.25.22:437][  0]LogLoad: (Engine Initialization) Total time: 8.58 seconds
[2020.11.09-11.25.22:437][  0]LogLoad: (Engine Initialization) Total Blueprint compile time: 0.00 seconds
[2020.11.09-11.25.22:507][  0]LogAssetRegistry: Asset discovery search completed in 4.3345 seconds
[2020.11.09-11.25.22:511][  0]LogCollectionManager: Fixed up redirectors for 0 collections in 0.000003 seconds (updated 0 objects)
[2020.11.09-11.25.22:513][  0]LogContentStreaming: Texture pool size now 1000 MB
[2020.11.09-11.25.40:011][901]LogSlate: Took 0.000130 seconds to synchronously load lazily loaded font '../../../Engine/Content/Slate/Fonts/Roboto-Light.ttf' (167K)
[2020.11.09-11.25.40:030][901]LogAssetEditorSubsystem: Opening Asset editor for Class /Script/HideNSneakUnreal.HideNSneakCPPCharacter
[2020.11.09-11.27.13:385][549]LogLinker: Warning: While loading '../../../../HideNSneak2/HideNSneakUnreal/Content/Blueprints/BP_HideNSneakCPPCharacter.uasset' failed to load '/Game/Mannequin/Animations/ThirdPerson_AnimBP': Can't find file.
[2020.11.09-11.27.13:386][549]LogLinker: Warning: While loading '../../../../HideNSneak2/HideNSneakUnreal/Content/Blueprints/BP_HideNSneakCPPCharacter.uasset' failed to load '/Game/Mannequin/Animations/ThirdPerson_AnimBP': Can't find file.
[2020.11.09-11.27.13:392][549]LogLinker: Warning: While loading '../../../../HideNSneak2/HideNSneakUnreal/Content/Blueprints/BP_HideNSneakCPPCharacter.uasset' failed to load '/Game/Mannequin/Animations/ThirdPerson_AnimBP': Can't find file.
[2020.11.09-11.27.13:392][549]LogLinker: Warning: While loading '../../../../HideNSneak2/HideNSneakUnreal/Content/Blueprints/BP_HideNSneakCPPCharacter.uasset' failed to load '/Game/Mannequin/Animations/ThirdPerson_AnimBP': Can't find file.
[2020.11.09-11.27.13:392][549]LogLinker: Warning: While loading '../../../../HideNSneak2/HideNSneakUnreal/Content/Blueprints/BP_HideNSneakCPPCharacter.uasset' failed to load '/Game/Mannequin/Character/Mesh/SK_Mannequin': Can't find file.
[2020.11.09-11.27.13:392][549]LogLinker: Warning: While loading '../../../../HideNSneak2/HideNSneakUnreal/Content/Blueprints/BP_HideNSneakCPPCharacter.uasset' failed to load '/Game/Mannequin/Character/Mesh/SK_Mannequin': Can't find file.
[2020.11.09-11.27.13:393][549]LogLinker: Warning: While loading '../../../../HideNSneak2/HideNSneakUnreal/Content/Blueprints/BP_HideNSneakCPPCharacter.uasset' failed to load '/Game/Mannequin/Character/Mesh/SK_Mannequin': Can't find file.
[2020.11.09-11.27.13:393][549]LogLinker: Warning: While loading '../../../../HideNSneak2/HideNSneakUnreal/Content/Blueprints/BP_HideNSneakCPPCharacter.uasset' failed to load '/Game/Mannequin/Character/Mesh/SK_Mannequin': Can't find file.
[2020.11.09-11.27.13:394][549]LogLinker: Warning: Failed to load '/Game/Mannequin/Animations/ThirdPerson_AnimBP': Can't find file.
[2020.11.09-11.27.13:394][549]LogLinker: Warning: Failed to load '/Game/Mannequin/Animations/ThirdPerson_AnimBP': Can't find file.
[2020.11.09-11.27.13:394][549]LogLinker: Warning: Failed to load '/Game/Mannequin/Animations/ThirdPerson_AnimBP': Can't find file.
[2020.11.09-11.27.13:394][549]LogLinker: Warning: Failed to load '/Game/Mannequin/Animations/ThirdPerson_AnimBP': Can't find file.
[2020.11.09-11.27.13:394][549]LogLinker: Warning: Failed to load '/Game/Mannequin/Character/Mesh/SK_Mannequin': Can't find file.
[2020.11.09-11.27.13:394][549]LogLinker: Warning: Failed to load '/Game/Mannequin/Character/Mesh/SK_Mannequin': Can't find file.
[2020.11.09-11.27.13:394][549]LogLinker: Warning: Failed to load '/Game/Mannequin/Character/Mesh/SK_Mannequin': Can't find file.
[2020.11.09-11.27.13:394][549]LogLinker: Warning: Failed to load '/Game/Mannequin/Character/Mesh/SK_Mannequin': Can't find file.
[2020.11.09-11.27.13:395][549]LogLinker: Warning: While loading '../../../../HideNSneak2/HideNSneakUnreal/Content/Blueprints/BP_HideNSneakCPPCharacter.uasset' failed to load '/Game/Mannequin/Animations/ThirdPerson_AnimBP': Can't find file.
[2020.11.09-11.27.13:395][549]LoadErrors: Failed to load /Game/Mannequin/Animations/ThirdPerson_AnimBP.ThirdPerson_AnimBP_C Referenced by Default__BP_HideNSneakCPPCharacter_C
[2020.11.09-11.27.13:395][549]LogLinker: Warning: While loading '../../../../HideNSneak2/HideNSneakUnreal/Content/Blueprints/BP_HideNSneakCPPCharacter.uasset' failed to load '/Game/Mannequin/Animations/ThirdPerson_AnimBP': Can't find file.
[2020.11.09-11.27.13:395][549]LogLinker: Warning: While loading '../../../../HideNSneak2/HideNSneakUnreal/Content/Blueprints/BP_HideNSneakCPPCharacter.uasset' failed to load '/Game/Mannequin/Character/Mesh/SK_Mannequin': Can't find file.
[2020.11.09-11.27.13:395][549]LoadErrors: Failed to load /Game/Mannequin/Character/Mesh/SK_Mannequin.SK_Mannequin Referenced by Default__BP_HideNSneakCPPCharacter_C
[2020.11.09-11.27.13:395][549]LogLinker: Warning: While loading '../../../../HideNSneak2/HideNSneakUnreal/Content/Blueprints/BP_HideNSneakCPPCharacter.uasset' failed to load '/Game/Mannequin/Character/Mesh/SK_Mannequin': Can't find file.
[2020.11.09-11.27.13:437][549]LogAssetEditorSubsystem: Opening Asset editor for Blueprint /Game/Blueprints/BP_HideNSneakCPPCharacter.BP_HideNSneakCPPCharacter
[2020.11.09-11.27.13:682][549]LogContentBrowser: Native class hierarchy updated for 'BlueprintGraph' in 0.0008 seconds. Added 125 classes and 0 folders.
[2020.11.09-11.27.14:870][549]LogPrimitiveComponent: Warning: CreateDynamicMaterialInstance on /Engine/Transient.World_1:PersistentLevel.BP_HideNSneakCPPCharacter_C_0.CharacterMesh0: Material index 0 is invalid.
[2020.11.09-11.27.14:876][549]LogSlate: Took 0.000153 seconds to synchronously load lazily loaded font '../../../Engine/Content/Slate/Fonts/Roboto-BoldCondensed.ttf' (158K)
[2020.11.09-11.27.14:999][550]LogSlate: Took 0.000174 seconds to synchronously load lazily loaded font '../../../Engine/Content/Slate/Fonts/Roboto-Italic.ttf' (157K)
[2020.11.09-11.27.56:124][759]LogEditorTransaction: Undo Move Node
[2020.11.09-11.27.56:129][759]LogPrimitiveComponent: Warning: CreateDynamicMaterialInstance on /Engine/Transient.World_1:PersistentLevel.BP_HideNSneakCPPCharacter_C_0.CharacterMesh0: Material index 0 is invalid.
[2020.11.09-11.27.57:355][815]LogEditorTransaction: Undo Create Reroute Node
[2020.11.09-11.27.57:359][815]LogPrimitiveComponent: Warning: CreateDynamicMaterialInstance on /Engine/Transient.World_1:PersistentLevel.BP_HideNSneakCPPCharacter_C_0.CharacterMesh0: Material index 0 is invalid.
[2020.11.09-11.28.02:294][149]BlueprintLog: New page: Compile BP_HideNSneakCPPCharacter
[2020.11.09-11.28.02:309][149]LogPrimitiveComponent: Warning: CreateDynamicMaterialInstance on /Engine/Transient.World_1:PersistentLevel.BP_HideNSneakCPPCharacter_C_0.CharacterMesh0: Material index 0 is invalid.
[2020.11.09-11.28.02:348][149]LogUObjectHash: Compacting FUObjectHashTables data took   2.96ms
[2020.11.09-11.28.02:353][149]LogPrimitiveComponent: Warning: CreateDynamicMaterialInstance on /Engine/Transient.World_1:PersistentLevel.BP_HideNSneakCPPCharacter_C_0.CharacterMesh0: Material index 0 is invalid.
[2020.11.09-11.28.02:363][149]LogPrimitiveComponent: Warning: CreateDynamicMaterialInstance on /Engine/Transient.World_1:PersistentLevel.BP_HideNSneakCPPCharacter_C_0.CharacterMesh0: Material index 0 is invalid.
[2020.11.09-11.28.02:576][149]LogSlate: Took 0.040587 seconds to synchronously load lazily loaded font '../../../Engine/Content/Slate/Fonts/DroidSansMono.ttf' (77K)
[2020.11.09-11.28.02:990][175]Cmd: OBJ SAVEPACKAGE PACKAGE="/Game/Blueprints/BP_HideNSneakCPPCharacter" FILE="../../../../HideNSneak2/HideNSneakUnreal/Content/Blueprints/BP_HideNSneakCPPCharacter.uasset" SILENT=true
[2020.11.09-11.28.03:123][175]LogSavePackage: Moving '../../../../HideNSneak2/HideNSneakUnreal/Saved/BP_HideNSneakCPPCharacter2200F5E3451BF2BED9592E8CC2DF96C9.tmp' to '../../../../HideNSneak2/HideNSneakUnreal/Content/Blueprints/BP_HideNSneakCPPCharacter.uasset'
[2020.11.09-11.28.03:153][175]AssetCheck: New page: Asset Save: BP_HideNSneakCPPCharacter
[2020.11.09-11.28.03:153][175]LogContentValidation: Display: Validating Blueprint /Game/Blueprints/BP_HideNSneakCPPCharacter.BP_HideNSneakCPPCharacter
[2020.11.09-11.28.03:407][191]LogEditorViewport: Clicking on Actor (LMB): BP_Sky_Sphere_C (Sky Sphere)
[2020.11.09-11.28.04:353][223]LogEditorViewport: Clicking on Actor (LMB): BP_Sky_Sphere_C (Sky Sphere)
[2020.11.09-11.28.08:071][438]LogSlate: Window 'BP_HideNSneakCPPCharacter' being destroyed
[2020.11.09-11.28.13:277][790]LogAssetEditorSubsystem: Opening Asset editor for World /Game/Maps/Alpha_playable_whitebox.Alpha_playable_whitebox
[2020.11.09-11.28.13:310][790]LogUObjectHash: Compacting FUObjectHashTables data took   2.85ms
[2020.11.09-11.28.13:313][790]Cmd: MAP LOAD FILE="../../../../HideNSneak2/HideNSneakUnreal/Content/Maps/Alpha_playable_whitebox.umap" TEMPLATE=0 SHOWPROGRESS=1 FEATURELEVEL=3
[2020.11.09-11.28.13:313][790]LightingResults: New page: Lighting Build
[2020.11.09-11.28.13:313][790]LoadErrors: New page: Loading map: Alpha_playable_whitebox.umap
[2020.11.09-11.28.13:313][790]LogWorld: UWorld::CleanupWorld for Untitled_1, bSessionEnded=true, bCleanupResources=true
[2020.11.09-11.28.13:320][790]LogSlate: InvalidateAllWidgets triggered.  All widgets were invalidated
[2020.11.09-11.28.13:320][790]MapCheck: New page: Map Check
[2020.11.09-11.28.13:320][790]LightingResults: New page: Lighting Build
[2020.11.09-11.28.13:344][790]LogAISub: UAISubsystem::~UAISubsystem EnvQueryManager (0000020B08C7D800), frame # 6790
[2020.11.09-11.28.13:344][790]LogAISub: UAISubsystem::~UAISubsystem AIPerceptionSystem (0000020B0AD45BC0), frame # 6790
[2020.11.09-11.28.13:347][790]LogUObjectHash: Compacting FUObjectHashTables data took   2.25ms
[2020.11.09-11.28.13:572][790]LogEditorServer: Finished looking for orphan Actors (0.000 secs)
[2020.11.09-11.28.13:572][790]LogAIModule: Creating AISystem for world Alpha_playable_whitebox
[2020.11.09-11.28.13:572][790]LogAISub: UAISubsystem::UAISubsystem EnvQueryManager (0000020B16909A00), frame # 6790
[2020.11.09-11.28.13:572][790]LogAISub: UAISubsystem::UAISubsystem AIPerceptionSystem (0000020BB718E980), frame # 6790
[2020.11.09-11.28.13:609][790]LogUObjectHash: Compacting FUObjectHashTables data took   3.07ms
[2020.11.09-11.28.13:629][790]Cmd: MAP CHECKDEP NOCLEARLOG
[2020.11.09-11.28.13:629][790]MapCheck: Map check complete: 0 Error(s), 0 Warning(s), took 0,213ms to complete.
[2020.11.09-11.28.13:629][790]LogFileHelpers: Loading map 'Alpha_playable_whitebox' took 0.317
[2020.11.09-11.28.15:326][938]LogTemp: Repeating last play command: Standalone Game
[2020.11.09-11.28.15:360][938]LogUObjectHash: Compacting FUObjectHashTables data took   0.57ms
[2020.11.09-11.28.29:753][494]LogPlayLevel: PlayLevel: No blueprints needed recompiling
[2020.11.09-11.28.29:753][494]PIE: New page: PIE session: Alpha_playable_whitebox (9 Nov 2020, 13:28:29)
[2020.11.09-11.28.29:755][494]LogOnline: OSS: Creating online subsystem instance for: NULL
[2020.11.09-11.28.29:756][494]LogOnline: OSS: TryLoadSubsystemAndSetDefault: Loaded subsystem for module [NULL]
[2020.11.09-11.28.29:756][494]LogPlayLevel: Creating play world package: /Game/Maps/UEDPIE_0_Alpha_playable_whitebox
[2020.11.09-11.28.29:818][494]LogPlayLevel: PIE: StaticDuplicateObject took: (0.061498s)
[2020.11.09-11.28.29:819][494]LogAIModule: Creating AISystem for world Alpha_playable_whitebox
[2020.11.09-11.28.29:819][494]LogAISub: UAISubsystem::UAISubsystem EnvQueryManager (0000020B08C7E800), frame # 7494
[2020.11.09-11.28.29:819][494]LogAISub: UAISubsystem::UAISubsystem AIPerceptionSystem (0000020B99A83C40), frame # 7494
[2020.11.09-11.28.29:819][494]LogPlayLevel: PIE: World Init took: (0.001612s)
[2020.11.09-11.28.29:819][494]LogPlayLevel: PIE: Created PIE world by copying editor world from /Game/Maps/Alpha_playable_whitebox.Alpha_playable_whitebox to /Game/Maps/UEDPIE_0_Alpha_playable_whitebox.Alpha_playable_whitebox (0.063403s)
[2020.11.09-11.28.29:842][494]LogUObjectHash: Compacting FUObjectHashTables data took   2.03ms
[2020.11.09-11.28.29:844][494]LogAudioMixer: Display: Audio Mixer Platform Settings:
[2020.11.09-11.28.29:844][494]LogAudioMixer: Display: 	Sample Rate:						  48000
[2020.11.09-11.28.29:844][494]LogAudioMixer: Display: 	Callback Buffer Frame Size Requested: 1024
[2020.11.09-11.28.29:844][494]LogAudioMixer: Display: 	Callback Buffer Frame Size To Use:	  1024
[2020.11.09-11.28.29:844][494]LogAudioMixer: Display: 	Number of buffers to queue:			  2
[2020.11.09-11.28.29:844][494]LogAudioMixer: Display: 	Max Channels (voices):				  32
[2020.11.09-11.28.29:844][494]LogAudioMixer: Display: 	Number of Async Source Workers:		  0
[2020.11.09-11.28.29:844][494]LogAudio: Display: AudioDevice MaxSources: 32
[2020.11.09-11.28.29:844][494]LogAudio: Display: Using built-in audio occlusion.
[2020.11.09-11.28.29:844][494]LogAudioMixer: Display: Initializing audio mixer.
[2020.11.09-11.28.29:853][494]LogAudioMixer: Display: 0: FrontLeft
[2020.11.09-11.28.29:853][494]LogAudioMixer: Display: 1: FrontRight
[2020.11.09-11.28.29:887][494]LogAudioMixer: Display: Using Audio Device Speakers (Realtek High Definition Audio)
[2020.11.09-11.28.29:887][494]LogAudioMixer: Display: Initializing Sound Submixes...
[2020.11.09-11.28.29:887][494]LogAudioMixer: Display: Creating Master Submix 'MasterSubmixDefault'
[2020.11.09-11.28.29:887][494]LogAudioMixer: Display: Creating Master Submix 'MasterReverbSubmixDefault'
[2020.11.09-11.28.29:887][494]LogAudioMixer: Display: Creating Master Submix 'MasterEQSubmixDefault'
[2020.11.09-11.28.29:905][494]LogInit: FAudioDevice initialized.
[2020.11.09-11.28.29:912][494]LogLoad: Game class is 'BP_HideNSneakGameModeBase_C'
[2020.11.09-11.28.29:944][494]LogWorld: Bringing World /Game/Maps/UEDPIE_0_Alpha_playable_whitebox.Alpha_playable_whitebox up for play (max tick rate 0) at 2020.11.09-12.28.29
[2020.11.09-11.28.29:945][494]LogWorld: Bringing up level for play took: 0.031661
[2020.11.09-11.28.29:945][494]LogOnline: OSS: Creating online subsystem instance for: :Context_3
[2020.11.09-11.28.29:961][494]LogContentBrowser: Native class hierarchy updated for 'MovieSceneCapture' in 0.0005 seconds. Added 20 classes and 0 folders.
[2020.11.09-11.28.29:962][494]LogPrimitiveComponent: Warning: CreateDynamicMaterialInstance on /Game/Maps/UEDPIE_0_Alpha_playable_whitebox.Alpha_playable_whitebox:PersistentLevel.BP_HideNSneakCPPCharacter_C_0.CharacterMesh0: Material index 0 is invalid.
[2020.11.09-11.28.29:965][494]PIE: Server logged in
[2020.11.09-11.28.29:967][494]PIE: Play in editor total start time 0,216 seconds.
[2020.11.09-11.28.31:186][556]LogSlate: Updating window title bar state: overlay mode, drag disabled, window buttons hidden, title bar hidden
[2020.11.09-11.28.31:186][556]LogWorld: BeginTearingDown for /Game/Maps/UEDPIE_0_Alpha_playable_whitebox
[2020.11.09-11.28.31:186][556]LogWorld: UWorld::CleanupWorld for Alpha_playable_whitebox, bSessionEnded=true, bCleanupResources=true
[2020.11.09-11.28.31:191][556]LogSlate: InvalidateAllWidgets triggered.  All widgets were invalidated
[2020.11.09-11.28.31:201][556]LogPlayLevel: Display: Shutting down PIE online subsystems
[2020.11.09-11.28.31:206][556]LogSlate: InvalidateAllWidgets triggered.  All widgets were invalidated
[2020.11.09-11.28.31:257][556]LogSlate: Updating window title bar state: overlay mode, drag disabled, window buttons hidden, title bar hidden
[2020.11.09-11.28.31:282][556]LogAISub: UAISubsystem::~UAISubsystem EnvQueryManager (0000020B08C7E800), frame # 7556
[2020.11.09-11.28.31:282][556]LogAISub: UAISubsystem::~UAISubsystem AIPerceptionSystem (0000020B99A83C40), frame # 7556
[2020.11.09-11.28.31:295][556]LogUObjectHash: Compacting FUObjectHashTables data took   5.25ms
[2020.11.09-11.28.31:349][557]LogPlayLevel: Display: Destroying online subsystem :Context_3
[2020.11.09-11.28.37:780][166]LogTemp: Repeating last play command: Selected Viewport
[2020.11.09-11.28.37:792][166]LogPlayLevel: PlayLevel: No blueprints needed recompiling
[2020.11.09-11.28.37:792][166]PIE: New page: PIE session: Alpha_playable_whitebox (9 Nov 2020, 13:28:37)
[2020.11.09-11.28.37:792][166]LogPlayLevel: Creating play world package: /Game/Maps/UEDPIE_0_Alpha_playable_whitebox
[2020.11.09-11.28.37:847][166]LogPlayLevel: PIE: StaticDuplicateObject took: (0.054230s)
[2020.11.09-11.28.37:848][166]LogAIModule: Creating AISystem for world Alpha_playable_whitebox
[2020.11.09-11.28.37:848][166]LogAISub: UAISubsystem::UAISubsystem EnvQueryManager (0000020B9D7E0800), frame # 8166
[2020.11.09-11.28.37:848][166]LogAISub: UAISubsystem::UAISubsystem AIPerceptionSystem (0000020B21CAEFC0), frame # 8166
[2020.11.09-11.28.37:849][166]LogPlayLevel: PIE: World Init took: (0.001836s)
[2020.11.09-11.28.37:849][166]LogPlayLevel: PIE: Created PIE world by copying editor world from /Game/Maps/Alpha_playable_whitebox.Alpha_playable_whitebox to /Game/Maps/UEDPIE_0_Alpha_playable_whitebox.Alpha_playable_whitebox (0.056348s)
[2020.11.09-11.28.37:882][166]LogUObjectHash: Compacting FUObjectHashTables data took   3.40ms
[2020.11.09-11.28.37:885][166]LogAudioMixer: Display: Audio Mixer Platform Settings:
[2020.11.09-11.28.37:885][166]LogAudioMixer: Display: 	Sample Rate:						  48000
[2020.11.09-11.28.37:885][166]LogAudioMixer: Display: 	Callback Buffer Frame Size Requested: 1024
[2020.11.09-11.28.37:885][166]LogAudioMixer: Display: 	Callback Buffer Frame Size To Use:	  1024
[2020.11.09-11.28.37:885][166]LogAudioMixer: Display: 	Number of buffers to queue:			  2
[2020.11.09-11.28.37:885][166]LogAudioMixer: Display: 	Max Channels (voices):				  32
[2020.11.09-11.28.37:885][166]LogAudioMixer: Display: 	Number of Async Source Workers:		  0
[2020.11.09-11.28.37:885][166]LogAudio: Display: AudioDevice MaxSources: 32
[2020.11.09-11.28.37:886][166]LogAudio: Display: Using built-in audio occlusion.
[2020.11.09-11.28.37:886][166]LogAudioMixer: Display: Initializing audio mixer.
[2020.11.09-11.28.37:894][166]LogAudioMixer: Display: 0: FrontLeft
[2020.11.09-11.28.37:894][166]LogAudioMixer: Display: 1: FrontRight
[2020.11.09-11.28.37:928][166]LogAudioMixer: Display: Using Audio Device Speakers (Realtek High Definition Audio)
[2020.11.09-11.28.37:928][166]LogAudioMixer: Display: Initializing Sound Submixes...
[2020.11.09-11.28.37:928][166]LogAudioMixer: Display: Creating Master Submix 'MasterSubmixDefault'
[2020.11.09-11.28.37:928][166]LogAudioMixer: Display: Creating Master Submix 'MasterReverbSubmixDefault'
[2020.11.09-11.28.37:929][166]LogAudioMixer: Display: Creating Master Submix 'MasterEQSubmixDefault'
[2020.11.09-11.28.37:945][166]LogInit: FAudioDevice initialized.
[2020.11.09-11.28.37:956][166]LogLoad: Game class is 'BP_HideNSneakGameModeBase_C'
[2020.11.09-11.28.37:985][166]LogWorld: Bringing World /Game/Maps/UEDPIE_0_Alpha_playable_whitebox.Alpha_playable_whitebox up for play (max tick rate 0) at 2020.11.09-12.28.37
[2020.11.09-11.28.37:985][166]LogWorld: Bringing up level for play took: 0.028285
[2020.11.09-11.28.37:985][166]LogOnline: OSS: Creating online subsystem instance for: :Context_4
[2020.11.09-11.28.37:995][166]LogPrimitiveComponent: Warning: CreateDynamicMaterialInstance on /Game/Maps/UEDPIE_0_Alpha_playable_whitebox.Alpha_playable_whitebox:PersistentLevel.BP_HideNSneakCPPCharacter_C_0.CharacterMesh0: Material index 0 is invalid.
[2020.11.09-11.28.37:998][166]PIE: Server logged in
[2020.11.09-11.28.37:999][166]PIE: Play in editor total start time 0,208 seconds.
[2020.11.09-11.29.00:347][175]LogSlate: Updating window title bar state: overlay mode, drag disabled, window buttons hidden, title bar hidden
[2020.11.09-11.29.00:347][175]LogWorld: BeginTearingDown for /Game/Maps/UEDPIE_0_Alpha_playable_whitebox
[2020.11.09-11.29.00:348][175]LogWorld: UWorld::CleanupWorld for Alpha_playable_whitebox, bSessionEnded=true, bCleanupResources=true
[2020.11.09-11.29.00:358][175]LogSlate: InvalidateAllWidgets triggered.  All widgets were invalidated
[2020.11.09-11.29.00:364][175]LogPlayLevel: Display: Shutting down PIE online subsystems
[2020.11.09-11.29.00:370][175]LogSlate: InvalidateAllWidgets triggered.  All widgets were invalidated
[2020.11.09-11.29.00:423][175]LogSlate: Updating window title bar state: overlay mode, drag disabled, window buttons hidden, title bar hidden
[2020.11.09-11.29.00:425][175]LogAISub: UAISubsystem::~UAISubsystem AIPerceptionSystem (0000020B21CAEFC0), frame # 10175
[2020.11.09-11.29.00:425][175]LogAISub: UAISubsystem::~UAISubsystem EnvQueryManager (0000020B9D7E0800), frame # 10175
[2020.11.09-11.29.00:430][175]LogUObjectHash: Compacting FUObjectHashTables data took   2.90ms
[2020.11.09-11.29.00:469][176]LogPlayLevel: Display: Destroying online subsystem :Context_4
[2020.11.09-11.29.04:721][577]LogTemp: Repeating last play command: Selected Viewport
[2020.11.09-11.29.04:734][577]LogPlayLevel: PlayLevel: No blueprints needed recompiling
[2020.11.09-11.29.04:734][577]PIE: New page: PIE session: Alpha_playable_whitebox (9 Nov 2020, 13:29:04)
[2020.11.09-11.29.04:755][577]LogPlayLevel: Creating play world package: /Game/Maps/UEDPIE_0_Alpha_playable_whitebox
[2020.11.09-11.29.04:811][577]LogPlayLevel: PIE: StaticDuplicateObject took: (0.055953s)
[2020.11.09-11.29.04:812][577]LogAIModule: Creating AISystem for world Alpha_playable_whitebox
[2020.11.09-11.29.04:812][577]LogAISub: UAISubsystem::UAISubsystem EnvQueryManager (0000020BAA045200), frame # 10577
[2020.11.09-11.29.04:812][577]LogAISub: UAISubsystem::UAISubsystem AIPerceptionSystem (0000020BBFAC6AC0), frame # 10577
[2020.11.09-11.29.04:813][577]LogPlayLevel: PIE: World Init took: (0.001520s)
[2020.11.09-11.29.04:813][577]LogPlayLevel: PIE: Created PIE world by copying editor world from /Game/Maps/Alpha_playable_whitebox.Alpha_playable_whitebox to /Game/Maps/UEDPIE_0_Alpha_playable_whitebox.Alpha_playable_whitebox (0.057775s)
[2020.11.09-11.29.04:841][577]LogUObjectHash: Compacting FUObjectHashTables data took   2.87ms
[2020.11.09-11.29.04:843][577]LogAudioMixer: Display: Audio Mixer Platform Settings:
[2020.11.09-11.29.04:843][577]LogAudioMixer: Display: 	Sample Rate:						  48000
[2020.11.09-11.29.04:843][577]LogAudioMixer: Display: 	Callback Buffer Frame Size Requested: 1024
[2020.11.09-11.29.04:843][577]LogAudioMixer: Display: 	Callback Buffer Frame Size To Use:	  1024
[2020.11.09-11.29.04:843][577]LogAudioMixer: Display: 	Number of buffers to queue:			  2
[2020.11.09-11.29.04:843][577]LogAudioMixer: Display: 	Max Channels (voices):				  32
[2020.11.09-11.29.04:843][577]LogAudioMixer: Display: 	Number of Async Source Workers:		  0
[2020.11.09-11.29.04:843][577]LogAudio: Display: AudioDevice MaxSources: 32
[2020.11.09-11.29.04:844][577]LogAudio: Display: Using built-in audio occlusion.
[2020.11.09-11.29.04:844][577]LogAudioMixer: Display: Initializing audio mixer.
[2020.11.09-11.29.04:854][577]LogAudioMixer: Display: 0: FrontLeft
[2020.11.09-11.29.04:855][577]LogAudioMixer: Display: 1: FrontRight
[2020.11.09-11.29.04:889][577]LogAudioMixer: Display: Using Audio Device Speakers (Realtek High Definition Audio)
[2020.11.09-11.29.04:889][577]LogAudioMixer: Display: Initializing Sound Submixes...
[2020.11.09-11.29.04:889][577]LogAudioMixer: Display: Creating Master Submix 'MasterSubmixDefault'
[2020.11.09-11.29.04:889][577]LogAudioMixer: Display: Creating Master Submix 'MasterReverbSubmixDefault'
[2020.11.09-11.29.04:889][577]LogAudioMixer: Display: Creating Master Submix 'MasterEQSubmixDefault'
[2020.11.09-11.29.04:907][577]LogInit: FAudioDevice initialized.
[2020.11.09-11.29.04:920][577]LogLoad: Game class is 'BP_HideNSneakGameModeBase_C'
[2020.11.09-11.29.04:950][577]LogWorld: Bringing World /Game/Maps/UEDPIE_0_Alpha_playable_whitebox.Alpha_playable_whitebox up for play (max tick rate 0) at 2020.11.09-12.29.04
[2020.11.09-11.29.04:951][577]LogWorld: Bringing up level for play took: 0.030081
[2020.11.09-11.29.04:951][577]LogOnline: OSS: Creating online subsystem instance for: :Context_5
[2020.11.09-11.29.04:954][577]LogPrimitiveComponent: Warning: CreateDynamicMaterialInstance on /Game/Maps/UEDPIE_0_Alpha_playable_whitebox.Alpha_playable_whitebox:PersistentLevel.BP_HideNSneakCPPCharacter_C_0.CharacterMesh0: Material index 0 is invalid.
[2020.11.09-11.29.04:957][577]PIE: Server logged in
[2020.11.09-11.29.04:958][577]PIE: Play in editor total start time 0,226 seconds.
[2020.11.09-11.29.07:916][865]LogSlate: Updating window title bar state: overlay mode, drag disabled, window buttons hidden, title bar hidden
[2020.11.09-11.29.07:916][865]LogWorld: BeginTearingDown for /Game/Maps/UEDPIE_0_Alpha_playable_whitebox
[2020.11.09-11.29.07:917][865]LogWorld: UWorld::CleanupWorld for Alpha_playable_whitebox, bSessionEnded=true, bCleanupResources=true
[2020.11.09-11.29.07:922][865]LogSlate: InvalidateAllWidgets triggered.  All widgets were invalidated
[2020.11.09-11.29.07:929][865]LogPlayLevel: Display: Shutting down PIE online subsystems
[2020.11.09-11.29.07:934][865]LogSlate: InvalidateAllWidgets triggered.  All widgets were invalidated
[2020.11.09-11.29.07:985][865]LogSlate: Updating window title bar state: overlay mode, drag disabled, window buttons hidden, title bar hidden
[2020.11.09-11.29.07:987][865]LogAISub: UAISubsystem::~UAISubsystem AIPerceptionSystem (0000020BBFAC6AC0), frame # 10865
[2020.11.09-11.29.07:987][865]LogAISub: UAISubsystem::~UAISubsystem EnvQueryManager (0000020BAA045200), frame # 10865
[2020.11.09-11.29.07:993][865]LogUObjectHash: Compacting FUObjectHashTables data took   2.85ms
[2020.11.09-11.29.08:045][866]LogPlayLevel: Display: Destroying online subsystem :Context_5
