Log file open, 10/27/20 15:03:58
LogInit: Display: Running engine for game: HideNSneakUnreal
LogPlatformFile: Not using cached read wrapper
LogTaskGraph: Started task graph with 5 named threads and 20 total threads with 3 sets of task threads.
LogStats: Stats thread started at 0.230818
LogD3D11RHI: Loaded GFSDK_Aftermath_Lib.x64.dll
LogICUInternationalization: ICU TimeZone Detection - Raw Offset: +1:00, Platform Override: ''
LogPluginManager: Mounting plugin Paper2D
LogPluginManager: Mounting plugin AISupport
LogPluginManager: Mounting plugin LightPropagationVolume
LogPluginManager: Mounting plugin CameraShakePreviewer
LogPluginManager: Mounting plugin ActorLayerUtilities
LogPluginManager: Mounting plugin AnimationSharing
LogPluginManager: Mounting plugin CLionSourceCodeAccess
LogPluginManager: Mounting plugin CodeLiteSourceCodeAccess
LogPluginManager: Mounting plugin GitSourceControl
LogPluginManager: Mounting plugin KDevelopSourceCodeAccess
LogPluginManager: Mounting plugin NullSourceCodeAccess
LogPluginManager: Mounting plugin PerforceSourceControl
LogPluginManager: Mounting plugin PlasticSourceControl
LogPluginManager: Mounting plugin RiderSourceCodeAccess
LogPluginManager: Mounting plugin SubversionSourceControl
LogPluginManager: Mounting plugin UObjectPlugin
LogPluginManager: Mounting plugin VisualStudioCodeSourceCodeAccess
LogPluginManager: Mounting plugin VisualStudioSourceCodeAccess
LogPluginManager: Mounting plugin XCodeSourceCodeAccess
LogPluginManager: Mounting plugin AssetManagerEditor
LogPluginManager: Mounting plugin CryptoKeys
LogPluginManager: Mounting plugin CurveEditorTools
LogPluginManager: Mounting plugin DataValidation
LogPluginManager: Mounting plugin EditorScriptingUtilities
LogPluginManager: Mounting plugin FacialAnimation
LogPluginManager: Mounting plugin GameplayTagsEditor
LogPluginManager: Mounting plugin GeometryMode
LogPluginManager: Mounting plugin MacGraphicsSwitching
LogPluginManager: Mounting plugin MaterialAnalyzer
LogPluginManager: Mounting plugin MobileLauncherProfileWizard
LogPluginManager: Mounting plugin PluginBrowser
LogPluginManager: Mounting plugin SpeedTreeImporter
LogPluginManager: Mounting plugin DatasmithContent
LogPluginManager: Mounting plugin VariantManagerContent
LogPluginManager: Mounting plugin AlembicImporter
LogPluginManager: Mounting plugin AutomationUtils
LogPluginManager: Mounting plugin BackChannel
LogPluginManager: Mounting plugin ChaosCloth
LogPluginManager: Mounting plugin ChaosClothEditor
LogPluginManager: Mounting plugin ChaosEditor
LogPluginManager: Mounting plugin ChaosNiagara
LogPluginManager: Mounting plugin ChaosSolverPlugin
LogPluginManager: Mounting plugin CharacterAI
LogPluginManager: Mounting plugin GeometryCache
LogPluginManager: Mounting plugin GeometryCollectionPlugin
LogPluginManager: Mounting plugin GeometryProcessing
LogPluginManager: Mounting plugin PlanarCut
LogPluginManager: Mounting plugin PlatformCrypto
LogPluginManager: Mounting plugin ProxyLODPlugin
LogPluginManager: Mounting plugin SkeletalReduction
LogPluginManager: Mounting plugin Niagara
LogPluginManager: Mounting plugin MagicLeap
LogPluginManager: Mounting plugin MagicLeapLightEstimation
LogPluginManager: Mounting plugin MagicLeapMedia
LogPluginManager: Mounting plugin MagicLeapPassableWorld
LogPluginManager: Mounting plugin MLSDK
LogPluginManager: Mounting plugin AndroidMedia
LogPluginManager: Mounting plugin AvfMedia
LogPluginManager: Mounting plugin ImgMedia
LogPluginManager: Mounting plugin MediaCompositing
LogPluginManager: Mounting plugin MediaPlayerEditor
LogPluginManager: Mounting plugin WebMMedia
LogPluginManager: Mounting plugin WmfMedia
LogPluginManager: Mounting plugin MeshPainting
LogPluginManager: Mounting plugin TcpMessaging
LogPluginManager: Mounting plugin UdpMessaging
LogPluginManager: Mounting plugin ActorSequence
LogPluginManager: Mounting plugin LevelSequenceEditor
LogPluginManager: Mounting plugin MatineeToLevelSequence
LogPluginManager: Mounting plugin MovieRenderPipeline
LogPluginManager: Mounting plugin TemplateSequence
LogPluginManager: Mounting plugin NetcodeUnitTest
LogPluginManager: Mounting plugin NUTUnrealEngine4
LogPluginManager: Mounting plugin OnlineSubsystemGooglePlay
LogPluginManager: Mounting plugin OnlineSubsystemIOS
LogPluginManager: Mounting plugin OnlineSubsystem
LogPluginManager: Mounting plugin OnlineSubsystemNull
LogPluginManager: Mounting plugin OnlineSubsystemSteam
LogPluginManager: Mounting plugin OnlineSubsystemUtils
LogPluginManager: Mounting plugin LauncherChunkInstaller
LogPluginManager: Mounting plugin AndroidDeviceProfileSelector
LogPluginManager: Mounting plugin AndroidMoviePlayer
LogPluginManager: Mounting plugin AndroidPermission
LogPluginManager: Mounting plugin AppleImageUtils
LogPluginManager: Mounting plugin AppleMoviePlayer
LogPluginManager: Mounting plugin ArchVisCharacter
LogPluginManager: Mounting plugin AssetTags
LogPluginManager: Mounting plugin AudioCapture
LogPluginManager: Mounting plugin CableComponent
LogPluginManager: Mounting plugin CustomMeshComponent
LogPluginManager: Mounting plugin EditableMesh
LogPluginManager: Mounting plugin ExampleDeviceProfileSelector
LogPluginManager: Mounting plugin GoogleCloudMessaging
LogPluginManager: Mounting plugin GooglePAD
LogPluginManager: Mounting plugin IOSDeviceProfileSelector
LogPluginManager: Mounting plugin LinuxDeviceProfileSelector
LogPluginManager: Mounting plugin LocationServicesBPLibrary
LogPluginManager: Mounting plugin MobilePatchingUtils
LogPluginManager: Mounting plugin OculusVR
LogPluginManager: Mounting plugin PhysXVehicles
LogPluginManager: Mounting plugin PostSplashScreen
LogPluginManager: Mounting plugin ProceduralMeshComponent
LogPluginManager: Mounting plugin RuntimePhysXCooking
LogPluginManager: Mounting plugin SignificanceManager
LogPluginManager: Mounting plugin SoundFields
LogPluginManager: Mounting plugin SteamShared
LogPluginManager: Mounting plugin SteamVR
LogPluginManager: Mounting plugin Synthesis
LogPluginManager: Mounting plugin WebMMoviePlayer
LogPluginManager: Mounting plugin WindowsMoviePlayer
LogPluginManager: Mounting plugin ScreenshotTools
LogInit: Using libcurl 7.55.1-DEV
LogInit:  - built for x86_64-pc-win32
LogInit:  - supports SSL with OpenSSL/1.1.1
LogInit:  - supports HTTP deflate (compression) using libz 1.2.8
LogInit:  - other features:
LogInit:      CURL_VERSION_SSL
LogInit:      CURL_VERSION_LIBZ
LogInit:      CURL_VERSION_IPV6
LogInit:      CURL_VERSION_ASYNCHDNS
LogInit:      CURL_VERSION_LARGEFILE
LogInit:      CURL_VERSION_IDN
LogInit:  CurlRequestOptions (configurable via config and command line):
LogInit:  - bVerifyPeer = true  - Libcurl will verify peer certificate
LogInit:  - bUseHttpProxy = false  - Libcurl will NOT use HTTP proxy
LogInit:  - bDontReuseConnections = false  - Libcurl will reuse connections
LogInit:  - MaxHostConnections = 16  - Libcurl will limit the number of connections to a host
LogInit:  - LocalHostAddr = Default
LogInit:  - BufferSize = 65536
LogOnline: OSS: Creating online subsystem instance for: NULL
LogInit: WinSock: version 1.1 (2.2), MaxSocks=32767, MaxUdp=65467
LogOnline: OSS: TryLoadSubsystemAndSetDefault: Loaded subsystem for module [NULL]
LogOculusPluginWrapper: OculusPlugin initialized successfully
LogInit: Build: ++UE4+Release-4.25-CL-13942748
LogInit: Engine Version: 4.25.3-13942748+++UE4+Release-4.25
LogInit: Compatible Engine Version: 4.25.0-13144385+++UE4+Release-4.25
LogInit: Net CL: 13144385
LogInit: OS: Windows 10 (Release 1903) (), CPU: Intel(R) Core(TM) i5-8400 CPU @ 2.80GHz, GPU: NVIDIA GeForce GTX 1060 6GB
LogInit: Compiled (64-bit): Jul 25 2020 02:07:48
LogInit: Compiled with Visual C++: 19.24.28315.00
LogInit: Build Configuration: Development
LogInit: Branch Name: ++UE4+Release-4.25
LogInit: Command Line:  /Game/Maps/Real_WhiteBox?Listen -game -PIEVIACONSOLE -Multiprocess "GameUserSettingsINI=E:/Unreal Projects/Proj/HideNSneakUnreal/Saved/Config/Windows/PIEGameUserSettings0.ini" -MultiprocessSaveConfig -MultiprocessOSS -messaging -SessionName="Play in Standalone Game" -port=17777 -windowed -ResX=1280 -ResY=720
LogInit: Base Directory: E:/Epic Games/UE_4.25/Engine/Binaries/Win64/
LogInit: Allocator: TBB
LogInit: Installed Engine Build: 1
LogDevObjectVersion: Number of dev versions registered: 26
LogDevObjectVersion:   Dev-Blueprints (B0D832E4-1F89-4F0D-ACCF-7EB736FD4AA2): 10
LogDevObjectVersion:   Dev-Build (E1C64328-A22C-4D53-A36C-8E866417BD8C): 0
LogDevObjectVersion:   Dev-Core (375EC13C-06E4-48FB-B500-84F0262A717E): 4
LogDevObjectVersion:   Dev-Editor (E4B068ED-F494-42E9-A231-DA0B2E46BB41): 38
LogDevObjectVersion:   Dev-Framework (CFFC743F-43B0-4480-9391-14DF171D2073): 37
LogDevObjectVersion:   Dev-Mobile (B02B49B5-BB20-44E9-A304-32B752E40360): 2
LogDevObjectVersion:   Dev-Networking (A4E4105C-59A1-49B5-A7C5-40C4547EDFEE): 0
LogDevObjectVersion:   Dev-Online (39C831C9-5AE6-47DC-9A44-9C173E1C8E7C): 0
LogDevObjectVersion:   Dev-Physics (78F01B33-EBEA-4F98-B9B4-84EACCB95AA2): 4
LogDevObjectVersion:   Dev-Platform (6631380F-2D4D-43E0-8009-CF276956A95A): 0
LogDevObjectVersion:   Dev-Rendering (12F88B9F-8875-4AFC-A67C-D90C383ABD29): 43
LogDevObjectVersion:   Dev-Sequencer (7B5AE74C-D270-4C10-A958-57980B212A5A): 12
LogDevObjectVersion:   Dev-VR (D7296918-1DD6-4BDD-9DE2-64A83CC13884): 3
LogDevObjectVersion:   Dev-LoadTimes (C2A15278-BFE7-4AFE-6C17-90FF531DF755): 1
LogDevObjectVersion:   Private-Geometry (6EACA3D4-40EC-4CC1-B786-8BED09428FC5): 3
LogDevObjectVersion:   Dev-AnimPhys (29E575DD-E0A3-4627-9D10-D276232CDCEA): 17
LogDevObjectVersion:   Dev-Anim (AF43A65D-7FD3-4947-9873-3E8ED9C1BB05): 7
LogDevObjectVersion:   Dev-ReflectionCapture (6B266CEC-1EC7-4B8F-A30B-E4D90942FC07): 1
LogDevObjectVersion:   Dev-Automation (0DF73D61-A23F-47EA-B727-89E90C41499A): 1
LogDevObjectVersion:   FortniteMain (601D1886-AC64-4F84-AA16-D3DE0DEAC7D6): 31
LogDevObjectVersion:   Dev-Enterprise (9DFFBCD6-494F-0158-E221-12823C92A888): 10
LogDevObjectVersion:   Dev-Niagara (F2AED0AC-9AFE-416F-8664-AA7FFA26D6FC): 1
LogDevObjectVersion:   Dev-Destruction (174F1F0B-B4C6-45A5-B13F-2EE8D0FB917D): 10
LogDevObjectVersion:   Dev-Physics-Ext (35F94A83-E258-406C-A318-09F59610247C): 37
LogDevObjectVersion:   Dev-PhysicsMaterial-Chaos (B68FC16E-8B1B-42E2-B453-215C058844FE): 1
LogDevObjectVersion:   Dev-CineCamera (B2E18506-4273-CFC2-A54E-F4BB758BBA07): 1
LogInit: Presizing for max 25165824 objects, including 0 objects not considered by GC, pre-allocating 0 bytes for permanent pool.
LogConfig: Applying CVar settings from Section [/Script/Engine.StreamingSettings] File [E:/Unreal Projects/Proj/HideNSneakUnreal/Saved/Config/Windows/Engine.ini]
LogConfig: Setting CVar [[s.MinBulkDataSizeForAsyncLoading:131072]]
LogConfig: Setting CVar [[s.AsyncLoadingThreadEnabled:0]]
LogConfig: Setting CVar [[s.EventDrivenLoaderEnabled:1]]
LogConfig: Setting CVar [[s.WarnIfTimeLimitExceeded:0]]
LogConfig: Setting CVar [[s.TimeLimitExceededMultiplier:1.5]]
LogConfig: Setting CVar [[s.TimeLimitExceededMinTime:0.005]]
LogConfig: Setting CVar [[s.UseBackgroundLevelStreaming:1]]
LogConfig: Setting CVar [[s.PriorityAsyncLoadingExtraTime:15.0]]
LogConfig: Setting CVar [[s.LevelStreamingActorsUpdateTimeLimit:5.0]]
LogConfig: Setting CVar [[s.PriorityLevelStreamingActorsUpdateExtraTime:5.0]]
LogConfig: Setting CVar [[s.LevelStreamingComponentsRegistrationGranularity:10]]
LogConfig: Setting CVar [[s.UnregisterComponentsTimeLimit:1.0]]
LogConfig: Setting CVar [[s.LevelStreamingComponentsUnregistrationGranularity:5]]
LogConfig: Setting CVar [[s.FlushStreamingOnExit:1]]
LogInit: Object subsystem initialized
LogConfig: Setting CVar [[con.DebugEarlyDefault:1]]
LogConfig: Setting CVar [[r.setres:1280x720]]
[2020.10.27-14.03.59:263][  0]LogConfig: Setting CVar [[con.DebugEarlyDefault:1]]
[2020.10.27-14.03.59:263][  0]LogConfig: Setting CVar [[r.setres:1280x720]]
[2020.10.27-14.03.59:263][  0]LogConfig: Applying CVar settings from Section [/Script/Engine.RendererSettings] File [E:/Unreal Projects/Proj/HideNSneakUnreal/Saved/Config/Windows/Engine.ini]
[2020.10.27-14.03.59:263][  0]LogConfig: Setting CVar [[r.GPUCrashDebugging:0]]
[2020.10.27-14.03.59:263][  0]LogConfig: Applying CVar settings from Section [/Script/Engine.RendererOverrideSettings] File [E:/Unreal Projects/Proj/HideNSneakUnreal/Saved/Config/Windows/Engine.ini]
[2020.10.27-14.03.59:263][  0]LogConfig: Applying CVar settings from Section [/Script/Engine.StreamingSettings] File [E:/Unreal Projects/Proj/HideNSneakUnreal/Saved/Config/Windows/Engine.ini]
[2020.10.27-14.03.59:263][  0]LogConfig: Setting CVar [[s.MinBulkDataSizeForAsyncLoading:131072]]
[2020.10.27-14.03.59:263][  0]LogConfig: Setting CVar [[s.AsyncLoadingThreadEnabled:0]]
[2020.10.27-14.03.59:263][  0]LogConfig: Setting CVar [[s.EventDrivenLoaderEnabled:1]]
[2020.10.27-14.03.59:263][  0]LogConfig: Setting CVar [[s.WarnIfTimeLimitExceeded:0]]
[2020.10.27-14.03.59:263][  0]LogConfig: Setting CVar [[s.TimeLimitExceededMultiplier:1.5]]
[2020.10.27-14.03.59:263][  0]LogConfig: Setting CVar [[s.TimeLimitExceededMinTime:0.005]]
[2020.10.27-14.03.59:263][  0]LogConfig: Setting CVar [[s.UseBackgroundLevelStreaming:1]]
[2020.10.27-14.03.59:263][  0]LogConfig: Setting CVar [[s.PriorityAsyncLoadingExtraTime:15.0]]
[2020.10.27-14.03.59:263][  0]LogConfig: Setting CVar [[s.LevelStreamingActorsUpdateTimeLimit:5.0]]
[2020.10.27-14.03.59:263][  0]LogConfig: Setting CVar [[s.PriorityLevelStreamingActorsUpdateExtraTime:5.0]]
[2020.10.27-14.03.59:263][  0]LogConfig: Setting CVar [[s.LevelStreamingComponentsRegistrationGranularity:10]]
[2020.10.27-14.03.59:263][  0]LogConfig: Setting CVar [[s.UnregisterComponentsTimeLimit:1.0]]
[2020.10.27-14.03.59:263][  0]LogConfig: Setting CVar [[s.LevelStreamingComponentsUnregistrationGranularity:5]]
[2020.10.27-14.03.59:263][  0]LogConfig: Setting CVar [[s.FlushStreamingOnExit:1]]
[2020.10.27-14.03.59:263][  0]LogConfig: Applying CVar settings from Section [/Script/Engine.GarbageCollectionSettings] File [E:/Unreal Projects/Proj/HideNSneakUnreal/Saved/Config/Windows/Engine.ini]
[2020.10.27-14.03.59:263][  0]LogConfig: Setting CVar [[gc.MaxObjectsNotConsideredByGC:1]]
[2020.10.27-14.03.59:263][  0]LogConfig: Setting CVar [[gc.SizeOfPermanentObjectPool:0]]
[2020.10.27-14.03.59:263][  0]LogConfig: Setting CVar [[gc.FlushStreamingOnGC:0]]
[2020.10.27-14.03.59:263][  0]LogConfig: Setting CVar [[gc.NumRetriesBeforeForcingGC:10]]
[2020.10.27-14.03.59:263][  0]LogConfig: Setting CVar [[gc.AllowParallelGC:1]]
[2020.10.27-14.03.59:263][  0]LogConfig: Setting CVar [[gc.TimeBetweenPurgingPendingKillObjects:61.1]]
[2020.10.27-14.03.59:263][  0]LogConfig: Setting CVar [[gc.MaxObjectsInEditor:25165824]]
[2020.10.27-14.03.59:263][  0]LogConfig: Setting CVar [[gc.IncrementalBeginDestroyEnabled:1]]
[2020.10.27-14.03.59:263][  0]LogConfig: Setting CVar [[gc.CreateGCClusters:1]]
[2020.10.27-14.03.59:263][  0]LogConfig: Setting CVar [[gc.MinGCClusterSize:5]]
[2020.10.27-14.03.59:263][  0]LogConfig: Setting CVar [[gc.ActorClusteringEnabled:0]]
[2020.10.27-14.03.59:263][  0]LogConfig: Setting CVar [[gc.BlueprintClusteringEnabled:0]]
[2020.10.27-14.03.59:263][  0]LogConfig: Setting CVar [[gc.UseDisregardForGCOnDedicatedServers:0]]
[2020.10.27-14.03.59:263][  0]LogConfig: Applying CVar settings from Section [/Script/Engine.NetworkSettings] File [E:/Unreal Projects/Proj/HideNSneakUnreal/Saved/Config/Windows/Engine.ini]
[2020.10.27-14.03.59:263][  0]LogConfig: Applying CVar settings from Section [/Script/UnrealEd.CookerSettings] File [E:/Unreal Projects/Proj/HideNSneakUnreal/Saved/Config/Windows/Engine.ini]
[2020.10.27-14.03.59:267][  0]LogConfig: Applying CVar settings from Section [ViewDistanceQuality@3] File [E:/Unreal Projects/Proj/HideNSneakUnreal/Saved/Config/Windows/Scalability.ini]
[2020.10.27-14.03.59:267][  0]LogConfig: Setting CVar [[r.SkeletalMeshLODBias:0]]
[2020.10.27-14.03.59:267][  0]LogConfig: Setting CVar [[r.ViewDistanceScale:1.0]]
[2020.10.27-14.03.59:267][  0]LogConfig: Applying CVar settings from Section [AntiAliasingQuality@3] File [E:/Unreal Projects/Proj/HideNSneakUnreal/Saved/Config/Windows/Scalability.ini]
[2020.10.27-14.03.59:267][  0]LogConfig: Setting CVar [[r.PostProcessAAQuality:4]]
[2020.10.27-14.03.59:267][  0]LogConfig: Applying CVar settings from Section [ShadowQuality@3] File [E:/Unreal Projects/Proj/HideNSneakUnreal/Saved/Config/Windows/Scalability.ini]
[2020.10.27-14.03.59:267][  0]LogConfig: Setting CVar [[r.LightFunctionQuality:1]]
[2020.10.27-14.03.59:267][  0]LogConfig: Setting CVar [[r.ShadowQuality:5]]
[2020.10.27-14.03.59:267][  0]LogConfig: Setting CVar [[r.Shadow.CSM.MaxCascades:10]]
[2020.10.27-14.03.59:267][  0]LogConfig: Setting CVar [[r.Shadow.MaxResolution:2048]]
[2020.10.27-14.03.59:267][  0]LogConfig: Setting CVar [[r.Shadow.MaxCSMResolution:2048]]
[2020.10.27-14.03.59:267][  0]LogConfig: Setting CVar [[r.Shadow.RadiusThreshold:0.01]]
[2020.10.27-14.03.59:267][  0]LogConfig: Setting CVar [[r.Shadow.DistanceScale:1.0]]
[2020.10.27-14.03.59:267][  0]LogConfig: Setting CVar [[r.Shadow.CSM.TransitionScale:1.0]]
[2020.10.27-14.03.59:267][  0]LogConfig: Setting CVar [[r.Shadow.PreShadowResolutionFactor:1.0]]
[2020.10.27-14.03.59:267][  0]LogConfig: Setting CVar [[r.DistanceFieldShadowing:1]]
[2020.10.27-14.03.59:267][  0]LogConfig: Setting CVar [[r.DistanceFieldAO:1]]
[2020.10.27-14.03.59:267][  0]LogConfig: Setting CVar [[r.AOQuality:2]]
[2020.10.27-14.03.59:267][  0]LogConfig: Setting CVar [[r.VolumetricFog:1]]
[2020.10.27-14.03.59:267][  0]LogConfig: Setting CVar [[r.VolumetricFog.GridPixelSize:8]]
[2020.10.27-14.03.59:267][  0]LogConfig: Setting CVar [[r.VolumetricFog.GridSizeZ:128]]
[2020.10.27-14.03.59:267][  0]LogConfig: Setting CVar [[r.VolumetricFog.HistoryMissSupersampleCount:4]]
[2020.10.27-14.03.59:267][  0]LogConfig: Setting CVar [[r.LightMaxDrawDistanceScale:1]]
[2020.10.27-14.03.59:267][  0]LogConfig: Setting CVar [[r.CapsuleShadows:1]]
[2020.10.27-14.03.59:267][  0]LogConfig: Applying CVar settings from Section [PostProcessQuality@3] File [E:/Unreal Projects/Proj/HideNSneakUnreal/Saved/Config/Windows/Scalability.ini]
[2020.10.27-14.03.59:267][  0]LogConfig: Setting CVar [[r.MotionBlurQuality:4]]
[2020.10.27-14.03.59:267][  0]LogConfig: Setting CVar [[r.AmbientOcclusionMipLevelFactor:0.4]]
[2020.10.27-14.03.59:267][  0]LogConfig: Setting CVar [[r.AmbientOcclusionMaxQuality:100]]
[2020.10.27-14.03.59:267][  0]LogConfig: Setting CVar [[r.AmbientOcclusionLevels:-1]]
[2020.10.27-14.03.59:267][  0]LogConfig: Setting CVar [[r.AmbientOcclusionRadiusScale:1.0]]
[2020.10.27-14.03.59:267][  0]LogConfig: Setting CVar [[r.DepthOfFieldQuality:2]]
[2020.10.27-14.03.59:267][  0]LogConfig: Setting CVar [[r.RenderTargetPoolMin:400]]
[2020.10.27-14.03.59:267][  0]LogConfig: Setting CVar [[r.LensFlareQuality:2]]
[2020.10.27-14.03.59:267][  0]LogConfig: Setting CVar [[r.SceneColorFringeQuality:1]]
[2020.10.27-14.03.59:267][  0]LogConfig: Setting CVar [[r.EyeAdaptationQuality:2]]
[2020.10.27-14.03.59:267][  0]LogConfig: Setting CVar [[r.BloomQuality:5]]
[2020.10.27-14.03.59:268][  0]LogConfig: Setting CVar [[r.FastBlurThreshold:100]]
[2020.10.27-14.03.59:268][  0]LogConfig: Setting CVar [[r.Upscale.Quality:3]]
[2020.10.27-14.03.59:268][  0]LogConfig: Setting CVar [[r.Tonemapper.GrainQuantization:1]]
[2020.10.27-14.03.59:268][  0]LogConfig: Setting CVar [[r.LightShaftQuality:1]]
[2020.10.27-14.03.59:268][  0]LogConfig: Setting CVar [[r.Filter.SizeScale:1]]
[2020.10.27-14.03.59:268][  0]LogConfig: Setting CVar [[r.Tonemapper.Quality:5]]
[2020.10.27-14.03.59:268][  0]LogConfig: Setting CVar [[r.DOF.Gather.AccumulatorQuality:1        ; higher gathering accumulator quality]]
[2020.10.27-14.03.59:268][  0]LogConfig: Setting CVar [[r.DOF.Gather.PostfilterMethod:1          ; Median3x3 postfilering method]]
[2020.10.27-14.03.59:268][  0]LogConfig: Setting CVar [[r.DOF.Gather.EnableBokehSettings:0       ; no bokeh simulation when gathering]]
[2020.10.27-14.03.59:268][  0]LogConfig: Setting CVar [[r.DOF.Gather.RingCount:4                 ; medium number of samples when gathering]]
[2020.10.27-14.03.59:268][  0]LogConfig: Setting CVar [[r.DOF.Scatter.ForegroundCompositing:1    ; additive foreground scattering]]
[2020.10.27-14.03.59:268][  0]LogConfig: Setting CVar [[r.DOF.Scatter.BackgroundCompositing:2    ; additive background scattering]]
[2020.10.27-14.03.59:268][  0]LogConfig: Setting CVar [[r.DOF.Scatter.EnableBokehSettings:1      ; bokeh simulation when scattering]]
[2020.10.27-14.03.59:268][  0]LogConfig: Setting CVar [[r.DOF.Scatter.MaxSpriteRatio:0.1         ; only a maximum of 10% of scattered bokeh]]
[2020.10.27-14.03.59:268][  0]LogConfig: Setting CVar [[r.DOF.Recombine.Quality:1                ; cheap slight out of focus]]
[2020.10.27-14.03.59:268][  0]LogConfig: Setting CVar [[r.DOF.Recombine.EnableBokehSettings:0    ; no bokeh simulation on slight out of focus]]
[2020.10.27-14.03.59:268][  0]LogConfig: Setting CVar [[r.DOF.TemporalAAQuality:1                ; more stable temporal accumulation]]
[2020.10.27-14.03.59:268][  0]LogConfig: Setting CVar [[r.DOF.Kernel.MaxForegroundRadius:0.025]]
[2020.10.27-14.03.59:268][  0]LogConfig: Setting CVar [[r.DOF.Kernel.MaxBackgroundRadius:0.025]]
[2020.10.27-14.03.59:268][  0]LogConfig: Applying CVar settings from Section [TextureQuality@3] File [E:/Unreal Projects/Proj/HideNSneakUnreal/Saved/Config/Windows/Scalability.ini]
[2020.10.27-14.03.59:268][  0]LogConfig: Setting CVar [[r.Streaming.MipBias:0]]
[2020.10.27-14.03.59:268][  0]LogConfig: Setting CVar [[r.Streaming.AmortizeCPUToGPUCopy:0]]
[2020.10.27-14.03.59:268][  0]LogConfig: Setting CVar [[r.Streaming.MaxNumTexturesToStreamPerFrame:0]]
[2020.10.27-14.03.59:268][  0]LogConfig: Setting CVar [[r.Streaming.Boost:1]]
[2020.10.27-14.03.59:268][  0]LogConfig: Setting CVar [[r.MaxAnisotropy:8]]
[2020.10.27-14.03.59:268][  0]LogConfig: Setting CVar [[r.VT.MaxAnisotropy:8]]
[2020.10.27-14.03.59:268][  0]LogConfig: Setting CVar [[r.Streaming.LimitPoolSizeToVRAM:0]]
[2020.10.27-14.03.59:268][  0]LogConfig: Setting CVar [[r.Streaming.PoolSize:1000]]
[2020.10.27-14.03.59:268][  0]LogConfig: Setting CVar [[r.Streaming.MaxEffectiveScreenSize:0]]
[2020.10.27-14.03.59:268][  0]LogConfig: Applying CVar settings from Section [EffectsQuality@3] File [E:/Unreal Projects/Proj/HideNSneakUnreal/Saved/Config/Windows/Scalability.ini]
[2020.10.27-14.03.59:268][  0]LogConfig: Setting CVar [[r.TranslucencyLightingVolumeDim:64]]
[2020.10.27-14.03.59:269][  0]LogConfig: Setting CVar [[r.RefractionQuality:2]]
[2020.10.27-14.03.59:269][  0]LogConfig: Setting CVar [[r.SSR.Quality:3]]
[2020.10.27-14.03.59:269][  0]LogConfig: Setting CVar [[r.SSR.HalfResSceneColor:0]]
[2020.10.27-14.03.59:269][  0]LogConfig: Setting CVar [[r.SceneColorFormat:4]]
[2020.10.27-14.03.59:269][  0]LogConfig: Setting CVar [[r.DetailMode:2]]
[2020.10.27-14.03.59:269][  0]LogConfig: Setting CVar [[r.TranslucencyVolumeBlur:1]]
[2020.10.27-14.03.59:269][  0]LogConfig: Setting CVar [[r.MaterialQualityLevel:1 ; High quality]]
[2020.10.27-14.03.59:269][  0]LogConfig: Setting CVar [[r.SSS.Scale:1]]
[2020.10.27-14.03.59:269][  0]LogConfig: Setting CVar [[r.SSS.SampleSet:2]]
[2020.10.27-14.03.59:269][  0]LogConfig: Setting CVar [[r.SSS.Quality:1]]
[2020.10.27-14.03.59:269][  0]LogConfig: Setting CVar [[r.SSS.HalfRes:0]]
[2020.10.27-14.03.59:269][  0]LogConfig: Setting CVar [[r.SSGI.Quality:3]]
[2020.10.27-14.03.59:269][  0]LogConfig: Setting CVar [[r.EmitterSpawnRateScale:1.0]]
[2020.10.27-14.03.59:269][  0]LogConfig: Setting CVar [[r.ParticleLightQuality:2]]
[2020.10.27-14.03.59:269][  0]LogConfig: Setting CVar [[r.SkyAtmosphere.AerialPerspectiveLUT.FastApplyOnOpaque:1 ; Always have FastSkyLUT 1 in this case to avoid wrong sky]]
[2020.10.27-14.03.59:269][  0]LogConfig: Setting CVar [[r.SkyAtmosphere.AerialPerspectiveLUT.SampleCountPerSlice:1]]
[2020.10.27-14.03.59:269][  0]LogConfig: Setting CVar [[r.SkyAtmosphere.AerialPerspectiveLUT.DepthResolution:16.0]]
[2020.10.27-14.03.59:269][  0]LogConfig: Setting CVar [[r.SkyAtmosphere.FastSkyLUT:1]]
[2020.10.27-14.03.59:269][  0]LogConfig: Setting CVar [[r.SkyAtmosphere.FastSkyLUT.SampleCountMin:4.0]]
[2020.10.27-14.03.59:269][  0]LogConfig: Setting CVar [[r.SkyAtmosphere.FastSkyLUT.SampleCountMax:32.0]]
[2020.10.27-14.03.59:269][  0]LogConfig: Setting CVar [[r.SkyAtmosphere.SampleCountMin:4.0]]
[2020.10.27-14.03.59:269][  0]LogConfig: Setting CVar [[r.SkyAtmosphere.SampleCountMax:32.0]]
[2020.10.27-14.03.59:269][  0]LogConfig: Setting CVar [[r.SkyAtmosphere.TransmittanceLUT.UseSmallFormat:0]]
[2020.10.27-14.03.59:269][  0]LogConfig: Setting CVar [[r.SkyAtmosphere.TransmittanceLUT.SampleCount:10.0]]
[2020.10.27-14.03.59:269][  0]LogConfig: Setting CVar [[r.SkyAtmosphere.MultiScatteringLUT.SampleCount:15.0]]
[2020.10.27-14.03.59:269][  0]LogConfig: Applying CVar settings from Section [FoliageQuality@3] File [E:/Unreal Projects/Proj/HideNSneakUnreal/Saved/Config/Windows/Scalability.ini]
[2020.10.27-14.03.59:269][  0]LogConfig: Setting CVar [[foliage.DensityScale:1.0]]
[2020.10.27-14.03.59:269][  0]LogConfig: Setting CVar [[grass.DensityScale:1.0]]
[2020.10.27-14.03.59:269][  0]LogConfig: Applying CVar settings from Section [ShadingQuality@3] File [E:/Unreal Projects/Proj/HideNSneakUnreal/Saved/Config/Windows/Scalability.ini]
[2020.10.27-14.03.59:269][  0]LogConfig: Setting CVar [[r.HairStrands.SkyLighting.SampleCount:16]]
[2020.10.27-14.03.59:269][  0]LogConfig: Setting CVar [[r.HairStrands.SkyLighting.JitterIntegration:0]]
[2020.10.27-14.03.59:269][  0]LogConfig: Setting CVar [[r.HairStrands.SkyAO.SampleCount:16]]
[2020.10.27-14.03.59:269][  0]LogConfig: Setting CVar [[r.HairStrands.DeepShadow.SuperSampling:0]]
[2020.10.27-14.03.59:269][  0]LogConfig: Setting CVar [[r.HairStrands.VisibilityPPLL:0]]
[2020.10.27-14.03.59:269][  0]LogConfig: Setting CVar [[r.HairStrands.RasterizationScale:0.5]]
[2020.10.27-14.03.59:269][  0]LogConfig: Setting CVar [[r.HairStrands.VelocityRasterizationScale:1]]
[2020.10.27-14.03.59:269][  0]LogInit: Selected Device Profile: [Windows]
[2020.10.27-14.03.59:269][  0]LogInit: Applying CVar settings loaded from the selected device profile: [Windows]
[2020.10.27-14.03.59:269][  0]LogHAL: Display: Platform has ~ 16 GB [17099935744 / 17179869184 / 16], which maps to Larger [LargestMinGB=32, LargerMinGB=12, DefaultMinGB=8, SmallerMinGB=6, SmallestMinGB=0)
[2020.10.27-14.03.59:269][  0]LogInit: Going up to parent DeviceProfile []
[2020.10.27-14.03.59:270][  0]LogConfig: Applying CVar settings from Section [ViewDistanceQuality@3] File [E:/Unreal Projects/Proj/HideNSneakUnreal/Saved/Config/Windows/Scalability.ini]
[2020.10.27-14.03.59:270][  0]LogConfig: Setting CVar [[r.SkeletalMeshLODBias:0]]
[2020.10.27-14.03.59:270][  0]LogConfig: Setting CVar [[r.ViewDistanceScale:1.0]]
[2020.10.27-14.03.59:270][  0]LogConfig: Applying CVar settings from Section [AntiAliasingQuality@3] File [E:/Unreal Projects/Proj/HideNSneakUnreal/Saved/Config/Windows/Scalability.ini]
[2020.10.27-14.03.59:270][  0]LogConfig: Setting CVar [[r.PostProcessAAQuality:4]]
[2020.10.27-14.03.59:270][  0]LogConfig: Applying CVar settings from Section [ShadowQuality@3] File [E:/Unreal Projects/Proj/HideNSneakUnreal/Saved/Config/Windows/Scalability.ini]
[2020.10.27-14.03.59:270][  0]LogConfig: Setting CVar [[r.LightFunctionQuality:1]]
[2020.10.27-14.03.59:270][  0]LogConfig: Setting CVar [[r.ShadowQuality:5]]
[2020.10.27-14.03.59:270][  0]LogConfig: Setting CVar [[r.Shadow.CSM.MaxCascades:10]]
[2020.10.27-14.03.59:270][  0]LogConfig: Setting CVar [[r.Shadow.MaxResolution:2048]]
[2020.10.27-14.03.59:270][  0]LogConfig: Setting CVar [[r.Shadow.MaxCSMResolution:2048]]
[2020.10.27-14.03.59:270][  0]LogConfig: Setting CVar [[r.Shadow.RadiusThreshold:0.01]]
[2020.10.27-14.03.59:270][  0]LogConfig: Setting CVar [[r.Shadow.DistanceScale:1.0]]
[2020.10.27-14.03.59:270][  0]LogConfig: Setting CVar [[r.Shadow.CSM.TransitionScale:1.0]]
[2020.10.27-14.03.59:270][  0]LogConfig: Setting CVar [[r.Shadow.PreShadowResolutionFactor:1.0]]
[2020.10.27-14.03.59:270][  0]LogConfig: Setting CVar [[r.DistanceFieldShadowing:1]]
[2020.10.27-14.03.59:270][  0]LogConfig: Setting CVar [[r.DistanceFieldAO:1]]
[2020.10.27-14.03.59:270][  0]LogConfig: Setting CVar [[r.AOQuality:2]]
[2020.10.27-14.03.59:270][  0]LogConfig: Setting CVar [[r.VolumetricFog:1]]
[2020.10.27-14.03.59:270][  0]LogConfig: Setting CVar [[r.VolumetricFog.GridPixelSize:8]]
[2020.10.27-14.03.59:270][  0]LogConfig: Setting CVar [[r.VolumetricFog.GridSizeZ:128]]
[2020.10.27-14.03.59:270][  0]LogConfig: Setting CVar [[r.VolumetricFog.HistoryMissSupersampleCount:4]]
[2020.10.27-14.03.59:270][  0]LogConfig: Setting CVar [[r.LightMaxDrawDistanceScale:1]]
[2020.10.27-14.03.59:270][  0]LogConfig: Setting CVar [[r.CapsuleShadows:1]]
[2020.10.27-14.03.59:270][  0]LogConfig: Applying CVar settings from Section [PostProcessQuality@3] File [E:/Unreal Projects/Proj/HideNSneakUnreal/Saved/Config/Windows/Scalability.ini]
[2020.10.27-14.03.59:270][  0]LogConfig: Setting CVar [[r.MotionBlurQuality:4]]
[2020.10.27-14.03.59:270][  0]LogConfig: Setting CVar [[r.AmbientOcclusionMipLevelFactor:0.4]]
[2020.10.27-14.03.59:270][  0]LogConfig: Setting CVar [[r.AmbientOcclusionMaxQuality:100]]
[2020.10.27-14.03.59:270][  0]LogConfig: Setting CVar [[r.AmbientOcclusionLevels:-1]]
[2020.10.27-14.03.59:270][  0]LogConfig: Setting CVar [[r.AmbientOcclusionRadiusScale:1.0]]
[2020.10.27-14.03.59:270][  0]LogConfig: Setting CVar [[r.DepthOfFieldQuality:2]]
[2020.10.27-14.03.59:270][  0]LogConfig: Setting CVar [[r.RenderTargetPoolMin:400]]
[2020.10.27-14.03.59:270][  0]LogConfig: Setting CVar [[r.LensFlareQuality:2]]
[2020.10.27-14.03.59:270][  0]LogConfig: Setting CVar [[r.SceneColorFringeQuality:1]]
[2020.10.27-14.03.59:270][  0]LogConfig: Setting CVar [[r.EyeAdaptationQuality:2]]
[2020.10.27-14.03.59:270][  0]LogConfig: Setting CVar [[r.BloomQuality:5]]
[2020.10.27-14.03.59:270][  0]LogConfig: Setting CVar [[r.FastBlurThreshold:100]]
[2020.10.27-14.03.59:270][  0]LogConfig: Setting CVar [[r.Upscale.Quality:3]]
[2020.10.27-14.03.59:270][  0]LogConfig: Setting CVar [[r.Tonemapper.GrainQuantization:1]]
[2020.10.27-14.03.59:270][  0]LogConfig: Setting CVar [[r.LightShaftQuality:1]]
[2020.10.27-14.03.59:270][  0]LogConfig: Setting CVar [[r.Filter.SizeScale:1]]
[2020.10.27-14.03.59:270][  0]LogConfig: Setting CVar [[r.Tonemapper.Quality:5]]
[2020.10.27-14.03.59:270][  0]LogConfig: Setting CVar [[r.DOF.Gather.AccumulatorQuality:1        ; higher gathering accumulator quality]]
[2020.10.27-14.03.59:270][  0]LogConfig: Setting CVar [[r.DOF.Gather.PostfilterMethod:1          ; Median3x3 postfilering method]]
[2020.10.27-14.03.59:270][  0]LogConfig: Setting CVar [[r.DOF.Gather.EnableBokehSettings:0       ; no bokeh simulation when gathering]]
[2020.10.27-14.03.59:270][  0]LogConfig: Setting CVar [[r.DOF.Gather.RingCount:4                 ; medium number of samples when gathering]]
[2020.10.27-14.03.59:270][  0]LogConfig: Setting CVar [[r.DOF.Scatter.ForegroundCompositing:1    ; additive foreground scattering]]
[2020.10.27-14.03.59:270][  0]LogConfig: Setting CVar [[r.DOF.Scatter.BackgroundCompositing:2    ; additive background scattering]]
[2020.10.27-14.03.59:270][  0]LogConfig: Setting CVar [[r.DOF.Scatter.EnableBokehSettings:1      ; bokeh simulation when scattering]]
[2020.10.27-14.03.59:271][  0]LogConfig: Setting CVar [[r.DOF.Scatter.MaxSpriteRatio:0.1         ; only a maximum of 10% of scattered bokeh]]
[2020.10.27-14.03.59:271][  0]LogConfig: Setting CVar [[r.DOF.Recombine.Quality:1                ; cheap slight out of focus]]
[2020.10.27-14.03.59:271][  0]LogConfig: Setting CVar [[r.DOF.Recombine.EnableBokehSettings:0    ; no bokeh simulation on slight out of focus]]
[2020.10.27-14.03.59:271][  0]LogConfig: Setting CVar [[r.DOF.TemporalAAQuality:1                ; more stable temporal accumulation]]
[2020.10.27-14.03.59:271][  0]LogConfig: Setting CVar [[r.DOF.Kernel.MaxForegroundRadius:0.025]]
[2020.10.27-14.03.59:271][  0]LogConfig: Setting CVar [[r.DOF.Kernel.MaxBackgroundRadius:0.025]]
[2020.10.27-14.03.59:271][  0]LogConfig: Applying CVar settings from Section [TextureQuality@3] File [E:/Unreal Projects/Proj/HideNSneakUnreal/Saved/Config/Windows/Scalability.ini]
[2020.10.27-14.03.59:271][  0]LogConfig: Setting CVar [[r.Streaming.MipBias:0]]
[2020.10.27-14.03.59:271][  0]LogConfig: Setting CVar [[r.Streaming.AmortizeCPUToGPUCopy:0]]
[2020.10.27-14.03.59:271][  0]LogConfig: Setting CVar [[r.Streaming.MaxNumTexturesToStreamPerFrame:0]]
[2020.10.27-14.03.59:271][  0]LogConfig: Setting CVar [[r.Streaming.Boost:1]]
[2020.10.27-14.03.59:271][  0]LogConfig: Setting CVar [[r.MaxAnisotropy:8]]
[2020.10.27-14.03.59:271][  0]LogConfig: Setting CVar [[r.VT.MaxAnisotropy:8]]
[2020.10.27-14.03.59:271][  0]LogConfig: Setting CVar [[r.Streaming.LimitPoolSizeToVRAM:0]]
[2020.10.27-14.03.59:271][  0]LogConfig: Setting CVar [[r.Streaming.PoolSize:1000]]
[2020.10.27-14.03.59:271][  0]LogConfig: Setting CVar [[r.Streaming.MaxEffectiveScreenSize:0]]
[2020.10.27-14.03.59:271][  0]LogConfig: Applying CVar settings from Section [EffectsQuality@3] File [E:/Unreal Projects/Proj/HideNSneakUnreal/Saved/Config/Windows/Scalability.ini]
[2020.10.27-14.03.59:271][  0]LogConfig: Setting CVar [[r.TranslucencyLightingVolumeDim:64]]
[2020.10.27-14.03.59:271][  0]LogConfig: Setting CVar [[r.RefractionQuality:2]]
[2020.10.27-14.03.59:271][  0]LogConfig: Setting CVar [[r.SSR.Quality:3]]
[2020.10.27-14.03.59:271][  0]LogConfig: Setting CVar [[r.SSR.HalfResSceneColor:0]]
[2020.10.27-14.03.59:271][  0]LogConfig: Setting CVar [[r.SceneColorFormat:4]]
[2020.10.27-14.03.59:271][  0]LogConfig: Setting CVar [[r.DetailMode:2]]
[2020.10.27-14.03.59:271][  0]LogConfig: Setting CVar [[r.TranslucencyVolumeBlur:1]]
[2020.10.27-14.03.59:271][  0]LogConfig: Setting CVar [[r.MaterialQualityLevel:1 ; High quality]]
[2020.10.27-14.03.59:271][  0]LogConfig: Setting CVar [[r.SSS.Scale:1]]
[2020.10.27-14.03.59:271][  0]LogConfig: Setting CVar [[r.SSS.SampleSet:2]]
[2020.10.27-14.03.59:271][  0]LogConfig: Setting CVar [[r.SSS.Quality:1]]
[2020.10.27-14.03.59:271][  0]LogConfig: Setting CVar [[r.SSS.HalfRes:0]]
[2020.10.27-14.03.59:271][  0]LogConfig: Setting CVar [[r.SSGI.Quality:3]]
[2020.10.27-14.03.59:271][  0]LogConfig: Setting CVar [[r.EmitterSpawnRateScale:1.0]]
[2020.10.27-14.03.59:271][  0]LogConfig: Setting CVar [[r.ParticleLightQuality:2]]
[2020.10.27-14.03.59:271][  0]LogConfig: Setting CVar [[r.SkyAtmosphere.AerialPerspectiveLUT.FastApplyOnOpaque:1 ; Always have FastSkyLUT 1 in this case to avoid wrong sky]]
[2020.10.27-14.03.59:271][  0]LogConfig: Setting CVar [[r.SkyAtmosphere.AerialPerspectiveLUT.SampleCountPerSlice:1]]
[2020.10.27-14.03.59:271][  0]LogConfig: Setting CVar [[r.SkyAtmosphere.AerialPerspectiveLUT.DepthResolution:16.0]]
[2020.10.27-14.03.59:271][  0]LogConfig: Setting CVar [[r.SkyAtmosphere.FastSkyLUT:1]]
[2020.10.27-14.03.59:271][  0]LogConfig: Setting CVar [[r.SkyAtmosphere.FastSkyLUT.SampleCountMin:4.0]]
[2020.10.27-14.03.59:271][  0]LogConfig: Setting CVar [[r.SkyAtmosphere.FastSkyLUT.SampleCountMax:32.0]]
[2020.10.27-14.03.59:271][  0]LogConfig: Setting CVar [[r.SkyAtmosphere.SampleCountMin:4.0]]
[2020.10.27-14.03.59:271][  0]LogConfig: Setting CVar [[r.SkyAtmosphere.SampleCountMax:32.0]]
[2020.10.27-14.03.59:271][  0]LogConfig: Setting CVar [[r.SkyAtmosphere.TransmittanceLUT.UseSmallFormat:0]]
[2020.10.27-14.03.59:272][  0]LogConfig: Setting CVar [[r.SkyAtmosphere.TransmittanceLUT.SampleCount:10.0]]
[2020.10.27-14.03.59:272][  0]LogConfig: Setting CVar [[r.SkyAtmosphere.MultiScatteringLUT.SampleCount:15.0]]
[2020.10.27-14.03.59:272][  0]LogConfig: Applying CVar settings from Section [FoliageQuality@3] File [E:/Unreal Projects/Proj/HideNSneakUnreal/Saved/Config/Windows/Scalability.ini]
[2020.10.27-14.03.59:272][  0]LogConfig: Setting CVar [[foliage.DensityScale:1.0]]
[2020.10.27-14.03.59:272][  0]LogConfig: Setting CVar [[grass.DensityScale:1.0]]
[2020.10.27-14.03.59:272][  0]LogConfig: Applying CVar settings from Section [ShadingQuality@3] File [E:/Unreal Projects/Proj/HideNSneakUnreal/Saved/Config/Windows/Scalability.ini]
[2020.10.27-14.03.59:272][  0]LogConfig: Setting CVar [[r.HairStrands.SkyLighting.SampleCount:16]]
[2020.10.27-14.03.59:272][  0]LogConfig: Setting CVar [[r.HairStrands.SkyLighting.JitterIntegration:0]]
[2020.10.27-14.03.59:272][  0]LogConfig: Setting CVar [[r.HairStrands.SkyAO.SampleCount:16]]
[2020.10.27-14.03.59:272][  0]LogConfig: Setting CVar [[r.HairStrands.DeepShadow.SuperSampling:0]]
[2020.10.27-14.03.59:272][  0]LogConfig: Setting CVar [[r.HairStrands.VisibilityPPLL:0]]
[2020.10.27-14.03.59:272][  0]LogConfig: Setting CVar [[r.HairStrands.RasterizationScale:0.5]]
[2020.10.27-14.03.59:272][  0]LogConfig: Setting CVar [[r.HairStrands.VelocityRasterizationScale:1]]
[2020.10.27-14.03.59:272][  0]LogConfig: Applying CVar settings from Section [Startup] File [../../../Engine/Config/ConsoleVariables.ini]
[2020.10.27-14.03.59:272][  0]LogConfig: Setting CVar [[net.UseAdaptiveNetUpdateFrequency:0]]
[2020.10.27-14.03.59:272][  0]LogConfig: Setting CVar [[p.chaos.AllowCreatePhysxBodies:1]]
[2020.10.27-14.03.59:272][  0]LogConfig: Setting CVar [[fx.SkipVectorVMBackendOptimizations:1]]
[2020.10.27-14.03.59:272][  0]LogConfig: Applying CVar settings from Section [ConsoleVariables] File [E:/Unreal Projects/Proj/HideNSneakUnreal/Saved/Config/Windows/Engine.ini]
[2020.10.27-14.03.59:272][  0]LogInit: Computer: DESKTOP-4VS26US
[2020.10.27-14.03.59:272][  0]LogInit: User: AlexanderAulin
[2020.10.27-14.03.59:273][  0]LogInit: CPU Page size=4096, Cores=6
[2020.10.27-14.03.59:273][  0]LogInit: High frequency timer resolution =10.000000 MHz
[2020.10.27-14.03.59:273][  0]LogMemory: Memory total: Physical=15.9GB (16GB approx)
[2020.10.27-14.03.59:273][  0]LogMemory: Platform Memory Stats for Windows
[2020.10.27-14.03.59:273][  0]LogMemory: Process Physical Memory: 124.26 MB used, 124.27 MB peak
[2020.10.27-14.03.59:273][  0]LogMemory: Process Virtual Memory: 109.98 MB used, 109.98 MB peak
[2020.10.27-14.03.59:273][  0]LogMemory: Physical Memory: 7608.59 MB used,  8699.18 MB free, 16307.77 MB total
[2020.10.27-14.03.59:273][  0]LogMemory: Virtual Memory: 5160.22 MB used,  134212568.00 MB free, 134217728.00 MB total
[2020.10.27-14.03.59:777][  0]LogWindows: WindowsPlatformFeatures enabled
[2020.10.27-14.03.59:813][  0]LogInit: Physics initialised using underlying interface: PhysX
[2020.10.27-14.03.59:813][  0]LogInit: Using OS detected language (en-GB).
[2020.10.27-14.03.59:813][  0]LogInit: Using OS detected locale (en-GB).
[2020.10.27-14.03.59:814][  0]LogTextLocalizationManager: No specific localization for 'en-GB' exists, so the 'en' localization will be used.
[2020.10.27-14.04.00:037][  0]LogSlate: New Slate User Created.  User Index 0, Is Virtual User: 0
[2020.10.27-14.04.00:037][  0]LogSlate: Slate User Registered.  User Index 0, Is Virtual User: 0
[2020.10.27-14.04.00:043][  0]LogD3D11RHI: D3D11 min allowed feature level: 11_0
[2020.10.27-14.04.00:043][  0]LogD3D11RHI: D3D11 max allowed feature level: 11_0
[2020.10.27-14.04.00:043][  0]LogD3D11RHI: D3D11 adapters:
[2020.10.27-14.04.00:092][  0]LogD3D11RHI:    0. 'NVIDIA GeForce GTX 1060 6GB' (Feature Level 11_0)
[2020.10.27-14.04.00:092][  0]LogD3D11RHI:       6052/0/8153 MB DedicatedVideo/DedicatedSystem/SharedSystem, Outputs:1, VendorId:0x10de
[2020.10.27-14.04.00:094][  0]LogD3D11RHI:    1. 'Microsoft Basic Render Driver' (Feature Level 11_0)
[2020.10.27-14.04.00:095][  0]LogD3D11RHI:       0/0/8153 MB DedicatedVideo/DedicatedSystem/SharedSystem, Outputs:0, VendorId:0x1414
[2020.10.27-14.04.00:095][  0]LogD3D11RHI: Chosen D3D11 Adapter: 0
[2020.10.27-14.04.00:100][  0]LogD3D11RHI: Creating new Direct3DDevice
[2020.10.27-14.04.00:100][  0]LogD3D11RHI:     GPU DeviceId: 0x1c03 (for the marketing name, search the web for "GPU Device Id")
[2020.10.27-14.04.00:100][  0]LogWindows: EnumDisplayDevices:
[2020.10.27-14.04.00:101][  0]LogWindows:    0. 'NVIDIA GeForce GTX 1060 6GB' (P:1 D:1)
[2020.10.27-14.04.00:101][  0]LogWindows:    1. 'NVIDIA GeForce GTX 1060 6GB' (P:0 D:0)
[2020.10.27-14.04.00:101][  0]LogWindows:    2. 'NVIDIA GeForce GTX 1060 6GB' (P:0 D:0)
[2020.10.27-14.04.00:102][  0]LogWindows:    3. 'NVIDIA GeForce GTX 1060 6GB' (P:0 D:0)
[2020.10.27-14.04.00:102][  0]LogWindows: DebugString: FoundDriverCount:4 
[2020.10.27-14.04.00:102][  0]LogD3D11RHI:     Adapter Name: NVIDIA GeForce GTX 1060 6GB
[2020.10.27-14.04.00:102][  0]LogD3D11RHI:   Driver Version: 456.71 (internal:27.21.14.5671, unified:456.71)
[2020.10.27-14.04.00:102][  0]LogD3D11RHI:      Driver Date: 9-30-2020
[2020.10.27-14.04.00:102][  0]LogRHI: Texture pool is 4236 MB (70% of 6052 MB)
[2020.10.27-14.04.00:139][  0]LogD3D11RHI: RHI has support for 64 bit atomics
[2020.10.27-14.04.00:140][  0]LogD3D11RHI: Async texture creation enabled
[2020.10.27-14.04.00:140][  0]LogD3D11RHI: Array index from any shader is supported
[2020.10.27-14.04.00:155][  0]LogD3D11RHI: GPU Timing Frequency: 1000.000000 (Debug: 2 1)
[2020.10.27-14.04.00:488][  0]LogTargetPlatformManager: Display: Loaded TargetPlatform 'WindowsNoEditor'
[2020.10.27-14.04.00:491][  0]LogTargetPlatformManager: Display: Loaded TargetPlatform 'Windows'
[2020.10.27-14.04.00:497][  0]LogTargetPlatformManager: Display: Loaded TargetPlatform 'WindowsClient'
[2020.10.27-14.04.00:503][  0]LogTargetPlatformManager: Display: Loaded TargetPlatform 'WindowsServer'
[2020.10.27-14.04.00:503][  0]LogTargetPlatformManager: Display: Building Assets For Windows
[2020.10.27-14.04.00:505][  0]LogAudioDebug: Display: Lib vorbis DLL was dynamically loaded.
[2020.10.27-14.04.00:524][  0]LogShaderCompilers: Guid format shader working directory is 3 characters bigger than the processId version (../../../../../Unreal Projects/Proj/HideNSneakUnreal/Intermediate/Shaders/WorkingDirectory/19692/).
[2020.10.27-14.04.00:524][  0]LogShaderCompilers: Cleaned the shader compiler working directory 'C:/Users/Alexander Aulin/AppData/Local/Temp/UnrealShaderWorkingDir/C6640CE6417B26195E4E88B27B5EFD5B/'.
[2020.10.27-14.04.00:525][  0]LogXGEController: Cannot use XGE Controller as Incredibuild is not installed on this machine.
[2020.10.27-14.04.00:525][  0]LogShaderCompilers: Cannot use XGE Shader Compiler as Incredibuild is not installed on this machine.
[2020.10.27-14.04.00:525][  0]LogShaderCompilers: Display: Using Local Shader Compiler.
[2020.10.27-14.04.01:240][  0]LogDerivedDataCache: Display: Max Cache Size: 512 MB
[2020.10.27-14.04.01:312][  0]LogDerivedDataCache: Loaded boot cache 0.07s 79MB C:/Users/Alexander Aulin/AppData/Local/UnrealEngine/4.25/DerivedDataCache/Boot.ddc.
[2020.10.27-14.04.01:312][  0]LogDerivedDataCache: Display: Loaded Boot cache: C:/Users/Alexander Aulin/AppData/Local/UnrealEngine/4.25/DerivedDataCache/Boot.ddc
[2020.10.27-14.04.01:312][  0]LogDerivedDataCache: FDerivedDataBackendGraph:  Pak pak cache file ../../../../../Unreal Projects/Proj/HideNSneakUnreal/DerivedDataCache/DDC.ddp not found, will not use a pak cache.
[2020.10.27-14.04.01:312][  0]LogDerivedDataCache: Unable to find inner node Pak for hierarchical cache Hierarchy.
[2020.10.27-14.04.01:312][  0]LogDerivedDataCache: FDerivedDataBackendGraph:  CompressedPak pak cache file ../../../../../Unreal Projects/Proj/HideNSneakUnreal/DerivedDataCache/Compressed.ddp not found, will not use a pak cache.
[2020.10.27-14.04.01:312][  0]LogDerivedDataCache: Unable to find inner node CompressedPak for hierarchical cache Hierarchy.
[2020.10.27-14.04.01:322][  0]LogDerivedDataCache: Display: Pak cache opened for reading ../../../Engine/DerivedDataCache/Compressed.ddp.
[2020.10.27-14.04.01:322][  0]LogDerivedDataCache: FDerivedDataBackendGraph:  EnterprisePak pak cache file ../../../Enterprise/DerivedDataCache/Compressed.ddp not found, will not use a pak cache.
[2020.10.27-14.04.01:322][  0]LogDerivedDataCache: Unable to find inner node EnterprisePak for hierarchical cache Hierarchy.
[2020.10.27-14.04.01:323][  0]LogDerivedDataCache: Using Local data cache path C:/Users/Alexander Aulin/AppData/Local/UnrealEngine/Common/DerivedDataCache: Writable
[2020.10.27-14.04.01:323][  0]LogDerivedDataCache: Shared data cache path not found in *engine.ini, will not use an Shared cache.
[2020.10.27-14.04.01:323][  0]LogDerivedDataCache: Unable to find inner node Shared for hierarchical cache Hierarchy.
[2020.10.27-14.04.01:361][  0]LogSlate: Using FreeType 2.10.0
[2020.10.27-14.04.01:362][  0]LogSlate: SlateFontServices - WITH_FREETYPE: 1, WITH_HARFBUZZ: 1
[2020.10.27-14.04.01:439][  0]LogInit: Using OS detected language (en-GB).
[2020.10.27-14.04.01:439][  0]LogInit: Using OS detected locale (en-GB).
[2020.10.27-14.04.01:439][  0]LogTextLocalizationManager: No localization for 'en-GB' exists, so 'en' will be used for the language.
[2020.10.27-14.04.01:439][  0]LogTextLocalizationManager: No localization for 'en-GB' exists, so 'en' will be used for the locale.
[2020.10.27-14.04.01:439][  0]LogSlate: FontCache flush requested. Reason: Culture for localization was changed
[2020.10.27-14.04.01:439][  0]LogSlate: FontCache flush requested. Reason: Culture for localization was changed
[2020.10.27-14.04.01:440][  0]LogTextLocalizationManager: Compacting localization data took   0.00ms
[2020.10.27-14.04.01:442][  0]LogAssetRegistry: FAssetRegistry took 0.0013 seconds to start up
[2020.10.27-14.04.01:602][  0]LogPackageLocalizationCache: Processed 19 localized package path(s) for 1 prioritized culture(s) in 0.000611 seconds
[2020.10.27-14.04.01:642][  0]LogInit: Selected Device Profile: [Windows]
[2020.10.27-14.04.01:743][  0]LogMeshReduction: Using QuadricMeshReduction for automatic static mesh reduction
[2020.10.27-14.04.01:743][  0]LogMeshReduction: Using SimplygonMeshReduction for automatic skeletal mesh reduction
[2020.10.27-14.04.01:743][  0]LogMeshReduction: Using ProxyLODMeshReduction for automatic mesh merging
[2020.10.27-14.04.01:743][  0]LogMeshReduction: No distributed automatic mesh merging module available
[2020.10.27-14.04.01:743][  0]LogMeshMerging: No distributed automatic mesh merging module available
[2020.10.27-14.04.01:756][  0]LogNetVersion: HideNSneakUnreal 1.0.0, NetCL: 13144385, EngineNetVer: 14, GameNetVer: 0 (Checksum: 3367979030)
[2020.10.27-14.04.01:991][  0]LogAISub: UAISubsystem::UAISubsystem AISubsystem (0000024610F87880), frame # 0
[2020.10.27-14.04.01:991][  0]LogAISub: UAISubsystem::UAISubsystem AIPerceptionSystem (0000024610FBC400), frame # 0
[2020.10.27-14.04.01:992][  0]LogAISub: UAISubsystem::UAISubsystem EnvQueryManager (0000024610FF8A00), frame # 0
[2020.10.27-14.04.02:070][  0]LogCollectionManager: Loaded 0 collections in 0.000607 seconds
[2020.10.27-14.04.02:072][  0]LogFileCache: Scanning file cache for directory 'E:/Unreal Projects/Proj/HideNSneakUnreal/Saved/Collections/' took 0.00s
[2020.10.27-14.04.02:072][  0]LogFileCache: Scanning file cache for directory 'E:/Unreal Projects/Proj/HideNSneakUnreal/Content/Developers/AlexanderAulin/Collections/' took 0.00s
[2020.10.27-14.04.02:072][  0]LogCollectionManager: Fixed up redirectors for 0 collections in 0.000002 seconds (updated 0 objects)
[2020.10.27-14.04.02:130][  0]LogFileCache: Scanning file cache for directory 'E:/Unreal Projects/Proj/HideNSneakUnreal/Content/Collections/' took 0.00s
[2020.10.27-14.04.02:130][  0]LogMoviePlayer: Initializing movie player
[2020.10.27-14.04.02:299][  0]LogTcpMessaging: Initializing TcpMessaging bridge
[2020.10.27-14.04.02:303][  0]LogUdpMessaging: Initializing bridge on interface 0.0.0.0:0 to multicast group 230.0.0.1:6666.
[2020.10.27-14.04.02:333][  0]LogSteamShared: Display: Loading Steam SDK 1.47
[2020.10.27-14.04.02:334][  0]LogSteamShared: Steam SDK Loaded!
[2020.10.27-14.04.02:350][  0]SourceControl: Source control is disabled
[2020.10.27-14.04.02:350][  0]SourceControl: Source control is disabled
[2020.10.27-14.04.02:357][  0]SourceControl: Source control is disabled
[2020.10.27-14.04.02:484][  0]LogAndroidPermission: UAndroidPermissionCallbackProxy::GetInstance
[2020.10.27-14.04.02:501][  0]LogAudioCaptureCore: Display: No Audio Capture implementations found. Audio input will be silent.
[2020.10.27-14.04.02:501][  0]LogAudioCaptureCore: Display: No Audio Capture implementations found. Audio input will be silent.
[2020.10.27-14.04.02:542][  0]LogOcInput: OculusInput pre-init called
[2020.10.27-14.04.02:556][  0]LogUObjectArray: 19147 objects as part of root set at end of initial load.
[2020.10.27-14.04.02:556][  0]LogUObjectAllocator: 5079520 out of 0 bytes used by permanent object pool.
[2020.10.27-14.04.02:556][  0]LogUObjectArray: CloseDisregardForGC: 0/0 objects in disregard for GC pool
[2020.10.27-14.04.02:593][  0]LogEngine: Initializing Engine...
[2020.10.27-14.04.02:594][  0]LogHMD: Oculus plugin initialized. Version: 4.25.3-13942748+++UE4+Release-4.25, OVRPlugin: 1.44.0
[2020.10.27-14.04.02:596][  0]LogStats: UGameplayTagsManager::InitializeManager -  0.000 s
[2020.10.27-14.04.02:717][  0]LogInit: Initializing FReadOnlyCVARCache
[2020.10.27-14.04.02:720][  0]LogAudioMixer: Display: Audio Mixer Platform Settings:
[2020.10.27-14.04.02:720][  0]LogAudioMixer: Display: 	Sample Rate:						  48000
[2020.10.27-14.04.02:720][  0]LogAudioMixer: Display: 	Callback Buffer Frame Size Requested: 1024
[2020.10.27-14.04.02:720][  0]LogAudioMixer: Display: 	Callback Buffer Frame Size To Use:	  1024
[2020.10.27-14.04.02:720][  0]LogAudioMixer: Display: 	Number of buffers to queue:			  2
[2020.10.27-14.04.02:720][  0]LogAudioMixer: Display: 	Max Channels (voices):				  32
[2020.10.27-14.04.02:720][  0]LogAudioMixer: Display: 	Number of Async Source Workers:		  0
[2020.10.27-14.04.02:720][  0]LogAudio: Display: AudioDevice MaxSources: 32
[2020.10.27-14.04.02:721][  0]LogAudio: Display: Using built-in audio occlusion.
[2020.10.27-14.04.02:721][  0]LogAudioMixer: Display: Initializing audio mixer.
[2020.10.27-14.04.02:741][  0]LogAudioMixer: Display: 0: FrontLeft
[2020.10.27-14.04.02:741][  0]LogAudioMixer: Display: 1: FrontRight
[2020.10.27-14.04.02:741][  0]LogAudioMixer: Display: 2: FrontCenter
[2020.10.27-14.04.02:741][  0]LogAudioMixer: Display: 3: LowFrequency
[2020.10.27-14.04.02:741][  0]LogAudioMixer: Display: 4: BackLeft
[2020.10.27-14.04.02:741][  0]LogAudioMixer: Display: 5: BackRight
[2020.10.27-14.04.02:741][  0]LogAudioMixer: Display: 6: SideLeft
[2020.10.27-14.04.02:741][  0]LogAudioMixer: Display: 7: SideRight
[2020.10.27-14.04.02:909][  0]LogAudioMixer: Display: Using Audio Device Speakers (Realtek High Definition Audio)
[2020.10.27-14.04.02:915][  0]LogAudioMixer: Display: Initializing Sound Submixes...
[2020.10.27-14.04.02:916][  0]LogAudioMixer: Display: Creating Master Submix 'MasterSubmixDefault'
[2020.10.27-14.04.02:916][  0]LogAudioMixer: Display: Creating Master Submix 'MasterReverbSubmixDefault'
[2020.10.27-14.04.02:917][  0]LogAudioMixer: Display: Creating Master Submix 'MasterEQSubmixDefault'
[2020.10.27-14.04.02:919][  0]LogInit: FAudioDevice initialized.
[2020.10.27-14.04.02:920][  0]LogNetVersion: Set ProjectVersion to 1.0.0.0. Version Checksum will be recalculated on next use.
[2020.10.27-14.04.02:920][  0]LogInit: Texture streaming: Enabled
[2020.10.27-14.04.02:966][  0]LogSlate: Updating window title bar state: overlay mode, drag disabled, window buttons hidden, title bar hidden
[2020.10.27-14.04.02:967][  0]LogInit: Display: Game Engine Initialized.
[2020.10.27-14.04.02:967][  0]LogNiagaraEditor: Warning: GEditor isn't valid! Particle reset commands will not work for Niagara components!
[2020.10.27-14.04.03:003][  0]LogInit: Display: Starting Game.
[2020.10.27-14.04.03:003][  0]LogNet: Browse: /Game/Maps/Real_WhiteBox?Name=Player?Listen
[2020.10.27-14.04.03:003][  0]LogHMD: Initializing OVRPlugin session
[2020.10.27-14.04.03:120][  0]LogHMD: Allocating Oculus 3008 x 1616 rendertarget swapchain
[2020.10.27-14.04.03:120][  0]LogHMD: FSplash::OnShow
[2020.10.27-14.04.03:120][  0]LogLoad: LoadMap: /Game/Maps/Real_WhiteBox?Name=Player?Listen
[2020.10.27-14.04.03:120][  0]LogWorld: BeginTearingDown for /Temp/Untitled_0
[2020.10.27-14.04.03:121][  0]LogWorld: UWorld::CleanupWorld for Untitled, bSessionEnded=true, bCleanupResources=true
[2020.10.27-14.04.03:122][  0]LogSlate: InvalidateAllWidgets triggered.  All widgets were invalidated
[2020.10.27-14.04.03:131][  0]LogUObjectHash: Compacting FUObjectHashTables data took   1.00ms
[2020.10.27-14.04.03:210][  0]LogBlueprint: Warning: [Compiler ThirdPersonCharacter] InputAction Event references unknown Action 'ResetVR' for  InputAction ResetVR
[2020.10.27-14.04.03:476][  0]LogAIModule: Creating AISystem for world Real_WhiteBox
[2020.10.27-14.04.03:476][  0]LogAISub: UAISubsystem::UAISubsystem EnvQueryManager (000002460752A600), frame # 0
[2020.10.27-14.04.03:476][  0]LogAISub: UAISubsystem::UAISubsystem AIPerceptionSystem (00000246075B0E00), frame # 0
[2020.10.27-14.04.03:477][  0]LogLoad: Game class is 'BP_HideNSneakGameModeBase_C'
[2020.10.27-14.04.03:477][  0]LogOnline: OSS: Creating online subsystem instance for: STEAM
[2020.10.27-14.04.03:477][  0]LogOnline: Warning: STEAM: Steam API disabled!
[2020.10.27-14.04.03:477][  0]LogOnline: Display: STEAM: OnlineSubsystemSteam::Shutdown()
[2020.10.27-14.04.03:477][  0]LogOnline: OSS: Unable to create OnlineSubsystem module STEAM
[2020.10.27-14.04.03:477][  0]LogNet: ReplicationDriverClass is null! Not using ReplicationDriver.
[2020.10.27-14.04.03:477][  0]LogNetCore: DDoS detection status: detection enabled: 0 analytics enabled: 0
[2020.10.27-14.04.03:478][  0]LogInit: WinSock: Socket queue. Rx: 131072 (config 131072) Tx: 131072 (config 131072)
[2020.10.27-14.04.03:478][  0]LogNet: Created socket for bind address: 0.0.0.0 on port 17777
[2020.10.27-14.04.03:478][  0]PacketHandlerLog: Loaded PacketHandler component: Engine.EngineHandlerComponentFactory (StatelessConnectHandlerComponent)
[2020.10.27-14.04.03:478][  0]LogNet: GameNetDriver IpNetDriver_0 IpNetDriver listening on port 17777
[2020.10.27-14.04.03:503][  0]LogWorld: Bringing World /Game/Maps/Real_WhiteBox.Real_WhiteBox up for play (max tick rate 0) at 2020.10.27-15.04.03
[2020.10.27-14.04.03:505][  0]LogWorld: Bringing up level for play took: 0.026923
[2020.10.27-14.04.03:506][  0]LogOnlineSession: Warning: OSS: No game present to join for session (GameSession)
[2020.10.27-14.04.03:510][  0]LogLoad: Took 0.390231 seconds to LoadMap(/Game/Maps/Real_WhiteBox)
[2020.10.27-14.04.03:524][  0]LogSlate: Took 0.000221 seconds to synchronously load lazily loaded font '../../../Engine/Content/Slate/Fonts/Roboto-Regular.ttf' (155K)
[2020.10.27-14.04.03:535][  0]LogRenderer: Reallocating scene render targets to support 1280x720 Format 10 NumSamples 1 (Frame:1).
[2020.10.27-14.04.03:536][  0]LogLoad: (Engine Initialization) Total time: 5.62 seconds
[2020.10.27-14.04.03:536][  0]LogLoad: (Engine Initialization) Total Blueprint compile time: 0.00 seconds
[2020.10.27-14.04.03:565][  0]LogOcInput: OculusInput is initialized
[2020.10.27-14.04.03:565][  0]LogHMD: FSplash::OnHide
[2020.10.27-14.04.03:648][  0]LogContentStreaming: Texture pool size now 1000 MB
[2020.10.27-14.04.03:652][  0]LogRenderer: Reallocating scene render targets to support 128x128 Format 10 NumSamples 1 (Frame:1).
[2020.10.27-14.04.03:652][  0]LogSlate: InvalidateAllWidgets triggered.  All widgets were invalidated
[2020.10.27-14.04.03:688][  0]LogRenderer: Reallocating scene render targets to support 1280x720 Format 10 NumSamples 1 (Frame:2).
[2020.10.27-14.04.03:706][  1]LogSlate: Took 0.000264 seconds to synchronously load lazily loaded font '../../../Engine/Content/Slate/Fonts/Roboto-Regular.ttf' (155K)
[2020.10.27-14.04.04:009][ 62]LogNet: NotifyAcceptingConnection accepted from: 127.0.0.1:54501
[2020.10.27-14.04.04:009][ 62]LogHandshake: SendConnectChallenge. Timestamp: 0.445130, Cookie: 111045255217119154131149013143254026061051112107219222173138
[2020.10.27-14.04.04:016][ 64]LogNet: NotifyAcceptingConnection accepted from: 127.0.0.1:54501
[2020.10.27-14.04.04:017][ 64]LogHandshake: SendChallengeAck. InCookie: 111045255217119154131149013143254026061051112107219222173138
[2020.10.27-14.04.04:017][ 64]LogNet: Server accepting post-challenge connection from: 127.0.0.1:54501
[2020.10.27-14.04.04:017][ 64]PacketHandlerLog: Loaded PacketHandler component: Engine.EngineHandlerComponentFactory (StatelessConnectHandlerComponent)
[2020.10.27-14.04.04:017][ 64]LogNet: NotifyAcceptedConnection: Name: Real_WhiteBox, TimeStamp: 10/27/20 15:04:04, [UNetConnection] RemoteAddr: 127.0.0.1:54501, Name: IpConnection_0, Driver: GameNetDriver IpNetDriver_0, IsServer: YES, PC: NULL, Owner: NULL, UniqueId: INVALID
[2020.10.27-14.04.04:017][ 64]LogNet: AddClientConnection: Added client connection: [UNetConnection] RemoteAddr: 127.0.0.1:54501, Name: IpConnection_0, Driver: GameNetDriver IpNetDriver_0, IsServer: YES, PC: NULL, Owner: NULL, UniqueId: INVALID
[2020.10.27-14.04.04:023][ 66]LogNet: NotifyAcceptingChannel Control 0 server World /Game/Maps/Real_WhiteBox.Real_WhiteBox: Accepted
[2020.10.27-14.04.04:024][ 66]LogNet: Remote platform little endian=1
[2020.10.27-14.04.04:024][ 66]LogNet: This platform little endian=1
[2020.10.27-14.04.04:024][ 66]LogNetVersion: HideNSneakUnreal 1.0.0.0, NetCL: 13144385, EngineNetVer: 14, GameNetVer: 0 (Checksum: 4008563563)
[2020.10.27-14.04.04:032][ 68]LogNet: Login request: ?Name=DESKTOP-4VS26US-B253CFE04D0B42B3BF55DF8F743193FB userId: NULL:DESKTOP-4VS26US-B253CFE04D0B42B3BF55DF8F743193FB platform: NULL
[2020.10.27-14.04.04:641][263]LogNet: Client netspeed is 10000
[2020.10.27-14.04.04:642][263]LogNet: Join request: /Game/ThirdPersonBP/Maps/ThirdPersonExampleMap?Name=DESKTOP-4VS26US-B253CFE04D0B42B3BF55DF8F743193FB?SplitscreenCount=1
[2020.10.27-14.04.04:642][263]LogOnlineSession: Warning: OSS: No game present to join for session (GameSession)
[2020.10.27-14.04.04:644][263]LogNet: Join succeeded: DESKTOP-4VS26US-B253
[2020.10.27-14.04.14:707][822]LogBlueprintUserMessages: [BP_HideNSneakCPPCharacter_C_0] There is an additinal seeker among us
[2020.10.27-14.04.46:639][ 60]LogBlueprintUserMessages: [BP_HideNSneakCPPCharacter_C_1] There is an additinal seeker among us
[2020.10.27-14.04.59:655][731]LogWindowsDesktop: Alt-F4 pressed!
[2020.10.27-14.04.59:664][731]LogSlate: Window 'HideNSneakUnreal (64-bit Development PCD3D_SM5) ' being destroyed
[2020.10.27-14.04.59:665][731]LogWindowsTextInputMethodSystem: Display: IME system now deactivated.
[2020.10.27-14.04.59:673][731]LogOnlineSession: Warning: OSS: No game present to leave for session (GameSession)
[2020.10.27-14.04.59:673][731]LogSlate: Updating window title bar state: overlay mode, drag disabled, window buttons hidden, title bar hidden
[2020.10.27-14.04.59:673][731]LogEngine: All Windows Closed
[2020.10.27-14.04.59:673][731]LogWindows: FPlatformMisc::RequestExit(0)
[2020.10.27-14.04.59:673][731]LogCore: Engine exit requested (reason: Win RequestExit)
[2020.10.27-14.04.59:674][732]LogCore: Engine exit requested (reason: EngineExit() was called; note: exit was already requested)
[2020.10.27-14.04.59:683][732]LogAudio: Display: Shutting down audio device while 2 references to it are still alive. For more information, compile with INSTRUMENT_AUDIODEVICE_HANDLES.
[2020.10.27-14.04.59:724][732]LogInit: Display: PreExit Game.
[2020.10.27-14.04.59:764][732]LogWorld: BeginTearingDown for /Game/Maps/Real_WhiteBox
[2020.10.27-14.04.59:764][732]LogNet: World NetDriver shutdown IpNetDriver_0 [GameNetDriver]
[2020.10.27-14.04.59:765][732]LogNet: DestroyNamedNetDriver IpNetDriver_0 [GameNetDriver]
[2020.10.27-14.04.59:765][732]LogNet: UNetConnection::Cleanup: Closing open connection. [UNetConnection] RemoteAddr: 127.0.0.1:54501, Name: IpConnection_0, Driver: GameNetDriver IpNetDriver_0, IsServer: YES, PC: PlayerController_1, Owner: PlayerController_1, UniqueId: NULL:DESKTOP-4VS26US-B253CFE04D0B42B3BF55DF8F743193FB
[2020.10.27-14.04.59:765][732]LogNet: UNetConnection::Close: [UNetConnection] RemoteAddr: 127.0.0.1:54501, Name: IpConnection_0, Driver: GameNetDriver IpNetDriver_0, IsServer: YES, PC: PlayerController_1, Owner: PlayerController_1, UniqueId: NULL:DESKTOP-4VS26US-B253CFE04D0B42B3BF55DF8F743193FB, Channels: 11, Time: 2020.10.27-14.04.59
[2020.10.27-14.04.59:765][732]LogNet: UChannel::Close: Sending CloseBunch. ChIndex == 0. Name: [UChannel] ChIndex: 0, Closing: 0 [UNetConnection] RemoteAddr: 127.0.0.1:54501, Name: IpConnection_0, Driver: GameNetDriver IpNetDriver_0, IsServer: YES, PC: PlayerController_1, Owner: PlayerController_1, UniqueId: NULL:DESKTOP-4VS26US-B253CFE04D0B42B3BF55DF8F743193FB
[2020.10.27-14.04.59:766][732]LogExit: GameNetDriver IpNetDriver_0 shut down
[2020.10.27-14.04.59:766][732]LogWorld: UWorld::CleanupWorld for Real_WhiteBox, bSessionEnded=true, bCleanupResources=true
[2020.10.27-14.04.59:770][732]LogSlate: InvalidateAllWidgets triggered.  All widgets were invalidated
[2020.10.27-14.05.00:638][732]LogExit: Preparing to exit.
[2020.10.27-14.05.01:340][732]LogMoviePlayer: Shutting down movie player
[2020.10.27-14.05.01:498][732]LogSlate: Updating window title bar state: overlay mode, drag disabled, window buttons hidden, title bar hidden
[2020.10.27-14.05.01:504][732]LogDemo: Cleaned up 0 splitscreen connections with owner deletion
[2020.10.27-14.05.01:507][732]LogExit: Game engine shut down
[2020.10.27-14.05.01:518][732]LogAISub: UAISubsystem::~UAISubsystem AISubsystem (0000024610F87880), frame # 14732
[2020.10.27-14.05.01:518][732]LogAISub: UAISubsystem::~UAISubsystem AIPerceptionSystem (0000024610FBC400), frame # 14732
[2020.10.27-14.05.01:518][732]LogAISub: UAISubsystem::~UAISubsystem EnvQueryManager (0000024610FF8A00), frame # 14732
[2020.10.27-14.05.01:523][732]LogAISub: UAISubsystem::~UAISubsystem EnvQueryManager (000002460752A600), frame # 14732
[2020.10.27-14.05.01:523][732]LogAISub: UAISubsystem::~UAISubsystem AIPerceptionSystem (00000246075B0E00), frame # 14732
[2020.10.27-14.05.01:542][732]LogExit: Object subsystem successfully closed.
[2020.10.27-14.05.01:552][732]LogShaderCompilers: Display: Shaders left to compile 0
[2020.10.27-14.05.01:559][732]LogModuleManager: Shutting down and abandoning module SequenceRecorderSections (508)
[2020.10.27-14.05.01:559][732]LogModuleManager: Shutting down and abandoning module SequenceRecorder (506)
[2020.10.27-14.05.01:559][732]LogModuleManager: Shutting down and abandoning module AutomationController (504)
[2020.10.27-14.05.01:559][732]LogModuleManager: Shutting down and abandoning module AutomationWorker (502)
[2020.10.27-14.05.01:559][732]LogModuleManager: Shutting down and abandoning module Voice (500)
[2020.10.27-14.05.01:559][732]LogModuleManager: Shutting down and abandoning module AIModule (498)
[2020.10.27-14.05.01:559][732]LogModuleManager: Shutting down and abandoning module GameplayDebugger (497)
[2020.10.27-14.05.01:559][732]LogModuleManager: Shutting down and abandoning module AITestSuite (495)
[2020.10.27-14.05.01:560][732]LogModuleManager: Shutting down and abandoning module NavigationSystem (493)
[2020.10.27-14.05.01:560][732]LogModuleManager: Shutting down and abandoning module OculusMR (490)
[2020.10.27-14.05.01:560][732]LogModuleManager: Shutting down and abandoning module WmfMediaFactory (488)
[2020.10.27-14.05.01:560][732]LogModuleManager: Shutting down and abandoning module WebMMediaFactory (486)
[2020.10.27-14.05.01:560][732]LogModuleManager: Shutting down and abandoning module WebMMedia (484)
[2020.10.27-14.05.01:560][732]LogModuleManager: Shutting down and abandoning module OpenExrWrapper (482)
[2020.10.27-14.05.01:560][732]LogModuleManager: Shutting down and abandoning module ImgMediaFactory (480)
[2020.10.27-14.05.01:560][732]LogModuleManager: Shutting down and abandoning module AvfMediaFactory (478)
[2020.10.27-14.05.01:560][732]LogModuleManager: Shutting down and abandoning module MagicLeapMediaCodecFactory (476)
[2020.10.27-14.05.01:560][732]LogModuleManager: Shutting down and abandoning module MagicLeapMediaFactory (474)
[2020.10.27-14.05.01:560][732]LogModuleManager: Shutting down and abandoning module PlanarCut (472)
[2020.10.27-14.05.01:560][732]LogModuleManager: Shutting down and abandoning module CharacterAI (470)
[2020.10.27-14.05.01:560][732]LogModuleManager: Shutting down and abandoning module SessionServices (468)
[2020.10.27-14.05.01:560][732]LogModuleManager: Shutting down and abandoning module MovieSceneCapture (466)
[2020.10.27-14.05.01:560][732]LogModuleManager: Shutting down and abandoning module LiveCoding (464)
[2020.10.27-14.05.01:560][732]LogModuleManager: Shutting down and abandoning module LevelSequence (462)
[2020.10.27-14.05.01:560][732]LogModuleManager: Shutting down and abandoning module MovieSceneTracks (460)
[2020.10.27-14.05.01:560][732]LogModuleManager: Shutting down and abandoning module MovieScene (458)
[2020.10.27-14.05.01:560][732]LogModuleManager: Shutting down and abandoning module StreamingPauseRendering (456)
[2020.10.27-14.05.01:560][732]LogModuleManager: Shutting down and abandoning module PortalServices (454)
[2020.10.27-14.05.01:560][732]LogModuleManager: Shutting down and abandoning module PortalRpc (452)
[2020.10.27-14.05.01:560][732]LogModuleManager: Shutting down and abandoning module MessagingRpc (450)
[2020.10.27-14.05.01:560][732]LogModuleManager: Shutting down and abandoning module AudioMixerXAudio2 (448)
[2020.10.27-14.05.01:560][732]LogModuleManager: Shutting down and abandoning module AudioMixerCore (447)
[2020.10.27-14.05.01:560][732]LogModuleManager: Shutting down and abandoning module ProfilerService (444)
[2020.10.27-14.05.01:695][732]LogModuleManager: Shutting down and abandoning module TaskGraph (442)
[2020.10.27-14.05.01:695][732]LogModuleManager: Shutting down and abandoning module Synthesis (440)
[2020.10.27-14.05.01:695][732]LogModuleManager: Shutting down and abandoning module ProceduralMeshComponent (438)
[2020.10.27-14.05.01:695][732]LogModuleManager: Shutting down and abandoning module OculusInput (436)
[2020.10.27-14.05.01:695][732]LogModuleManager: Shutting down and abandoning module MobilePatchingUtils (434)
[2020.10.27-14.05.01:695][732]LogModuleManager: Shutting down and abandoning module GooglePAD (432)
[2020.10.27-14.05.01:695][732]LogModuleManager: Shutting down and abandoning module EditableMesh (430)
[2020.10.27-14.05.01:695][732]LogModuleManager: Shutting down and abandoning module CustomMeshComponent (428)
[2020.10.27-14.05.01:696][732]LogModuleManager: Shutting down and abandoning module CableComponent (426)
[2020.10.27-14.05.01:696][732]LogModuleManager: Shutting down and abandoning module AudioCapture (424)
[2020.10.27-14.05.01:696][732]LogModuleManager: Shutting down and abandoning module AudioCaptureRtAudio (423)
[2020.10.27-14.05.01:696][732]LogModuleManager: Shutting down and abandoning module AssetTags (420)
[2020.10.27-14.05.01:696][732]LogModuleManager: Shutting down and abandoning module ArchVisCharacter (418)
[2020.10.27-14.05.01:696][732]LogModuleManager: Shutting down and abandoning module AppleImageUtilsBlueprintSupport (416)
[2020.10.27-14.05.01:696][732]LogModuleManager: Shutting down and abandoning module AppleImageUtils (414)
[2020.10.27-14.05.01:696][732]LogModuleManager: Shutting down and abandoning module AndroidPermission (412)
[2020.10.27-14.05.01:696][732]LogModuleManager: Shutting down and abandoning module NUTUnrealEngine4 (408)
[2020.10.27-14.05.01:696][732]LogModuleManager: Shutting down and abandoning module NetcodeUnitTest (406)
[2020.10.27-14.05.01:696][732]LogModuleManager: Shutting down and abandoning module TemplateSequence (404)
[2020.10.27-14.05.01:696][732]LogModuleManager: Shutting down and abandoning module MovieRenderPipelineRenderPasses (402)
[2020.10.27-14.05.01:696][732]LogModuleManager: Shutting down and abandoning module MovieRenderPipelineSettings (400)
[2020.10.27-14.05.01:696][732]LogModuleManager: Shutting down and abandoning module MovieRenderPipelineCore (398)
[2020.10.27-14.05.01:696][732]LogModuleManager: Shutting down and abandoning module ImageWriteQueue (397)
[2020.10.27-14.05.01:699][732]LogModuleManager: Shutting down and abandoning module MediaCompositing (394)
[2020.10.27-14.05.01:699][732]LogModuleManager: Shutting down and abandoning module ImgMedia (392)
[2020.10.27-14.05.01:699][732]LogModuleManager: Shutting down and abandoning module MagicLeapSharedWorld (390)
[2020.10.27-14.05.01:699][732]LogModuleManager: Shutting down and abandoning module MagicLeapLightEstimation (388)
[2020.10.27-14.05.01:699][732]LogModuleManager: Shutting down and abandoning module MagicLeapHelperVulkan (386)
[2020.10.27-14.05.01:699][732]LogModuleManager: Shutting down and abandoning module MagicLeapHelperOpenGL (384)
[2020.10.27-14.05.01:699][732]LogModuleManager: Shutting down and abandoning module MagicLeapAudio (382)
[2020.10.27-14.05.01:699][732]LogModuleManager: Shutting down and abandoning module MeshSolverUtilities (380)
[2020.10.27-14.05.01:699][732]LogModuleManager: Shutting down and abandoning module MeshConversion (378)
[2020.10.27-14.05.01:699][732]LogModuleManager: Shutting down and abandoning module DynamicMesh (376)
[2020.10.27-14.05.01:699][732]LogModuleManager: Shutting down and abandoning module GeometryAlgorithms (374)
[2020.10.27-14.05.01:699][732]LogModuleManager: Shutting down and abandoning module GeometricObjects (372)
[2020.10.27-14.05.01:699][732]LogModuleManager: Shutting down and abandoning module GeometryCollectionTracks (370)
[2020.10.27-14.05.01:699][732]LogModuleManager: Shutting down and abandoning module GeometryCollectionSequencer (369)
[2020.10.27-14.05.01:699][732]LogModuleManager: Shutting down and abandoning module GeometryCacheTracks (366)
[2020.10.27-14.05.01:699][732]LogModuleManager: Shutting down and abandoning module GeometryCacheSequencer (365)
[2020.10.27-14.05.01:699][732]LogModuleManager: Shutting down and abandoning module GeometryCache (362)
[2020.10.27-14.05.01:699][732]LogModuleManager: Shutting down and abandoning module GeometryCacheEd (361)
[2020.10.27-14.05.01:699][732]LogModuleManager: Shutting down and abandoning module ChaosNiagara (358)
[2020.10.27-14.05.01:699][732]LogModuleManager: Shutting down and abandoning module ChaosCloth (356)
[2020.10.27-14.05.01:699][732]LogModuleManager: Shutting down and abandoning module BackChannel (354)
[2020.10.27-14.05.01:699][732]LogModuleManager: Shutting down and abandoning module AutomationUtils (352)
[2020.10.27-14.05.01:699][732]LogModuleManager: Shutting down and abandoning module VisualStudioSourceCodeAccess (350)
[2020.10.27-14.05.01:699][732]LogModuleManager: Shutting down and abandoning module HotReload (349)
[2020.10.27-14.05.01:699][732]LogModuleManager: Shutting down and abandoning module VisualStudioCodeSourceCodeAccess (346)
[2020.10.27-14.05.01:699][732]LogModuleManager: Shutting down and abandoning module UObjectPlugin (344)
[2020.10.27-14.05.01:699][732]LogModuleManager: Shutting down and abandoning module SubversionSourceControl (342)
[2020.10.27-14.05.01:699][732]LogModuleManager: Shutting down and abandoning module RiderSourceCodeAccess (340)
[2020.10.27-14.05.01:699][732]LogModuleManager: Shutting down and abandoning module PerforceSourceControl (338)
[2020.10.27-14.05.01:699][732]LogModuleManager: Shutting down and abandoning module SourceControl (337)
[2020.10.27-14.05.01:700][732]LogModuleManager: Shutting down and abandoning module CLionSourceCodeAccess (334)
[2020.10.27-14.05.01:700][732]LogModuleManager: Shutting down and abandoning module ActorLayerUtilities (332)
[2020.10.27-14.05.01:700][732]LogModuleManager: Shutting down and abandoning module HideNSneakUnreal (330)
[2020.10.27-14.05.01:700][732]LogModuleManager: Shutting down and abandoning module SteamShared (328)
[2020.10.27-14.05.01:700][732]LogSteamShared: Freeing the Steam Loaded Modules...
[2020.10.27-14.05.01:700][732]LogModuleManager: Shutting down and abandoning module SoundFields (326)
[2020.10.27-14.05.01:700][732]LogModuleManager: Shutting down and abandoning module SignificanceManager (324)
[2020.10.27-14.05.01:700][732]LogModuleManager: Shutting down and abandoning module RuntimePhysXCooking (322)
[2020.10.27-14.05.01:700][732]LogModuleManager: Shutting down and abandoning module PhysXVehiclesEditor (320)
[2020.10.27-14.05.01:700][732]LogModuleManager: Shutting down and abandoning module LocationServicesBPLibrary (316)
[2020.10.27-14.05.01:700][732]LogModuleManager: Shutting down and abandoning module ActorSequence (314)
[2020.10.27-14.05.01:700][732]LogModuleManager: Shutting down and abandoning module UdpMessaging (312)
[2020.10.27-14.05.01:800][732]LogModuleManager: Shutting down and abandoning module TcpMessaging (310)
[2020.10.27-14.05.02:330][732]LogModuleManager: Shutting down and abandoning module MagicLeapARPin (308)
[2020.10.27-14.05.02:331][732]LogModuleManager: Shutting down and abandoning module MagicLeapHandMeshing (306)
[2020.10.27-14.05.02:331][732]LogModuleManager: Shutting down and abandoning module MagicLeapSecureStorage (304)
[2020.10.27-14.05.02:331][732]LogModuleManager: Shutting down and abandoning module MagicLeapPrivileges (302)
[2020.10.27-14.05.02:331][732]LogModuleManager: Shutting down and abandoning module MagicLeapPlanes (300)
[2020.10.27-14.05.02:331][732]LogMagicLeapPlanes: Planes tracker already destroyed.
[2020.10.27-14.05.02:331][732]LogModuleManager: Shutting down and abandoning module MagicLeapImageTracker (298)
[2020.10.27-14.05.02:331][732]LogModuleManager: Shutting down and abandoning module MagicLeapIdentity (296)
[2020.10.27-14.05.02:331][732]LogModuleManager: Shutting down and abandoning module MagicLeapHandTracking (294)
[2020.10.27-14.05.02:331][732]LogModuleManager: Shutting down and abandoning module MagicLeapEyeTracker (292)
[2020.10.27-14.05.02:331][732]LogModuleManager: Shutting down and abandoning module MagicLeapController (290)
[2020.10.27-14.05.02:331][732]LogSlate: Slate User Destroyed.  User Index 0, Is Virtual User: 0
[2020.10.27-14.05.02:331][732]LogModuleManager: Shutting down and abandoning module MagicLeapARPinImpl (288)
[2020.10.27-14.05.02:331][732]LogModuleManager: Shutting down and abandoning module MagicLeapAR (286)
[2020.10.27-14.05.02:331][732]LogModuleManager: Shutting down and abandoning module AugmentedReality (285)
[2020.10.27-14.05.02:331][732]LogModuleManager: Shutting down and abandoning module NiagaraAnimNotifies (282)
[2020.10.27-14.05.02:331][732]LogModuleManager: Shutting down and abandoning module Niagara (280)
[2020.10.27-14.05.02:331][732]LogModuleManager: Shutting down and abandoning module SignalProcessing (279)
[2020.10.27-14.05.02:331][732]LogModuleManager: Shutting down and abandoning module NiagaraEditor (277)
[2020.10.27-14.05.02:331][732]LogModuleManager: Shutting down and abandoning module NiagaraCore (274)
[2020.10.27-14.05.02:331][732]LogModuleManager: Shutting down and abandoning module GameplayTagsEditor (272)
[2020.10.27-14.05.02:331][732]LogModuleManager: Shutting down and abandoning module FacialAnimation (270)
[2020.10.27-14.05.02:331][732]LogModuleManager: Shutting down and abandoning module AssetManagerEditor (268)
[2020.10.27-14.05.02:331][732]LogModuleManager: Shutting down and abandoning module TreeMap (267)
[2020.10.27-14.05.02:331][732]LogModuleManager: Shutting down and abandoning module AnimationSharing (264)
[2020.10.27-14.05.02:331][732]LogModuleManager: Shutting down and abandoning module LightPropagationVolumeRuntime (262)
[2020.10.27-14.05.02:332][732]LogModuleManager: Shutting down and abandoning module Paper2D (260)
[2020.10.27-14.05.02:332][732]LogModuleManager: Shutting down and abandoning module WindowsMoviePlayer (258)
[2020.10.27-14.05.02:332][732]LogModuleManager: Shutting down and abandoning module WebMMoviePlayer (256)
[2020.10.27-14.05.02:332][732]LogModuleManager: Shutting down and abandoning module NetworkReplayStreaming (254)
[2020.10.27-14.05.02:332][732]LogModuleManager: Shutting down and abandoning module PacketHandler (252)
[2020.10.27-14.05.02:332][732]LogModuleManager: Shutting down and abandoning module ClothingSystemEditor (250)
[2020.10.27-14.05.02:332][732]LogModuleManager: Shutting down and abandoning module ClothingSystemRuntimeNv (248)
[2020.10.27-14.05.02:332][732]LogModuleManager: Shutting down and abandoning module MediaAssets (246)
[2020.10.27-14.05.02:332][732]LogModuleManager: Shutting down and abandoning module Overlay (244)
[2020.10.27-14.05.02:332][732]LogModuleManager: Shutting down and abandoning module OverlayEditor (243)
[2020.10.27-14.05.02:332][732]LogModuleManager: Shutting down and abandoning module VREditor (240)
[2020.10.27-14.05.02:332][732]LogModuleManager: Shutting down and abandoning module StringTableEditor (238)
[2020.10.27-14.05.02:332][732]LogModuleManager: Shutting down and abandoning module GameplayTasksEditor (236)
[2020.10.27-14.05.02:332][732]LogModuleManager: Shutting down and abandoning module BehaviorTreeEditor (234)
[2020.10.27-14.05.02:332][732]LogModuleManager: Shutting down and abandoning module FunctionalTesting (232)
[2020.10.27-14.05.02:332][732]LogModuleManager: Shutting down and abandoning module CollisionAnalyzer (230)
[2020.10.27-14.05.02:332][732]LogModuleManager: Shutting down and abandoning module UMG (228)
[2020.10.27-14.05.02:332][732]LogModuleManager: Shutting down and abandoning module UMGEditor (227)
[2020.10.27-14.05.02:332][732]LogModuleManager: Shutting down and abandoning module Sequencer (226)
[2020.10.27-14.05.02:332][732]LogModuleManager: Shutting down and abandoning module MessageLog (223)
[2020.10.27-14.05.02:332][732]LogModuleManager: Shutting down and abandoning module MaterialEditor (221)
[2020.10.27-14.05.02:332][732]LogModuleManager: Shutting down and abandoning module ContentBrowser (220)
[2020.10.27-14.05.02:333][732]LogModuleManager: Shutting down and abandoning module WorkspaceMenuStructure (219)
[2020.10.27-14.05.02:333][732]LogModuleManager: Shutting down and abandoning module CollectionManager (217)
[2020.10.27-14.05.02:333][732]LogModuleManager: Shutting down and abandoning module DirectoryWatcher (216)
[2020.10.27-14.05.02:333][732]LogModuleManager: Shutting down and abandoning module SlateReflector (208)
[2020.10.27-14.05.02:333][732]LogModuleManager: Shutting down and abandoning module Slate (206)
[2020.10.27-14.05.02:333][732]LogModuleManager: Shutting down and abandoning module SlateCore (204)
[2020.10.27-14.05.02:333][732]LogModuleManager: Shutting down and abandoning module LandscapeEditorUtilities (202)
[2020.10.27-14.05.02:333][732]LogModuleManager: Shutting down and abandoning module EditorStyle (200)
[2020.10.27-14.05.02:333][732]LogModuleManager: Shutting down and abandoning module UnrealEd (198)
[2020.10.27-14.05.02:333][732]LogModuleManager: Shutting down and abandoning module MRMesh (196)
[2020.10.27-14.05.02:333][732]LogModuleManager: Shutting down and abandoning module Messaging (194)
[2020.10.27-14.05.02:333][732]LogModuleManager: Shutting down and abandoning module SourceCodeAccess (192)
[2020.10.27-14.05.02:334][732]LogModuleManager: Shutting down and abandoning module HeadMountedDisplay (190)
[2020.10.27-14.05.02:334][732]LogModuleManager: Shutting down and abandoning module XAudio2 (188)
[2020.10.27-14.05.02:334][732]LogModuleManager: Shutting down and abandoning module Networking (186)
[2020.10.27-14.05.02:334][732]LogModuleManager: Shutting down and abandoning module Core (184)
[2020.10.27-14.05.02:334][732]LogModuleManager: Shutting down and abandoning module MovieSceneTools (182)
[2020.10.27-14.05.02:334][732]LogModuleManager: Shutting down and abandoning module KismetCompiler (180)
[2020.10.27-14.05.02:334][732]LogModuleManager: Shutting down and abandoning module MeshBuilder (178)
[2020.10.27-14.05.02:334][732]LogModuleManager: Shutting down and abandoning module MeshUtilities (176)
[2020.10.27-14.05.02:334][732]LogModuleManager: Shutting down and abandoning module MeshMergeUtilities (175)
[2020.10.27-14.05.02:334][732]LogModuleManager: Shutting down and abandoning module MeshReductionInterface (174)
[2020.10.27-14.05.02:334][732]LogModuleManager: Shutting down and abandoning module MeshBoneReduction (173)
[2020.10.27-14.05.02:334][732]LogModuleManager: Shutting down and abandoning module SkeletalMeshReduction (171)
[2020.10.27-14.05.02:334][732]LogModuleManager: Shutting down and abandoning module ProxyLODMeshReduction (169)
[2020.10.27-14.05.02:334][732]LogModuleManager: Shutting down and abandoning module QuadricMeshReduction (167)
[2020.10.27-14.05.02:334][732]LogModuleManager: Shutting down and abandoning module MaterialBaking (163)
[2020.10.27-14.05.02:334][732]LogModuleManager: Shutting down and abandoning module NullInstallBundleManager (158)
[2020.10.27-14.05.02:334][732]LogModuleManager: Shutting down and abandoning module PIEPreviewDeviceProfileSelector (156)
[2020.10.27-14.05.02:334][732]LogModuleManager: Shutting down and abandoning module DerivedDataCache (154)
[2020.10.27-14.05.02:334][732]LogModuleManager: Shutting down and abandoning module XGEController (152)
[2020.10.27-14.05.02:334][732]LogModuleManager: Shutting down and abandoning module TargetPlatform (150)
[2020.10.27-14.05.02:334][732]LogModuleManager: Shutting down and abandoning module VulkanShaderFormat (149)
[2020.10.27-14.05.02:334][732]LogModuleManager: Shutting down and abandoning module ShaderFormatVectorVM (147)
[2020.10.27-14.05.02:334][732]LogModuleManager: Shutting down and abandoning module ShaderFormatOpenGL (145)
[2020.10.27-14.05.02:334][732]LogModuleManager: Shutting down and abandoning module ShaderFormatD3D (143)
[2020.10.27-14.05.02:334][732]LogModuleManager: Shutting down and abandoning module MetalShaderFormat (141)
[2020.10.27-14.05.02:334][732]LogModuleManager: Shutting down and abandoning module TextureFormatUncompressed (139)
[2020.10.27-14.05.02:334][732]LogModuleManager: Shutting down and abandoning module TextureFormatPVR (137)
[2020.10.27-14.05.02:334][732]LogModuleManager: Shutting down and abandoning module TextureFormatDXT (135)
[2020.10.27-14.05.02:334][732]LogModuleManager: Shutting down and abandoning module TextureFormatIntelISPCTexComp (133)
[2020.10.27-14.05.02:334][732]LogModuleManager: Shutting down and abandoning module TextureFormatASTC (131)
[2020.10.27-14.05.02:334][732]LogModuleManager: Shutting down and abandoning module ImageWrapper (130)
[2020.10.27-14.05.02:334][732]LogModuleManager: Shutting down and abandoning module TextureFormatAndroid (127)
[2020.10.27-14.05.02:334][732]LogModuleManager: Shutting down and abandoning module AudioFormatOpus (125)
[2020.10.27-14.05.02:334][732]LogModuleManager: Shutting down and abandoning module AudioFormatOgg (123)
[2020.10.27-14.05.02:334][732]LogModuleManager: Shutting down and abandoning module AudioFormatADPCM (121)
[2020.10.27-14.05.02:334][732]LogModuleManager: Shutting down and abandoning module WindowsServerTargetPlatform (119)
[2020.10.27-14.05.02:334][732]LogModuleManager: Shutting down and abandoning module WindowsClientTargetPlatform (117)
[2020.10.27-14.05.02:334][732]LogModuleManager: Shutting down and abandoning module WindowsTargetPlatform (115)
[2020.10.27-14.05.02:334][732]LogModuleManager: Shutting down and abandoning module WindowsNoEditorTargetPlatform (113)
[2020.10.27-14.05.02:334][732]LogModuleManager: Shutting down and abandoning module InputCore (110)
[2020.10.27-14.05.02:334][732]LogModuleManager: Shutting down and abandoning module Settings (108)
[2020.10.27-14.05.02:334][732]LogModuleManager: Shutting down and abandoning module PhysXCooking (106)
[2020.10.27-14.05.02:334][732]LogModuleManager: Shutting down and abandoning module ChaosSolvers (104)
[2020.10.27-14.05.02:334][732]LogModuleManager: Shutting down and abandoning module FieldSystemEngine (103)
[2020.10.27-14.05.02:334][732]LogModuleManager: Shutting down and abandoning module Chaos (100)
[2020.10.27-14.05.02:334][732]LogModuleManager: Shutting down and abandoning module WindowsPlatformFeatures (98)
[2020.10.27-14.05.02:334][732]LogModuleManager: Shutting down and abandoning module GameplayMediaEncoder (97)
[2020.10.27-14.05.02:334][732]LogModuleManager: Shutting down and abandoning module AVEncoder (96)
[2020.10.27-14.05.02:335][732]LogModuleManager: Shutting down and abandoning module SteamVRInputDevice (92)
[2020.10.27-14.05.02:335][732]LogModuleManager: Shutting down and abandoning module SteamVRInput (90)
[2020.10.27-14.05.02:335][732]LogModuleManager: Shutting down and abandoning module SteamVR (88)
[2020.10.27-14.05.02:335][732]LogHMD: Freeing OpenVRDLLHandle.
[2020.10.27-14.05.02:335][732]LogModuleManager: Shutting down and abandoning module OculusHMD (86)
[2020.10.27-14.05.02:335][732]LogModuleManager: Shutting down and abandoning module ExampleDeviceProfileSelector (84)
[2020.10.27-14.05.02:335][732]LogModuleManager: Shutting down and abandoning module LauncherChunkInstaller (82)
[2020.10.27-14.05.02:335][732]LogModuleManager: Shutting down and abandoning module OnlineBlueprintSupport (80)
[2020.10.27-14.05.02:335][732]LogModuleManager: Shutting down and abandoning module OnlineSubsystem (76)
[2020.10.27-14.05.02:335][732]LogModuleManager: Shutting down and abandoning module XMPP (71)
[2020.10.27-14.05.02:335][732]LogModuleManager: Shutting down and abandoning module WebSockets (70)
[2020.10.27-14.05.02:357][732]LogModuleManager: Shutting down and abandoning module HTTP (67)
[2020.10.27-14.05.02:388][732]LogModuleManager: Shutting down and abandoning module SSL (66)
[2020.10.27-14.05.02:389][732]LogModuleManager: Shutting down and abandoning module WmfMedia (62)
[2020.10.27-14.05.02:390][732]LogModuleManager: Shutting down and abandoning module Media (61)
[2020.10.27-14.05.02:391][732]LogModuleManager: Shutting down and abandoning module MagicLeap (58)
[2020.10.27-14.05.02:391][732]LogModuleManager: Shutting down and abandoning module NiagaraVertexFactories (56)
[2020.10.27-14.05.02:391][732]LogModuleManager: Shutting down and abandoning module NiagaraShader (54)
[2020.10.27-14.05.02:391][732]LogModuleManager: Shutting down and abandoning module VariantManagerContent (52)
[2020.10.27-14.05.02:391][732]LogModuleManager: Shutting down and abandoning module DatasmithContent (50)
[2020.10.27-14.05.02:391][732]LogModuleManager: Shutting down and abandoning module AISupportModule (48)
[2020.10.27-14.05.02:391][732]LogModuleManager: Shutting down and abandoning module DesktopPlatform (46)
[2020.10.27-14.05.02:391][732]LogModuleManager: Shutting down and abandoning module PlatformCryptoOpenSSL (44)
[2020.10.27-14.05.02:391][732]LogModuleManager: Shutting down and abandoning module PlatformCryptoTypes (42)
[2020.10.27-14.05.02:391][732]LogModuleManager: Shutting down and abandoning module PlatformCrypto (40)
[2020.10.27-14.05.02:391][732]LogModuleManager: Shutting down and abandoning module AnimationModifiers (38)
[2020.10.27-14.05.02:391][732]LogModuleManager: Shutting down and abandoning module PropertyEditor (37)
[2020.10.27-14.05.02:392][732]LogModuleManager: Shutting down and abandoning module AudioEditor (34)
[2020.10.27-14.05.02:392][732]LogModuleManager: Shutting down and abandoning module TextureCompressor (32)
[2020.10.27-14.05.02:392][732]LogModuleManager: Shutting down and abandoning module RenderCore (30)
[2020.10.27-14.05.02:392][732]LogModuleManager: Shutting down and abandoning module Landscape (28)
[2020.10.27-14.05.02:392][732]LogModuleManager: Shutting down and abandoning module SlateRHIRenderer (26)
[2020.10.27-14.05.02:392][732]LogModuleManager: Shutting down and abandoning module OpenGLDrv (24)
[2020.10.27-14.05.02:392][732]LogModuleManager: Shutting down and abandoning module D3D11RHI (22)
[2020.10.27-14.05.02:392][732]LogModuleManager: Shutting down and abandoning module AnimGraphRuntime (20)
[2020.10.27-14.05.02:392][732]LogModuleManager: Shutting down and abandoning module Renderer (18)
[2020.10.27-14.05.02:392][732]LogModuleManager: Shutting down and abandoning module Engine (16)
[2020.10.27-14.05.02:392][732]LogModuleManager: Shutting down and abandoning module CoreUObject (14)
[2020.10.27-14.05.02:392][732]LogModuleManager: Shutting down and abandoning module NetworkFile (12)
[2020.10.27-14.05.02:392][732]LogModuleManager: Shutting down and abandoning module CookedIterativeFile (10)
[2020.10.27-14.05.02:392][732]LogModuleManager: Shutting down and abandoning module StreamingFile (8)
[2020.10.27-14.05.02:392][732]LogModuleManager: Shutting down and abandoning module SandboxFile (6)
[2020.10.27-14.05.02:392][732]LogModuleManager: Shutting down and abandoning module PakFile (4)
[2020.10.27-14.05.02:392][732]LogModuleManager: Shutting down and abandoning module RSA (3)
[2020.10.27-14.05.02:713][732]LogContentStreaming: Display: There are 1 unreleased StreamingManagers
[2020.10.27-14.05.02:713][732]LogD3D11RHI: Shutdown
[2020.10.27-14.05.02:713][732]LogD3D11RHI: CleanupD3DDevice
[2020.10.27-14.05.02:720][732]LogExit: Exiting.
[2020.10.27-14.05.02:750][732]Log file closed, 10/27/20 15:05:02
