Log file open, 10/20/20 10:45:18
LogInit: Display: Running engine for game: HideNSneakUnreal
LogPlatformFile: Not using cached read wrapper
LogTaskGraph: Started task graph with 5 named threads and 23 total threads with 3 sets of task threads.
LogStats: Stats thread started at 0.527968
LogD3D11RHI: Loaded GFSDK_Aftermath_Lib.x64.dll
LogICUInternationalization: ICU TimeZone Detection - Raw Offset: +1:00, Platform Override: ''
LogPluginManager: Mounting plugin Paper2D
LogPluginManager: Mounting plugin AdvancedSessions
LogPluginManager: Mounting plugin AISupport
LogPluginManager: Mounting plugin LightPropagationVolume
LogPluginManager: Mounting plugin CameraShakePreviewer
LogPluginManager: Mounting plugin ActorLayerUtilities
LogPluginManager: Mounting plugin AnimationSharing
LogPluginManager: Mounting plugin CLionSourceCodeAccess
LogPluginManager: Mounting plugin CodeLiteSourceCodeAccess
LogPluginManager: Mounting plugin GitSourceControl
LogPluginManager: Mounting plugin KDevelopSourceCodeAccess
LogPluginManager: Mounting plugin NullSourceCodeAccess
LogPluginManager: Mounting plugin PerforceSourceControl
LogPluginManager: Mounting plugin PlasticSourceControl
LogPluginManager: Mounting plugin RiderSourceCodeAccess
LogPluginManager: Mounting plugin SubversionSourceControl
LogPluginManager: Mounting plugin UObjectPlugin
LogPluginManager: Mounting plugin VisualStudioCodeSourceCodeAccess
LogPluginManager: Mounting plugin VisualStudioSourceCodeAccess
LogPluginManager: Mounting plugin XCodeSourceCodeAccess
LogPluginManager: Mounting plugin AssetManagerEditor
LogPluginManager: Mounting plugin CryptoKeys
LogPluginManager: Mounting plugin CurveEditorTools
LogPluginManager: Mounting plugin DataValidation
LogPluginManager: Mounting plugin EditorScriptingUtilities
LogPluginManager: Mounting plugin FacialAnimation
LogPluginManager: Mounting plugin GameplayTagsEditor
LogPluginManager: Mounting plugin GeometryMode
LogPluginManager: Mounting plugin MacGraphicsSwitching
LogPluginManager: Mounting plugin MaterialAnalyzer
LogPluginManager: Mounting plugin MobileLauncherProfileWizard
LogPluginManager: Mounting plugin PluginBrowser
LogPluginManager: Mounting plugin SpeedTreeImporter
LogPluginManager: Mounting plugin DatasmithContent
LogPluginManager: Mounting plugin VariantManagerContent
LogPluginManager: Mounting plugin AlembicImporter
LogPluginManager: Mounting plugin AutomationUtils
LogPluginManager: Mounting plugin BackChannel
LogPluginManager: Mounting plugin ChaosCloth
LogPluginManager: Mounting plugin ChaosClothEditor
LogPluginManager: Mounting plugin ChaosEditor
LogPluginManager: Mounting plugin ChaosNiagara
LogPluginManager: Mounting plugin ChaosSolverPlugin
LogPluginManager: Mounting plugin CharacterAI
LogPluginManager: Mounting plugin GeometryCache
LogPluginManager: Mounting plugin GeometryCollectionPlugin
LogPluginManager: Mounting plugin GeometryProcessing
LogPluginManager: Mounting plugin PlanarCut
LogPluginManager: Mounting plugin PlatformCrypto
LogPluginManager: Mounting plugin ProxyLODPlugin
LogPluginManager: Mounting plugin SkeletalReduction
LogPluginManager: Mounting plugin Niagara
LogPluginManager: Mounting plugin MagicLeap
LogPluginManager: Mounting plugin MagicLeapLightEstimation
LogPluginManager: Mounting plugin MagicLeapMedia
LogPluginManager: Mounting plugin MagicLeapPassableWorld
LogPluginManager: Mounting plugin MLSDK
LogPluginManager: Mounting plugin AndroidMedia
LogPluginManager: Mounting plugin AvfMedia
LogPluginManager: Mounting plugin ImgMedia
LogPluginManager: Mounting plugin MediaCompositing
LogPluginManager: Mounting plugin MediaPlayerEditor
LogPluginManager: Mounting plugin WebMMedia
LogPluginManager: Mounting plugin WmfMedia
LogPluginManager: Mounting plugin MeshPainting
LogPluginManager: Mounting plugin TcpMessaging
LogPluginManager: Mounting plugin UdpMessaging
LogPluginManager: Mounting plugin ActorSequence
LogPluginManager: Mounting plugin LevelSequenceEditor
LogPluginManager: Mounting plugin MatineeToLevelSequence
LogPluginManager: Mounting plugin MovieRenderPipeline
LogPluginManager: Mounting plugin TemplateSequence
LogPluginManager: Mounting plugin NetcodeUnitTest
LogPluginManager: Mounting plugin NUTUnrealEngine4
LogPluginManager: Mounting plugin OnlineSubsystemGooglePlay
LogPluginManager: Mounting plugin OnlineSubsystemIOS
LogPluginManager: Mounting plugin OnlineSubsystem
LogPluginManager: Mounting plugin OnlineSubsystemNull
LogPluginManager: Mounting plugin OnlineSubsystemUtils
LogPluginManager: Mounting plugin LauncherChunkInstaller
LogPluginManager: Mounting plugin AndroidDeviceProfileSelector
LogPluginManager: Mounting plugin AndroidMoviePlayer
LogPluginManager: Mounting plugin AndroidPermission
LogPluginManager: Mounting plugin AppleImageUtils
LogPluginManager: Mounting plugin AppleMoviePlayer
LogPluginManager: Mounting plugin ArchVisCharacter
LogPluginManager: Mounting plugin AssetTags
LogPluginManager: Mounting plugin AudioCapture
LogPluginManager: Mounting plugin CableComponent
LogPluginManager: Mounting plugin CustomMeshComponent
LogPluginManager: Mounting plugin EditableMesh
LogPluginManager: Mounting plugin ExampleDeviceProfileSelector
LogPluginManager: Mounting plugin GoogleCloudMessaging
LogPluginManager: Mounting plugin GooglePAD
LogPluginManager: Mounting plugin IOSDeviceProfileSelector
LogPluginManager: Mounting plugin LinuxDeviceProfileSelector
LogPluginManager: Mounting plugin LocationServicesBPLibrary
LogPluginManager: Mounting plugin MobilePatchingUtils
LogPluginManager: Mounting plugin OculusVR
LogPluginManager: Mounting plugin PhysXVehicles
LogPluginManager: Mounting plugin PostSplashScreen
LogPluginManager: Mounting plugin ProceduralMeshComponent
LogPluginManager: Mounting plugin RuntimePhysXCooking
LogPluginManager: Mounting plugin SignificanceManager
LogPluginManager: Mounting plugin SoundFields
LogPluginManager: Mounting plugin SteamVR
LogPluginManager: Mounting plugin Synthesis
LogPluginManager: Mounting plugin WebMMoviePlayer
LogPluginManager: Mounting plugin WindowsMoviePlayer
LogPluginManager: Mounting plugin ScreenshotTools
LogInit: Using libcurl 7.55.1-DEV
LogInit:  - built for x86_64-pc-win32
LogInit:  - supports SSL with OpenSSL/1.1.1
LogInit:  - supports HTTP deflate (compression) using libz 1.2.8
LogInit:  - other features:
LogInit:      CURL_VERSION_SSL
LogInit:      CURL_VERSION_LIBZ
LogInit:      CURL_VERSION_IPV6
LogInit:      CURL_VERSION_ASYNCHDNS
LogInit:      CURL_VERSION_LARGEFILE
LogInit:      CURL_VERSION_IDN
LogInit:  CurlRequestOptions (configurable via config and command line):
LogInit:  - bVerifyPeer = true  - Libcurl will verify peer certificate
LogInit:  - bUseHttpProxy = false  - Libcurl will NOT use HTTP proxy
LogInit:  - bDontReuseConnections = false  - Libcurl will reuse connections
LogInit:  - MaxHostConnections = 16  - Libcurl will limit the number of connections to a host
LogInit:  - LocalHostAddr = Default
LogInit:  - BufferSize = 65536
LogModuleManager: Warning: ModuleManager: Unable to load module 'OnlineSubsystemSteam'  - 0 instances of that module name found.
LogOnline: Warning: OSS: TryLoadSubsystemAndSetDefault: LoadSubsystemModule([Steam]) failed
LogOnline: OSS: Creating online subsystem instance for: NULL
LogInit: WinSock: version 1.1 (2.2), MaxSocks=32767, MaxUdp=65467
LogOnline: OSS: TryLoadSubsystemAndSetDefault: Loaded subsystem for module [NULL]
LogInit: Build: ++UE4+Release-4.25-CL-13942748
LogInit: Engine Version: 4.25.3-13942748+++UE4+Release-4.25
LogInit: Compatible Engine Version: 4.25.0-13144385+++UE4+Release-4.25
LogInit: Net CL: 13144385
LogInit: OS: Windows 10 (Release 2004) (), CPU: AMD FX(tm)-8350 Eight-Core Processor           , GPU: NVIDIA GeForce GTX 1070
LogInit: Compiled (64-bit): Jul 25 2020 02:07:48
LogInit: Compiled with Visual C++: 19.24.28315.00
LogInit: Build Configuration: Development
LogInit: Branch Name: ++UE4+Release-4.25
LogInit: Command Line:  /Game/Maps/Menu?Listen -game -PIEVIACONSOLE -Multiprocess GameUserSettingsINI=C:/Users/fredr/Documents/GitHub/PROJ_Grupp2/HideNSneakUnreal/Saved/Config/Windows/PIEGameUserSettings0.ini -MultiprocessSaveConfig -MultiprocessOSS -messaging -SessionName="Play in Standalone Game" -port=17777 -windowed -ResX=1280 -ResY=720
LogInit: Base Directory: F:/Program Files/Epic Games/UE_4.25/Engine/Binaries/Win64/
LogInit: Allocator: TBB
LogInit: Installed Engine Build: 1
LogDevObjectVersion: Number of dev versions registered: 26
LogDevObjectVersion:   Dev-Blueprints (B0D832E4-1F89-4F0D-ACCF-7EB736FD4AA2): 10
LogDevObjectVersion:   Dev-Build (E1C64328-A22C-4D53-A36C-8E866417BD8C): 0
LogDevObjectVersion:   Dev-Core (375EC13C-06E4-48FB-B500-84F0262A717E): 4
LogDevObjectVersion:   Dev-Editor (E4B068ED-F494-42E9-A231-DA0B2E46BB41): 38
LogDevObjectVersion:   Dev-Framework (CFFC743F-43B0-4480-9391-14DF171D2073): 37
LogDevObjectVersion:   Dev-Mobile (B02B49B5-BB20-44E9-A304-32B752E40360): 2
LogDevObjectVersion:   Dev-Networking (A4E4105C-59A1-49B5-A7C5-40C4547EDFEE): 0
LogDevObjectVersion:   Dev-Online (39C831C9-5AE6-47DC-9A44-9C173E1C8E7C): 0
LogDevObjectVersion:   Dev-Physics (78F01B33-EBEA-4F98-B9B4-84EACCB95AA2): 4
LogDevObjectVersion:   Dev-Platform (6631380F-2D4D-43E0-8009-CF276956A95A): 0
LogDevObjectVersion:   Dev-Rendering (12F88B9F-8875-4AFC-A67C-D90C383ABD29): 43
LogDevObjectVersion:   Dev-Sequencer (7B5AE74C-D270-4C10-A958-57980B212A5A): 12
LogDevObjectVersion:   Dev-VR (D7296918-1DD6-4BDD-9DE2-64A83CC13884): 3
LogDevObjectVersion:   Dev-LoadTimes (C2A15278-BFE7-4AFE-6C17-90FF531DF755): 1
LogDevObjectVersion:   Private-Geometry (6EACA3D4-40EC-4CC1-B786-8BED09428FC5): 3
LogDevObjectVersion:   Dev-AnimPhys (29E575DD-E0A3-4627-9D10-D276232CDCEA): 17
LogDevObjectVersion:   Dev-Anim (AF43A65D-7FD3-4947-9873-3E8ED9C1BB05): 7
LogDevObjectVersion:   Dev-ReflectionCapture (6B266CEC-1EC7-4B8F-A30B-E4D90942FC07): 1
LogDevObjectVersion:   Dev-Automation (0DF73D61-A23F-47EA-B727-89E90C41499A): 1
LogDevObjectVersion:   FortniteMain (601D1886-AC64-4F84-AA16-D3DE0DEAC7D6): 31
LogDevObjectVersion:   Dev-Enterprise (9DFFBCD6-494F-0158-E221-12823C92A888): 10
LogDevObjectVersion:   Dev-Niagara (F2AED0AC-9AFE-416F-8664-AA7FFA26D6FC): 1
LogDevObjectVersion:   Dev-Destruction (174F1F0B-B4C6-45A5-B13F-2EE8D0FB917D): 10
LogDevObjectVersion:   Dev-Physics-Ext (35F94A83-E258-406C-A318-09F59610247C): 37
LogDevObjectVersion:   Dev-PhysicsMaterial-Chaos (B68FC16E-8B1B-42E2-B453-215C058844FE): 1
LogDevObjectVersion:   Dev-CineCamera (B2E18506-4273-CFC2-A54E-F4BB758BBA07): 1
LogInit: Presizing for max 25165824 objects, including 0 objects not considered by GC, pre-allocating 0 bytes for permanent pool.
LogConfig: Applying CVar settings from Section [/Script/Engine.StreamingSettings] File [C:/Users/fredr/Documents/GitHub/PROJ_Grupp2/HideNSneakUnreal/Saved/Config/Windows/Engine.ini]
LogConfig: Setting CVar [[s.MinBulkDataSizeForAsyncLoading:131072]]
LogConfig: Setting CVar [[s.AsyncLoadingThreadEnabled:0]]
LogConfig: Setting CVar [[s.EventDrivenLoaderEnabled:1]]
LogConfig: Setting CVar [[s.WarnIfTimeLimitExceeded:0]]
LogConfig: Setting CVar [[s.TimeLimitExceededMultiplier:1.5]]
LogConfig: Setting CVar [[s.TimeLimitExceededMinTime:0.005]]
LogConfig: Setting CVar [[s.UseBackgroundLevelStreaming:1]]
LogConfig: Setting CVar [[s.PriorityAsyncLoadingExtraTime:15.0]]
LogConfig: Setting CVar [[s.LevelStreamingActorsUpdateTimeLimit:5.0]]
LogConfig: Setting CVar [[s.PriorityLevelStreamingActorsUpdateExtraTime:5.0]]
LogConfig: Setting CVar [[s.LevelStreamingComponentsRegistrationGranularity:10]]
LogConfig: Setting CVar [[s.UnregisterComponentsTimeLimit:1.0]]
LogConfig: Setting CVar [[s.LevelStreamingComponentsUnregistrationGranularity:5]]
LogConfig: Setting CVar [[s.FlushStreamingOnExit:1]]
LogInit: Object subsystem initialized
LogConfig: Setting CVar [[con.DebugEarlyDefault:1]]
LogConfig: Setting CVar [[r.setres:1280x720]]
[2020.10.20-08.45.19:093][  0]LogConfig: Setting CVar [[con.DebugEarlyDefault:1]]
[2020.10.20-08.45.19:093][  0]LogConfig: Setting CVar [[r.setres:1280x720]]
[2020.10.20-08.45.19:093][  0]LogConfig: Applying CVar settings from Section [/Script/Engine.RendererSettings] File [C:/Users/fredr/Documents/GitHub/PROJ_Grupp2/HideNSneakUnreal/Saved/Config/Windows/Engine.ini]
[2020.10.20-08.45.19:093][  0]LogConfig: Setting CVar [[r.GPUCrashDebugging:0]]
[2020.10.20-08.45.19:093][  0]LogConfig: Applying CVar settings from Section [/Script/Engine.RendererOverrideSettings] File [C:/Users/fredr/Documents/GitHub/PROJ_Grupp2/HideNSneakUnreal/Saved/Config/Windows/Engine.ini]
[2020.10.20-08.45.19:093][  0]LogConfig: Applying CVar settings from Section [/Script/Engine.StreamingSettings] File [C:/Users/fredr/Documents/GitHub/PROJ_Grupp2/HideNSneakUnreal/Saved/Config/Windows/Engine.ini]
[2020.10.20-08.45.19:093][  0]LogConfig: Setting CVar [[s.MinBulkDataSizeForAsyncLoading:131072]]
[2020.10.20-08.45.19:093][  0]LogConfig: Setting CVar [[s.AsyncLoadingThreadEnabled:0]]
[2020.10.20-08.45.19:093][  0]LogConfig: Setting CVar [[s.EventDrivenLoaderEnabled:1]]
[2020.10.20-08.45.19:093][  0]LogConfig: Setting CVar [[s.WarnIfTimeLimitExceeded:0]]
[2020.10.20-08.45.19:093][  0]LogConfig: Setting CVar [[s.TimeLimitExceededMultiplier:1.5]]
[2020.10.20-08.45.19:093][  0]LogConfig: Setting CVar [[s.TimeLimitExceededMinTime:0.005]]
[2020.10.20-08.45.19:093][  0]LogConfig: Setting CVar [[s.UseBackgroundLevelStreaming:1]]
[2020.10.20-08.45.19:093][  0]LogConfig: Setting CVar [[s.PriorityAsyncLoadingExtraTime:15.0]]
[2020.10.20-08.45.19:093][  0]LogConfig: Setting CVar [[s.LevelStreamingActorsUpdateTimeLimit:5.0]]
[2020.10.20-08.45.19:093][  0]LogConfig: Setting CVar [[s.PriorityLevelStreamingActorsUpdateExtraTime:5.0]]
[2020.10.20-08.45.19:093][  0]LogConfig: Setting CVar [[s.LevelStreamingComponentsRegistrationGranularity:10]]
[2020.10.20-08.45.19:093][  0]LogConfig: Setting CVar [[s.UnregisterComponentsTimeLimit:1.0]]
[2020.10.20-08.45.19:093][  0]LogConfig: Setting CVar [[s.LevelStreamingComponentsUnregistrationGranularity:5]]
[2020.10.20-08.45.19:093][  0]LogConfig: Setting CVar [[s.FlushStreamingOnExit:1]]
[2020.10.20-08.45.19:093][  0]LogConfig: Applying CVar settings from Section [/Script/Engine.GarbageCollectionSettings] File [C:/Users/fredr/Documents/GitHub/PROJ_Grupp2/HideNSneakUnreal/Saved/Config/Windows/Engine.ini]
[2020.10.20-08.45.19:093][  0]LogConfig: Setting CVar [[gc.MaxObjectsNotConsideredByGC:1]]
[2020.10.20-08.45.19:093][  0]LogConfig: Setting CVar [[gc.SizeOfPermanentObjectPool:0]]
[2020.10.20-08.45.19:093][  0]LogConfig: Setting CVar [[gc.FlushStreamingOnGC:0]]
[2020.10.20-08.45.19:093][  0]LogConfig: Setting CVar [[gc.NumRetriesBeforeForcingGC:10]]
[2020.10.20-08.45.19:093][  0]LogConfig: Setting CVar [[gc.AllowParallelGC:1]]
[2020.10.20-08.45.19:093][  0]LogConfig: Setting CVar [[gc.TimeBetweenPurgingPendingKillObjects:61.1]]
[2020.10.20-08.45.19:093][  0]LogConfig: Setting CVar [[gc.MaxObjectsInEditor:25165824]]
[2020.10.20-08.45.19:093][  0]LogConfig: Setting CVar [[gc.IncrementalBeginDestroyEnabled:1]]
[2020.10.20-08.45.19:093][  0]LogConfig: Setting CVar [[gc.CreateGCClusters:1]]
[2020.10.20-08.45.19:093][  0]LogConfig: Setting CVar [[gc.MinGCClusterSize:5]]
[2020.10.20-08.45.19:094][  0]LogConfig: Setting CVar [[gc.ActorClusteringEnabled:0]]
[2020.10.20-08.45.19:094][  0]LogConfig: Setting CVar [[gc.BlueprintClusteringEnabled:0]]
[2020.10.20-08.45.19:094][  0]LogConfig: Setting CVar [[gc.UseDisregardForGCOnDedicatedServers:0]]
[2020.10.20-08.45.19:094][  0]LogConfig: Applying CVar settings from Section [/Script/Engine.NetworkSettings] File [C:/Users/fredr/Documents/GitHub/PROJ_Grupp2/HideNSneakUnreal/Saved/Config/Windows/Engine.ini]
[2020.10.20-08.45.19:094][  0]LogConfig: Applying CVar settings from Section [/Script/UnrealEd.CookerSettings] File [C:/Users/fredr/Documents/GitHub/PROJ_Grupp2/HideNSneakUnreal/Saved/Config/Windows/Engine.ini]
[2020.10.20-08.45.19:111][  0]LogConfig: Applying CVar settings from Section [ViewDistanceQuality@3] File [C:/Users/fredr/Documents/GitHub/PROJ_Grupp2/HideNSneakUnreal/Saved/Config/Windows/Scalability.ini]
[2020.10.20-08.45.19:111][  0]LogConfig: Setting CVar [[r.SkeletalMeshLODBias:0]]
[2020.10.20-08.45.19:111][  0]LogConfig: Setting CVar [[r.ViewDistanceScale:1.0]]
[2020.10.20-08.45.19:111][  0]LogConfig: Applying CVar settings from Section [AntiAliasingQuality@3] File [C:/Users/fredr/Documents/GitHub/PROJ_Grupp2/HideNSneakUnreal/Saved/Config/Windows/Scalability.ini]
[2020.10.20-08.45.19:111][  0]LogConfig: Setting CVar [[r.PostProcessAAQuality:4]]
[2020.10.20-08.45.19:111][  0]LogConfig: Applying CVar settings from Section [ShadowQuality@3] File [C:/Users/fredr/Documents/GitHub/PROJ_Grupp2/HideNSneakUnreal/Saved/Config/Windows/Scalability.ini]
[2020.10.20-08.45.19:111][  0]LogConfig: Setting CVar [[r.LightFunctionQuality:1]]
[2020.10.20-08.45.19:111][  0]LogConfig: Setting CVar [[r.ShadowQuality:5]]
[2020.10.20-08.45.19:111][  0]LogConfig: Setting CVar [[r.Shadow.CSM.MaxCascades:10]]
[2020.10.20-08.45.19:111][  0]LogConfig: Setting CVar [[r.Shadow.MaxResolution:2048]]
[2020.10.20-08.45.19:111][  0]LogConfig: Setting CVar [[r.Shadow.MaxCSMResolution:2048]]
[2020.10.20-08.45.19:111][  0]LogConfig: Setting CVar [[r.Shadow.RadiusThreshold:0.01]]
[2020.10.20-08.45.19:111][  0]LogConfig: Setting CVar [[r.Shadow.DistanceScale:1.0]]
[2020.10.20-08.45.19:111][  0]LogConfig: Setting CVar [[r.Shadow.CSM.TransitionScale:1.0]]
[2020.10.20-08.45.19:111][  0]LogConfig: Setting CVar [[r.Shadow.PreShadowResolutionFactor:1.0]]
[2020.10.20-08.45.19:111][  0]LogConfig: Setting CVar [[r.DistanceFieldShadowing:1]]
[2020.10.20-08.45.19:111][  0]LogConfig: Setting CVar [[r.DistanceFieldAO:1]]
[2020.10.20-08.45.19:111][  0]LogConfig: Setting CVar [[r.AOQuality:2]]
[2020.10.20-08.45.19:111][  0]LogConfig: Setting CVar [[r.VolumetricFog:1]]
[2020.10.20-08.45.19:111][  0]LogConfig: Setting CVar [[r.VolumetricFog.GridPixelSize:8]]
[2020.10.20-08.45.19:111][  0]LogConfig: Setting CVar [[r.VolumetricFog.GridSizeZ:128]]
[2020.10.20-08.45.19:111][  0]LogConfig: Setting CVar [[r.VolumetricFog.HistoryMissSupersampleCount:4]]
[2020.10.20-08.45.19:111][  0]LogConfig: Setting CVar [[r.LightMaxDrawDistanceScale:1]]
[2020.10.20-08.45.19:111][  0]LogConfig: Setting CVar [[r.CapsuleShadows:1]]
[2020.10.20-08.45.19:111][  0]LogConfig: Applying CVar settings from Section [PostProcessQuality@3] File [C:/Users/fredr/Documents/GitHub/PROJ_Grupp2/HideNSneakUnreal/Saved/Config/Windows/Scalability.ini]
[2020.10.20-08.45.19:111][  0]LogConfig: Setting CVar [[r.MotionBlurQuality:4]]
[2020.10.20-08.45.19:111][  0]LogConfig: Setting CVar [[r.AmbientOcclusionMipLevelFactor:0.4]]
[2020.10.20-08.45.19:111][  0]LogConfig: Setting CVar [[r.AmbientOcclusionMaxQuality:100]]
[2020.10.20-08.45.19:111][  0]LogConfig: Setting CVar [[r.AmbientOcclusionLevels:-1]]
[2020.10.20-08.45.19:111][  0]LogConfig: Setting CVar [[r.AmbientOcclusionRadiusScale:1.0]]
[2020.10.20-08.45.19:111][  0]LogConfig: Setting CVar [[r.DepthOfFieldQuality:2]]
[2020.10.20-08.45.19:112][  0]LogConfig: Setting CVar [[r.RenderTargetPoolMin:400]]
[2020.10.20-08.45.19:112][  0]LogConfig: Setting CVar [[r.LensFlareQuality:2]]
[2020.10.20-08.45.19:112][  0]LogConfig: Setting CVar [[r.SceneColorFringeQuality:1]]
[2020.10.20-08.45.19:112][  0]LogConfig: Setting CVar [[r.EyeAdaptationQuality:2]]
[2020.10.20-08.45.19:112][  0]LogConfig: Setting CVar [[r.BloomQuality:5]]
[2020.10.20-08.45.19:112][  0]LogConfig: Setting CVar [[r.FastBlurThreshold:100]]
[2020.10.20-08.45.19:112][  0]LogConfig: Setting CVar [[r.Upscale.Quality:3]]
[2020.10.20-08.45.19:112][  0]LogConfig: Setting CVar [[r.Tonemapper.GrainQuantization:1]]
[2020.10.20-08.45.19:112][  0]LogConfig: Setting CVar [[r.LightShaftQuality:1]]
[2020.10.20-08.45.19:112][  0]LogConfig: Setting CVar [[r.Filter.SizeScale:1]]
[2020.10.20-08.45.19:112][  0]LogConfig: Setting CVar [[r.Tonemapper.Quality:5]]
[2020.10.20-08.45.19:112][  0]LogConfig: Setting CVar [[r.DOF.Gather.AccumulatorQuality:1        ; higher gathering accumulator quality]]
[2020.10.20-08.45.19:112][  0]LogConfig: Setting CVar [[r.DOF.Gather.PostfilterMethod:1          ; Median3x3 postfilering method]]
[2020.10.20-08.45.19:112][  0]LogConfig: Setting CVar [[r.DOF.Gather.EnableBokehSettings:0       ; no bokeh simulation when gathering]]
[2020.10.20-08.45.19:112][  0]LogConfig: Setting CVar [[r.DOF.Gather.RingCount:4                 ; medium number of samples when gathering]]
[2020.10.20-08.45.19:112][  0]LogConfig: Setting CVar [[r.DOF.Scatter.ForegroundCompositing:1    ; additive foreground scattering]]
[2020.10.20-08.45.19:112][  0]LogConfig: Setting CVar [[r.DOF.Scatter.BackgroundCompositing:2    ; additive background scattering]]
[2020.10.20-08.45.19:112][  0]LogConfig: Setting CVar [[r.DOF.Scatter.EnableBokehSettings:1      ; bokeh simulation when scattering]]
[2020.10.20-08.45.19:112][  0]LogConfig: Setting CVar [[r.DOF.Scatter.MaxSpriteRatio:0.1         ; only a maximum of 10% of scattered bokeh]]
[2020.10.20-08.45.19:112][  0]LogConfig: Setting CVar [[r.DOF.Recombine.Quality:1                ; cheap slight out of focus]]
[2020.10.20-08.45.19:112][  0]LogConfig: Setting CVar [[r.DOF.Recombine.EnableBokehSettings:0    ; no bokeh simulation on slight out of focus]]
[2020.10.20-08.45.19:112][  0]LogConfig: Setting CVar [[r.DOF.TemporalAAQuality:1                ; more stable temporal accumulation]]
[2020.10.20-08.45.19:112][  0]LogConfig: Setting CVar [[r.DOF.Kernel.MaxForegroundRadius:0.025]]
[2020.10.20-08.45.19:112][  0]LogConfig: Setting CVar [[r.DOF.Kernel.MaxBackgroundRadius:0.025]]
[2020.10.20-08.45.19:112][  0]LogConfig: Applying CVar settings from Section [TextureQuality@3] File [C:/Users/fredr/Documents/GitHub/PROJ_Grupp2/HideNSneakUnreal/Saved/Config/Windows/Scalability.ini]
[2020.10.20-08.45.19:112][  0]LogConfig: Setting CVar [[r.Streaming.MipBias:0]]
[2020.10.20-08.45.19:112][  0]LogConfig: Setting CVar [[r.Streaming.AmortizeCPUToGPUCopy:0]]
[2020.10.20-08.45.19:112][  0]LogConfig: Setting CVar [[r.Streaming.MaxNumTexturesToStreamPerFrame:0]]
[2020.10.20-08.45.19:112][  0]LogConfig: Setting CVar [[r.Streaming.Boost:1]]
[2020.10.20-08.45.19:112][  0]LogConfig: Setting CVar [[r.MaxAnisotropy:8]]
[2020.10.20-08.45.19:112][  0]LogConfig: Setting CVar [[r.VT.MaxAnisotropy:8]]
[2020.10.20-08.45.19:112][  0]LogConfig: Setting CVar [[r.Streaming.LimitPoolSizeToVRAM:0]]
[2020.10.20-08.45.19:112][  0]LogConfig: Setting CVar [[r.Streaming.PoolSize:1000]]
[2020.10.20-08.45.19:112][  0]LogConfig: Setting CVar [[r.Streaming.MaxEffectiveScreenSize:0]]
[2020.10.20-08.45.19:113][  0]LogConfig: Applying CVar settings from Section [EffectsQuality@3] File [C:/Users/fredr/Documents/GitHub/PROJ_Grupp2/HideNSneakUnreal/Saved/Config/Windows/Scalability.ini]
[2020.10.20-08.45.19:113][  0]LogConfig: Setting CVar [[r.TranslucencyLightingVolumeDim:64]]
[2020.10.20-08.45.19:113][  0]LogConfig: Setting CVar [[r.RefractionQuality:2]]
[2020.10.20-08.45.19:113][  0]LogConfig: Setting CVar [[r.SSR.Quality:3]]
[2020.10.20-08.45.19:113][  0]LogConfig: Setting CVar [[r.SSR.HalfResSceneColor:0]]
[2020.10.20-08.45.19:113][  0]LogConfig: Setting CVar [[r.SceneColorFormat:4]]
[2020.10.20-08.45.19:113][  0]LogConfig: Setting CVar [[r.DetailMode:2]]
[2020.10.20-08.45.19:113][  0]LogConfig: Setting CVar [[r.TranslucencyVolumeBlur:1]]
[2020.10.20-08.45.19:113][  0]LogConfig: Setting CVar [[r.MaterialQualityLevel:1 ; High quality]]
[2020.10.20-08.45.19:113][  0]LogConfig: Setting CVar [[r.SSS.Scale:1]]
[2020.10.20-08.45.19:113][  0]LogConfig: Setting CVar [[r.SSS.SampleSet:2]]
[2020.10.20-08.45.19:113][  0]LogConfig: Setting CVar [[r.SSS.Quality:1]]
[2020.10.20-08.45.19:113][  0]LogConfig: Setting CVar [[r.SSS.HalfRes:0]]
[2020.10.20-08.45.19:113][  0]LogConfig: Setting CVar [[r.SSGI.Quality:3]]
[2020.10.20-08.45.19:113][  0]LogConfig: Setting CVar [[r.EmitterSpawnRateScale:1.0]]
[2020.10.20-08.45.19:113][  0]LogConfig: Setting CVar [[r.ParticleLightQuality:2]]
[2020.10.20-08.45.19:113][  0]LogConfig: Setting CVar [[r.SkyAtmosphere.AerialPerspectiveLUT.FastApplyOnOpaque:1 ; Always have FastSkyLUT 1 in this case to avoid wrong sky]]
[2020.10.20-08.45.19:113][  0]LogConfig: Setting CVar [[r.SkyAtmosphere.AerialPerspectiveLUT.SampleCountPerSlice:1]]
[2020.10.20-08.45.19:113][  0]LogConfig: Setting CVar [[r.SkyAtmosphere.AerialPerspectiveLUT.DepthResolution:16.0]]
[2020.10.20-08.45.19:113][  0]LogConfig: Setting CVar [[r.SkyAtmosphere.FastSkyLUT:1]]
[2020.10.20-08.45.19:113][  0]LogConfig: Setting CVar [[r.SkyAtmosphere.FastSkyLUT.SampleCountMin:4.0]]
[2020.10.20-08.45.19:113][  0]LogConfig: Setting CVar [[r.SkyAtmosphere.FastSkyLUT.SampleCountMax:32.0]]
[2020.10.20-08.45.19:113][  0]LogConfig: Setting CVar [[r.SkyAtmosphere.SampleCountMin:4.0]]
[2020.10.20-08.45.19:113][  0]LogConfig: Setting CVar [[r.SkyAtmosphere.SampleCountMax:32.0]]
[2020.10.20-08.45.19:113][  0]LogConfig: Setting CVar [[r.SkyAtmosphere.TransmittanceLUT.UseSmallFormat:0]]
[2020.10.20-08.45.19:113][  0]LogConfig: Setting CVar [[r.SkyAtmosphere.TransmittanceLUT.SampleCount:10.0]]
[2020.10.20-08.45.19:113][  0]LogConfig: Setting CVar [[r.SkyAtmosphere.MultiScatteringLUT.SampleCount:15.0]]
[2020.10.20-08.45.19:113][  0]LogConfig: Applying CVar settings from Section [FoliageQuality@3] File [C:/Users/fredr/Documents/GitHub/PROJ_Grupp2/HideNSneakUnreal/Saved/Config/Windows/Scalability.ini]
[2020.10.20-08.45.19:113][  0]LogConfig: Setting CVar [[foliage.DensityScale:1.0]]
[2020.10.20-08.45.19:113][  0]LogConfig: Setting CVar [[grass.DensityScale:1.0]]
[2020.10.20-08.45.19:113][  0]LogConfig: Applying CVar settings from Section [ShadingQuality@3] File [C:/Users/fredr/Documents/GitHub/PROJ_Grupp2/HideNSneakUnreal/Saved/Config/Windows/Scalability.ini]
[2020.10.20-08.45.19:113][  0]LogConfig: Setting CVar [[r.HairStrands.SkyLighting.SampleCount:16]]
[2020.10.20-08.45.19:113][  0]LogConfig: Setting CVar [[r.HairStrands.SkyLighting.JitterIntegration:0]]
[2020.10.20-08.45.19:113][  0]LogConfig: Setting CVar [[r.HairStrands.SkyAO.SampleCount:16]]
[2020.10.20-08.45.19:113][  0]LogConfig: Setting CVar [[r.HairStrands.DeepShadow.SuperSampling:0]]
[2020.10.20-08.45.19:113][  0]LogConfig: Setting CVar [[r.HairStrands.VisibilityPPLL:0]]
[2020.10.20-08.45.19:113][  0]LogConfig: Setting CVar [[r.HairStrands.RasterizationScale:0.5]]
[2020.10.20-08.45.19:113][  0]LogConfig: Setting CVar [[r.HairStrands.VelocityRasterizationScale:1]]
[2020.10.20-08.45.19:113][  0]LogInit: Selected Device Profile: [Windows]
[2020.10.20-08.45.19:113][  0]LogInit: Applying CVar settings loaded from the selected device profile: [Windows]
[2020.10.20-08.45.19:114][  0]LogHAL: Display: Platform has ~ 16 GB [17161113600 / 17179869184 / 16], which maps to Larger [LargestMinGB=32, LargerMinGB=12, DefaultMinGB=8, SmallerMinGB=6, SmallestMinGB=0)
[2020.10.20-08.45.19:114][  0]LogInit: Going up to parent DeviceProfile []
[2020.10.20-08.45.19:114][  0]LogConfig: Applying CVar settings from Section [ViewDistanceQuality@3] File [C:/Users/fredr/Documents/GitHub/PROJ_Grupp2/HideNSneakUnreal/Saved/Config/Windows/Scalability.ini]
[2020.10.20-08.45.19:114][  0]LogConfig: Setting CVar [[r.SkeletalMeshLODBias:0]]
[2020.10.20-08.45.19:114][  0]LogConfig: Setting CVar [[r.ViewDistanceScale:1.0]]
[2020.10.20-08.45.19:114][  0]LogConfig: Applying CVar settings from Section [AntiAliasingQuality@3] File [C:/Users/fredr/Documents/GitHub/PROJ_Grupp2/HideNSneakUnreal/Saved/Config/Windows/Scalability.ini]
[2020.10.20-08.45.19:114][  0]LogConfig: Setting CVar [[r.PostProcessAAQuality:4]]
[2020.10.20-08.45.19:114][  0]LogConfig: Applying CVar settings from Section [ShadowQuality@3] File [C:/Users/fredr/Documents/GitHub/PROJ_Grupp2/HideNSneakUnreal/Saved/Config/Windows/Scalability.ini]
[2020.10.20-08.45.19:114][  0]LogConfig: Setting CVar [[r.LightFunctionQuality:1]]
[2020.10.20-08.45.19:114][  0]LogConfig: Setting CVar [[r.ShadowQuality:5]]
[2020.10.20-08.45.19:114][  0]LogConfig: Setting CVar [[r.Shadow.CSM.MaxCascades:10]]
[2020.10.20-08.45.19:114][  0]LogConfig: Setting CVar [[r.Shadow.MaxResolution:2048]]
[2020.10.20-08.45.19:114][  0]LogConfig: Setting CVar [[r.Shadow.MaxCSMResolution:2048]]
[2020.10.20-08.45.19:114][  0]LogConfig: Setting CVar [[r.Shadow.RadiusThreshold:0.01]]
[2020.10.20-08.45.19:114][  0]LogConfig: Setting CVar [[r.Shadow.DistanceScale:1.0]]
[2020.10.20-08.45.19:114][  0]LogConfig: Setting CVar [[r.Shadow.CSM.TransitionScale:1.0]]
[2020.10.20-08.45.19:114][  0]LogConfig: Setting CVar [[r.Shadow.PreShadowResolutionFactor:1.0]]
[2020.10.20-08.45.19:114][  0]LogConfig: Setting CVar [[r.DistanceFieldShadowing:1]]
[2020.10.20-08.45.19:114][  0]LogConfig: Setting CVar [[r.DistanceFieldAO:1]]
[2020.10.20-08.45.19:114][  0]LogConfig: Setting CVar [[r.AOQuality:2]]
[2020.10.20-08.45.19:114][  0]LogConfig: Setting CVar [[r.VolumetricFog:1]]
[2020.10.20-08.45.19:114][  0]LogConfig: Setting CVar [[r.VolumetricFog.GridPixelSize:8]]
[2020.10.20-08.45.19:114][  0]LogConfig: Setting CVar [[r.VolumetricFog.GridSizeZ:128]]
[2020.10.20-08.45.19:114][  0]LogConfig: Setting CVar [[r.VolumetricFog.HistoryMissSupersampleCount:4]]
[2020.10.20-08.45.19:114][  0]LogConfig: Setting CVar [[r.LightMaxDrawDistanceScale:1]]
[2020.10.20-08.45.19:114][  0]LogConfig: Setting CVar [[r.CapsuleShadows:1]]
[2020.10.20-08.45.19:114][  0]LogConfig: Applying CVar settings from Section [PostProcessQuality@3] File [C:/Users/fredr/Documents/GitHub/PROJ_Grupp2/HideNSneakUnreal/Saved/Config/Windows/Scalability.ini]
[2020.10.20-08.45.19:114][  0]LogConfig: Setting CVar [[r.MotionBlurQuality:4]]
[2020.10.20-08.45.19:114][  0]LogConfig: Setting CVar [[r.AmbientOcclusionMipLevelFactor:0.4]]
[2020.10.20-08.45.19:114][  0]LogConfig: Setting CVar [[r.AmbientOcclusionMaxQuality:100]]
[2020.10.20-08.45.19:114][  0]LogConfig: Setting CVar [[r.AmbientOcclusionLevels:-1]]
[2020.10.20-08.45.19:114][  0]LogConfig: Setting CVar [[r.AmbientOcclusionRadiusScale:1.0]]
[2020.10.20-08.45.19:115][  0]LogConfig: Setting CVar [[r.DepthOfFieldQuality:2]]
[2020.10.20-08.45.19:115][  0]LogConfig: Setting CVar [[r.RenderTargetPoolMin:400]]
[2020.10.20-08.45.19:115][  0]LogConfig: Setting CVar [[r.LensFlareQuality:2]]
[2020.10.20-08.45.19:115][  0]LogConfig: Setting CVar [[r.SceneColorFringeQuality:1]]
[2020.10.20-08.45.19:115][  0]LogConfig: Setting CVar [[r.EyeAdaptationQuality:2]]
[2020.10.20-08.45.19:115][  0]LogConfig: Setting CVar [[r.BloomQuality:5]]
[2020.10.20-08.45.19:115][  0]LogConfig: Setting CVar [[r.FastBlurThreshold:100]]
[2020.10.20-08.45.19:115][  0]LogConfig: Setting CVar [[r.Upscale.Quality:3]]
[2020.10.20-08.45.19:115][  0]LogConfig: Setting CVar [[r.Tonemapper.GrainQuantization:1]]
[2020.10.20-08.45.19:115][  0]LogConfig: Setting CVar [[r.LightShaftQuality:1]]
[2020.10.20-08.45.19:115][  0]LogConfig: Setting CVar [[r.Filter.SizeScale:1]]
[2020.10.20-08.45.19:115][  0]LogConfig: Setting CVar [[r.Tonemapper.Quality:5]]
[2020.10.20-08.45.19:115][  0]LogConfig: Setting CVar [[r.DOF.Gather.AccumulatorQuality:1        ; higher gathering accumulator quality]]
[2020.10.20-08.45.19:115][  0]LogConfig: Setting CVar [[r.DOF.Gather.PostfilterMethod:1          ; Median3x3 postfilering method]]
[2020.10.20-08.45.19:115][  0]LogConfig: Setting CVar [[r.DOF.Gather.EnableBokehSettings:0       ; no bokeh simulation when gathering]]
[2020.10.20-08.45.19:115][  0]LogConfig: Setting CVar [[r.DOF.Gather.RingCount:4                 ; medium number of samples when gathering]]
[2020.10.20-08.45.19:115][  0]LogConfig: Setting CVar [[r.DOF.Scatter.ForegroundCompositing:1    ; additive foreground scattering]]
[2020.10.20-08.45.19:115][  0]LogConfig: Setting CVar [[r.DOF.Scatter.BackgroundCompositing:2    ; additive background scattering]]
[2020.10.20-08.45.19:115][  0]LogConfig: Setting CVar [[r.DOF.Scatter.EnableBokehSettings:1      ; bokeh simulation when scattering]]
[2020.10.20-08.45.19:115][  0]LogConfig: Setting CVar [[r.DOF.Scatter.MaxSpriteRatio:0.1         ; only a maximum of 10% of scattered bokeh]]
[2020.10.20-08.45.19:115][  0]LogConfig: Setting CVar [[r.DOF.Recombine.Quality:1                ; cheap slight out of focus]]
[2020.10.20-08.45.19:115][  0]LogConfig: Setting CVar [[r.DOF.Recombine.EnableBokehSettings:0    ; no bokeh simulation on slight out of focus]]
[2020.10.20-08.45.19:115][  0]LogConfig: Setting CVar [[r.DOF.TemporalAAQuality:1                ; more stable temporal accumulation]]
[2020.10.20-08.45.19:115][  0]LogConfig: Setting CVar [[r.DOF.Kernel.MaxForegroundRadius:0.025]]
[2020.10.20-08.45.19:115][  0]LogConfig: Setting CVar [[r.DOF.Kernel.MaxBackgroundRadius:0.025]]
[2020.10.20-08.45.19:115][  0]LogConfig: Applying CVar settings from Section [TextureQuality@3] File [C:/Users/fredr/Documents/GitHub/PROJ_Grupp2/HideNSneakUnreal/Saved/Config/Windows/Scalability.ini]
[2020.10.20-08.45.19:115][  0]LogConfig: Setting CVar [[r.Streaming.MipBias:0]]
[2020.10.20-08.45.19:115][  0]LogConfig: Setting CVar [[r.Streaming.AmortizeCPUToGPUCopy:0]]
[2020.10.20-08.45.19:115][  0]LogConfig: Setting CVar [[r.Streaming.MaxNumTexturesToStreamPerFrame:0]]
[2020.10.20-08.45.19:115][  0]LogConfig: Setting CVar [[r.Streaming.Boost:1]]
[2020.10.20-08.45.19:115][  0]LogConfig: Setting CVar [[r.MaxAnisotropy:8]]
[2020.10.20-08.45.19:115][  0]LogConfig: Setting CVar [[r.VT.MaxAnisotropy:8]]
[2020.10.20-08.45.19:115][  0]LogConfig: Setting CVar [[r.Streaming.LimitPoolSizeToVRAM:0]]
[2020.10.20-08.45.19:116][  0]LogConfig: Setting CVar [[r.Streaming.PoolSize:1000]]
[2020.10.20-08.45.19:116][  0]LogConfig: Setting CVar [[r.Streaming.MaxEffectiveScreenSize:0]]
[2020.10.20-08.45.19:116][  0]LogConfig: Applying CVar settings from Section [EffectsQuality@3] File [C:/Users/fredr/Documents/GitHub/PROJ_Grupp2/HideNSneakUnreal/Saved/Config/Windows/Scalability.ini]
[2020.10.20-08.45.19:116][  0]LogConfig: Setting CVar [[r.TranslucencyLightingVolumeDim:64]]
[2020.10.20-08.45.19:116][  0]LogConfig: Setting CVar [[r.RefractionQuality:2]]
[2020.10.20-08.45.19:116][  0]LogConfig: Setting CVar [[r.SSR.Quality:3]]
[2020.10.20-08.45.19:116][  0]LogConfig: Setting CVar [[r.SSR.HalfResSceneColor:0]]
[2020.10.20-08.45.19:116][  0]LogConfig: Setting CVar [[r.SceneColorFormat:4]]
[2020.10.20-08.45.19:116][  0]LogConfig: Setting CVar [[r.DetailMode:2]]
[2020.10.20-08.45.19:116][  0]LogConfig: Setting CVar [[r.TranslucencyVolumeBlur:1]]
[2020.10.20-08.45.19:116][  0]LogConfig: Setting CVar [[r.MaterialQualityLevel:1 ; High quality]]
[2020.10.20-08.45.19:116][  0]LogConfig: Setting CVar [[r.SSS.Scale:1]]
[2020.10.20-08.45.19:116][  0]LogConfig: Setting CVar [[r.SSS.SampleSet:2]]
[2020.10.20-08.45.19:116][  0]LogConfig: Setting CVar [[r.SSS.Quality:1]]
[2020.10.20-08.45.19:116][  0]LogConfig: Setting CVar [[r.SSS.HalfRes:0]]
[2020.10.20-08.45.19:116][  0]LogConfig: Setting CVar [[r.SSGI.Quality:3]]
[2020.10.20-08.45.19:117][  0]LogConfig: Setting CVar [[r.EmitterSpawnRateScale:1.0]]
[2020.10.20-08.45.19:117][  0]LogConfig: Setting CVar [[r.ParticleLightQuality:2]]
[2020.10.20-08.45.19:117][  0]LogConfig: Setting CVar [[r.SkyAtmosphere.AerialPerspectiveLUT.FastApplyOnOpaque:1 ; Always have FastSkyLUT 1 in this case to avoid wrong sky]]
[2020.10.20-08.45.19:117][  0]LogConfig: Setting CVar [[r.SkyAtmosphere.AerialPerspectiveLUT.SampleCountPerSlice:1]]
[2020.10.20-08.45.19:117][  0]LogConfig: Setting CVar [[r.SkyAtmosphere.AerialPerspectiveLUT.DepthResolution:16.0]]
[2020.10.20-08.45.19:117][  0]LogConfig: Setting CVar [[r.SkyAtmosphere.FastSkyLUT:1]]
[2020.10.20-08.45.19:117][  0]LogConfig: Setting CVar [[r.SkyAtmosphere.FastSkyLUT.SampleCountMin:4.0]]
[2020.10.20-08.45.19:117][  0]LogConfig: Setting CVar [[r.SkyAtmosphere.FastSkyLUT.SampleCountMax:32.0]]
[2020.10.20-08.45.19:117][  0]LogConfig: Setting CVar [[r.SkyAtmosphere.SampleCountMin:4.0]]
[2020.10.20-08.45.19:117][  0]LogConfig: Setting CVar [[r.SkyAtmosphere.SampleCountMax:32.0]]
[2020.10.20-08.45.19:117][  0]LogConfig: Setting CVar [[r.SkyAtmosphere.TransmittanceLUT.UseSmallFormat:0]]
[2020.10.20-08.45.19:117][  0]LogConfig: Setting CVar [[r.SkyAtmosphere.TransmittanceLUT.SampleCount:10.0]]
[2020.10.20-08.45.19:117][  0]LogConfig: Setting CVar [[r.SkyAtmosphere.MultiScatteringLUT.SampleCount:15.0]]
[2020.10.20-08.45.19:117][  0]LogConfig: Applying CVar settings from Section [FoliageQuality@3] File [C:/Users/fredr/Documents/GitHub/PROJ_Grupp2/HideNSneakUnreal/Saved/Config/Windows/Scalability.ini]
[2020.10.20-08.45.19:117][  0]LogConfig: Setting CVar [[foliage.DensityScale:1.0]]
[2020.10.20-08.45.19:117][  0]LogConfig: Setting CVar [[grass.DensityScale:1.0]]
[2020.10.20-08.45.19:117][  0]LogConfig: Applying CVar settings from Section [ShadingQuality@3] File [C:/Users/fredr/Documents/GitHub/PROJ_Grupp2/HideNSneakUnreal/Saved/Config/Windows/Scalability.ini]
[2020.10.20-08.45.19:117][  0]LogConfig: Setting CVar [[r.HairStrands.SkyLighting.SampleCount:16]]
[2020.10.20-08.45.19:117][  0]LogConfig: Setting CVar [[r.HairStrands.SkyLighting.JitterIntegration:0]]
[2020.10.20-08.45.19:117][  0]LogConfig: Setting CVar [[r.HairStrands.SkyAO.SampleCount:16]]
[2020.10.20-08.45.19:117][  0]LogConfig: Setting CVar [[r.HairStrands.DeepShadow.SuperSampling:0]]
[2020.10.20-08.45.19:117][  0]LogConfig: Setting CVar [[r.HairStrands.VisibilityPPLL:0]]
[2020.10.20-08.45.19:117][  0]LogConfig: Setting CVar [[r.HairStrands.RasterizationScale:0.5]]
[2020.10.20-08.45.19:117][  0]LogConfig: Setting CVar [[r.HairStrands.VelocityRasterizationScale:1]]
[2020.10.20-08.45.19:117][  0]LogConfig: Applying CVar settings from Section [Startup] File [../../../Engine/Config/ConsoleVariables.ini]
[2020.10.20-08.45.19:118][  0]LogConfig: Setting CVar [[net.UseAdaptiveNetUpdateFrequency:0]]
[2020.10.20-08.45.19:118][  0]LogConfig: Setting CVar [[p.chaos.AllowCreatePhysxBodies:1]]
[2020.10.20-08.45.19:118][  0]LogConfig: Setting CVar [[fx.SkipVectorVMBackendOptimizations:1]]
[2020.10.20-08.45.19:118][  0]LogConfig: Applying CVar settings from Section [ConsoleVariables] File [C:/Users/fredr/Documents/GitHub/PROJ_Grupp2/HideNSneakUnreal/Saved/Config/Windows/Engine.ini]
[2020.10.20-08.45.19:118][  0]LogInit: Computer: DESKTOP-BTA50U2
[2020.10.20-08.45.19:118][  0]LogInit: User: fredr
[2020.10.20-08.45.19:118][  0]LogInit: CPU Page size=4096, Cores=4
[2020.10.20-08.45.19:118][  0]LogInit: High frequency timer resolution =10.000000 MHz
[2020.10.20-08.45.19:118][  0]LogMemory: Memory total: Physical=16.0GB (16GB approx)
[2020.10.20-08.45.19:119][  0]LogMemory: Platform Memory Stats for Windows
[2020.10.20-08.45.19:119][  0]LogMemory: Process Physical Memory: 114.21 MB used, 114.22 MB peak
[2020.10.20-08.45.19:119][  0]LogMemory: Process Virtual Memory: 96.24 MB used, 96.24 MB peak
[2020.10.20-08.45.19:119][  0]LogMemory: Physical Memory: 7732.88 MB used,  8633.23 MB free, 16366.11 MB total
[2020.10.20-08.45.19:119][  0]LogMemory: Virtual Memory: 5144.88 MB used,  134212584.00 MB free, 134217728.00 MB total
[2020.10.20-08.45.19:133][  0]LogWindows: WindowsPlatformFeatures enabled
[2020.10.20-08.45.19:203][  0]LogInit: Physics initialised using underlying interface: PhysX
[2020.10.20-08.45.19:203][  0]LogInit: Using OS detected language (en-GB).
[2020.10.20-08.45.19:203][  0]LogInit: Using OS detected locale (en-GB).
[2020.10.20-08.45.19:208][  0]LogTextLocalizationManager: No specific localization for 'en-GB' exists, so the 'en' localization will be used.
[2020.10.20-08.45.19:755][  0]LogSlate: New Slate User Created.  User Index 0, Is Virtual User: 0
[2020.10.20-08.45.19:756][  0]LogSlate: Slate User Registered.  User Index 0, Is Virtual User: 0
[2020.10.20-08.45.19:787][  0]LogHMD: Failed to initialize OpenVR with code 110
[2020.10.20-08.45.19:787][  0]LogD3D11RHI: D3D11 min allowed feature level: 11_0
[2020.10.20-08.45.19:787][  0]LogD3D11RHI: D3D11 max allowed feature level: 11_0
[2020.10.20-08.45.19:787][  0]LogD3D11RHI: D3D11 adapters:
[2020.10.20-08.45.20:030][  0]LogD3D11RHI:    0. 'NVIDIA GeForce GTX 1070' (Feature Level 11_0)
[2020.10.20-08.45.20:030][  0]LogD3D11RHI:       8088/0/8183 MB DedicatedVideo/DedicatedSystem/SharedSystem, Outputs:2, VendorId:0x10de
[2020.10.20-08.45.20:035][  0]LogD3D11RHI:    1. 'Microsoft Basic Render Driver' (Feature Level 11_0)
[2020.10.20-08.45.20:035][  0]LogD3D11RHI:       0/0/8183 MB DedicatedVideo/DedicatedSystem/SharedSystem, Outputs:0, VendorId:0x1414
[2020.10.20-08.45.20:035][  0]LogD3D11RHI: Chosen D3D11 Adapter: 0
[2020.10.20-08.45.20:057][  0]LogD3D11RHI: Creating new Direct3DDevice
[2020.10.20-08.45.20:058][  0]LogD3D11RHI:     GPU DeviceId: 0x1b81 (for the marketing name, search the web for "GPU Device Id")
[2020.10.20-08.45.20:058][  0]LogWindows: EnumDisplayDevices:
[2020.10.20-08.45.20:058][  0]LogWindows:    0. 'NVIDIA GeForce GTX 1070' (P:1 D:1)
[2020.10.20-08.45.20:058][  0]LogWindows:    1. 'NVIDIA GeForce GTX 1070' (P:0 D:1)
[2020.10.20-08.45.20:059][  0]LogWindows:    2. 'NVIDIA GeForce GTX 1070' (P:0 D:0)
[2020.10.20-08.45.20:060][  0]LogWindows:    3. 'NVIDIA GeForce GTX 1070' (P:0 D:0)
[2020.10.20-08.45.20:060][  0]LogWindows: DebugString: FoundDriverCount:4 
[2020.10.20-08.45.20:060][  0]LogD3D11RHI:     Adapter Name: NVIDIA GeForce GTX 1070
[2020.10.20-08.45.20:060][  0]LogD3D11RHI:   Driver Version: 441.20 (internal:26.21.14.4120, unified:441.20)
[2020.10.20-08.45.20:060][  0]LogD3D11RHI:      Driver Date: 11-6-2019
[2020.10.20-08.45.20:060][  0]LogRHI: Texture pool is 5661 MB (70% of 8088 MB)
[2020.10.20-08.45.20:186][  0]LogD3D11RHI: RHI has support for 64 bit atomics
[2020.10.20-08.45.20:186][  0]LogD3D11RHI: Async texture creation enabled
[2020.10.20-08.45.20:186][  0]LogD3D11RHI: Array index from any shader is supported
[2020.10.20-08.45.20:247][  0]LogD3D11RHI: GPU Timing Frequency: 1000.000000 (Debug: 2 1)
[2020.10.20-08.45.20:877][  0]LogTargetPlatformManager: Display: Loaded TargetPlatform 'WindowsNoEditor'
[2020.10.20-08.45.20:887][  0]LogTargetPlatformManager: Display: Loaded TargetPlatform 'Windows'
[2020.10.20-08.45.20:907][  0]LogTargetPlatformManager: Display: Loaded TargetPlatform 'WindowsClient'
[2020.10.20-08.45.20:929][  0]LogTargetPlatformManager: Display: Loaded TargetPlatform 'WindowsServer'
[2020.10.20-08.45.20:929][  0]LogTargetPlatformManager: Display: Building Assets For Windows
[2020.10.20-08.45.20:946][  0]LogAudioDebug: Display: Lib vorbis DLL was dynamically loaded.
[2020.10.20-08.45.21:074][  0]LogShaderCompilers: Guid format shader working directory is -15 characters bigger than the processId version (C:/Users/fredr/Documents/GitHub/PROJ_Grupp2/HideNSneakUnreal/Intermediate/Shaders/WorkingDirectory/18896/).
[2020.10.20-08.45.21:074][  0]LogShaderCompilers: Cleaned the shader compiler working directory 'C:/Users/fredr/AppData/Local/Temp/UnrealShaderWorkingDir/000361E442B37A0F680585B6BBAFBF1B/'.
[2020.10.20-08.45.21:075][  0]LogXGEController: Cannot use XGE Controller as Incredibuild is not installed on this machine.
[2020.10.20-08.45.21:075][  0]LogShaderCompilers: Cannot use XGE Shader Compiler as Incredibuild is not installed on this machine.
[2020.10.20-08.45.21:075][  0]LogShaderCompilers: Display: Using Local Shader Compiler.
[2020.10.20-08.45.22:832][  0]LogDerivedDataCache: Display: Max Cache Size: 512 MB
[2020.10.20-08.45.22:987][  0]LogDerivedDataCache: Loaded boot cache 0.15s 75MB C:/Users/fredr/AppData/Local/UnrealEngine/4.25/DerivedDataCache/Boot.ddc.
[2020.10.20-08.45.22:987][  0]LogDerivedDataCache: Display: Loaded Boot cache: C:/Users/fredr/AppData/Local/UnrealEngine/4.25/DerivedDataCache/Boot.ddc
[2020.10.20-08.45.22:987][  0]LogDerivedDataCache: FDerivedDataBackendGraph:  Pak pak cache file C:/Users/fredr/Documents/GitHub/PROJ_Grupp2/HideNSneakUnreal/DerivedDataCache/DDC.ddp not found, will not use a pak cache.
[2020.10.20-08.45.22:987][  0]LogDerivedDataCache: Unable to find inner node Pak for hierarchical cache Hierarchy.
[2020.10.20-08.45.22:987][  0]LogDerivedDataCache: FDerivedDataBackendGraph:  CompressedPak pak cache file C:/Users/fredr/Documents/GitHub/PROJ_Grupp2/HideNSneakUnreal/DerivedDataCache/Compressed.ddp not found, will not use a pak cache.
[2020.10.20-08.45.22:987][  0]LogDerivedDataCache: Unable to find inner node CompressedPak for hierarchical cache Hierarchy.
[2020.10.20-08.45.23:005][  0]LogDerivedDataCache: Display: Pak cache opened for reading ../../../Engine/DerivedDataCache/Compressed.ddp.
[2020.10.20-08.45.23:005][  0]LogDerivedDataCache: FDerivedDataBackendGraph:  EnterprisePak pak cache file ../../../Enterprise/DerivedDataCache/Compressed.ddp not found, will not use a pak cache.
[2020.10.20-08.45.23:005][  0]LogDerivedDataCache: Unable to find inner node EnterprisePak for hierarchical cache Hierarchy.
[2020.10.20-08.45.23:008][  0]LogDerivedDataCache: Using Local data cache path C:/Users/fredr/AppData/Local/UnrealEngine/Common/DerivedDataCache: Writable
[2020.10.20-08.45.23:008][  0]LogDerivedDataCache: Shared data cache path not found in *engine.ini, will not use an Shared cache.
[2020.10.20-08.45.23:008][  0]LogDerivedDataCache: Unable to find inner node Shared for hierarchical cache Hierarchy.
[2020.10.20-08.45.23:098][  0]LogSlate: Using FreeType 2.10.0
[2020.10.20-08.45.23:099][  0]LogSlate: SlateFontServices - WITH_FREETYPE: 1, WITH_HARFBUZZ: 1
[2020.10.20-08.45.23:313][  0]LogInit: Using OS detected language (en-GB).
[2020.10.20-08.45.23:313][  0]LogInit: Using OS detected locale (en-GB).
[2020.10.20-08.45.23:313][  0]LogTextLocalizationManager: No localization for 'en-GB' exists, so 'en' will be used for the language.
[2020.10.20-08.45.23:313][  0]LogTextLocalizationManager: No localization for 'en-GB' exists, so 'en' will be used for the locale.
[2020.10.20-08.45.23:313][  0]LogSlate: FontCache flush requested. Reason: Culture for localization was changed
[2020.10.20-08.45.23:313][  0]LogSlate: FontCache flush requested. Reason: Culture for localization was changed
[2020.10.20-08.45.23:317][  0]LogTextLocalizationManager: Compacting localization data took   0.00ms
[2020.10.20-08.45.23:324][  0]LogAssetRegistry: FAssetRegistry took 0.0044 seconds to start up
[2020.10.20-08.45.23:849][  0]LogPackageLocalizationCache: Processed 19 localized package path(s) for 1 prioritized culture(s) in 0.001618 seconds
[2020.10.20-08.45.23:939][  0]LogInit: Selected Device Profile: [Windows]
[2020.10.20-08.45.24:158][  0]LogMeshReduction: Using QuadricMeshReduction for automatic static mesh reduction
[2020.10.20-08.45.24:158][  0]LogMeshReduction: Using SimplygonMeshReduction for automatic skeletal mesh reduction
[2020.10.20-08.45.24:158][  0]LogMeshReduction: Using ProxyLODMeshReduction for automatic mesh merging
[2020.10.20-08.45.24:158][  0]LogMeshReduction: No distributed automatic mesh merging module available
[2020.10.20-08.45.24:158][  0]LogMeshMerging: No distributed automatic mesh merging module available
[2020.10.20-08.45.24:189][  0]LogNetVersion: HideNSneakUnreal 1.0.0, NetCL: 13144385, EngineNetVer: 14, GameNetVer: 0 (Checksum: 3367979030)
[2020.10.20-08.45.24:690][  0]LogAISub: UAISubsystem::UAISubsystem AISubsystem (00000251BA248B00), frame # 0
[2020.10.20-08.45.24:690][  0]LogAISub: UAISubsystem::UAISubsystem AIPerceptionSystem (00000251BA196840), frame # 0
[2020.10.20-08.45.24:693][  0]LogAISub: UAISubsystem::UAISubsystem EnvQueryManager (00000251BA204C00), frame # 0
[2020.10.20-08.45.24:874][  0]LogCollectionManager: Loaded 0 collections in 0.005297 seconds
[2020.10.20-08.45.24:881][  0]LogFileCache: Scanning file cache for directory 'C:/Users/fredr/Documents/GitHub/PROJ_Grupp2/HideNSneakUnreal/Saved/Collections/' took 0.00s
[2020.10.20-08.45.24:881][  0]LogFileCache: Scanning file cache for directory 'C:/Users/fredr/Documents/GitHub/PROJ_Grupp2/HideNSneakUnreal/Content/Developers/fredr/Collections/' took 0.00s
[2020.10.20-08.45.24:881][  0]LogFileCache: Scanning file cache for directory 'C:/Users/fredr/Documents/GitHub/PROJ_Grupp2/HideNSneakUnreal/Content/Collections/' took 0.00s
[2020.10.20-08.45.24:881][  0]LogCollectionManager: Fixed up redirectors for 0 collections in 0.000005 seconds (updated 0 objects)
[2020.10.20-08.45.25:008][  0]LogMoviePlayer: Initializing movie player
[2020.10.20-08.45.25:352][  0]LogTcpMessaging: Initializing TcpMessaging bridge
[2020.10.20-08.45.25:356][  0]LogUdpMessaging: Initializing bridge on interface 0.0.0.0:0 to multicast group 230.0.0.1:6666.
[2020.10.20-08.45.25:427][  0]SourceControl: Source control is disabled
[2020.10.20-08.45.25:427][  0]SourceControl: Source control is disabled
[2020.10.20-08.45.25:442][  0]SourceControl: Source control is disabled
[2020.10.20-08.45.25:697][  0]LogAndroidPermission: UAndroidPermissionCallbackProxy::GetInstance
[2020.10.20-08.45.25:732][  0]LogAudioCaptureCore: Display: No Audio Capture implementations found. Audio input will be silent.
[2020.10.20-08.45.25:732][  0]LogAudioCaptureCore: Display: No Audio Capture implementations found. Audio input will be silent.
[2020.10.20-08.45.25:817][  0]LogOcInput: OculusInput pre-init called
[2020.10.20-08.45.25:846][  0]LogUObjectArray: 19228 objects as part of root set at end of initial load.
[2020.10.20-08.45.25:846][  0]LogUObjectAllocator: 5060096 out of 0 bytes used by permanent object pool.
[2020.10.20-08.45.25:846][  0]LogUObjectArray: CloseDisregardForGC: 0/0 objects in disregard for GC pool
[2020.10.20-08.45.25:922][  0]LogEngine: Initializing Engine...
[2020.10.20-08.45.25:924][  0]LogHMD: Failed to initialize OpenVR with code 110
[2020.10.20-08.45.25:924][  0]LogMagicLeap: Warning: VR disabled because ZI is not enabled.  To enable, in the editor, Edit -> Project Settings -> Plugins -> Magic Leap Plugin -> Enable Zero Iteration
[2020.10.20-08.45.25:927][  0]LogStats: UGameplayTagsManager::InitializeManager -  0.000 s
[2020.10.20-08.45.26:238][  0]LogInit: Initializing FReadOnlyCVARCache
[2020.10.20-08.45.26:241][  0]LogAudioMixer: Display: Audio Mixer Platform Settings:
[2020.10.20-08.45.26:241][  0]LogAudioMixer: Display: 	Sample Rate:						  48000
[2020.10.20-08.45.26:241][  0]LogAudioMixer: Display: 	Callback Buffer Frame Size Requested: 1024
[2020.10.20-08.45.26:241][  0]LogAudioMixer: Display: 	Callback Buffer Frame Size To Use:	  1024
[2020.10.20-08.45.26:241][  0]LogAudioMixer: Display: 	Number of buffers to queue:			  2
[2020.10.20-08.45.26:242][  0]LogAudioMixer: Display: 	Max Channels (voices):				  32
[2020.10.20-08.45.26:242][  0]LogAudioMixer: Display: 	Number of Async Source Workers:		  0
[2020.10.20-08.45.26:242][  0]LogAudio: Display: AudioDevice MaxSources: 32
[2020.10.20-08.45.26:242][  0]LogAudio: Display: Using built-in audio occlusion.
[2020.10.20-08.45.26:242][  0]LogAudioMixer: Display: Initializing audio mixer.
[2020.10.20-08.45.26:331][  0]LogAudioMixer: Display: 0: FrontLeft
[2020.10.20-08.45.26:331][  0]LogAudioMixer: Display: 1: FrontRight
[2020.10.20-08.45.26:403][  0]LogAudioMixer: Display: Using Audio Device Headset Earphone (HyperX Virtual Surround Sound)
[2020.10.20-08.45.26:415][  0]LogAudioMixer: Display: Initializing Sound Submixes...
[2020.10.20-08.45.26:418][  0]LogAudioMixer: Display: Creating Master Submix 'MasterSubmixDefault'
[2020.10.20-08.45.26:418][  0]LogAudioMixer: Display: Creating Master Submix 'MasterReverbSubmixDefault'
[2020.10.20-08.45.26:421][  0]LogAudioMixer: Display: Creating Master Submix 'MasterEQSubmixDefault'
[2020.10.20-08.45.26:423][  0]LogInit: FAudioDevice initialized.
[2020.10.20-08.45.26:425][  0]LogNetVersion: Set ProjectVersion to 1.0.0.0. Version Checksum will be recalculated on next use.
[2020.10.20-08.45.26:429][  0]LogInit: Texture streaming: Enabled
[2020.10.20-08.45.26:613][  0]LogSlate: Updating window title bar state: overlay mode, drag disabled, window buttons hidden, title bar hidden
[2020.10.20-08.45.26:615][  0]LogInit: Display: Game Engine Initialized.
[2020.10.20-08.45.26:615][  0]LogNiagaraEditor: Warning: GEditor isn't valid! Particle reset commands will not work for Niagara components!
[2020.10.20-08.45.26:666][  0]LogInit: Display: Starting Game.
[2020.10.20-08.45.26:666][  0]LogNet: Browse: /Game/Maps/Menu?Name=Player?Listen
[2020.10.20-08.45.26:666][  0]LogLoad: LoadMap: /Game/Maps/Menu?Name=Player?Listen
[2020.10.20-08.45.26:666][  0]LogWorld: BeginTearingDown for /Temp/Untitled_0
[2020.10.20-08.45.26:668][  0]LogWorld: UWorld::CleanupWorld for Untitled, bSessionEnded=true, bCleanupResources=true
[2020.10.20-08.45.26:668][  0]LogSlate: InvalidateAllWidgets triggered.  All widgets were invalidated
[2020.10.20-08.45.26:719][  0]LogUObjectHash: Compacting FUObjectHashTables data took   1.88ms
[2020.10.20-08.45.26:743][  0]LogUObjectGlobals: Warning: Failed to load '/Game/Maps/Menu_BuiltData': Can't find file.
[2020.10.20-08.45.26:743][  0]LogUObjectGlobals: Warning: Failed to load '/Game/Maps/Menu_BuiltData': Can't find file.
[2020.10.20-08.45.26:778][  0]LogUObjectGlobals: Warning: While loading 'C:/Users/fredr/Documents/GitHub/PROJ_Grupp2/HideNSneakUnreal/Content/Maps/Menu.umap' failed to load '/Game/Maps/Menu_BuiltData': Can't find file.
[2020.10.20-08.45.26:779][  0]LogUObjectGlobals: Warning: While loading 'C:/Users/fredr/Documents/GitHub/PROJ_Grupp2/HideNSneakUnreal/Content/Maps/Menu.umap' failed to load '/Game/Maps/Menu_BuiltData': Can't find file.
[2020.10.20-08.45.26:799][  0]LogAIModule: Creating AISystem for world Menu
[2020.10.20-08.45.26:799][  0]LogAISub: UAISubsystem::UAISubsystem EnvQueryManager (00000251BD145E00), frame # 0
[2020.10.20-08.45.26:799][  0]LogAISub: UAISubsystem::UAISubsystem AIPerceptionSystem (00000251BD2AE340), frame # 0
[2020.10.20-08.45.26:799][  0]LogUObjectGlobals: Warning: Failed to load '/Game/ThirdPersonBP/Blueprints/ThirdPersonGameMode': Can't find file.
[2020.10.20-08.45.26:800][  0]LogUObjectGlobals: Warning: Failed to load '/Game/ThirdPersonBP/Blueprints/ThirdPersonGameMode': Can't find file.
[2020.10.20-08.45.26:800][  0]LogUObjectGlobals: Warning: Failed to find object 'Class /Game/ThirdPersonBP/Blueprints/ThirdPersonGameMode.ThirdPersonGameMode_C'
[2020.10.20-08.45.26:800][  0]LogLoad: Game class is 'GameModeBase'
[2020.10.20-08.45.26:800][  0]LogNet: ReplicationDriverClass is null! Not using ReplicationDriver.
[2020.10.20-08.45.26:800][  0]LogNetCore: DDoS detection status: detection enabled: 0 analytics enabled: 0
[2020.10.20-08.45.26:800][  0]LogInit: WinSock: Socket queue. Rx: 131072 (config 131072) Tx: 131072 (config 131072)
[2020.10.20-08.45.26:801][  0]LogNet: Created socket for bind address: 0.0.0.0 on port 17777
[2020.10.20-08.45.26:801][  0]PacketHandlerLog: Loaded PacketHandler component: Engine.EngineHandlerComponentFactory (StatelessConnectHandlerComponent)
[2020.10.20-08.45.26:801][  0]LogNet: GameNetDriver IpNetDriver_0 IpNetDriver listening on port 17777
[2020.10.20-08.45.26:804][  0]LogWorld: Bringing World /Game/Maps/Menu.Menu up for play (max tick rate 0) at 2020.10.20-10.45.26
[2020.10.20-08.45.26:805][  0]LogWorld: Bringing up level for play took: 0.003332
[2020.10.20-08.45.26:806][  0]LogOnlineSession: Warning: OSS: No game present to join for session (GameSession)
[2020.10.20-08.45.26:809][  0]LogLoad: Took 0.143140 seconds to LoadMap(/Game/Maps/Menu)
[2020.10.20-08.45.26:878][  0]LogSlate: Took 0.000206 seconds to synchronously load lazily loaded font '../../../Engine/Content/Slate/Fonts/Roboto-Regular.ttf' (155K)
[2020.10.20-08.45.26:933][  0]LogRenderer: Reallocating scene render targets to support 1280x720 Format 10 NumSamples 1 (Frame:1).
[2020.10.20-08.45.26:934][  0]LogLoad: (Engine Initialization) Total time: 11.74 seconds
[2020.10.20-08.45.26:934][  0]LogLoad: (Engine Initialization) Total Blueprint compile time: 0.00 seconds
[2020.10.20-08.45.26:941][  0]LogContentStreaming: Texture pool size now 1000 MB
[2020.10.20-08.45.26:946][  0]LogSlate: InvalidateAllWidgets triggered.  All widgets were invalidated
[2020.10.20-08.45.28:208][  1]LogNet: NotifyAcceptingConnection accepted from: 127.0.0.1:63344
[2020.10.20-08.45.28:229][  1]LogHandshake: SendConnectChallenge. Timestamp: 1.273083, Cookie: 065202075098234184156157250253215046143146248099057130025056
[2020.10.20-08.45.28:229][  1]LogNet: NotifyAcceptingConnection accepted from: 127.0.0.1:63346
[2020.10.20-08.45.28:229][  1]LogHandshake: SendConnectChallenge. Timestamp: 1.273083, Cookie: 152028092024070179202075111061149222063129151224051032093178
[2020.10.20-08.45.28:229][  1]LogNet: NotifyAcceptingConnection accepted from: 127.0.0.1:63345
[2020.10.20-08.45.28:229][  1]LogHandshake: SendConnectChallenge. Timestamp: 1.273083, Cookie: 016252141068061102239017076023024202103078039142201123043049
[2020.10.20-08.45.28:231][  1]LogSlate: Took 0.000282 seconds to synchronously load lazily loaded font '../../../Engine/Content/Slate/Fonts/Roboto-Regular.ttf' (155K)
[2020.10.20-08.45.28:237][  2]LogNet: NotifyAcceptingConnection accepted from: 127.0.0.1:63344
[2020.10.20-08.45.28:237][  2]LogHandshake: SendChallengeAck. InCookie: 065202075098234184156157250253215046143146248099057130025056
[2020.10.20-08.45.28:237][  2]LogNet: Server accepting post-challenge connection from: 127.0.0.1:63344
[2020.10.20-08.45.28:238][  2]PacketHandlerLog: Loaded PacketHandler component: Engine.EngineHandlerComponentFactory (StatelessConnectHandlerComponent)
[2020.10.20-08.45.28:249][  2]LogNet: NotifyAcceptedConnection: Name: Menu, TimeStamp: 10/20/20 10:45:28, [UNetConnection] RemoteAddr: 127.0.0.1:63344, Name: IpConnection_0, Driver: GameNetDriver IpNetDriver_0, IsServer: YES, PC: NULL, Owner: NULL, UniqueId: INVALID
[2020.10.20-08.45.28:249][  2]LogNet: AddClientConnection: Added client connection: [UNetConnection] RemoteAddr: 127.0.0.1:63344, Name: IpConnection_0, Driver: GameNetDriver IpNetDriver_0, IsServer: YES, PC: NULL, Owner: NULL, UniqueId: INVALID
[2020.10.20-08.45.28:263][  2]LogNet: NotifyAcceptingConnection accepted from: 127.0.0.1:63346
[2020.10.20-08.45.28:263][  2]LogHandshake: SendChallengeAck. InCookie: 152028092024070179202075111061149222063129151224051032093178
[2020.10.20-08.45.28:263][  2]LogNet: Server accepting post-challenge connection from: 127.0.0.1:63346
[2020.10.20-08.45.28:263][  2]PacketHandlerLog: Loaded PacketHandler component: Engine.EngineHandlerComponentFactory (StatelessConnectHandlerComponent)
[2020.10.20-08.45.28:264][  2]LogNet: NotifyAcceptedConnection: Name: Menu, TimeStamp: 10/20/20 10:45:28, [UNetConnection] RemoteAddr: 127.0.0.1:63346, Name: IpConnection_1, Driver: GameNetDriver IpNetDriver_0, IsServer: YES, PC: NULL, Owner: NULL, UniqueId: INVALID
[2020.10.20-08.45.28:264][  2]LogNet: AddClientConnection: Added client connection: [UNetConnection] RemoteAddr: 127.0.0.1:63346, Name: IpConnection_1, Driver: GameNetDriver IpNetDriver_0, IsServer: YES, PC: NULL, Owner: NULL, UniqueId: INVALID
[2020.10.20-08.45.28:264][  2]LogNet: NotifyAcceptingConnection accepted from: 127.0.0.1:63345
[2020.10.20-08.45.28:264][  2]LogHandshake: SendChallengeAck. InCookie: 016252141068061102239017076023024202103078039142201123043049
[2020.10.20-08.45.28:264][  2]LogNet: Server accepting post-challenge connection from: 127.0.0.1:63345
[2020.10.20-08.45.28:264][  2]PacketHandlerLog: Loaded PacketHandler component: Engine.EngineHandlerComponentFactory (StatelessConnectHandlerComponent)
[2020.10.20-08.45.28:264][  2]LogNet: NotifyAcceptedConnection: Name: Menu, TimeStamp: 10/20/20 10:45:28, [UNetConnection] RemoteAddr: 127.0.0.1:63345, Name: IpConnection_2, Driver: GameNetDriver IpNetDriver_0, IsServer: YES, PC: NULL, Owner: NULL, UniqueId: INVALID
[2020.10.20-08.45.28:264][  2]LogNet: AddClientConnection: Added client connection: [UNetConnection] RemoteAddr: 127.0.0.1:63345, Name: IpConnection_2, Driver: GameNetDriver IpNetDriver_0, IsServer: YES, PC: NULL, Owner: NULL, UniqueId: INVALID
[2020.10.20-08.45.28:301][  3]LogNet: NotifyAcceptingChannel Control 0 server World /Game/Maps/Menu.Menu: Accepted
[2020.10.20-08.45.28:305][  3]LogNet: Remote platform little endian=1
[2020.10.20-08.45.28:306][  3]LogNet: This platform little endian=1
[2020.10.20-08.45.28:306][  3]LogNetVersion: HideNSneakUnreal 1.0.0.0, NetCL: 13144385, EngineNetVer: 14, GameNetVer: 0 (Checksum: 4008563563)
[2020.10.20-08.45.28:306][  3]LogNet: NotifyAcceptingChannel Control 0 server World /Game/Maps/Menu.Menu: Accepted
[2020.10.20-08.45.28:306][  3]LogNet: Remote platform little endian=1
[2020.10.20-08.45.28:306][  3]LogNet: This platform little endian=1
[2020.10.20-08.45.28:306][  3]LogNet: NotifyAcceptingChannel Control 0 server World /Game/Maps/Menu.Menu: Accepted
[2020.10.20-08.45.28:306][  3]LogNet: Remote platform little endian=1
[2020.10.20-08.45.28:306][  3]LogNet: This platform little endian=1
[2020.10.20-08.45.28:310][  4]LogNet: Login request: ?Name=DESKTOP-BTA50U2-F97272C641344C49C494B39A87FBC592 userId: NULL:DESKTOP-BTA50U2-F97272C641344C49C494B39A87FBC592 platform: NULL
[2020.10.20-08.45.28:310][  4]LogNet: Login request: ?Name=DESKTOP-BTA50U2-EA3119B14E619A943AA179BC780BCFD2 userId: NULL:DESKTOP-BTA50U2-EA3119B14E619A943AA179BC780BCFD2 platform: NULL
[2020.10.20-08.45.28:310][  4]LogNet: Login request: ?Name=DESKTOP-BTA50U2-88129B45442882C83D5688BDFAFB2ADC userId: NULL:DESKTOP-BTA50U2-88129B45442882C83D5688BDFAFB2ADC platform: NULL
[2020.10.20-08.45.28:505][ 34]LogNet: Client netspeed is 10000
[2020.10.20-08.45.28:505][ 34]LogNet: Join request: /Game/ThirdPersonBP/Maps/ThirdPersonExampleMap?Name=DESKTOP-BTA50U2-88129B45442882C83D5688BDFAFB2ADC?SplitscreenCount=1
[2020.10.20-08.45.28:506][ 34]LogOnlineSession: Warning: OSS: No game present to join for session (GameSession)
[2020.10.20-08.45.28:582][ 34]LogNet: Join succeeded: DESKTOP-BTA50U2-8812
[2020.10.20-08.45.28:582][ 34]LogNet: Client netspeed is 10000
[2020.10.20-08.45.28:582][ 34]LogNet: Join request: /Game/ThirdPersonBP/Maps/ThirdPersonExampleMap?Name=DESKTOP-BTA50U2-EA3119B14E619A943AA179BC780BCFD2?SplitscreenCount=1
[2020.10.20-08.45.28:582][ 34]LogOnlineSession: Warning: OSS: No game present to join for session (GameSession)
[2020.10.20-08.45.28:584][ 34]LogNet: Join succeeded: DESKTOP-BTA50U2-EA31
[2020.10.20-08.45.28:584][ 34]LogNet: Client netspeed is 10000
[2020.10.20-08.45.28:584][ 34]LogNet: Join request: /Game/ThirdPersonBP/Maps/ThirdPersonExampleMap?Name=DESKTOP-BTA50U2-F97272C641344C49C494B39A87FBC592?SplitscreenCount=1
[2020.10.20-08.45.28:585][ 34]LogOnlineSession: Warning: OSS: No game present to join for session (GameSession)
[2020.10.20-08.45.28:585][ 34]LogNet: Join succeeded: DESKTOP-BTA50U2-F972
[2020.10.20-08.45.30:135][302]LogAudio: Display: Waited 39.326900 ms for audio thread.
[2020.10.20-08.45.30:137][302]LogAudio: Display: Waited 41.567898 ms for audio thread.
[2020.10.20-08.45.30:249][308]LogAudio: Display: Waited 35.961502 ms for audio thread.
[2020.10.20-08.45.30:284][308]LogAudio: Display: Waited 70.978996 ms for audio thread.
[2020.10.20-08.45.30:310][308]LogAudio: Display: Waited 97.492203 ms for audio thread.
[2020.10.20-08.45.32:373][537]LogAudio: Display: Waited 38.131699 ms for audio thread.
[2020.10.20-08.45.32:377][537]LogAudio: Display: Waited 42.208199 ms for audio thread.
[2020.10.20-08.45.32:595][550]LogAudio: Display: Waited 37.220703 ms for audio thread.
[2020.10.20-08.45.32:599][550]LogAudio: Display: Waited 40.779999 ms for audio thread.
[2020.10.20-08.45.32:680][555]LogAudio: Display: Waited 35.287300 ms for audio thread.
[2020.10.20-08.45.32:688][555]LogAudio: Display: Waited 43.894901 ms for audio thread.
[2020.10.20-08.45.32:786][561]LogAudio: Display: Waited 37.684101 ms for audio thread.
[2020.10.20-08.45.32:800][561]LogAudio: Display: Waited 51.499298 ms for audio thread.
[2020.10.20-08.45.32:919][565]LogAudio: Display: Waited 35.962898 ms for audio thread.
[2020.10.20-08.45.32:920][565]LogAudio: Display: Waited 37.021599 ms for audio thread.
[2020.10.20-08.45.33:298][587]LogAudio: Display: Waited 56.790798 ms for audio thread.
[2020.10.20-08.45.33:395][592]LogAudio: Display: Waited 37.632500 ms for audio thread.
[2020.10.20-08.45.33:398][592]LogAudio: Display: Waited 40.376598 ms for audio thread.
[2020.10.20-08.45.33:549][599]LogAudio: Display: Waited 41.627197 ms for audio thread.
[2020.10.20-08.45.33:554][599]LogAudio: Display: Waited 46.628601 ms for audio thread.
[2020.10.20-08.45.33:723][608]LogAudio: Display: Waited 44.374500 ms for audio thread.
[2020.10.20-08.45.33:726][608]LogAudio: Display: Waited 47.543999 ms for audio thread.
[2020.10.20-08.45.33:836][616]LogAudio: Display: Waited 48.074100 ms for audio thread.
[2020.10.20-08.45.33:857][616]LogAudio: Display: Waited 69.457901 ms for audio thread.
[2020.10.20-08.45.33:976][621]LogAudio: Display: Waited 46.619499 ms for audio thread.
[2020.10.20-08.45.33:988][621]LogAudio: Display: Waited 58.820004 ms for audio thread.
[2020.10.20-08.45.34:108][627]LogAudio: Display: Waited 35.547600 ms for audio thread.
[2020.10.20-08.45.34:125][627]LogAudio: Display: Waited 52.118099 ms for audio thread.
[2020.10.20-08.45.34:232][632]LogAudio: Display: Waited 36.589298 ms for audio thread.
[2020.10.20-08.45.34:258][632]LogAudio: Display: Waited 62.662399 ms for audio thread.
[2020.10.20-08.45.34:686][659]LogAudio: Display: Waited 35.956497 ms for audio thread.
[2020.10.20-08.45.34:686][659]LogAudio: Display: Waited 36.178299 ms for audio thread.
[2020.10.20-08.45.34:744][662]LogAudio: Display: Waited 36.020802 ms for audio thread.
[2020.10.20-08.45.34:750][662]LogAudio: Display: Waited 41.258400 ms for audio thread.
[2020.10.20-08.45.35:183][685]LogAudio: Display: Waited 71.503799 ms for audio thread.
[2020.10.20-08.45.35:185][685]LogAudio: Display: Waited 72.834801 ms for audio thread.
[2020.10.20-08.45.35:304][692]LogAudio: Display: Waited 38.991001 ms for audio thread.
[2020.10.20-08.46.29:543][149]LogAudio: Display: Waited 36.011600 ms for audio thread.
[2020.10.20-08.46.29:544][149]LogAudio: Display: Waited 37.217800 ms for audio thread.
[2020.10.20-08.47.27:899][618]LogNet: UChannel::ReceivedSequencedBunch: Bunch.bClose == true. ChIndex == 0. Calling ConditionalCleanUp.
[2020.10.20-08.47.27:899][618]LogNet: UChannel::CleanUp: ChIndex == 0. Closing connection. [UChannel] ChIndex: 0, Closing: 0 [UNetConnection] RemoteAddr: 127.0.0.1:63344, Name: IpConnection_0, Driver: GameNetDriver IpNetDriver_0, IsServer: YES, PC: PlayerController_2, Owner: PlayerController_2, UniqueId: NULL:DESKTOP-BTA50U2-EA3119B14E619A943AA179BC780BCFD2
[2020.10.20-08.47.27:899][618]LogNet: UNetConnection::Close: [UNetConnection] RemoteAddr: 127.0.0.1:63344, Name: IpConnection_0, Driver: GameNetDriver IpNetDriver_0, IsServer: YES, PC: PlayerController_2, Owner: PlayerController_2, UniqueId: NULL:DESKTOP-BTA50U2-EA3119B14E619A943AA179BC780BCFD2, Channels: 15, Time: 2020.10.20-08.47.27
[2020.10.20-08.47.27:899][618]LogNet: UChannel::Close: Sending CloseBunch. ChIndex == 0. Name: [UChannel] ChIndex: 0, Closing: 0 [UNetConnection] RemoteAddr: 127.0.0.1:63344, Name: IpConnection_0, Driver: GameNetDriver IpNetDriver_0, IsServer: YES, PC: PlayerController_2, Owner: PlayerController_2, UniqueId: NULL:DESKTOP-BTA50U2-EA3119B14E619A943AA179BC780BCFD2
[2020.10.20-08.47.27:900][618]LogOnlineSession: Warning: OSS: No game present to leave for session (GameSession)
[2020.10.20-08.47.31:262][958]LogNet: UChannel::ReceivedSequencedBunch: Bunch.bClose == true. ChIndex == 0. Calling ConditionalCleanUp.
[2020.10.20-08.47.31:262][958]LogNet: UChannel::CleanUp: ChIndex == 0. Closing connection. [UChannel] ChIndex: 0, Closing: 0 [UNetConnection] RemoteAddr: 127.0.0.1:63346, Name: IpConnection_1, Driver: GameNetDriver IpNetDriver_0, IsServer: YES, PC: PlayerController_1, Owner: PlayerController_1, UniqueId: NULL:DESKTOP-BTA50U2-88129B45442882C83D5688BDFAFB2ADC
[2020.10.20-08.47.31:262][958]LogNet: UNetConnection::Close: [UNetConnection] RemoteAddr: 127.0.0.1:63346, Name: IpConnection_1, Driver: GameNetDriver IpNetDriver_0, IsServer: YES, PC: PlayerController_1, Owner: PlayerController_1, UniqueId: NULL:DESKTOP-BTA50U2-88129B45442882C83D5688BDFAFB2ADC, Channels: 13, Time: 2020.10.20-08.47.31
[2020.10.20-08.47.31:262][958]LogNet: UChannel::Close: Sending CloseBunch. ChIndex == 0. Name: [UChannel] ChIndex: 0, Closing: 0 [UNetConnection] RemoteAddr: 127.0.0.1:63346, Name: IpConnection_1, Driver: GameNetDriver IpNetDriver_0, IsServer: YES, PC: PlayerController_1, Owner: PlayerController_1, UniqueId: NULL:DESKTOP-BTA50U2-88129B45442882C83D5688BDFAFB2ADC
[2020.10.20-08.47.31:263][958]LogOnlineSession: Warning: OSS: No game present to leave for session (GameSession)
[2020.10.20-08.47.32:009][104]LogSlate: Window 'HideNSneakUnreal (64-bit Development PCD3D_SM5) ' being destroyed
[2020.10.20-08.47.32:010][104]LogWindowsTextInputMethodSystem: Display: IME system now deactivated.
[2020.10.20-08.47.32:016][104]LogOnlineSession: Warning: OSS: No game present to leave for session (GameSession)
[2020.10.20-08.47.32:016][104]LogSlate: Updating window title bar state: overlay mode, drag disabled, window buttons hidden, title bar hidden
[2020.10.20-08.47.32:016][104]LogEngine: All Windows Closed
[2020.10.20-08.47.32:016][104]LogWindows: FPlatformMisc::RequestExit(0)
[2020.10.20-08.47.32:016][104]LogCore: Engine exit requested (reason: Win RequestExit)
[2020.10.20-08.47.32:017][105]LogCore: Engine exit requested (reason: EngineExit() was called; note: exit was already requested)
[2020.10.20-08.47.32:020][105]LogAudio: Display: Shutting down audio device while 2 references to it are still alive. For more information, compile with INSTRUMENT_AUDIODEVICE_HANDLES.
[2020.10.20-08.47.32:044][105]LogInit: Display: PreExit Game.
[2020.10.20-08.47.32:132][105]LogWorld: BeginTearingDown for /Game/Maps/Menu
[2020.10.20-08.47.32:132][105]LogNet: World NetDriver shutdown IpNetDriver_0 [GameNetDriver]
[2020.10.20-08.47.32:132][105]LogNet: DestroyNamedNetDriver IpNetDriver_0 [GameNetDriver]
[2020.10.20-08.47.32:133][105]LogNet: UNetConnection::Cleanup: Closing open connection. [UNetConnection] RemoteAddr: 127.0.0.1:63345, Name: IpConnection_2, Driver: GameNetDriver IpNetDriver_0, IsServer: YES, PC: PlayerController_3, Owner: PlayerController_3, UniqueId: NULL:DESKTOP-BTA50U2-F97272C641344C49C494B39A87FBC592
[2020.10.20-08.47.32:133][105]LogNet: UNetConnection::Close: [UNetConnection] RemoteAddr: 127.0.0.1:63345, Name: IpConnection_2, Driver: GameNetDriver IpNetDriver_0, IsServer: YES, PC: PlayerController_3, Owner: PlayerController_3, UniqueId: NULL:DESKTOP-BTA50U2-F97272C641344C49C494B39A87FBC592, Channels: 11, Time: 2020.10.20-08.47.32
[2020.10.20-08.47.32:133][105]LogNet: UChannel::Close: Sending CloseBunch. ChIndex == 0. Name: [UChannel] ChIndex: 0, Closing: 0 [UNetConnection] RemoteAddr: 127.0.0.1:63345, Name: IpConnection_2, Driver: GameNetDriver IpNetDriver_0, IsServer: YES, PC: PlayerController_3, Owner: PlayerController_3, UniqueId: NULL:DESKTOP-BTA50U2-F97272C641344C49C494B39A87FBC592
[2020.10.20-08.47.32:133][105]LogExit: GameNetDriver IpNetDriver_0 shut down
[2020.10.20-08.47.32:133][105]LogWorld: UWorld::CleanupWorld for Menu, bSessionEnded=true, bCleanupResources=true
[2020.10.20-08.47.32:133][105]LogSlate: InvalidateAllWidgets triggered.  All widgets were invalidated
[2020.10.20-08.47.33:102][105]LogExit: Preparing to exit.
[2020.10.20-08.47.33:423][105]LogMoviePlayer: Shutting down movie player
[2020.10.20-08.47.33:492][105]LogSlate: Updating window title bar state: overlay mode, drag disabled, window buttons hidden, title bar hidden
[2020.10.20-08.47.33:493][105]LogDemo: Cleaned up 0 splitscreen connections with owner deletion
[2020.10.20-08.47.33:499][105]LogExit: Game engine shut down
[2020.10.20-08.47.33:513][105]LogAISub: UAISubsystem::~UAISubsystem AISubsystem (00000251BA248B00), frame # 6105
[2020.10.20-08.47.33:513][105]LogAISub: UAISubsystem::~UAISubsystem AIPerceptionSystem (00000251BA196840), frame # 6105
[2020.10.20-08.47.33:513][105]LogAISub: UAISubsystem::~UAISubsystem EnvQueryManager (00000251BA204C00), frame # 6105
[2020.10.20-08.47.33:524][105]LogAISub: UAISubsystem::~UAISubsystem EnvQueryManager (00000251BD145E00), frame # 6105
[2020.10.20-08.47.33:525][105]LogAISub: UAISubsystem::~UAISubsystem AIPerceptionSystem (00000251BD2AE340), frame # 6105
[2020.10.20-08.47.33:565][105]LogExit: Object subsystem successfully closed.
[2020.10.20-08.47.33:589][105]LogShaderCompilers: Display: Shaders left to compile 0
[2020.10.20-08.47.33:617][105]LogModuleManager: Shutting down and abandoning module SequenceRecorderSections (505)
[2020.10.20-08.47.33:617][105]LogModuleManager: Shutting down and abandoning module SequenceRecorder (503)
[2020.10.20-08.47.33:617][105]LogModuleManager: Shutting down and abandoning module AutomationController (501)
[2020.10.20-08.47.33:617][105]LogModuleManager: Shutting down and abandoning module AutomationWorker (499)
[2020.10.20-08.47.33:617][105]LogModuleManager: Shutting down and abandoning module Voice (497)
[2020.10.20-08.47.33:617][105]LogModuleManager: Shutting down and abandoning module AIModule (495)
[2020.10.20-08.47.33:617][105]LogModuleManager: Shutting down and abandoning module GameplayDebugger (494)
[2020.10.20-08.47.33:617][105]LogModuleManager: Shutting down and abandoning module AITestSuite (492)
[2020.10.20-08.47.33:617][105]LogModuleManager: Shutting down and abandoning module NavigationSystem (490)
[2020.10.20-08.47.33:617][105]LogModuleManager: Shutting down and abandoning module OculusMR (487)
[2020.10.20-08.47.33:618][105]LogModuleManager: Shutting down and abandoning module WmfMediaFactory (485)
[2020.10.20-08.47.33:618][105]LogModuleManager: Shutting down and abandoning module WebMMediaFactory (483)
[2020.10.20-08.47.33:618][105]LogModuleManager: Shutting down and abandoning module WebMMedia (481)
[2020.10.20-08.47.33:618][105]LogModuleManager: Shutting down and abandoning module OpenExrWrapper (479)
[2020.10.20-08.47.33:618][105]LogModuleManager: Shutting down and abandoning module ImgMediaFactory (477)
[2020.10.20-08.47.33:618][105]LogModuleManager: Shutting down and abandoning module AvfMediaFactory (475)
[2020.10.20-08.47.33:618][105]LogModuleManager: Shutting down and abandoning module MagicLeapMediaCodecFactory (473)
[2020.10.20-08.47.33:618][105]LogModuleManager: Shutting down and abandoning module MagicLeapMediaFactory (471)
[2020.10.20-08.47.33:618][105]LogModuleManager: Shutting down and abandoning module PlanarCut (469)
[2020.10.20-08.47.33:618][105]LogModuleManager: Shutting down and abandoning module CharacterAI (467)
[2020.10.20-08.47.33:618][105]LogModuleManager: Shutting down and abandoning module SessionServices (465)
[2020.10.20-08.47.33:618][105]LogModuleManager: Shutting down and abandoning module MovieSceneCapture (463)
[2020.10.20-08.47.33:618][105]LogModuleManager: Shutting down and abandoning module LiveCoding (461)
[2020.10.20-08.47.33:618][105]LogModuleManager: Shutting down and abandoning module LevelSequence (459)
[2020.10.20-08.47.33:618][105]LogModuleManager: Shutting down and abandoning module MovieSceneTracks (457)
[2020.10.20-08.47.33:618][105]LogModuleManager: Shutting down and abandoning module MovieScene (455)
[2020.10.20-08.47.33:618][105]LogModuleManager: Shutting down and abandoning module StreamingPauseRendering (453)
[2020.10.20-08.47.33:618][105]LogModuleManager: Shutting down and abandoning module PortalServices (451)
[2020.10.20-08.47.33:618][105]LogModuleManager: Shutting down and abandoning module PortalRpc (449)
[2020.10.20-08.47.33:618][105]LogModuleManager: Shutting down and abandoning module MessagingRpc (447)
[2020.10.20-08.47.33:618][105]LogModuleManager: Shutting down and abandoning module AudioMixerXAudio2 (445)
[2020.10.20-08.47.33:618][105]LogModuleManager: Shutting down and abandoning module AudioMixerCore (444)
[2020.10.20-08.47.33:618][105]LogModuleManager: Shutting down and abandoning module ProfilerService (441)
[2020.10.20-08.47.33:640][105]LogModuleManager: Shutting down and abandoning module TaskGraph (439)
[2020.10.20-08.47.33:640][105]LogModuleManager: Shutting down and abandoning module Synthesis (437)
[2020.10.20-08.47.33:640][105]LogModuleManager: Shutting down and abandoning module ProceduralMeshComponent (435)
[2020.10.20-08.47.33:640][105]LogModuleManager: Shutting down and abandoning module OculusInput (433)
[2020.10.20-08.47.33:640][105]LogModuleManager: Shutting down and abandoning module MobilePatchingUtils (431)
[2020.10.20-08.47.33:640][105]LogModuleManager: Shutting down and abandoning module GooglePAD (429)
[2020.10.20-08.47.33:640][105]LogModuleManager: Shutting down and abandoning module EditableMesh (427)
[2020.10.20-08.47.33:640][105]LogModuleManager: Shutting down and abandoning module CustomMeshComponent (425)
[2020.10.20-08.47.33:640][105]LogModuleManager: Shutting down and abandoning module CableComponent (423)
[2020.10.20-08.47.33:640][105]LogModuleManager: Shutting down and abandoning module AudioCapture (421)
[2020.10.20-08.47.33:640][105]LogModuleManager: Shutting down and abandoning module AudioCaptureRtAudio (420)
[2020.10.20-08.47.33:640][105]LogModuleManager: Shutting down and abandoning module AssetTags (417)
[2020.10.20-08.47.33:640][105]LogModuleManager: Shutting down and abandoning module ArchVisCharacter (415)
[2020.10.20-08.47.33:640][105]LogModuleManager: Shutting down and abandoning module AppleImageUtilsBlueprintSupport (413)
[2020.10.20-08.47.33:640][105]LogModuleManager: Shutting down and abandoning module AppleImageUtils (411)
[2020.10.20-08.47.33:640][105]LogModuleManager: Shutting down and abandoning module AndroidPermission (409)
[2020.10.20-08.47.33:640][105]LogModuleManager: Shutting down and abandoning module NUTUnrealEngine4 (407)
[2020.10.20-08.47.33:640][105]LogModuleManager: Shutting down and abandoning module NetcodeUnitTest (405)
[2020.10.20-08.47.33:640][105]LogModuleManager: Shutting down and abandoning module TemplateSequence (403)
[2020.10.20-08.47.33:640][105]LogModuleManager: Shutting down and abandoning module MovieRenderPipelineRenderPasses (401)
[2020.10.20-08.47.33:640][105]LogModuleManager: Shutting down and abandoning module MovieRenderPipelineSettings (399)
[2020.10.20-08.47.33:640][105]LogModuleManager: Shutting down and abandoning module MovieRenderPipelineCore (397)
[2020.10.20-08.47.33:640][105]LogModuleManager: Shutting down and abandoning module ImageWriteQueue (396)
[2020.10.20-08.47.33:640][105]LogModuleManager: Shutting down and abandoning module MediaCompositing (393)
[2020.10.20-08.47.33:641][105]LogModuleManager: Shutting down and abandoning module ImgMedia (391)
[2020.10.20-08.47.33:641][105]LogModuleManager: Shutting down and abandoning module MagicLeapSharedWorld (389)
[2020.10.20-08.47.33:641][105]LogModuleManager: Shutting down and abandoning module MagicLeapLightEstimation (387)
[2020.10.20-08.47.33:641][105]LogModuleManager: Shutting down and abandoning module MagicLeapHelperVulkan (385)
[2020.10.20-08.47.33:641][105]LogModuleManager: Shutting down and abandoning module MagicLeapHelperOpenGL (383)
[2020.10.20-08.47.33:641][105]LogModuleManager: Shutting down and abandoning module MagicLeapAudio (381)
[2020.10.20-08.47.33:641][105]LogModuleManager: Shutting down and abandoning module MeshSolverUtilities (379)
[2020.10.20-08.47.33:641][105]LogModuleManager: Shutting down and abandoning module MeshConversion (377)
[2020.10.20-08.47.33:641][105]LogModuleManager: Shutting down and abandoning module DynamicMesh (375)
[2020.10.20-08.47.33:641][105]LogModuleManager: Shutting down and abandoning module GeometryAlgorithms (373)
[2020.10.20-08.47.33:641][105]LogModuleManager: Shutting down and abandoning module GeometricObjects (371)
[2020.10.20-08.47.33:641][105]LogModuleManager: Shutting down and abandoning module GeometryCollectionTracks (369)
[2020.10.20-08.47.33:641][105]LogModuleManager: Shutting down and abandoning module GeometryCollectionSequencer (368)
[2020.10.20-08.47.33:641][105]LogModuleManager: Shutting down and abandoning module GeometryCacheTracks (365)
[2020.10.20-08.47.33:641][105]LogModuleManager: Shutting down and abandoning module GeometryCacheSequencer (364)
[2020.10.20-08.47.33:641][105]LogModuleManager: Shutting down and abandoning module GeometryCache (361)
[2020.10.20-08.47.33:641][105]LogModuleManager: Shutting down and abandoning module GeometryCacheEd (360)
[2020.10.20-08.47.33:641][105]LogModuleManager: Shutting down and abandoning module ChaosNiagara (357)
[2020.10.20-08.47.33:641][105]LogModuleManager: Shutting down and abandoning module ChaosCloth (355)
[2020.10.20-08.47.33:641][105]LogModuleManager: Shutting down and abandoning module BackChannel (353)
[2020.10.20-08.47.33:641][105]LogModuleManager: Shutting down and abandoning module AutomationUtils (351)
[2020.10.20-08.47.33:641][105]LogModuleManager: Shutting down and abandoning module VisualStudioSourceCodeAccess (349)
[2020.10.20-08.47.33:641][105]LogModuleManager: Shutting down and abandoning module HotReload (348)
[2020.10.20-08.47.33:641][105]LogModuleManager: Shutting down and abandoning module VisualStudioCodeSourceCodeAccess (345)
[2020.10.20-08.47.33:641][105]LogModuleManager: Shutting down and abandoning module UObjectPlugin (343)
[2020.10.20-08.47.33:642][105]LogModuleManager: Shutting down and abandoning module SubversionSourceControl (341)
[2020.10.20-08.47.33:642][105]LogModuleManager: Shutting down and abandoning module RiderSourceCodeAccess (339)
[2020.10.20-08.47.33:642][105]LogModuleManager: Shutting down and abandoning module PerforceSourceControl (337)
[2020.10.20-08.47.33:642][105]LogModuleManager: Shutting down and abandoning module SourceControl (336)
[2020.10.20-08.47.33:642][105]LogModuleManager: Shutting down and abandoning module CLionSourceCodeAccess (333)
[2020.10.20-08.47.33:642][105]LogModuleManager: Shutting down and abandoning module ActorLayerUtilities (331)
[2020.10.20-08.47.33:642][105]LogModuleManager: Shutting down and abandoning module SoundFields (329)
[2020.10.20-08.47.33:642][105]LogModuleManager: Shutting down and abandoning module SignificanceManager (327)
[2020.10.20-08.47.33:642][105]LogModuleManager: Shutting down and abandoning module RuntimePhysXCooking (325)
[2020.10.20-08.47.33:642][105]LogModuleManager: Shutting down and abandoning module PhysXVehiclesEditor (323)
[2020.10.20-08.47.33:642][105]LogModuleManager: Shutting down and abandoning module LocationServicesBPLibrary (319)
[2020.10.20-08.47.33:642][105]LogModuleManager: Shutting down and abandoning module ActorSequence (317)
[2020.10.20-08.47.33:642][105]LogModuleManager: Shutting down and abandoning module UdpMessaging (315)
[2020.10.20-08.47.33:743][105]LogModuleManager: Shutting down and abandoning module TcpMessaging (313)
[2020.10.20-08.47.34:447][105]LogModuleManager: Shutting down and abandoning module MagicLeapARPin (311)
[2020.10.20-08.47.34:447][105]LogModuleManager: Shutting down and abandoning module MagicLeapHandMeshing (309)
[2020.10.20-08.47.34:447][105]LogModuleManager: Shutting down and abandoning module MagicLeapSecureStorage (307)
[2020.10.20-08.47.34:447][105]LogModuleManager: Shutting down and abandoning module MagicLeapPrivileges (305)
[2020.10.20-08.47.34:447][105]LogModuleManager: Shutting down and abandoning module MagicLeapPlanes (303)
[2020.10.20-08.47.34:447][105]LogMagicLeapPlanes: Planes tracker already destroyed.
[2020.10.20-08.47.34:447][105]LogModuleManager: Shutting down and abandoning module MagicLeapImageTracker (301)
[2020.10.20-08.47.34:447][105]LogModuleManager: Shutting down and abandoning module MagicLeapIdentity (299)
[2020.10.20-08.47.34:447][105]LogModuleManager: Shutting down and abandoning module MagicLeapHandTracking (297)
[2020.10.20-08.47.34:447][105]LogModuleManager: Shutting down and abandoning module MagicLeapEyeTracker (295)
[2020.10.20-08.47.34:447][105]LogModuleManager: Shutting down and abandoning module MagicLeapController (293)
[2020.10.20-08.47.34:447][105]LogSlate: Slate User Destroyed.  User Index 0, Is Virtual User: 0
[2020.10.20-08.47.34:447][105]LogModuleManager: Shutting down and abandoning module MagicLeapARPinImpl (291)
[2020.10.20-08.47.34:447][105]LogModuleManager: Shutting down and abandoning module MagicLeapAR (289)
[2020.10.20-08.47.34:447][105]LogModuleManager: Shutting down and abandoning module AugmentedReality (288)
[2020.10.20-08.47.34:447][105]LogModuleManager: Shutting down and abandoning module NiagaraAnimNotifies (285)
[2020.10.20-08.47.34:447][105]LogModuleManager: Shutting down and abandoning module Niagara (283)
[2020.10.20-08.47.34:447][105]LogModuleManager: Shutting down and abandoning module SignalProcessing (282)
[2020.10.20-08.47.34:447][105]LogModuleManager: Shutting down and abandoning module NiagaraEditor (280)
[2020.10.20-08.47.34:448][105]LogModuleManager: Shutting down and abandoning module NiagaraCore (277)
[2020.10.20-08.47.34:448][105]LogModuleManager: Shutting down and abandoning module GameplayTagsEditor (275)
[2020.10.20-08.47.34:448][105]LogModuleManager: Shutting down and abandoning module FacialAnimation (273)
[2020.10.20-08.47.34:448][105]LogModuleManager: Shutting down and abandoning module AssetManagerEditor (271)
[2020.10.20-08.47.34:448][105]LogModuleManager: Shutting down and abandoning module TreeMap (270)
[2020.10.20-08.47.34:448][105]LogModuleManager: Shutting down and abandoning module AnimationSharing (267)
[2020.10.20-08.47.34:448][105]LogModuleManager: Shutting down and abandoning module LightPropagationVolumeRuntime (265)
[2020.10.20-08.47.34:448][105]LogModuleManager: Shutting down and abandoning module AdvancedSessions (263)
[2020.10.20-08.47.34:448][105]LogModuleManager: Shutting down and abandoning module Paper2D (261)
[2020.10.20-08.47.34:448][105]LogModuleManager: Shutting down and abandoning module WindowsMoviePlayer (259)
[2020.10.20-08.47.34:449][105]LogModuleManager: Shutting down and abandoning module WebMMoviePlayer (257)
[2020.10.20-08.47.34:449][105]LogModuleManager: Shutting down and abandoning module NetworkReplayStreaming (255)
[2020.10.20-08.47.34:449][105]LogModuleManager: Shutting down and abandoning module PacketHandler (253)
[2020.10.20-08.47.34:449][105]LogModuleManager: Shutting down and abandoning module ClothingSystemEditor (251)
[2020.10.20-08.47.34:449][105]LogModuleManager: Shutting down and abandoning module ClothingSystemRuntimeNv (249)
[2020.10.20-08.47.34:449][105]LogModuleManager: Shutting down and abandoning module MediaAssets (247)
[2020.10.20-08.47.34:449][105]LogModuleManager: Shutting down and abandoning module Overlay (245)
[2020.10.20-08.47.34:449][105]LogModuleManager: Shutting down and abandoning module OverlayEditor (244)
[2020.10.20-08.47.34:449][105]LogModuleManager: Shutting down and abandoning module VREditor (241)
[2020.10.20-08.47.34:449][105]LogModuleManager: Shutting down and abandoning module StringTableEditor (239)
[2020.10.20-08.47.34:449][105]LogModuleManager: Shutting down and abandoning module GameplayTasksEditor (237)
[2020.10.20-08.47.34:449][105]LogModuleManager: Shutting down and abandoning module BehaviorTreeEditor (235)
[2020.10.20-08.47.34:449][105]LogModuleManager: Shutting down and abandoning module FunctionalTesting (233)
[2020.10.20-08.47.34:449][105]LogModuleManager: Shutting down and abandoning module CollisionAnalyzer (231)
[2020.10.20-08.47.34:449][105]LogModuleManager: Shutting down and abandoning module UMG (229)
[2020.10.20-08.47.34:449][105]LogModuleManager: Shutting down and abandoning module UMGEditor (228)
[2020.10.20-08.47.34:449][105]LogModuleManager: Shutting down and abandoning module Sequencer (227)
[2020.10.20-08.47.34:449][105]LogModuleManager: Shutting down and abandoning module MessageLog (224)
[2020.10.20-08.47.34:449][105]LogModuleManager: Shutting down and abandoning module MaterialEditor (222)
[2020.10.20-08.47.34:449][105]LogModuleManager: Shutting down and abandoning module ContentBrowser (221)
[2020.10.20-08.47.34:449][105]LogModuleManager: Shutting down and abandoning module WorkspaceMenuStructure (220)
[2020.10.20-08.47.34:450][105]LogModuleManager: Shutting down and abandoning module CollectionManager (218)
[2020.10.20-08.47.34:450][105]LogModuleManager: Shutting down and abandoning module DirectoryWatcher (217)
[2020.10.20-08.47.34:450][105]LogModuleManager: Shutting down and abandoning module SlateReflector (209)
[2020.10.20-08.47.34:450][105]LogModuleManager: Shutting down and abandoning module Slate (207)
[2020.10.20-08.47.34:450][105]LogModuleManager: Shutting down and abandoning module SlateCore (205)
[2020.10.20-08.47.34:450][105]LogModuleManager: Shutting down and abandoning module LandscapeEditorUtilities (203)
[2020.10.20-08.47.34:450][105]LogModuleManager: Shutting down and abandoning module EditorStyle (201)
[2020.10.20-08.47.34:451][105]LogModuleManager: Shutting down and abandoning module UnrealEd (199)
[2020.10.20-08.47.34:451][105]LogModuleManager: Shutting down and abandoning module MRMesh (197)
[2020.10.20-08.47.34:451][105]LogModuleManager: Shutting down and abandoning module Messaging (195)
[2020.10.20-08.47.34:451][105]LogModuleManager: Shutting down and abandoning module SourceCodeAccess (193)
[2020.10.20-08.47.34:451][105]LogModuleManager: Shutting down and abandoning module HeadMountedDisplay (191)
[2020.10.20-08.47.34:451][105]LogModuleManager: Shutting down and abandoning module XAudio2 (189)
[2020.10.20-08.47.34:451][105]LogModuleManager: Shutting down and abandoning module Networking (187)
[2020.10.20-08.47.34:451][105]LogModuleManager: Shutting down and abandoning module Core (185)
[2020.10.20-08.47.34:451][105]LogModuleManager: Shutting down and abandoning module MovieSceneTools (183)
[2020.10.20-08.47.34:451][105]LogModuleManager: Shutting down and abandoning module KismetCompiler (181)
[2020.10.20-08.47.34:451][105]LogModuleManager: Shutting down and abandoning module MeshBuilder (179)
[2020.10.20-08.47.34:451][105]LogModuleManager: Shutting down and abandoning module MeshUtilities (177)
[2020.10.20-08.47.34:452][105]LogModuleManager: Shutting down and abandoning module MeshMergeUtilities (176)
[2020.10.20-08.47.34:452][105]LogModuleManager: Shutting down and abandoning module MeshReductionInterface (175)
[2020.10.20-08.47.34:452][105]LogModuleManager: Shutting down and abandoning module MeshBoneReduction (174)
[2020.10.20-08.47.34:452][105]LogModuleManager: Shutting down and abandoning module SkeletalMeshReduction (172)
[2020.10.20-08.47.34:452][105]LogModuleManager: Shutting down and abandoning module ProxyLODMeshReduction (170)
[2020.10.20-08.47.34:452][105]LogModuleManager: Shutting down and abandoning module QuadricMeshReduction (168)
[2020.10.20-08.47.34:452][105]LogModuleManager: Shutting down and abandoning module MaterialBaking (164)
[2020.10.20-08.47.34:452][105]LogModuleManager: Shutting down and abandoning module NullInstallBundleManager (159)
[2020.10.20-08.47.34:452][105]LogModuleManager: Shutting down and abandoning module PIEPreviewDeviceProfileSelector (157)
[2020.10.20-08.47.34:452][105]LogModuleManager: Shutting down and abandoning module DerivedDataCache (155)
[2020.10.20-08.47.34:452][105]LogModuleManager: Shutting down and abandoning module XGEController (153)
[2020.10.20-08.47.34:452][105]LogModuleManager: Shutting down and abandoning module TargetPlatform (151)
[2020.10.20-08.47.34:452][105]LogModuleManager: Shutting down and abandoning module VulkanShaderFormat (150)
[2020.10.20-08.47.34:452][105]LogModuleManager: Shutting down and abandoning module ShaderFormatVectorVM (148)
[2020.10.20-08.47.34:452][105]LogModuleManager: Shutting down and abandoning module ShaderFormatOpenGL (146)
[2020.10.20-08.47.34:452][105]LogModuleManager: Shutting down and abandoning module ShaderFormatD3D (144)
[2020.10.20-08.47.34:452][105]LogModuleManager: Shutting down and abandoning module MetalShaderFormat (142)
[2020.10.20-08.47.34:452][105]LogModuleManager: Shutting down and abandoning module TextureFormatUncompressed (140)
[2020.10.20-08.47.34:452][105]LogModuleManager: Shutting down and abandoning module TextureFormatPVR (138)
[2020.10.20-08.47.34:452][105]LogModuleManager: Shutting down and abandoning module TextureFormatDXT (136)
[2020.10.20-08.47.34:452][105]LogModuleManager: Shutting down and abandoning module TextureFormatIntelISPCTexComp (134)
[2020.10.20-08.47.34:452][105]LogModuleManager: Shutting down and abandoning module TextureFormatASTC (132)
[2020.10.20-08.47.34:452][105]LogModuleManager: Shutting down and abandoning module ImageWrapper (131)
[2020.10.20-08.47.34:452][105]LogModuleManager: Shutting down and abandoning module TextureFormatAndroid (128)
[2020.10.20-08.47.34:452][105]LogModuleManager: Shutting down and abandoning module AudioFormatOpus (126)
[2020.10.20-08.47.34:452][105]LogModuleManager: Shutting down and abandoning module AudioFormatOgg (124)
[2020.10.20-08.47.34:452][105]LogModuleManager: Shutting down and abandoning module AudioFormatADPCM (122)
[2020.10.20-08.47.34:452][105]LogModuleManager: Shutting down and abandoning module WindowsServerTargetPlatform (120)
[2020.10.20-08.47.34:452][105]LogModuleManager: Shutting down and abandoning module WindowsClientTargetPlatform (118)
[2020.10.20-08.47.34:452][105]LogModuleManager: Shutting down and abandoning module WindowsTargetPlatform (116)
[2020.10.20-08.47.34:452][105]LogModuleManager: Shutting down and abandoning module WindowsNoEditorTargetPlatform (114)
[2020.10.20-08.47.34:452][105]LogModuleManager: Shutting down and abandoning module InputCore (111)
[2020.10.20-08.47.34:452][105]LogModuleManager: Shutting down and abandoning module Settings (109)
[2020.10.20-08.47.34:452][105]LogModuleManager: Shutting down and abandoning module PhysXCooking (107)
[2020.10.20-08.47.34:452][105]LogModuleManager: Shutting down and abandoning module ChaosSolvers (105)
[2020.10.20-08.47.34:452][105]LogModuleManager: Shutting down and abandoning module FieldSystemEngine (104)
[2020.10.20-08.47.34:452][105]LogModuleManager: Shutting down and abandoning module Chaos (101)
[2020.10.20-08.47.34:452][105]LogModuleManager: Shutting down and abandoning module WindowsPlatformFeatures (99)
[2020.10.20-08.47.34:453][105]LogModuleManager: Shutting down and abandoning module GameplayMediaEncoder (98)
[2020.10.20-08.47.34:453][105]LogModuleManager: Shutting down and abandoning module AVEncoder (97)
[2020.10.20-08.47.34:453][105]LogModuleManager: Shutting down and abandoning module SteamVRInputDevice (93)
[2020.10.20-08.47.34:453][105]LogModuleManager: Shutting down and abandoning module SteamVRInput (91)
[2020.10.20-08.47.34:453][105]LogModuleManager: Shutting down and abandoning module SteamVR (89)
[2020.10.20-08.47.34:453][105]LogHMD: Freeing OpenVRDLLHandle.
[2020.10.20-08.47.34:453][105]LogModuleManager: Shutting down and abandoning module OculusHMD (87)
[2020.10.20-08.47.34:453][105]LogModuleManager: Shutting down and abandoning module ExampleDeviceProfileSelector (85)
[2020.10.20-08.47.34:453][105]LogModuleManager: Shutting down and abandoning module LauncherChunkInstaller (83)
[2020.10.20-08.47.34:453][105]LogModuleManager: Shutting down and abandoning module OnlineBlueprintSupport (81)
[2020.10.20-08.47.34:453][105]LogModuleManager: Shutting down and abandoning module OnlineSubsystem (77)
[2020.10.20-08.47.34:454][105]LogModuleManager: Shutting down and abandoning module XMPP (71)
[2020.10.20-08.47.34:454][105]LogModuleManager: Shutting down and abandoning module WebSockets (70)
[2020.10.20-08.47.34:490][105]LogModuleManager: Shutting down and abandoning module HTTP (67)
[2020.10.20-08.47.34:501][105]LogModuleManager: Shutting down and abandoning module SSL (66)
[2020.10.20-08.47.34:503][105]LogModuleManager: Shutting down and abandoning module WmfMedia (62)
[2020.10.20-08.47.34:505][105]LogModuleManager: Shutting down and abandoning module Media (61)
[2020.10.20-08.47.34:505][105]LogModuleManager: Shutting down and abandoning module MagicLeap (58)
[2020.10.20-08.47.34:506][105]LogModuleManager: Shutting down and abandoning module NiagaraVertexFactories (56)
[2020.10.20-08.47.34:506][105]LogModuleManager: Shutting down and abandoning module NiagaraShader (54)
[2020.10.20-08.47.34:506][105]LogModuleManager: Shutting down and abandoning module VariantManagerContent (52)
[2020.10.20-08.47.34:506][105]LogModuleManager: Shutting down and abandoning module DatasmithContent (50)
[2020.10.20-08.47.34:506][105]LogModuleManager: Shutting down and abandoning module AISupportModule (48)
[2020.10.20-08.47.34:506][105]LogModuleManager: Shutting down and abandoning module DesktopPlatform (46)
[2020.10.20-08.47.34:506][105]LogModuleManager: Shutting down and abandoning module PlatformCryptoOpenSSL (44)
[2020.10.20-08.47.34:506][105]LogModuleManager: Shutting down and abandoning module PlatformCryptoTypes (42)
[2020.10.20-08.47.34:506][105]LogModuleManager: Shutting down and abandoning module PlatformCrypto (40)
[2020.10.20-08.47.34:506][105]LogModuleManager: Shutting down and abandoning module AnimationModifiers (38)
[2020.10.20-08.47.34:506][105]LogModuleManager: Shutting down and abandoning module PropertyEditor (37)
[2020.10.20-08.47.34:506][105]LogModuleManager: Shutting down and abandoning module AudioEditor (34)
[2020.10.20-08.47.34:507][105]LogModuleManager: Shutting down and abandoning module TextureCompressor (32)
[2020.10.20-08.47.34:507][105]LogModuleManager: Shutting down and abandoning module RenderCore (30)
[2020.10.20-08.47.34:507][105]LogModuleManager: Shutting down and abandoning module Landscape (28)
[2020.10.20-08.47.34:507][105]LogModuleManager: Shutting down and abandoning module SlateRHIRenderer (26)
[2020.10.20-08.47.34:507][105]LogModuleManager: Shutting down and abandoning module OpenGLDrv (24)
[2020.10.20-08.47.34:507][105]LogModuleManager: Shutting down and abandoning module D3D11RHI (22)
[2020.10.20-08.47.34:507][105]LogModuleManager: Shutting down and abandoning module AnimGraphRuntime (20)
[2020.10.20-08.47.34:507][105]LogModuleManager: Shutting down and abandoning module Renderer (18)
[2020.10.20-08.47.34:507][105]LogModuleManager: Shutting down and abandoning module Engine (16)
[2020.10.20-08.47.34:507][105]LogModuleManager: Shutting down and abandoning module CoreUObject (14)
[2020.10.20-08.47.34:507][105]LogModuleManager: Shutting down and abandoning module NetworkFile (12)
[2020.10.20-08.47.34:507][105]LogModuleManager: Shutting down and abandoning module CookedIterativeFile (10)
[2020.10.20-08.47.34:507][105]LogModuleManager: Shutting down and abandoning module StreamingFile (8)
[2020.10.20-08.47.34:507][105]LogModuleManager: Shutting down and abandoning module SandboxFile (6)
[2020.10.20-08.47.34:507][105]LogModuleManager: Shutting down and abandoning module PakFile (4)
[2020.10.20-08.47.34:507][105]LogModuleManager: Shutting down and abandoning module RSA (3)
[2020.10.20-08.47.34:507][105]LogContentStreaming: Display: There are 1 unreleased StreamingManagers
[2020.10.20-08.47.34:508][105]LogD3D11RHI: Shutdown
[2020.10.20-08.47.34:508][105]LogD3D11RHI: CleanupD3DDevice
[2020.10.20-08.47.34:520][105]LogExit: Exiting.
[2020.10.20-08.47.34:549][105]Log file closed, 10/20/20 10:47:34
