Log file open, 11/09/20 17:46:19
LogInit: Display: Running engine for game: HideNSneakUnreal
LogPlatformFile: Not using cached read wrapper
LogTaskGraph: Started task graph with 5 named threads and 47 total threads with 3 sets of task threads.
LogStats: Stats thread started at 0.234752
LogD3D11RHI: Loaded GFSDK_Aftermath_Lib.x64.dll
LogICUInternationalization: ICU TimeZone Detection - Raw Offset: +1:00, Platform Override: ''
LogPluginManager: Mounting plugin Paper2D
LogPluginManager: Mounting plugin AdvancedSessions
LogPluginManager: Mounting plugin AdvancedSteamSessions
LogPluginManager: Mounting plugin AISupport
LogPluginManager: Mounting plugin LightPropagationVolume
LogPluginManager: Mounting plugin CameraShakePreviewer
LogPluginManager: Mounting plugin ActorLayerUtilities
LogPluginManager: Mounting plugin AnimationSharing
LogPluginManager: Mounting plugin CLionSourceCodeAccess
LogPluginManager: Mounting plugin CodeLiteSourceCodeAccess
LogPluginManager: Mounting plugin GitSourceControl
LogPluginManager: Mounting plugin KDevelopSourceCodeAccess
LogPluginManager: Mounting plugin NullSourceCodeAccess
LogPluginManager: Mounting plugin PerforceSourceControl
LogPluginManager: Mounting plugin PlasticSourceControl
LogPluginManager: Mounting plugin RiderSourceCodeAccess
LogPluginManager: Mounting plugin SubversionSourceControl
LogPluginManager: Mounting plugin UObjectPlugin
LogPluginManager: Mounting plugin VisualStudioCodeSourceCodeAccess
LogPluginManager: Mounting plugin VisualStudioSourceCodeAccess
LogPluginManager: Mounting plugin XCodeSourceCodeAccess
LogPluginManager: Mounting plugin AssetManagerEditor
LogPluginManager: Mounting plugin CryptoKeys
LogPluginManager: Mounting plugin CurveEditorTools
LogPluginManager: Mounting plugin DataValidation
LogPluginManager: Mounting plugin EditorScriptingUtilities
LogPluginManager: Mounting plugin FacialAnimation
LogPluginManager: Mounting plugin GameplayTagsEditor
LogPluginManager: Mounting plugin GeometryMode
LogPluginManager: Mounting plugin MacGraphicsSwitching
LogPluginManager: Mounting plugin MaterialAnalyzer
LogPluginManager: Mounting plugin MobileLauncherProfileWizard
LogPluginManager: Mounting plugin PluginBrowser
LogPluginManager: Mounting plugin SpeedTreeImporter
LogPluginManager: Mounting plugin DatasmithContent
LogPluginManager: Mounting plugin VariantManagerContent
LogPluginManager: Mounting plugin AlembicImporter
LogPluginManager: Mounting plugin AutomationUtils
LogPluginManager: Mounting plugin BackChannel
LogPluginManager: Mounting plugin ChaosCloth
LogPluginManager: Mounting plugin ChaosClothEditor
LogPluginManager: Mounting plugin ChaosEditor
LogPluginManager: Mounting plugin ChaosNiagara
LogPluginManager: Mounting plugin ChaosSolverPlugin
LogPluginManager: Mounting plugin CharacterAI
LogPluginManager: Mounting plugin GeometryCache
LogPluginManager: Mounting plugin GeometryCollectionPlugin
LogPluginManager: Mounting plugin GeometryProcessing
LogPluginManager: Mounting plugin PlanarCut
LogPluginManager: Mounting plugin PlatformCrypto
LogPluginManager: Mounting plugin ProxyLODPlugin
LogPluginManager: Mounting plugin SkeletalReduction
LogPluginManager: Mounting plugin Niagara
LogPluginManager: Mounting plugin MagicLeap
LogPluginManager: Mounting plugin MagicLeapLightEstimation
LogPluginManager: Mounting plugin MagicLeapMedia
LogPluginManager: Mounting plugin MagicLeapPassableWorld
LogPluginManager: Mounting plugin MLSDK
LogPluginManager: Mounting plugin AndroidMedia
LogPluginManager: Mounting plugin AvfMedia
LogPluginManager: Mounting plugin ImgMedia
LogPluginManager: Mounting plugin MediaCompositing
LogPluginManager: Mounting plugin MediaPlayerEditor
LogPluginManager: Mounting plugin WebMMedia
LogPluginManager: Mounting plugin WmfMedia
LogPluginManager: Mounting plugin MeshPainting
LogPluginManager: Mounting plugin TcpMessaging
LogPluginManager: Mounting plugin UdpMessaging
LogPluginManager: Mounting plugin ActorSequence
LogPluginManager: Mounting plugin LevelSequenceEditor
LogPluginManager: Mounting plugin MatineeToLevelSequence
LogPluginManager: Mounting plugin MovieRenderPipeline
LogPluginManager: Mounting plugin TemplateSequence
LogPluginManager: Mounting plugin NetcodeUnitTest
LogPluginManager: Mounting plugin NUTUnrealEngine4
LogPluginManager: Mounting plugin OnlineSubsystemGooglePlay
LogPluginManager: Mounting plugin OnlineSubsystemIOS
LogPluginManager: Mounting plugin OnlineSubsystem
LogPluginManager: Mounting plugin OnlineSubsystemNull
LogPluginManager: Mounting plugin OnlineSubsystemSteam
LogPluginManager: Mounting plugin OnlineSubsystemUtils
LogPluginManager: Mounting plugin LauncherChunkInstaller
LogPluginManager: Mounting plugin AndroidDeviceProfileSelector
LogPluginManager: Mounting plugin AndroidMoviePlayer
LogPluginManager: Mounting plugin AndroidPermission
LogPluginManager: Mounting plugin AppleImageUtils
LogPluginManager: Mounting plugin AppleMoviePlayer
LogPluginManager: Mounting plugin ArchVisCharacter
LogPluginManager: Mounting plugin AssetTags
LogPluginManager: Mounting plugin AudioCapture
LogPluginManager: Mounting plugin CableComponent
LogPluginManager: Mounting plugin CustomMeshComponent
LogPluginManager: Mounting plugin EditableMesh
LogPluginManager: Mounting plugin ExampleDeviceProfileSelector
LogPluginManager: Mounting plugin GoogleCloudMessaging
LogPluginManager: Mounting plugin GooglePAD
LogPluginManager: Mounting plugin IOSDeviceProfileSelector
LogPluginManager: Mounting plugin LinuxDeviceProfileSelector
LogPluginManager: Mounting plugin LocationServicesBPLibrary
LogPluginManager: Mounting plugin MobilePatchingUtils
LogPluginManager: Mounting plugin OculusVR
LogPluginManager: Mounting plugin PhysXVehicles
LogPluginManager: Mounting plugin PostSplashScreen
LogPluginManager: Mounting plugin ProceduralMeshComponent
LogPluginManager: Mounting plugin ResonanceAudio
LogPluginManager: Mounting plugin RuntimePhysXCooking
LogPluginManager: Mounting plugin SignificanceManager
LogPluginManager: Mounting plugin SoundFields
LogPluginManager: Mounting plugin SteamShared
LogPluginManager: Mounting plugin SteamVR
LogPluginManager: Mounting plugin Synthesis
LogPluginManager: Mounting plugin WebMMoviePlayer
LogPluginManager: Mounting plugin WindowsMoviePlayer
LogPluginManager: Mounting plugin ScreenshotTools
LogInit: Using libcurl 7.55.1-DEV
LogInit:  - built for x86_64-pc-win32
LogInit:  - supports SSL with OpenSSL/1.1.1
LogInit:  - supports HTTP deflate (compression) using libz 1.2.8
LogInit:  - other features:
LogInit:      CURL_VERSION_SSL
LogInit:      CURL_VERSION_LIBZ
LogInit:      CURL_VERSION_IPV6
LogInit:      CURL_VERSION_ASYNCHDNS
LogInit:      CURL_VERSION_LARGEFILE
LogInit:      CURL_VERSION_IDN
LogInit:  CurlRequestOptions (configurable via config and command line):
LogInit:  - bVerifyPeer = true  - Libcurl will verify peer certificate
LogInit:  - bUseHttpProxy = false  - Libcurl will NOT use HTTP proxy
LogInit:  - bDontReuseConnections = false  - Libcurl will reuse connections
LogInit:  - MaxHostConnections = 16  - Libcurl will limit the number of connections to a host
LogInit:  - LocalHostAddr = Default
LogInit:  - BufferSize = 65536
LogSteamShared: Display: Loading Steam SDK 1.47
LogSteamShared: Steam SDK Loaded!
LogOnline: OSS: Creating online subsystem instance for: Steam
LogOnline: Display: STEAM: OnlineSubsystemSteam::Shutdown()
LogOnline: OSS: Unable to create OnlineSubsystem module Steam
LogOnline: OSS: Creating online subsystem instance for: NULL
LogInit: WinSock: version 1.1 (2.2), MaxSocks=32767, MaxUdp=65467
LogOnline: OSS: TryLoadSubsystemAndSetDefault: Loaded subsystem for module [NULL]
LogInit: Build: ++UE4+Release-4.25-CL-13942748
LogInit: Engine Version: 4.25.3-13942748+++UE4+Release-4.25
LogInit: Compatible Engine Version: 4.25.0-13144385+++UE4+Release-4.25
LogInit: Net CL: 13144385
LogInit: OS: Windows 10 (Release 1809) (), CPU: AMD Ryzen 7 1700X Eight-Core Processor         , GPU: NVIDIA GeForce GTX 1080 Ti
LogInit: Compiled (64-bit): Jul 25 2020 02:07:48
LogInit: Compiled with Visual C++: 19.24.28315.00
LogInit: Build Configuration: Development
LogInit: Branch Name: ++UE4+Release-4.25
LogInit: Command Line: 
LogInit: Base Directory: C:/Program Files/Epic Games/UE_4.25/Engine/Binaries/Win64/
LogInit: Allocator: TBB
LogInit: Installed Engine Build: 1
LogDevObjectVersion: Number of dev versions registered: 26
LogDevObjectVersion:   Dev-Blueprints (B0D832E4-1F89-4F0D-ACCF-7EB736FD4AA2): 10
LogDevObjectVersion:   Dev-Build (E1C64328-A22C-4D53-A36C-8E866417BD8C): 0
LogDevObjectVersion:   Dev-Core (375EC13C-06E4-48FB-B500-84F0262A717E): 4
LogDevObjectVersion:   Dev-Editor (E4B068ED-F494-42E9-A231-DA0B2E46BB41): 38
LogDevObjectVersion:   Dev-Framework (CFFC743F-43B0-4480-9391-14DF171D2073): 37
LogDevObjectVersion:   Dev-Mobile (B02B49B5-BB20-44E9-A304-32B752E40360): 2
LogDevObjectVersion:   Dev-Networking (A4E4105C-59A1-49B5-A7C5-40C4547EDFEE): 0
LogDevObjectVersion:   Dev-Online (39C831C9-5AE6-47DC-9A44-9C173E1C8E7C): 0
LogDevObjectVersion:   Dev-Physics (78F01B33-EBEA-4F98-B9B4-84EACCB95AA2): 4
LogDevObjectVersion:   Dev-Platform (6631380F-2D4D-43E0-8009-CF276956A95A): 0
LogDevObjectVersion:   Dev-Rendering (12F88B9F-8875-4AFC-A67C-D90C383ABD29): 43
LogDevObjectVersion:   Dev-Sequencer (7B5AE74C-D270-4C10-A958-57980B212A5A): 12
LogDevObjectVersion:   Dev-VR (D7296918-1DD6-4BDD-9DE2-64A83CC13884): 3
LogDevObjectVersion:   Dev-LoadTimes (C2A15278-BFE7-4AFE-6C17-90FF531DF755): 1
LogDevObjectVersion:   Private-Geometry (6EACA3D4-40EC-4CC1-B786-8BED09428FC5): 3
LogDevObjectVersion:   Dev-AnimPhys (29E575DD-E0A3-4627-9D10-D276232CDCEA): 17
LogDevObjectVersion:   Dev-Anim (AF43A65D-7FD3-4947-9873-3E8ED9C1BB05): 7
LogDevObjectVersion:   Dev-ReflectionCapture (6B266CEC-1EC7-4B8F-A30B-E4D90942FC07): 1
LogDevObjectVersion:   Dev-Automation (0DF73D61-A23F-47EA-B727-89E90C41499A): 1
LogDevObjectVersion:   FortniteMain (601D1886-AC64-4F84-AA16-D3DE0DEAC7D6): 31
LogDevObjectVersion:   Dev-Enterprise (9DFFBCD6-494F-0158-E221-12823C92A888): 10
LogDevObjectVersion:   Dev-Niagara (F2AED0AC-9AFE-416F-8664-AA7FFA26D6FC): 1
LogDevObjectVersion:   Dev-Destruction (174F1F0B-B4C6-45A5-B13F-2EE8D0FB917D): 10
LogDevObjectVersion:   Dev-Physics-Ext (35F94A83-E258-406C-A318-09F59610247C): 37
LogDevObjectVersion:   Dev-PhysicsMaterial-Chaos (B68FC16E-8B1B-42E2-B453-215C058844FE): 1
LogDevObjectVersion:   Dev-CineCamera (B2E18506-4273-CFC2-A54E-F4BB758BBA07): 1
LogInit: Presizing for max 25165824 objects, including 0 objects not considered by GC, pre-allocating 0 bytes for permanent pool.
LogConfig: Applying CVar settings from Section [/Script/Engine.StreamingSettings] File [N:/PROJ/HideNSneakUnreal/Saved/Config/Windows/Engine.ini]
LogConfig: Setting CVar [[s.MinBulkDataSizeForAsyncLoading:131072]]
LogConfig: Setting CVar [[s.AsyncLoadingThreadEnabled:0]]
LogConfig: Setting CVar [[s.EventDrivenLoaderEnabled:1]]
LogConfig: Setting CVar [[s.WarnIfTimeLimitExceeded:0]]
LogConfig: Setting CVar [[s.TimeLimitExceededMultiplier:1.5]]
LogConfig: Setting CVar [[s.TimeLimitExceededMinTime:0.005]]
LogConfig: Setting CVar [[s.UseBackgroundLevelStreaming:1]]
LogConfig: Setting CVar [[s.PriorityAsyncLoadingExtraTime:15.0]]
LogConfig: Setting CVar [[s.LevelStreamingActorsUpdateTimeLimit:5.0]]
LogConfig: Setting CVar [[s.PriorityLevelStreamingActorsUpdateExtraTime:5.0]]
LogConfig: Setting CVar [[s.LevelStreamingComponentsRegistrationGranularity:10]]
LogConfig: Setting CVar [[s.UnregisterComponentsTimeLimit:1.0]]
LogConfig: Setting CVar [[s.LevelStreamingComponentsUnregistrationGranularity:5]]
LogConfig: Setting CVar [[s.FlushStreamingOnExit:1]]
LogInit: Object subsystem initialized
LogConfig: Setting CVar [[con.DebugEarlyDefault:1]]
LogConfig: Setting CVar [[r.setres:1280x720]]
[2020.11.09-16.46.19:963][  0]LogConfig: Setting CVar [[r.VSync:0]]
[2020.11.09-16.46.19:963][  0]LogConfig: Setting CVar [[r.RHICmdBypass:0]]
[2020.11.09-16.46.19:963][  0]LogConfig: Applying CVar settings from Section [/Script/Engine.RendererSettings] File [N:/PROJ/HideNSneakUnreal/Saved/Config/Windows/Engine.ini]
[2020.11.09-16.46.19:963][  0]LogConfig: Setting CVar [[r.GPUCrashDebugging:0]]
[2020.11.09-16.46.19:963][  0]LogConfig: Applying CVar settings from Section [/Script/Engine.RendererOverrideSettings] File [N:/PROJ/HideNSneakUnreal/Saved/Config/Windows/Engine.ini]
[2020.11.09-16.46.19:963][  0]LogConfig: Applying CVar settings from Section [/Script/Engine.StreamingSettings] File [N:/PROJ/HideNSneakUnreal/Saved/Config/Windows/Engine.ini]
[2020.11.09-16.46.19:963][  0]LogConfig: Setting CVar [[s.MinBulkDataSizeForAsyncLoading:131072]]
[2020.11.09-16.46.19:963][  0]LogConfig: Setting CVar [[s.AsyncLoadingThreadEnabled:0]]
[2020.11.09-16.46.19:963][  0]LogConfig: Setting CVar [[s.EventDrivenLoaderEnabled:1]]
[2020.11.09-16.46.19:963][  0]LogConfig: Setting CVar [[s.WarnIfTimeLimitExceeded:0]]
[2020.11.09-16.46.19:963][  0]LogConfig: Setting CVar [[s.TimeLimitExceededMultiplier:1.5]]
[2020.11.09-16.46.19:963][  0]LogConfig: Setting CVar [[s.TimeLimitExceededMinTime:0.005]]
[2020.11.09-16.46.19:963][  0]LogConfig: Setting CVar [[s.UseBackgroundLevelStreaming:1]]
[2020.11.09-16.46.19:963][  0]LogConfig: Setting CVar [[s.PriorityAsyncLoadingExtraTime:15.0]]
[2020.11.09-16.46.19:963][  0]LogConfig: Setting CVar [[s.LevelStreamingActorsUpdateTimeLimit:5.0]]
[2020.11.09-16.46.19:963][  0]LogConfig: Setting CVar [[s.PriorityLevelStreamingActorsUpdateExtraTime:5.0]]
[2020.11.09-16.46.19:963][  0]LogConfig: Setting CVar [[s.LevelStreamingComponentsRegistrationGranularity:10]]
[2020.11.09-16.46.19:963][  0]LogConfig: Setting CVar [[s.UnregisterComponentsTimeLimit:1.0]]
[2020.11.09-16.46.19:963][  0]LogConfig: Setting CVar [[s.LevelStreamingComponentsUnregistrationGranularity:5]]
[2020.11.09-16.46.19:963][  0]LogConfig: Setting CVar [[s.FlushStreamingOnExit:1]]
[2020.11.09-16.46.19:963][  0]LogConfig: Applying CVar settings from Section [/Script/Engine.GarbageCollectionSettings] File [N:/PROJ/HideNSneakUnreal/Saved/Config/Windows/Engine.ini]
[2020.11.09-16.46.19:963][  0]LogConfig: Setting CVar [[gc.MaxObjectsNotConsideredByGC:1]]
[2020.11.09-16.46.19:963][  0]LogConfig: Setting CVar [[gc.SizeOfPermanentObjectPool:0]]
[2020.11.09-16.46.19:963][  0]LogConfig: Setting CVar [[gc.FlushStreamingOnGC:0]]
[2020.11.09-16.46.19:963][  0]LogConfig: Setting CVar [[gc.NumRetriesBeforeForcingGC:10]]
[2020.11.09-16.46.19:963][  0]LogConfig: Setting CVar [[gc.AllowParallelGC:1]]
[2020.11.09-16.46.19:963][  0]LogConfig: Setting CVar [[gc.TimeBetweenPurgingPendingKillObjects:61.1]]
[2020.11.09-16.46.19:963][  0]LogConfig: Setting CVar [[gc.MaxObjectsInEditor:25165824]]
[2020.11.09-16.46.19:963][  0]LogConfig: Setting CVar [[gc.IncrementalBeginDestroyEnabled:1]]
[2020.11.09-16.46.19:963][  0]LogConfig: Setting CVar [[gc.CreateGCClusters:1]]
[2020.11.09-16.46.19:963][  0]LogConfig: Setting CVar [[gc.MinGCClusterSize:5]]
[2020.11.09-16.46.19:963][  0]LogConfig: Setting CVar [[gc.ActorClusteringEnabled:0]]
[2020.11.09-16.46.19:963][  0]LogConfig: Setting CVar [[gc.BlueprintClusteringEnabled:0]]
[2020.11.09-16.46.19:963][  0]LogConfig: Setting CVar [[gc.UseDisregardForGCOnDedicatedServers:0]]
[2020.11.09-16.46.19:963][  0]LogConfig: Applying CVar settings from Section [/Script/Engine.NetworkSettings] File [N:/PROJ/HideNSneakUnreal/Saved/Config/Windows/Engine.ini]
[2020.11.09-16.46.19:963][  0]LogConfig: Applying CVar settings from Section [/Script/UnrealEd.CookerSettings] File [N:/PROJ/HideNSneakUnreal/Saved/Config/Windows/Engine.ini]
[2020.11.09-16.46.19:966][  0]LogConfig: Applying CVar settings from Section [ViewDistanceQuality@3] File [N:/PROJ/HideNSneakUnreal/Saved/Config/Windows/Scalability.ini]
[2020.11.09-16.46.19:966][  0]LogConfig: Setting CVar [[r.SkeletalMeshLODBias:0]]
[2020.11.09-16.46.19:966][  0]LogConfig: Setting CVar [[r.ViewDistanceScale:1.0]]
[2020.11.09-16.46.19:966][  0]LogConfig: Applying CVar settings from Section [AntiAliasingQuality@3] File [N:/PROJ/HideNSneakUnreal/Saved/Config/Windows/Scalability.ini]
[2020.11.09-16.46.19:966][  0]LogConfig: Setting CVar [[r.PostProcessAAQuality:4]]
[2020.11.09-16.46.19:966][  0]LogConfig: Applying CVar settings from Section [ShadowQuality@3] File [N:/PROJ/HideNSneakUnreal/Saved/Config/Windows/Scalability.ini]
[2020.11.09-16.46.19:966][  0]LogConfig: Setting CVar [[r.LightFunctionQuality:1]]
[2020.11.09-16.46.19:966][  0]LogConfig: Setting CVar [[r.ShadowQuality:5]]
[2020.11.09-16.46.19:966][  0]LogConfig: Setting CVar [[r.Shadow.CSM.MaxCascades:10]]
[2020.11.09-16.46.19:966][  0]LogConfig: Setting CVar [[r.Shadow.MaxResolution:2048]]
[2020.11.09-16.46.19:966][  0]LogConfig: Setting CVar [[r.Shadow.MaxCSMResolution:2048]]
[2020.11.09-16.46.19:966][  0]LogConfig: Setting CVar [[r.Shadow.RadiusThreshold:0.01]]
[2020.11.09-16.46.19:966][  0]LogConfig: Setting CVar [[r.Shadow.DistanceScale:1.0]]
[2020.11.09-16.46.19:966][  0]LogConfig: Setting CVar [[r.Shadow.CSM.TransitionScale:1.0]]
[2020.11.09-16.46.19:966][  0]LogConfig: Setting CVar [[r.Shadow.PreShadowResolutionFactor:1.0]]
[2020.11.09-16.46.19:967][  0]LogConfig: Setting CVar [[r.DistanceFieldShadowing:1]]
[2020.11.09-16.46.19:967][  0]LogConfig: Setting CVar [[r.DistanceFieldAO:1]]
[2020.11.09-16.46.19:967][  0]LogConfig: Setting CVar [[r.AOQuality:2]]
[2020.11.09-16.46.19:967][  0]LogConfig: Setting CVar [[r.VolumetricFog:1]]
[2020.11.09-16.46.19:967][  0]LogConfig: Setting CVar [[r.VolumetricFog.GridPixelSize:8]]
[2020.11.09-16.46.19:967][  0]LogConfig: Setting CVar [[r.VolumetricFog.GridSizeZ:128]]
[2020.11.09-16.46.19:967][  0]LogConfig: Setting CVar [[r.VolumetricFog.HistoryMissSupersampleCount:4]]
[2020.11.09-16.46.19:967][  0]LogConfig: Setting CVar [[r.LightMaxDrawDistanceScale:1]]
[2020.11.09-16.46.19:967][  0]LogConfig: Setting CVar [[r.CapsuleShadows:1]]
[2020.11.09-16.46.19:967][  0]LogConfig: Applying CVar settings from Section [PostProcessQuality@3] File [N:/PROJ/HideNSneakUnreal/Saved/Config/Windows/Scalability.ini]
[2020.11.09-16.46.19:967][  0]LogConfig: Setting CVar [[r.MotionBlurQuality:4]]
[2020.11.09-16.46.19:967][  0]LogConfig: Setting CVar [[r.AmbientOcclusionMipLevelFactor:0.4]]
[2020.11.09-16.46.19:967][  0]LogConfig: Setting CVar [[r.AmbientOcclusionMaxQuality:100]]
[2020.11.09-16.46.19:967][  0]LogConfig: Setting CVar [[r.AmbientOcclusionLevels:-1]]
[2020.11.09-16.46.19:967][  0]LogConfig: Setting CVar [[r.AmbientOcclusionRadiusScale:1.0]]
[2020.11.09-16.46.19:967][  0]LogConfig: Setting CVar [[r.DepthOfFieldQuality:2]]
[2020.11.09-16.46.19:967][  0]LogConfig: Setting CVar [[r.RenderTargetPoolMin:400]]
[2020.11.09-16.46.19:967][  0]LogConfig: Setting CVar [[r.LensFlareQuality:2]]
[2020.11.09-16.46.19:967][  0]LogConfig: Setting CVar [[r.SceneColorFringeQuality:1]]
[2020.11.09-16.46.19:967][  0]LogConfig: Setting CVar [[r.EyeAdaptationQuality:2]]
[2020.11.09-16.46.19:967][  0]LogConfig: Setting CVar [[r.BloomQuality:5]]
[2020.11.09-16.46.19:967][  0]LogConfig: Setting CVar [[r.FastBlurThreshold:100]]
[2020.11.09-16.46.19:967][  0]LogConfig: Setting CVar [[r.Upscale.Quality:3]]
[2020.11.09-16.46.19:967][  0]LogConfig: Setting CVar [[r.Tonemapper.GrainQuantization:1]]
[2020.11.09-16.46.19:967][  0]LogConfig: Setting CVar [[r.LightShaftQuality:1]]
[2020.11.09-16.46.19:967][  0]LogConfig: Setting CVar [[r.Filter.SizeScale:1]]
[2020.11.09-16.46.19:967][  0]LogConfig: Setting CVar [[r.Tonemapper.Quality:5]]
[2020.11.09-16.46.19:967][  0]LogConfig: Setting CVar [[r.DOF.Gather.AccumulatorQuality:1        ; higher gathering accumulator quality]]
[2020.11.09-16.46.19:967][  0]LogConfig: Setting CVar [[r.DOF.Gather.PostfilterMethod:1          ; Median3x3 postfilering method]]
[2020.11.09-16.46.19:967][  0]LogConfig: Setting CVar [[r.DOF.Gather.EnableBokehSettings:0       ; no bokeh simulation when gathering]]
[2020.11.09-16.46.19:967][  0]LogConfig: Setting CVar [[r.DOF.Gather.RingCount:4                 ; medium number of samples when gathering]]
[2020.11.09-16.46.19:967][  0]LogConfig: Setting CVar [[r.DOF.Scatter.ForegroundCompositing:1    ; additive foreground scattering]]
[2020.11.09-16.46.19:967][  0]LogConfig: Setting CVar [[r.DOF.Scatter.BackgroundCompositing:2    ; additive background scattering]]
[2020.11.09-16.46.19:967][  0]LogConfig: Setting CVar [[r.DOF.Scatter.EnableBokehSettings:1      ; bokeh simulation when scattering]]
[2020.11.09-16.46.19:967][  0]LogConfig: Setting CVar [[r.DOF.Scatter.MaxSpriteRatio:0.1         ; only a maximum of 10% of scattered bokeh]]
[2020.11.09-16.46.19:967][  0]LogConfig: Setting CVar [[r.DOF.Recombine.Quality:1                ; cheap slight out of focus]]
[2020.11.09-16.46.19:967][  0]LogConfig: Setting CVar [[r.DOF.Recombine.EnableBokehSettings:0    ; no bokeh simulation on slight out of focus]]
[2020.11.09-16.46.19:967][  0]LogConfig: Setting CVar [[r.DOF.TemporalAAQuality:1                ; more stable temporal accumulation]]
[2020.11.09-16.46.19:967][  0]LogConfig: Setting CVar [[r.DOF.Kernel.MaxForegroundRadius:0.025]]
[2020.11.09-16.46.19:967][  0]LogConfig: Setting CVar [[r.DOF.Kernel.MaxBackgroundRadius:0.025]]
[2020.11.09-16.46.19:967][  0]LogConfig: Applying CVar settings from Section [TextureQuality@3] File [N:/PROJ/HideNSneakUnreal/Saved/Config/Windows/Scalability.ini]
[2020.11.09-16.46.19:968][  0]LogConfig: Setting CVar [[r.Streaming.MipBias:0]]
[2020.11.09-16.46.19:968][  0]LogConfig: Setting CVar [[r.Streaming.AmortizeCPUToGPUCopy:0]]
[2020.11.09-16.46.19:968][  0]LogConfig: Setting CVar [[r.Streaming.MaxNumTexturesToStreamPerFrame:0]]
[2020.11.09-16.46.19:968][  0]LogConfig: Setting CVar [[r.Streaming.Boost:1]]
[2020.11.09-16.46.19:968][  0]LogConfig: Setting CVar [[r.MaxAnisotropy:8]]
[2020.11.09-16.46.19:968][  0]LogConfig: Setting CVar [[r.VT.MaxAnisotropy:8]]
[2020.11.09-16.46.19:968][  0]LogConfig: Setting CVar [[r.Streaming.LimitPoolSizeToVRAM:0]]
[2020.11.09-16.46.19:968][  0]LogConfig: Setting CVar [[r.Streaming.PoolSize:1000]]
[2020.11.09-16.46.19:968][  0]LogConfig: Setting CVar [[r.Streaming.MaxEffectiveScreenSize:0]]
[2020.11.09-16.46.19:968][  0]LogConfig: Applying CVar settings from Section [EffectsQuality@3] File [N:/PROJ/HideNSneakUnreal/Saved/Config/Windows/Scalability.ini]
[2020.11.09-16.46.19:968][  0]LogConfig: Setting CVar [[r.TranslucencyLightingVolumeDim:64]]
[2020.11.09-16.46.19:968][  0]LogConfig: Setting CVar [[r.RefractionQuality:2]]
[2020.11.09-16.46.19:968][  0]LogConfig: Setting CVar [[r.SSR.Quality:3]]
[2020.11.09-16.46.19:968][  0]LogConfig: Setting CVar [[r.SSR.HalfResSceneColor:0]]
[2020.11.09-16.46.19:968][  0]LogConfig: Setting CVar [[r.SceneColorFormat:4]]
[2020.11.09-16.46.19:968][  0]LogConfig: Setting CVar [[r.DetailMode:2]]
[2020.11.09-16.46.19:968][  0]LogConfig: Setting CVar [[r.TranslucencyVolumeBlur:1]]
[2020.11.09-16.46.19:968][  0]LogConfig: Setting CVar [[r.MaterialQualityLevel:1 ; High quality]]
[2020.11.09-16.46.19:968][  0]LogConfig: Setting CVar [[r.SSS.Scale:1]]
[2020.11.09-16.46.19:968][  0]LogConfig: Setting CVar [[r.SSS.SampleSet:2]]
[2020.11.09-16.46.19:968][  0]LogConfig: Setting CVar [[r.SSS.Quality:1]]
[2020.11.09-16.46.19:968][  0]LogConfig: Setting CVar [[r.SSS.HalfRes:0]]
[2020.11.09-16.46.19:968][  0]LogConfig: Setting CVar [[r.SSGI.Quality:3]]
[2020.11.09-16.46.19:968][  0]LogConfig: Setting CVar [[r.EmitterSpawnRateScale:1.0]]
[2020.11.09-16.46.19:968][  0]LogConfig: Setting CVar [[r.ParticleLightQuality:2]]
[2020.11.09-16.46.19:968][  0]LogConfig: Setting CVar [[r.SkyAtmosphere.AerialPerspectiveLUT.FastApplyOnOpaque:1 ; Always have FastSkyLUT 1 in this case to avoid wrong sky]]
[2020.11.09-16.46.19:968][  0]LogConfig: Setting CVar [[r.SkyAtmosphere.AerialPerspectiveLUT.SampleCountPerSlice:1]]
[2020.11.09-16.46.19:968][  0]LogConfig: Setting CVar [[r.SkyAtmosphere.AerialPerspectiveLUT.DepthResolution:16.0]]
[2020.11.09-16.46.19:968][  0]LogConfig: Setting CVar [[r.SkyAtmosphere.FastSkyLUT:1]]
[2020.11.09-16.46.19:968][  0]LogConfig: Setting CVar [[r.SkyAtmosphere.FastSkyLUT.SampleCountMin:4.0]]
[2020.11.09-16.46.19:968][  0]LogConfig: Setting CVar [[r.SkyAtmosphere.FastSkyLUT.SampleCountMax:32.0]]
[2020.11.09-16.46.19:968][  0]LogConfig: Setting CVar [[r.SkyAtmosphere.SampleCountMin:4.0]]
[2020.11.09-16.46.19:968][  0]LogConfig: Setting CVar [[r.SkyAtmosphere.SampleCountMax:32.0]]
[2020.11.09-16.46.19:968][  0]LogConfig: Setting CVar [[r.SkyAtmosphere.TransmittanceLUT.UseSmallFormat:0]]
[2020.11.09-16.46.19:968][  0]LogConfig: Setting CVar [[r.SkyAtmosphere.TransmittanceLUT.SampleCount:10.0]]
[2020.11.09-16.46.19:968][  0]LogConfig: Setting CVar [[r.SkyAtmosphere.MultiScatteringLUT.SampleCount:15.0]]
[2020.11.09-16.46.19:968][  0]LogConfig: Applying CVar settings from Section [FoliageQuality@3] File [N:/PROJ/HideNSneakUnreal/Saved/Config/Windows/Scalability.ini]
[2020.11.09-16.46.19:968][  0]LogConfig: Setting CVar [[foliage.DensityScale:1.0]]
[2020.11.09-16.46.19:968][  0]LogConfig: Setting CVar [[grass.DensityScale:1.0]]
[2020.11.09-16.46.19:968][  0]LogConfig: Applying CVar settings from Section [ShadingQuality@3] File [N:/PROJ/HideNSneakUnreal/Saved/Config/Windows/Scalability.ini]
[2020.11.09-16.46.19:969][  0]LogConfig: Setting CVar [[r.HairStrands.SkyLighting.SampleCount:16]]
[2020.11.09-16.46.19:969][  0]LogConfig: Setting CVar [[r.HairStrands.SkyLighting.JitterIntegration:0]]
[2020.11.09-16.46.19:969][  0]LogConfig: Setting CVar [[r.HairStrands.SkyAO.SampleCount:16]]
[2020.11.09-16.46.19:969][  0]LogConfig: Setting CVar [[r.HairStrands.DeepShadow.SuperSampling:0]]
[2020.11.09-16.46.19:969][  0]LogConfig: Setting CVar [[r.HairStrands.VisibilityPPLL:0]]
[2020.11.09-16.46.19:969][  0]LogConfig: Setting CVar [[r.HairStrands.RasterizationScale:0.5]]
[2020.11.09-16.46.19:969][  0]LogConfig: Setting CVar [[r.HairStrands.VelocityRasterizationScale:1]]
[2020.11.09-16.46.19:969][  0]LogInit: Selected Device Profile: [Windows]
[2020.11.09-16.46.19:969][  0]LogInit: Applying CVar settings loaded from the selected device profile: [Windows]
[2020.11.09-16.46.19:969][  0]LogHAL: Display: Platform has ~ 32 GB [34288492544 / 34359738368 / 32], which maps to Largest [LargestMinGB=32, LargerMinGB=12, DefaultMinGB=8, SmallerMinGB=6, SmallestMinGB=0)
[2020.11.09-16.46.19:969][  0]LogInit: Going up to parent DeviceProfile []
[2020.11.09-16.46.19:969][  0]LogConfig: Applying CVar settings from Section [ViewDistanceQuality@3] File [N:/PROJ/HideNSneakUnreal/Saved/Config/Windows/Scalability.ini]
[2020.11.09-16.46.19:969][  0]LogConfig: Setting CVar [[r.SkeletalMeshLODBias:0]]
[2020.11.09-16.46.19:969][  0]LogConfig: Setting CVar [[r.ViewDistanceScale:1.0]]
[2020.11.09-16.46.19:969][  0]LogConfig: Applying CVar settings from Section [AntiAliasingQuality@3] File [N:/PROJ/HideNSneakUnreal/Saved/Config/Windows/Scalability.ini]
[2020.11.09-16.46.19:969][  0]LogConfig: Setting CVar [[r.PostProcessAAQuality:4]]
[2020.11.09-16.46.19:969][  0]LogConfig: Applying CVar settings from Section [ShadowQuality@3] File [N:/PROJ/HideNSneakUnreal/Saved/Config/Windows/Scalability.ini]
[2020.11.09-16.46.19:969][  0]LogConfig: Setting CVar [[r.LightFunctionQuality:1]]
[2020.11.09-16.46.19:969][  0]LogConfig: Setting CVar [[r.ShadowQuality:5]]
[2020.11.09-16.46.19:969][  0]LogConfig: Setting CVar [[r.Shadow.CSM.MaxCascades:10]]
[2020.11.09-16.46.19:969][  0]LogConfig: Setting CVar [[r.Shadow.MaxResolution:2048]]
[2020.11.09-16.46.19:969][  0]LogConfig: Setting CVar [[r.Shadow.MaxCSMResolution:2048]]
[2020.11.09-16.46.19:969][  0]LogConfig: Setting CVar [[r.Shadow.RadiusThreshold:0.01]]
[2020.11.09-16.46.19:969][  0]LogConfig: Setting CVar [[r.Shadow.DistanceScale:1.0]]
[2020.11.09-16.46.19:969][  0]LogConfig: Setting CVar [[r.Shadow.CSM.TransitionScale:1.0]]
[2020.11.09-16.46.19:969][  0]LogConfig: Setting CVar [[r.Shadow.PreShadowResolutionFactor:1.0]]
[2020.11.09-16.46.19:969][  0]LogConfig: Setting CVar [[r.DistanceFieldShadowing:1]]
[2020.11.09-16.46.19:969][  0]LogConfig: Setting CVar [[r.DistanceFieldAO:1]]
[2020.11.09-16.46.19:969][  0]LogConfig: Setting CVar [[r.AOQuality:2]]
[2020.11.09-16.46.19:969][  0]LogConfig: Setting CVar [[r.VolumetricFog:1]]
[2020.11.09-16.46.19:969][  0]LogConfig: Setting CVar [[r.VolumetricFog.GridPixelSize:8]]
[2020.11.09-16.46.19:969][  0]LogConfig: Setting CVar [[r.VolumetricFog.GridSizeZ:128]]
[2020.11.09-16.46.19:969][  0]LogConfig: Setting CVar [[r.VolumetricFog.HistoryMissSupersampleCount:4]]
[2020.11.09-16.46.19:970][  0]LogConfig: Setting CVar [[r.LightMaxDrawDistanceScale:1]]
[2020.11.09-16.46.19:970][  0]LogConfig: Setting CVar [[r.CapsuleShadows:1]]
[2020.11.09-16.46.19:970][  0]LogConfig: Applying CVar settings from Section [PostProcessQuality@3] File [N:/PROJ/HideNSneakUnreal/Saved/Config/Windows/Scalability.ini]
[2020.11.09-16.46.19:970][  0]LogConfig: Setting CVar [[r.MotionBlurQuality:4]]
[2020.11.09-16.46.19:970][  0]LogConfig: Setting CVar [[r.AmbientOcclusionMipLevelFactor:0.4]]
[2020.11.09-16.46.19:970][  0]LogConfig: Setting CVar [[r.AmbientOcclusionMaxQuality:100]]
[2020.11.09-16.46.19:970][  0]LogConfig: Setting CVar [[r.AmbientOcclusionLevels:-1]]
[2020.11.09-16.46.19:970][  0]LogConfig: Setting CVar [[r.AmbientOcclusionRadiusScale:1.0]]
[2020.11.09-16.46.19:970][  0]LogConfig: Setting CVar [[r.DepthOfFieldQuality:2]]
[2020.11.09-16.46.19:970][  0]LogConfig: Setting CVar [[r.RenderTargetPoolMin:400]]
[2020.11.09-16.46.19:970][  0]LogConfig: Setting CVar [[r.LensFlareQuality:2]]
[2020.11.09-16.46.19:970][  0]LogConfig: Setting CVar [[r.SceneColorFringeQuality:1]]
[2020.11.09-16.46.19:970][  0]LogConfig: Setting CVar [[r.EyeAdaptationQuality:2]]
[2020.11.09-16.46.19:970][  0]LogConfig: Setting CVar [[r.BloomQuality:5]]
[2020.11.09-16.46.19:970][  0]LogConfig: Setting CVar [[r.FastBlurThreshold:100]]
[2020.11.09-16.46.19:970][  0]LogConfig: Setting CVar [[r.Upscale.Quality:3]]
[2020.11.09-16.46.19:970][  0]LogConfig: Setting CVar [[r.Tonemapper.GrainQuantization:1]]
[2020.11.09-16.46.19:970][  0]LogConfig: Setting CVar [[r.LightShaftQuality:1]]
[2020.11.09-16.46.19:970][  0]LogConfig: Setting CVar [[r.Filter.SizeScale:1]]
[2020.11.09-16.46.19:970][  0]LogConfig: Setting CVar [[r.Tonemapper.Quality:5]]
[2020.11.09-16.46.19:970][  0]LogConfig: Setting CVar [[r.DOF.Gather.AccumulatorQuality:1        ; higher gathering accumulator quality]]
[2020.11.09-16.46.19:970][  0]LogConfig: Setting CVar [[r.DOF.Gather.PostfilterMethod:1          ; Median3x3 postfilering method]]
[2020.11.09-16.46.19:970][  0]LogConfig: Setting CVar [[r.DOF.Gather.EnableBokehSettings:0       ; no bokeh simulation when gathering]]
[2020.11.09-16.46.19:970][  0]LogConfig: Setting CVar [[r.DOF.Gather.RingCount:4                 ; medium number of samples when gathering]]
[2020.11.09-16.46.19:970][  0]LogConfig: Setting CVar [[r.DOF.Scatter.ForegroundCompositing:1    ; additive foreground scattering]]
[2020.11.09-16.46.19:970][  0]LogConfig: Setting CVar [[r.DOF.Scatter.BackgroundCompositing:2    ; additive background scattering]]
[2020.11.09-16.46.19:970][  0]LogConfig: Setting CVar [[r.DOF.Scatter.EnableBokehSettings:1      ; bokeh simulation when scattering]]
[2020.11.09-16.46.19:970][  0]LogConfig: Setting CVar [[r.DOF.Scatter.MaxSpriteRatio:0.1         ; only a maximum of 10% of scattered bokeh]]
[2020.11.09-16.46.19:970][  0]LogConfig: Setting CVar [[r.DOF.Recombine.Quality:1                ; cheap slight out of focus]]
[2020.11.09-16.46.19:970][  0]LogConfig: Setting CVar [[r.DOF.Recombine.EnableBokehSettings:0    ; no bokeh simulation on slight out of focus]]
[2020.11.09-16.46.19:970][  0]LogConfig: Setting CVar [[r.DOF.TemporalAAQuality:1                ; more stable temporal accumulation]]
[2020.11.09-16.46.19:970][  0]LogConfig: Setting CVar [[r.DOF.Kernel.MaxForegroundRadius:0.025]]
[2020.11.09-16.46.19:970][  0]LogConfig: Setting CVar [[r.DOF.Kernel.MaxBackgroundRadius:0.025]]
[2020.11.09-16.46.19:970][  0]LogConfig: Applying CVar settings from Section [TextureQuality@3] File [N:/PROJ/HideNSneakUnreal/Saved/Config/Windows/Scalability.ini]
[2020.11.09-16.46.19:970][  0]LogConfig: Setting CVar [[r.Streaming.MipBias:0]]
[2020.11.09-16.46.19:970][  0]LogConfig: Setting CVar [[r.Streaming.AmortizeCPUToGPUCopy:0]]
[2020.11.09-16.46.19:970][  0]LogConfig: Setting CVar [[r.Streaming.MaxNumTexturesToStreamPerFrame:0]]
[2020.11.09-16.46.19:970][  0]LogConfig: Setting CVar [[r.Streaming.Boost:1]]
[2020.11.09-16.46.19:970][  0]LogConfig: Setting CVar [[r.MaxAnisotropy:8]]
[2020.11.09-16.46.19:970][  0]LogConfig: Setting CVar [[r.VT.MaxAnisotropy:8]]
[2020.11.09-16.46.19:971][  0]LogConfig: Setting CVar [[r.Streaming.LimitPoolSizeToVRAM:0]]
[2020.11.09-16.46.19:971][  0]LogConfig: Setting CVar [[r.Streaming.PoolSize:1000]]
[2020.11.09-16.46.19:971][  0]LogConfig: Setting CVar [[r.Streaming.MaxEffectiveScreenSize:0]]
[2020.11.09-16.46.19:971][  0]LogConfig: Applying CVar settings from Section [EffectsQuality@3] File [N:/PROJ/HideNSneakUnreal/Saved/Config/Windows/Scalability.ini]
[2020.11.09-16.46.19:971][  0]LogConfig: Setting CVar [[r.TranslucencyLightingVolumeDim:64]]
[2020.11.09-16.46.19:971][  0]LogConfig: Setting CVar [[r.RefractionQuality:2]]
[2020.11.09-16.46.19:971][  0]LogConfig: Setting CVar [[r.SSR.Quality:3]]
[2020.11.09-16.46.19:971][  0]LogConfig: Setting CVar [[r.SSR.HalfResSceneColor:0]]
[2020.11.09-16.46.19:971][  0]LogConfig: Setting CVar [[r.SceneColorFormat:4]]
[2020.11.09-16.46.19:971][  0]LogConfig: Setting CVar [[r.DetailMode:2]]
[2020.11.09-16.46.19:971][  0]LogConfig: Setting CVar [[r.TranslucencyVolumeBlur:1]]
[2020.11.09-16.46.19:971][  0]LogConfig: Setting CVar [[r.MaterialQualityLevel:1 ; High quality]]
[2020.11.09-16.46.19:971][  0]LogConfig: Setting CVar [[r.SSS.Scale:1]]
[2020.11.09-16.46.19:971][  0]LogConfig: Setting CVar [[r.SSS.SampleSet:2]]
[2020.11.09-16.46.19:971][  0]LogConfig: Setting CVar [[r.SSS.Quality:1]]
[2020.11.09-16.46.19:971][  0]LogConfig: Setting CVar [[r.SSS.HalfRes:0]]
[2020.11.09-16.46.19:971][  0]LogConfig: Setting CVar [[r.SSGI.Quality:3]]
[2020.11.09-16.46.19:971][  0]LogConfig: Setting CVar [[r.EmitterSpawnRateScale:1.0]]
[2020.11.09-16.46.19:971][  0]LogConfig: Setting CVar [[r.ParticleLightQuality:2]]
[2020.11.09-16.46.19:971][  0]LogConfig: Setting CVar [[r.SkyAtmosphere.AerialPerspectiveLUT.FastApplyOnOpaque:1 ; Always have FastSkyLUT 1 in this case to avoid wrong sky]]
[2020.11.09-16.46.19:971][  0]LogConfig: Setting CVar [[r.SkyAtmosphere.AerialPerspectiveLUT.SampleCountPerSlice:1]]
[2020.11.09-16.46.19:971][  0]LogConfig: Setting CVar [[r.SkyAtmosphere.AerialPerspectiveLUT.DepthResolution:16.0]]
[2020.11.09-16.46.19:971][  0]LogConfig: Setting CVar [[r.SkyAtmosphere.FastSkyLUT:1]]
[2020.11.09-16.46.19:971][  0]LogConfig: Setting CVar [[r.SkyAtmosphere.FastSkyLUT.SampleCountMin:4.0]]
[2020.11.09-16.46.19:971][  0]LogConfig: Setting CVar [[r.SkyAtmosphere.FastSkyLUT.SampleCountMax:32.0]]
[2020.11.09-16.46.19:971][  0]LogConfig: Setting CVar [[r.SkyAtmosphere.SampleCountMin:4.0]]
[2020.11.09-16.46.19:971][  0]LogConfig: Setting CVar [[r.SkyAtmosphere.SampleCountMax:32.0]]
[2020.11.09-16.46.19:971][  0]LogConfig: Setting CVar [[r.SkyAtmosphere.TransmittanceLUT.UseSmallFormat:0]]
[2020.11.09-16.46.19:971][  0]LogConfig: Setting CVar [[r.SkyAtmosphere.TransmittanceLUT.SampleCount:10.0]]
[2020.11.09-16.46.19:971][  0]LogConfig: Setting CVar [[r.SkyAtmosphere.MultiScatteringLUT.SampleCount:15.0]]
[2020.11.09-16.46.19:971][  0]LogConfig: Applying CVar settings from Section [FoliageQuality@3] File [N:/PROJ/HideNSneakUnreal/Saved/Config/Windows/Scalability.ini]
[2020.11.09-16.46.19:971][  0]LogConfig: Setting CVar [[foliage.DensityScale:1.0]]
[2020.11.09-16.46.19:971][  0]LogConfig: Setting CVar [[grass.DensityScale:1.0]]
[2020.11.09-16.46.19:971][  0]LogConfig: Applying CVar settings from Section [ShadingQuality@3] File [N:/PROJ/HideNSneakUnreal/Saved/Config/Windows/Scalability.ini]
[2020.11.09-16.46.19:971][  0]LogConfig: Setting CVar [[r.HairStrands.SkyLighting.SampleCount:16]]
[2020.11.09-16.46.19:971][  0]LogConfig: Setting CVar [[r.HairStrands.SkyLighting.JitterIntegration:0]]
[2020.11.09-16.46.19:971][  0]LogConfig: Setting CVar [[r.HairStrands.SkyAO.SampleCount:16]]
[2020.11.09-16.46.19:971][  0]LogConfig: Setting CVar [[r.HairStrands.DeepShadow.SuperSampling:0]]
[2020.11.09-16.46.19:971][  0]LogConfig: Setting CVar [[r.HairStrands.VisibilityPPLL:0]]
[2020.11.09-16.46.19:971][  0]LogConfig: Setting CVar [[r.HairStrands.RasterizationScale:0.5]]
[2020.11.09-16.46.19:972][  0]LogConfig: Setting CVar [[r.HairStrands.VelocityRasterizationScale:1]]
[2020.11.09-16.46.19:972][  0]LogConfig: Applying CVar settings from Section [Startup] File [../../../Engine/Config/ConsoleVariables.ini]
[2020.11.09-16.46.19:972][  0]LogConfig: Setting CVar [[net.UseAdaptiveNetUpdateFrequency:0]]
[2020.11.09-16.46.19:972][  0]LogConfig: Setting CVar [[p.chaos.AllowCreatePhysxBodies:1]]
[2020.11.09-16.46.19:972][  0]LogConfig: Setting CVar [[fx.SkipVectorVMBackendOptimizations:1]]
[2020.11.09-16.46.19:972][  0]LogConfig: Applying CVar settings from Section [ConsoleVariables] File [N:/PROJ/HideNSneakUnreal/Saved/Config/Windows/Engine.ini]
[2020.11.09-16.46.19:972][  0]LogInit: Computer: SPLAB-17
[2020.11.09-16.46.19:972][  0]LogInit: User: abab8270
[2020.11.09-16.46.19:972][  0]LogInit: CPU Page size=4096, Cores=8
[2020.11.09-16.46.19:972][  0]LogInit: High frequency timer resolution =10.000000 MHz
[2020.11.09-16.46.19:973][  0]LogMemory: Memory total: Physical=31.9GB (32GB approx)
[2020.11.09-16.46.19:973][  0]LogMemory: Platform Memory Stats for Windows
[2020.11.09-16.46.19:973][  0]LogMemory: Process Physical Memory: 116.75 MB used, 116.76 MB peak
[2020.11.09-16.46.19:973][  0]LogMemory: Process Virtual Memory: 106.32 MB used, 106.32 MB peak
[2020.11.09-16.46.19:973][  0]LogMemory: Physical Memory: 11441.81 MB used,  21258.24 MB free, 32700.05 MB total
[2020.11.09-16.46.19:973][  0]LogMemory: Virtual Memory: 5208.93 MB used,  134212520.00 MB free, 134217728.00 MB total
[2020.11.09-16.46.19:980][  0]LogWindows: WindowsPlatformFeatures enabled
[2020.11.09-16.46.20:021][  0]LogInit: Physics initialised using underlying interface: PhysX
[2020.11.09-16.46.20:023][  0]LogInit: Using OS detected language (en-GB).
[2020.11.09-16.46.20:023][  0]LogInit: Using OS detected locale (sv-SE).
[2020.11.09-16.46.20:035][  0]LogTextLocalizationManager: No specific localization for 'en-GB' exists, so the 'en' localization will be used.
[2020.11.09-16.46.20:230][  0]LogInit: Setting process to per monitor DPI aware
[2020.11.09-16.46.20:262][  0]LogSlate: New Slate User Created.  User Index 0, Is Virtual User: 0
[2020.11.09-16.46.20:262][  0]LogSlate: Slate User Registered.  User Index 0, Is Virtual User: 0
[2020.11.09-16.46.20:416][  0]LogHMD: Failed to initialize OpenVR with code 110
[2020.11.09-16.46.20:416][  0]LogD3D11RHI: D3D11 min allowed feature level: 11_0
[2020.11.09-16.46.20:416][  0]LogD3D11RHI: D3D11 max allowed feature level: 11_0
[2020.11.09-16.46.20:416][  0]LogD3D11RHI: D3D11 adapters:
[2020.11.09-16.46.20:496][  0]LogD3D11RHI:    0. 'NVIDIA GeForce GTX 1080 Ti' (Feature Level 11_0)
[2020.11.09-16.46.20:496][  0]LogD3D11RHI:       11127/0/16350 MB DedicatedVideo/DedicatedSystem/SharedSystem, Outputs:1, VendorId:0x10de
[2020.11.09-16.46.20:499][  0]LogD3D11RHI:    1. 'Microsoft Basic Render Driver' (Feature Level 11_0)
[2020.11.09-16.46.20:499][  0]LogD3D11RHI:       0/0/16350 MB DedicatedVideo/DedicatedSystem/SharedSystem, Outputs:0, VendorId:0x1414
[2020.11.09-16.46.20:499][  0]LogD3D11RHI: Chosen D3D11 Adapter: 0
[2020.11.09-16.46.20:519][  0]LogD3D11RHI: Creating new Direct3DDevice
[2020.11.09-16.46.20:519][  0]LogD3D11RHI:     GPU DeviceId: 0x1b06 (for the marketing name, search the web for "GPU Device Id")
[2020.11.09-16.46.20:519][  0]LogWindows: EnumDisplayDevices:
[2020.11.09-16.46.20:519][  0]LogWindows:    0. 'NVIDIA GeForce GTX 1080 Ti' (P:1 D:1)
[2020.11.09-16.46.20:519][  0]LogWindows:    1. 'NVIDIA GeForce GTX 1080 Ti' (P:0 D:0)
[2020.11.09-16.46.20:520][  0]LogWindows:    2. 'NVIDIA GeForce GTX 1080 Ti' (P:0 D:0)
[2020.11.09-16.46.20:520][  0]LogWindows:    3. 'NVIDIA GeForce GTX 1080 Ti' (P:0 D:0)
[2020.11.09-16.46.20:520][  0]LogWindows: DebugString: FoundDriverCount:4 
[2020.11.09-16.46.20:520][  0]LogD3D11RHI:     Adapter Name: NVIDIA GeForce GTX 1080 Ti
[2020.11.09-16.46.20:520][  0]LogD3D11RHI:   Driver Version: 431.60 (internal:26.21.14.3160, unified:431.60)
[2020.11.09-16.46.20:520][  0]LogD3D11RHI:      Driver Date: 7-17-2019
[2020.11.09-16.46.20:520][  0]LogRHI: Texture pool is 7788 MB (70% of 11127 MB)
[2020.11.09-16.46.20:590][  0]LogD3D11RHI: RHI has support for 64 bit atomics
[2020.11.09-16.46.20:591][  0]LogD3D11RHI: [Aftermath] Enabled and primed
[2020.11.09-16.46.20:591][  0]LogD3D11RHI: Async texture creation enabled
[2020.11.09-16.46.20:591][  0]LogD3D11RHI: Array index from any shader is supported
[2020.11.09-16.46.20:634][  0]LogD3D11RHI: HDR output is supported on display 0 (NvId: 0x80061087).
[2020.11.09-16.46.20:655][  0]LogD3D11RHI: GPU Timing Frequency: 1000.000000 (Debug: 2 1)
[2020.11.09-16.46.20:992][  0]LogTargetPlatformManager: Display: Loaded TargetPlatform 'AllDesktop'
[2020.11.09-16.46.21:032][  0]LogTargetPlatformManager: Display: Loaded TargetPlatform 'Android'
[2020.11.09-16.46.21:033][  0]LogTargetPlatformManager: Display: Loaded TargetPlatform 'Android_ASTC'
[2020.11.09-16.46.21:033][  0]LogTargetPlatformManager: Display: Loaded TargetPlatform 'Android_DXT'
[2020.11.09-16.46.21:033][  0]LogTargetPlatformManager: Display: Loaded TargetPlatform 'Android_ETC2'
[2020.11.09-16.46.21:033][  0]LogTargetPlatformManager: Display: Loaded TargetPlatform 'AndroidClient'
[2020.11.09-16.46.21:033][  0]LogTargetPlatformManager: Display: Loaded TargetPlatform 'Android_ASTCClient'
[2020.11.09-16.46.21:033][  0]LogTargetPlatformManager: Display: Loaded TargetPlatform 'Android_DXTClient'
[2020.11.09-16.46.21:033][  0]LogTargetPlatformManager: Display: Loaded TargetPlatform 'Android_ETC2Client'
[2020.11.09-16.46.21:033][  0]LogTargetPlatformManager: Display: Loaded TargetPlatform 'Android_Multi'
[2020.11.09-16.46.21:033][  0]LogTargetPlatformManager: Display: Loaded TargetPlatform 'Android_MultiClient'
[2020.11.09-16.46.21:073][  0]LogTargetPlatformManager: Display: Loaded TargetPlatform 'IOSClient'
[2020.11.09-16.46.21:073][  0]LogTargetPlatformManager: Display: Loaded TargetPlatform 'IOS'
[2020.11.09-16.46.21:088][  0]LogTargetPlatformManager: Display: Loaded TargetPlatform 'Linux'
[2020.11.09-16.46.21:101][  0]LogTargetPlatformManager: Display: Loaded TargetPlatform 'LinuxNoEditor'
[2020.11.09-16.46.21:114][  0]LogTargetPlatformManager: Display: Loaded TargetPlatform 'LinuxClient'
[2020.11.09-16.46.21:127][  0]LogTargetPlatformManager: Display: Loaded TargetPlatform 'LinuxServer'
[2020.11.09-16.46.21:139][  0]LogTargetPlatformManager: Display: Loaded TargetPlatform 'LinuxAArch64NoEditor'
[2020.11.09-16.46.21:153][  0]LogTargetPlatformManager: Display: Loaded TargetPlatform 'LinuxAArch64Client'
[2020.11.09-16.46.21:168][  0]LogTargetPlatformManager: Display: Loaded TargetPlatform 'LinuxAArch64Server'
[2020.11.09-16.46.21:207][  0]LogTargetPlatformManager: Display: Loaded TargetPlatform 'Lumin'
[2020.11.09-16.46.21:207][  0]LogTargetPlatformManager: Display: Loaded TargetPlatform 'LuminClient'
[2020.11.09-16.46.21:230][  0]LogTargetPlatformManager: Display: Loaded TargetPlatform 'TVOSClient'
[2020.11.09-16.46.21:230][  0]LogTargetPlatformManager: Display: Loaded TargetPlatform 'TVOS'
[2020.11.09-16.46.21:243][  0]LogTargetPlatformManager: Display: Loaded TargetPlatform 'WindowsNoEditor'
[2020.11.09-16.46.21:256][  0]LogTargetPlatformManager: Display: Loaded TargetPlatform 'Windows'
[2020.11.09-16.46.21:268][  0]LogTargetPlatformManager: Display: Loaded TargetPlatform 'WindowsClient'
[2020.11.09-16.46.21:281][  0]LogTargetPlatformManager: Display: Loaded TargetPlatform 'WindowsServer'
[2020.11.09-16.46.21:281][  0]LogTargetPlatformManager: Display: Building Assets For Windows
[2020.11.09-16.46.21:289][  0]LogAudioDebug: Display: Lib vorbis DLL was dynamically loaded.
[2020.11.09-16.46.21:358][  0]LogShaderCompilers: Guid format shader working directory is 24 characters bigger than the processId version (N:/PROJ/HideNSneakUnreal/Intermediate/Shaders/WorkingDirectory/10640/).
[2020.11.09-16.46.21:358][  0]LogShaderCompilers: Cleaned the shader compiler working directory 'C:/Users/abab8270/AppData/Local/Temp/UnrealShaderWorkingDir/1C8FE9F34A6003AB787CD8AACEA76BA8/'.
[2020.11.09-16.46.21:359][  0]LogXGEController: Cleaning working directory: C:/Users/abab8270/AppData/Local/Temp/UnrealXGEWorkingDir/
[2020.11.09-16.46.21:359][  0]LogXGEController: Cannot use XGE Controller as Incredibuild is not installed on this machine.
[2020.11.09-16.46.21:359][  0]LogShaderCompilers: Cannot use XGE Shader Compiler as Incredibuild is not installed on this machine.
[2020.11.09-16.46.21:359][  0]LogShaderCompilers: Display: Using Local Shader Compiler.
[2020.11.09-16.46.22:242][  0]LogDerivedDataCache: Display: Max Cache Size: 512 MB
[2020.11.09-16.46.22:290][  0]LogDerivedDataCache: Loaded boot cache 0.05s 76MB C:/Users/abab8270/AppData/Local/UnrealEngine/4.25/DerivedDataCache/Boot.ddc.
[2020.11.09-16.46.22:290][  0]LogDerivedDataCache: Display: Loaded Boot cache: C:/Users/abab8270/AppData/Local/UnrealEngine/4.25/DerivedDataCache/Boot.ddc
[2020.11.09-16.46.22:290][  0]LogDerivedDataCache: FDerivedDataBackendGraph:  Pak pak cache file N:/PROJ/HideNSneakUnreal/DerivedDataCache/DDC.ddp not found, will not use a pak cache.
[2020.11.09-16.46.22:290][  0]LogDerivedDataCache: Unable to find inner node Pak for hierarchical cache Hierarchy.
[2020.11.09-16.46.22:291][  0]LogDerivedDataCache: FDerivedDataBackendGraph:  CompressedPak pak cache file N:/PROJ/HideNSneakUnreal/DerivedDataCache/Compressed.ddp not found, will not use a pak cache.
[2020.11.09-16.46.22:291][  0]LogDerivedDataCache: Unable to find inner node CompressedPak for hierarchical cache Hierarchy.
[2020.11.09-16.46.22:311][  0]LogDerivedDataCache: Display: Pak cache opened for reading ../../../Engine/DerivedDataCache/Compressed.ddp.
[2020.11.09-16.46.22:311][  0]LogDerivedDataCache: FDerivedDataBackendGraph:  EnterprisePak pak cache file ../../../Enterprise/DerivedDataCache/Compressed.ddp not found, will not use a pak cache.
[2020.11.09-16.46.22:311][  0]LogDerivedDataCache: Unable to find inner node EnterprisePak for hierarchical cache Hierarchy.
[2020.11.09-16.46.22:313][  0]LogDerivedDataCache: Using Local data cache path C:/Users/abab8270/AppData/Local/UnrealEngine/Common/DerivedDataCache: Writable
[2020.11.09-16.46.22:313][  0]LogDerivedDataCache: Shared data cache path not found in *engine.ini, will not use an Shared cache.
[2020.11.09-16.46.22:313][  0]LogDerivedDataCache: Unable to find inner node Shared for hierarchical cache Hierarchy.
[2020.11.09-16.46.22:368][  0]LogSlate: Using FreeType 2.10.0
[2020.11.09-16.46.22:369][  0]LogSlate: SlateFontServices - WITH_FREETYPE: 1, WITH_HARFBUZZ: 1
[2020.11.09-16.46.22:397][  0]LogAssetRegistry: FAssetRegistry took 0.0031 seconds to start up
[2020.11.09-16.46.22:669][  0]LogInit: Selected Device Profile: [Windows]
[2020.11.09-16.46.22:800][  0]LogMeshReduction: Using QuadricMeshReduction for automatic static mesh reduction
[2020.11.09-16.46.22:800][  0]LogMeshReduction: Using SimplygonMeshReduction for automatic skeletal mesh reduction
[2020.11.09-16.46.22:800][  0]LogMeshReduction: Using ProxyLODMeshReduction for automatic mesh merging
[2020.11.09-16.46.22:800][  0]LogMeshReduction: No distributed automatic mesh merging module available
[2020.11.09-16.46.22:800][  0]LogMeshMerging: No distributed automatic mesh merging module available
[2020.11.09-16.46.22:816][  0]LogNetVersion: HideNSneakUnreal 1.0.0, NetCL: 13144385, EngineNetVer: 14, GameNetVer: 0 (Checksum: 3367979030)
[2020.11.09-16.46.23:318][  0]LogAISub: UAISubsystem::UAISubsystem AISubsystem (000001F5F30B6AC0), frame # 0
[2020.11.09-16.46.23:318][  0]LogAISub: UAISubsystem::UAISubsystem AIPerceptionSystem (000001F5F30887C0), frame # 0
[2020.11.09-16.46.23:319][  0]LogAISub: UAISubsystem::UAISubsystem EnvQueryManager (000001F5F30D0800), frame # 0
[2020.11.09-16.46.23:749][  0]LogPackageLocalizationCache: Processed 20 localized package path(s) for 1 prioritized culture(s) in 0.422625 seconds
[2020.11.09-16.46.23:757][  0]LogUObjectArray: 15934 objects as part of root set at end of initial load.
[2020.11.09-16.46.23:757][  0]LogUObjectAllocator: 3978976 out of 0 bytes used by permanent object pool.
[2020.11.09-16.46.23:757][  0]LogUObjectArray: CloseDisregardForGC: 0/0 objects in disregard for GC pool
[2020.11.09-16.46.24:162][  0]LogTcpMessaging: Initializing TcpMessaging bridge
[2020.11.09-16.46.24:168][  0]LogUdpMessaging: Initializing bridge on interface 0.0.0.0:0 to multicast group 230.0.0.1:6666.
[2020.11.09-16.46.24:168][  0]LogDirectoryWatcher: A directory notification failed for 'N:/PROJ/HideNSneakUnreal/Content/' because it was empty or there was a buffer overflow. Attemping another request...
[2020.11.09-16.46.24:168][  0]LogDirectoryWatcher: A directory notification failed for 'N:/PROJ/HideNSneakUnreal/Content/' because it was empty or there was a buffer overflow. Attemping another request...
[2020.11.09-16.46.24:168][  0]LogDirectoryWatcher: A directory notification failed for 'N:/PROJ/HideNSneakUnreal/Binaries/Win64' because it was empty or there was a buffer overflow. Attemping another request...
[2020.11.09-16.46.24:169][  0]LogDirectoryWatcher: A directory notification failed for 'N:/PROJ/HideNSneakUnreal/Content/' because it was empty or there was a buffer overflow. Attemping another request...
[2020.11.09-16.46.24:169][  0]LogDirectoryWatcher: A directory notification failed for 'N:/PROJ/HideNSneakUnreal/Content/', and we were unable to create a new request.
[2020.11.09-16.46.24:169][  0]LogDirectoryWatcher: A directory notification failed for 'N:/PROJ/HideNSneakUnreal/Content/' because it was empty or there was a buffer overflow. Attemping another request...
[2020.11.09-16.46.24:170][  0]LogDirectoryWatcher: A directory notification failed for 'N:/PROJ/HideNSneakUnreal/Content/', and we were unable to create a new request.
[2020.11.09-16.46.24:170][  0]LogDirectoryWatcher: A directory notification failed for 'N:/PROJ/HideNSneakUnreal/Binaries/Win64' because it was empty or there was a buffer overflow. Attemping another request...
[2020.11.09-16.46.24:170][  0]LogDirectoryWatcher: A directory notification failed for 'N:/PROJ/HideNSneakUnreal/Binaries/Win64', and we were unable to create a new request.
[2020.11.09-16.46.24:316][  0]SourceControl: Source control is disabled
[2020.11.09-16.46.24:316][  0]SourceControl: Source control is disabled
[2020.11.09-16.46.24:320][  0]SourceControl: Source control is disabled
[2020.11.09-16.46.24:323][  0]SourceControl: Source control is disabled
[2020.11.09-16.46.24:331][  0]SourceControl: Source control is disabled
[2020.11.09-16.46.24:605][  0]LogAndroidPermission: UAndroidPermissionCallbackProxy::GetInstance
[2020.11.09-16.46.24:627][  0]LogAudioCaptureCore: Display: No Audio Capture implementations found. Audio input will be silent.
[2020.11.09-16.46.24:627][  0]LogAudioCaptureCore: Display: No Audio Capture implementations found. Audio input will be silent.
[2020.11.09-16.46.24:682][  0]LogOcInput: OculusInput pre-init called
[2020.11.09-16.46.24:692][  0]LogWindows: Failed to load 'OVRPlugin.dll' (GetLastError=126)
[2020.11.09-16.46.24:693][  0]LogWindows: File 'OVRPlugin.dll' does not exist
[2020.11.09-16.46.24:766][  0]LogEngine: Initializing Engine...
[2020.11.09-16.46.24:767][  0]LogHMD: Failed to initialize OpenVR with code 110
[2020.11.09-16.46.24:767][  0]LogMagicLeap: Warning: VR disabled because ZI is not enabled.  To enable, in the editor, Edit -> Project Settings -> Plugins -> Magic Leap Plugin -> Enable Zero Iteration
[2020.11.09-16.46.24:768][  0]LogStats: UGameplayTagsManager::InitializeManager -  0.000 s
[2020.11.09-16.46.24:973][  0]LogInit: Initializing FReadOnlyCVARCache
[2020.11.09-16.46.24:984][  0]LogAIModule: Creating AISystem for world Untitled
[2020.11.09-16.46.24:984][  0]LogAISub: UAISubsystem::UAISubsystem EnvQueryManager (000001F5FAE87C00), frame # 0
[2020.11.09-16.46.24:984][  0]LogAISub: UAISubsystem::UAISubsystem AIPerceptionSystem (000001F5FAEC9F80), frame # 0
[2020.11.09-16.46.24:991][  0]LogAudioMixer: Display: Audio Mixer Platform Settings:
[2020.11.09-16.46.24:991][  0]LogAudioMixer: Display: 	Sample Rate:						  48000
[2020.11.09-16.46.24:991][  0]LogAudioMixer: Display: 	Callback Buffer Frame Size Requested: 1024
[2020.11.09-16.46.24:991][  0]LogAudioMixer: Display: 	Callback Buffer Frame Size To Use:	  1024
[2020.11.09-16.46.24:991][  0]LogAudioMixer: Display: 	Number of buffers to queue:			  2
[2020.11.09-16.46.24:991][  0]LogAudioMixer: Display: 	Max Channels (voices):				  32
[2020.11.09-16.46.24:991][  0]LogAudioMixer: Display: 	Number of Async Source Workers:		  0
[2020.11.09-16.46.24:991][  0]LogAudio: Display: AudioDevice MaxSources: 32
[2020.11.09-16.46.25:009][  0]LogAudio: Display: Using built-in audio occlusion.
[2020.11.09-16.46.25:009][  0]LogAudioMixer: Display: Initializing audio mixer.
[2020.11.09-16.46.25:021][  0]LogAudioMixer: Display: 0: FrontLeft
[2020.11.09-16.46.25:021][  0]LogAudioMixer: Display: 1: FrontRight
[2020.11.09-16.46.25:059][  0]LogAudioMixer: Display: Using Audio Device Headset Earphone (HyperX Virtual Surround Sound)
[2020.11.09-16.46.25:060][  0]LogAudioMixer: Display: Initializing Sound Submixes...
[2020.11.09-16.46.25:064][  0]LogAudioMixer: Display: Creating Master Submix 'MasterSubmixDefault'
[2020.11.09-16.46.25:064][  0]LogAudioMixer: Display: Creating Master Submix 'MasterReverbSubmixDefault'
[2020.11.09-16.46.25:065][  0]LogAudioMixer: Display: Creating Master Submix 'MasterEQSubmixDefault'
[2020.11.09-16.46.25:067][  0]LogInit: FAudioDevice initialized.
[2020.11.09-16.46.25:067][  0]LogNetVersion: Set ProjectVersion to 1.0.0.0. Version Checksum will be recalculated on next use.
[2020.11.09-16.46.25:134][  0]LogDerivedDataCache: Saved boot cache 0.07s 76MB C:/Users/abab8270/AppData/Local/UnrealEngine/4.25/DerivedDataCache/Boot.ddc.
[2020.11.09-16.46.25:144][  0]LogInit: Texture streaming: Enabled
[2020.11.09-16.46.25:164][  0]LogEngineSessionManager: EngineSessionManager initialized
[2020.11.09-16.46.25:164][  0]LogEngineSessionManager: EngineSessionManager sent abnormal shutdown report. Type=Crashed, SessionId={D3EC1F8E-4AF5-9201-7073-A08E3DBE58DD}
[2020.11.09-16.46.25:164][  0]LogEditorSessionSummary: Verbose: Initializing EditorSessionSummaryWriter for editor session tracking
[2020.11.09-16.46.25:166][  0]LogEditorSessionSummary: EditorSessionSummaryWriter initialized
[2020.11.09-16.46.25:327][  0]LogInit: Transaction tracking system initialized
[2020.11.09-16.46.25:358][  0]BlueprintLog: New page: Editor Load
[2020.11.09-16.46.25:466][  0]LocalizationService: Localization service is disabled
[2020.11.09-16.46.25:690][  0]LogCook: Display: Max memory allowance for cook 16384mb min free memory 0mb
[2020.11.09-16.46.25:690][  0]LogCook: Display: Mobile HDR setting 1
[2020.11.09-16.46.25:864][  0]LogFileCache: Scanning file cache for directory 'N:/PROJ/HideNSneakUnreal/Content/' took 0.02s
[2020.11.09-16.46.26:068][  0]SourceControl: Source control is disabled
[2020.11.09-16.46.26:068][  0]LogUnrealEdMisc: Loading editor; pre map load, took 8.375
[2020.11.09-16.46.26:068][  0]Cmd: MAP LOAD FILE="N:/PROJ/HideNSneakUnreal/Content/ThirdPersonBP/Maps/ThirdPersonExampleMap.umap" TEMPLATE=0 SHOWPROGRESS=1 FEATURELEVEL=3
[2020.11.09-16.46.26:069][  0]LightingResults: New page: Lighting Build
[2020.11.09-16.46.26:069][  0]LogWorld: UWorld::CleanupWorld for Untitled, bSessionEnded=true, bCleanupResources=true
[2020.11.09-16.46.26:069][  0]LogSlate: InvalidateAllWidgets triggered.  All widgets were invalidated
[2020.11.09-16.46.26:070][  0]MapCheck: New page: Map Check
[2020.11.09-16.46.26:070][  0]LightingResults: New page: Lighting Build
[2020.11.09-16.46.26:093][  0]LogAISub: UAISubsystem::~UAISubsystem EnvQueryManager (000001F5FAE87C00), frame # 0
[2020.11.09-16.46.26:093][  0]LogAISub: UAISubsystem::~UAISubsystem AIPerceptionSystem (000001F5FAEC9F80), frame # 0
[2020.11.09-16.46.26:094][  0]LogUObjectHash: Compacting FUObjectHashTables data took   0.76ms
[2020.11.09-16.46.26:356][  0]LogBlueprint: Warning: [Compiler ThirdPersonCharacter] InputAction Event references unknown Action 'ResetVR' for  InputAction ResetVR
[2020.11.09-16.46.26:662][  0]LogAIModule: Creating AISystem for world ThirdPersonExampleMap
[2020.11.09-16.46.26:662][  0]LogAISub: UAISubsystem::UAISubsystem EnvQueryManager (000001F58DF45E00), frame # 0
[2020.11.09-16.46.26:662][  0]LogAISub: UAISubsystem::UAISubsystem AIPerceptionSystem (000001F58DFA1BC0), frame # 0
[2020.11.09-16.46.26:687][  0]LogEditorServer: Finished looking for orphan Actors (0.000 secs)
[2020.11.09-16.46.26:713][  0]LogUObjectHash: Compacting FUObjectHashTables data took   1.49ms
[2020.11.09-16.46.26:714][  0]Cmd: MAP CHECKDEP NOCLEARLOG
[2020.11.09-16.46.26:714][  0]MapCheck: Map check complete: 0 Error(s), 0 Warning(s), took 0,319ms to complete.
[2020.11.09-16.46.26:714][  0]LogFileHelpers: Loading map 'ThirdPersonExampleMap' took 0.647
[2020.11.09-16.46.26:718][  0]LogUnrealEdMisc: Total Editor Startup Time, took 9.025
[2020.11.09-16.46.26:868][  0]LogSlate: Updating window title bar state: overlay mode, drag disabled, window buttons hidden, title bar hidden
[2020.11.09-16.46.26:877][  0]LogSlate: Updating window title bar state: overlay mode, drag disabled, window buttons hidden, title bar hidden
[2020.11.09-16.46.26:886][  0]LogSlate: Updating window title bar state: overlay mode, drag disabled, window buttons hidden, title bar hidden
[2020.11.09-16.46.26:897][  0]LogSlate: Updating window title bar state: overlay mode, drag disabled, window buttons hidden, title bar hidden
[2020.11.09-16.46.26:914][  0]LogCollectionManager: Loaded 0 collections in 0.009132 seconds
[2020.11.09-16.46.26:933][  0]LogFileCache: Scanning file cache for directory 'N:/PROJ/HideNSneakUnreal/Saved/Collections/' took 0.00s
[2020.11.09-16.46.26:933][  0]LogFileCache: Scanning file cache for directory 'N:/PROJ/HideNSneakUnreal/Content/Developers/abab8270/Collections/' took 0.00s
[2020.11.09-16.46.26:933][  0]LogFileCache: Scanning file cache for directory 'N:/PROJ/HideNSneakUnreal/Content/Collections/' took 0.00s
[2020.11.09-16.46.26:933][  0]LogContentBrowser: Native class hierarchy populated in 0.0141 seconds. Added 3467 classes and 839 folders.
[2020.11.09-16.46.26:936][  0]LogContentBrowser: Native class hierarchy updated for 'WidgetCarousel' in 0.0005 seconds. Added 0 classes and 0 folders.
[2020.11.09-16.46.26:989][  0]LogContentBrowser: Native class hierarchy updated for 'AddContentDialog' in 0.0010 seconds. Added 0 classes and 0 folders.
[2020.11.09-16.46.26:991][  0]LogContentBrowser: Native class hierarchy updated for 'SceneOutliner' in 0.0004 seconds. Added 2 classes and 0 folders.
[2020.11.09-16.46.27:648][  0]LogSlate: Took 0.000238 seconds to synchronously load lazily loaded font '../../../Engine/Content/Slate/Fonts/Roboto-Regular.ttf' (155K)
[2020.11.09-16.46.27:651][  0]LogSlate: Took 0.000191 seconds to synchronously load lazily loaded font '../../../Engine/Content/Slate/Fonts/Roboto-Bold.ttf' (160K)
[2020.11.09-16.46.27:659][  0]LogSlate: Took 0.000260 seconds to synchronously load lazily loaded font '../../../Engine/Content/Editor/Slate/Fonts/FontAwesome.ttf' (139K)
[2020.11.09-16.46.27:751][  0]LogRenderer: Reallocating scene render targets to support 2172x808 Format 10 NumSamples 1 (Frame:1).
[2020.11.09-16.46.27:934][  0]LogContentBrowser: Native class hierarchy updated for 'HierarchicalLODOutliner' in 0.0031 seconds. Added 0 classes and 0 folders.
[2020.11.09-16.46.27:935][  0]LogLoad: (Engine Initialization) Total time: 10.24 seconds
[2020.11.09-16.46.27:935][  0]LogLoad: (Engine Initialization) Total Blueprint compile time: 0.00 seconds
[2020.11.09-16.46.28:029][  0]LogAssetRegistry: Asset discovery search completed in 5.6338 seconds
[2020.11.09-16.46.28:034][  0]LogCollectionManager: Fixed up redirectors for 0 collections in 0.000003 seconds (updated 0 objects)
[2020.11.09-16.46.28:034][  0]LogDirectoryWatcher: A directory notification failed for 'N:/PROJ/HideNSneakUnreal/Saved/Collections/' because it was empty or there was a buffer overflow. Attemping another request...
[2020.11.09-16.46.28:034][  0]LogDirectoryWatcher: A directory notification failed for 'N:/PROJ/HideNSneakUnreal/Content/Developers/abab8270/Collections/' because it was empty or there was a buffer overflow. Attemping another request...
[2020.11.09-16.46.28:034][  0]LogDirectoryWatcher: A directory notification failed for 'N:/PROJ/HideNSneakUnreal/Content/Collections/' because it was empty or there was a buffer overflow. Attemping another request...
[2020.11.09-16.46.28:036][  0]LogContentStreaming: Texture pool size now 1000 MB
[2020.11.09-16.46.28:124][  1]LogDirectoryWatcher: A directory notification failed for 'N:/PROJ/HideNSneakUnreal/Saved/Collections/' because it was empty or there was a buffer overflow. Attemping another request...
[2020.11.09-16.46.28:124][  1]LogDirectoryWatcher: A directory notification failed for 'N:/PROJ/HideNSneakUnreal/Saved/Collections/', and we were unable to create a new request.
[2020.11.09-16.46.28:125][  1]LogDirectoryWatcher: A directory notification failed for 'N:/PROJ/HideNSneakUnreal/Content/Developers/abab8270/Collections/' because it was empty or there was a buffer overflow. Attemping another request...
[2020.11.09-16.46.28:125][  1]LogDirectoryWatcher: A directory notification failed for 'N:/PROJ/HideNSneakUnreal/Content/Developers/abab8270/Collections/', and we were unable to create a new request.
[2020.11.09-16.46.28:125][  1]LogDirectoryWatcher: A directory notification failed for 'N:/PROJ/HideNSneakUnreal/Content/Collections/' because it was empty or there was a buffer overflow. Attemping another request...
[2020.11.09-16.46.28:125][  1]LogDirectoryWatcher: A directory notification failed for 'N:/PROJ/HideNSneakUnreal/Content/Collections/', and we were unable to create a new request.
[2020.11.09-16.46.33:195][149]LogFileCache: Retrieving MD5 hashes for directory 'N:/PROJ/HideNSneakUnreal/Content/' took 5.25s
[2020.11.09-16.48.22:346][281]LogSlate: Took 0.000193 seconds to synchronously load lazily loaded font '../../../Engine/Content/Slate/Fonts/Roboto-Light.ttf' (167K)
[2020.11.09-16.48.22:445][281]LogUObjectHash: Compacting FUObjectHashTables data took   1.18ms
[2020.11.09-16.48.23:321][281]LogSavePackage: Moving 'N:/PROJ/HideNSneakUnreal/Saved/ThirdPersonExampleMap5F84F18C408761EBF03C2198778C2A1E.tmp' to 'N:/PROJ/HideNSneakUnreal/Content/ThirdPersonBP/Maps/ThirdPersonExampleMap.umap'
[2020.11.09-16.48.23:602][281]AssetCheck: New page: Asset Save: ThirdPersonExampleMap
[2020.11.09-16.48.23:602][281]LogContentValidation: Display: Validating World /Game/ThirdPersonBP/Maps/ThirdPersonExampleMap.ThirdPersonExampleMap
[2020.11.09-16.48.29:444][571]LogTemp: Repeating last play command: Selected Viewport
[2020.11.09-16.48.29:470][571]LogPlayLevel: PlayLevel: No blueprints needed recompiling
[2020.11.09-16.48.29:470][571]PIE: New page: PIE session: ThirdPersonExampleMap (9 nov. 2020 18:48:29)
[2020.11.09-16.48.29:472][571]LogOnline: OSS: Creating online subsystem instance for: Steam
[2020.11.09-16.48.29:472][571]LogOnline: Display: STEAM: OnlineSubsystemSteam::Shutdown()
[2020.11.09-16.48.29:472][571]LogOnline: OSS: Creating online subsystem instance for: NULL
[2020.11.09-16.48.29:473][571]LogOnline: OSS: TryLoadSubsystemAndSetDefault: Loaded subsystem for module [NULL]
[2020.11.09-16.48.29:473][571]LogPlayLevel: Creating play world package: /Game/ThirdPersonBP/Maps/UEDPIE_0_ThirdPersonExampleMap
[2020.11.09-16.48.29:485][571]LogPlayLevel: PIE: StaticDuplicateObject took: (0.011507s)
[2020.11.09-16.48.29:486][571]LogAIModule: Creating AISystem for world ThirdPersonExampleMap
[2020.11.09-16.48.29:486][571]LogAISub: UAISubsystem::UAISubsystem EnvQueryManager (000001F6261AC800), frame # 1571
[2020.11.09-16.48.29:486][571]LogAISub: UAISubsystem::UAISubsystem AIPerceptionSystem (000001F5F2847100), frame # 1571
[2020.11.09-16.48.29:486][571]LogPlayLevel: PIE: World Init took: (0.001343s)
[2020.11.09-16.48.29:486][571]LogPlayLevel: PIE: Created PIE world by copying editor world from /Game/ThirdPersonBP/Maps/ThirdPersonExampleMap.ThirdPersonExampleMap to /Game/ThirdPersonBP/Maps/UEDPIE_0_ThirdPersonExampleMap.ThirdPersonExampleMap (0.013016s)
[2020.11.09-16.48.29:501][571]LogUObjectHash: Compacting FUObjectHashTables data took   0.76ms
[2020.11.09-16.48.29:502][571]LogLoad: Game class is 'GameInstance_C'
[2020.11.09-16.48.29:505][571]LogWorld: Bringing World /Game/ThirdPersonBP/Maps/UEDPIE_0_ThirdPersonExampleMap.ThirdPersonExampleMap up for play (max tick rate 0) at 2020.11.09-17.48.29
[2020.11.09-16.48.29:506][571]LogWorld: Bringing up level for play took: 0.002639
[2020.11.09-16.48.29:506][571]LogNet: ReplicationDriverClass is null! Not using ReplicationDriver.
[2020.11.09-16.48.29:506][571]LogNetCore: DDoS detection status: detection enabled: 0 analytics enabled: 0
[2020.11.09-16.48.29:506][571]LogInit: WinSock: Socket queue. Rx: 131072 (config 131072) Tx: 131072 (config 131072)
[2020.11.09-16.48.29:506][571]LogNet: Created socket for bind address: 0.0.0.0 on port 17777
[2020.11.09-16.48.29:507][571]PacketHandlerLog: Loaded PacketHandler component: Engine.EngineHandlerComponentFactory (StatelessConnectHandlerComponent)
[2020.11.09-16.48.29:507][571]LogNet: GameNetDriver IpNetDriver_0 IpNetDriver listening on port 17777
[2020.11.09-16.48.29:507][571]LogGameMode: Display: Match State Changed from EnteringMap to WaitingToStart
[2020.11.09-16.48.29:507][571]LogGameState: Match State Changed from EnteringMap to WaitingToStart
[2020.11.09-16.48.29:507][571]PIE: Server logged in
[2020.11.09-16.48.29:507][571]PIE: Play in editor total start time 0,038 seconds.
[2020.11.09-16.48.29:507][571]LogPlayLevel: Creating play world package: /Game/ThirdPersonBP/Maps/UEDPIE_1_ThirdPersonExampleMap
[2020.11.09-16.48.29:519][571]LogPlayLevel: PIE: StaticDuplicateObject took: (0.011986s)
[2020.11.09-16.48.29:520][571]LogAIModule: Creating AISystem for world ThirdPersonExampleMap
[2020.11.09-16.48.29:520][571]LogAISub: UAISubsystem::UAISubsystem EnvQueryManager (000001F626108600), frame # 1571
[2020.11.09-16.48.29:520][571]LogAISub: UAISubsystem::UAISubsystem AIPerceptionSystem (000001F589B556C0), frame # 1571
[2020.11.09-16.48.29:521][571]LogPlayLevel: PIE: World Init took: (0.001382s)
[2020.11.09-16.48.29:521][571]LogPlayLevel: PIE: Created PIE world by copying editor world from /Game/ThirdPersonBP/Maps/ThirdPersonExampleMap.ThirdPersonExampleMap to /Game/ThirdPersonBP/Maps/UEDPIE_1_ThirdPersonExampleMap.ThirdPersonExampleMap (0.013510s)
[2020.11.09-16.48.29:535][571]LogUObjectHash: Compacting FUObjectHashTables data took   0.70ms
[2020.11.09-16.48.29:538][571]LogAudioMixer: Display: Audio Mixer Platform Settings:
[2020.11.09-16.48.29:538][571]LogAudioMixer: Display: 	Sample Rate:						  48000
[2020.11.09-16.48.29:538][571]LogAudioMixer: Display: 	Callback Buffer Frame Size Requested: 1024
[2020.11.09-16.48.29:538][571]LogAudioMixer: Display: 	Callback Buffer Frame Size To Use:	  1024
[2020.11.09-16.48.29:538][571]LogAudioMixer: Display: 	Number of buffers to queue:			  2
[2020.11.09-16.48.29:538][571]LogAudioMixer: Display: 	Max Channels (voices):				  32
[2020.11.09-16.48.29:538][571]LogAudioMixer: Display: 	Number of Async Source Workers:		  0
[2020.11.09-16.48.29:538][571]LogAudio: Display: AudioDevice MaxSources: 32
[2020.11.09-16.48.29:538][571]LogAudio: Display: Using built-in audio occlusion.
[2020.11.09-16.48.29:538][571]LogAudioMixer: Display: Initializing audio mixer.
[2020.11.09-16.48.29:542][571]LogAudioMixer: Display: 0: FrontLeft
[2020.11.09-16.48.29:542][571]LogAudioMixer: Display: 1: FrontRight
[2020.11.09-16.48.29:557][571]LogAudioMixer: Display: Using Audio Device Headset Earphone (HyperX Virtual Surround Sound)
[2020.11.09-16.48.29:557][571]LogAudioMixer: Display: Initializing Sound Submixes...
[2020.11.09-16.48.29:557][571]LogAudioMixer: Display: Creating Master Submix 'MasterSubmixDefault'
[2020.11.09-16.48.29:557][571]LogAudioMixer: Display: Creating Master Submix 'MasterReverbSubmixDefault'
[2020.11.09-16.48.29:558][571]LogAudioMixer: Display: Creating Master Submix 'MasterEQSubmixDefault'
[2020.11.09-16.48.29:577][571]LogInit: FAudioDevice initialized.
[2020.11.09-16.48.29:593][571]LogLoad: Game class is 'GameInstance_C'
[2020.11.09-16.48.29:596][571]LogWorld: Bringing World /Game/ThirdPersonBP/Maps/UEDPIE_1_ThirdPersonExampleMap.ThirdPersonExampleMap up for play (max tick rate 0) at 2020.11.09-17.48.29
[2020.11.09-16.48.29:597][571]LogWorld: Bringing up level for play took: 0.003177
[2020.11.09-16.48.29:597][571]LogOnline: OSS: Creating online subsystem instance for: :Context_6
[2020.11.09-16.48.29:603][571]LogContentBrowser: Native class hierarchy updated for 'MovieSceneCapture' in 0.0013 seconds. Added 20 classes and 0 folders.
[2020.11.09-16.48.29:603][571]LogGameMode: Display: Match State Changed from EnteringMap to WaitingToStart
[2020.11.09-16.48.29:603][571]LogGameState: Match State Changed from EnteringMap to WaitingToStart
[2020.11.09-16.48.29:603][571]LogGameMode: Display: Match State Changed from WaitingToStart to InProgress
[2020.11.09-16.48.29:604][571]LogGameState: Match State Changed from WaitingToStart to InProgress
[2020.11.09-16.48.29:604][571]PIE: Server logged in
[2020.11.09-16.48.29:605][571]PIE: Play in editor total start time 0,135 seconds.
[2020.11.09-16.48.29:608][571]LogOnline: OSS: Creating online subsystem instance for: :Context_5
[2020.11.09-16.48.42:048][699]LogWindows: Error: === Critical error: ===
[2020.11.09-16.48.42:048][699]LogWindows: Error: 
[2020.11.09-16.48.42:048][699]LogWindows: Error: Fatal error!
[2020.11.09-16.48.42:048][699]LogWindows: Error: 
[2020.11.09-16.48.42:048][699]LogWindows: Error: Unhandled Exception: EXCEPTION_ACCESS_VIOLATION reading address 0x00000340
[2020.11.09-16.48.42:048][699]LogWindows: Error: 
[2020.11.09-16.48.42:048][699]LogWindows: Error: [Callstack] 0x00007ff8cb7960a4 UE4Editor-HideNSneakUnreal-5243.dll!ACPP_MovementBoost::OnOverlapBegin() [N:\PROJ\HideNSneakUnreal\Source\HideNSneakUnreal\CPP_MovementBoost.cpp:60]
[2020.11.09-16.48.42:048][699]LogWindows: Error: [Callstack] 0x00007ff8cb7982fd UE4Editor-HideNSneakUnreal-5243.dll!ACPP_MovementBoost::execOnOverlapBegin() [N:\PROJ\HideNSneakUnreal\Intermediate\Build\Win64\UE4Editor\Inc\HideNSneakUnreal\CPP_MovementBoost.gen.cpp:37]
[2020.11.09-16.48.42:048][699]LogWindows: Error: [Callstack] 0x00007ff8f5720ae4 UE4Editor-CoreUObject.dll!UnknownFunction []
[2020.11.09-16.48.42:048][699]LogWindows: Error: [Callstack] 0x00007ff8f5994783 UE4Editor-CoreUObject.dll!UnknownFunction []
[2020.11.09-16.48.42:048][699]LogWindows: Error: [Callstack] 0x00007ff8eff0a025 UE4Editor-Engine.dll!UnknownFunction []
[2020.11.09-16.48.42:048][699]LogWindows: Error: [Callstack] 0x00007ff8efeb0e7b UE4Editor-Engine.dll!UnknownFunction []
[2020.11.09-16.48.42:048][699]LogWindows: Error: [Callstack] 0x00007ff8f02e650b UE4Editor-Engine.dll!UnknownFunction []
[2020.11.09-16.48.42:048][699]LogWindows: Error: [Callstack] 0x00007ff8f032731a UE4Editor-Engine.dll!UnknownFunction []
[2020.11.09-16.48.42:048][699]LogWindows: Error: [Callstack] 0x00007ff8f0349a2d UE4Editor-Engine.dll!UnknownFunction []
[2020.11.09-16.48.42:048][699]LogWindows: Error: [Callstack] 0x00007ff8f03357d8 UE4Editor-Engine.dll!UnknownFunction []
[2020.11.09-16.48.42:048][699]LogWindows: Error: [Callstack] 0x00007ff8f02a826e UE4Editor-Engine.dll!UnknownFunction []
[2020.11.09-16.48.42:048][699]LogWindows: Error: [Callstack] 0x00007ff8f02cd2b3 UE4Editor-Engine.dll!UnknownFunction []
[2020.11.09-16.48.42:048][699]LogWindows: Error: [Callstack] 0x00007ff8f0268386 UE4Editor-Engine.dll!UnknownFunction []
[2020.11.09-16.48.42:048][699]LogWindows: Error: [Callstack] 0x00007ff8f028f204 UE4Editor-Engine.dll!UnknownFunction []
[2020.11.09-16.48.42:048][699]LogWindows: Error: [Callstack] 0x00007ff8f0fa7e0f UE4Editor-Engine.dll!UnknownFunction []
[2020.11.09-16.48.42:048][699]LogWindows: Error: [Callstack] 0x00007ff8f0face67 UE4Editor-Engine.dll!UnknownFunction []
[2020.11.09-16.48.42:048][699]LogWindows: Error: [Callstack] 0x00007ff8f5d387d8 UE4Editor-Core.dll!UnknownFunction []
[2020.11.09-16.48.42:048][699]LogWindows: Error: [Callstack] 0x00007ff8f5d38aa3 UE4Editor-Core.dll!UnknownFunction []
[2020.11.09-16.48.42:048][699]LogWindows: Error: [Callstack] 0x00007ff8f5d4f027 UE4Editor-Core.dll!UnknownFunction []
[2020.11.09-16.48.42:048][699]LogWindows: Error: [Callstack] 0x00007ff8f0fc8e52 UE4Editor-Engine.dll!UnknownFunction []
[2020.11.09-16.48.42:048][699]LogWindows: Error: [Callstack] 0x00007ff8f0fce11a UE4Editor-Engine.dll!UnknownFunction []
[2020.11.09-16.48.42:048][699]LogWindows: Error: [Callstack] 0x00007ff8f078bfff UE4Editor-Engine.dll!UnknownFunction []
[2020.11.09-16.48.42:049][699]LogWindows: Error: [Callstack] 0x00007ff8f0796897 UE4Editor-Engine.dll!UnknownFunction []
[2020.11.09-16.48.42:049][699]LogWindows: Error: [Callstack] 0x00007ff8f383af57 UE4Editor-UnrealEd.dll!UnknownFunction []
[2020.11.09-16.48.42:049][699]LogWindows: Error: [Callstack] 0x00007ff8f4111d06 UE4Editor-UnrealEd.dll!UnknownFunction []
[2020.11.09-16.48.42:049][699]LogWindows: Error: [Callstack] 0x00007ff7c73d7800 UE4Editor.exe!UnknownFunction []
[2020.11.09-16.48.42:049][699]LogWindows: Error: [Callstack] 0x00007ff7c73eba7c UE4Editor.exe!UnknownFunction []
[2020.11.09-16.48.42:049][699]LogWindows: Error: [Callstack] 0x00007ff7c73ebb5a UE4Editor.exe!UnknownFunction []
[2020.11.09-16.48.42:049][699]LogWindows: Error: [Callstack] 0x00007ff7c73fe31d UE4Editor.exe!UnknownFunction []
[2020.11.09-16.48.42:049][699]LogWindows: Error: [Callstack] 0x00007ff7c740145a UE4Editor.exe!UnknownFunction []
[2020.11.09-16.48.42:049][699]LogWindows: Error: [Callstack] 0x00007ff943297974 KERNEL32.DLL!UnknownFunction []
[2020.11.09-16.48.42:049][699]LogWindows: Error: [Callstack] 0x00007ff94606a271 ntdll.dll!UnknownFunction []
[2020.11.09-16.48.42:049][699]LogWindows: Error: 
[2020.11.09-16.48.42:065][699]LogExit: Executing StaticShutdownAfterError
[2020.11.09-16.48.42:068][699]LogWindows: FPlatformMisc::RequestExit(1)
[2020.11.09-16.48.42:068][699]LogCore: Engine exit requested (reason: Win RequestExit)
[2020.11.09-16.48.42:076][699]Log file closed, 11/09/20 17:48:42
