Log file open, 11/09/20 17:44:26
LogInit: Display: Running engine for game: HideNSneakUnreal
LogPlatformFile: Not using cached read wrapper
LogTaskGraph: Started task graph with 5 named threads and 47 total threads with 3 sets of task threads.
LogStats: Stats thread started at 0.223807
LogD3D11RHI: Loaded GFSDK_Aftermath_Lib.x64.dll
LogICUInternationalization: ICU TimeZone Detection - Raw Offset: +1:00, Platform Override: ''
LogPluginManager: Mounting plugin Paper2D
LogPluginManager: Mounting plugin AdvancedSessions
LogPluginManager: Mounting plugin AdvancedSteamSessions
LogPluginManager: Mounting plugin AISupport
LogPluginManager: Mounting plugin LightPropagationVolume
LogPluginManager: Mounting plugin CameraShakePreviewer
LogPluginManager: Mounting plugin ActorLayerUtilities
LogPluginManager: Mounting plugin AnimationSharing
LogPluginManager: Mounting plugin CLionSourceCodeAccess
LogPluginManager: Mounting plugin CodeLiteSourceCodeAccess
LogPluginManager: Mounting plugin GitSourceControl
LogPluginManager: Mounting plugin KDevelopSourceCodeAccess
LogPluginManager: Mounting plugin NullSourceCodeAccess
LogPluginManager: Mounting plugin PerforceSourceControl
LogPluginManager: Mounting plugin PlasticSourceControl
LogPluginManager: Mounting plugin RiderSourceCodeAccess
LogPluginManager: Mounting plugin SubversionSourceControl
LogPluginManager: Mounting plugin UObjectPlugin
LogPluginManager: Mounting plugin VisualStudioCodeSourceCodeAccess
LogPluginManager: Mounting plugin VisualStudioSourceCodeAccess
LogPluginManager: Mounting plugin XCodeSourceCodeAccess
LogPluginManager: Mounting plugin AssetManagerEditor
LogPluginManager: Mounting plugin CryptoKeys
LogPluginManager: Mounting plugin CurveEditorTools
LogPluginManager: Mounting plugin DataValidation
LogPluginManager: Mounting plugin EditorScriptingUtilities
LogPluginManager: Mounting plugin FacialAnimation
LogPluginManager: Mounting plugin GameplayTagsEditor
LogPluginManager: Mounting plugin GeometryMode
LogPluginManager: Mounting plugin MacGraphicsSwitching
LogPluginManager: Mounting plugin MaterialAnalyzer
LogPluginManager: Mounting plugin MobileLauncherProfileWizard
LogPluginManager: Mounting plugin PluginBrowser
LogPluginManager: Mounting plugin SpeedTreeImporter
LogPluginManager: Mounting plugin DatasmithContent
LogPluginManager: Mounting plugin VariantManagerContent
LogPluginManager: Mounting plugin AlembicImporter
LogPluginManager: Mounting plugin AutomationUtils
LogPluginManager: Mounting plugin BackChannel
LogPluginManager: Mounting plugin ChaosCloth
LogPluginManager: Mounting plugin ChaosClothEditor
LogPluginManager: Mounting plugin ChaosEditor
LogPluginManager: Mounting plugin ChaosNiagara
LogPluginManager: Mounting plugin ChaosSolverPlugin
LogPluginManager: Mounting plugin CharacterAI
LogPluginManager: Mounting plugin GeometryCache
LogPluginManager: Mounting plugin GeometryCollectionPlugin
LogPluginManager: Mounting plugin GeometryProcessing
LogPluginManager: Mounting plugin PlanarCut
LogPluginManager: Mounting plugin PlatformCrypto
LogPluginManager: Mounting plugin ProxyLODPlugin
LogPluginManager: Mounting plugin SkeletalReduction
LogPluginManager: Mounting plugin Niagara
LogPluginManager: Mounting plugin MagicLeap
LogPluginManager: Mounting plugin MagicLeapLightEstimation
LogPluginManager: Mounting plugin MagicLeapMedia
LogPluginManager: Mounting plugin MagicLeapPassableWorld
LogPluginManager: Mounting plugin MLSDK
LogPluginManager: Mounting plugin AndroidMedia
LogPluginManager: Mounting plugin AvfMedia
LogPluginManager: Mounting plugin ImgMedia
LogPluginManager: Mounting plugin MediaCompositing
LogPluginManager: Mounting plugin MediaPlayerEditor
LogPluginManager: Mounting plugin WebMMedia
LogPluginManager: Mounting plugin WmfMedia
LogPluginManager: Mounting plugin MeshPainting
LogPluginManager: Mounting plugin TcpMessaging
LogPluginManager: Mounting plugin UdpMessaging
LogPluginManager: Mounting plugin ActorSequence
LogPluginManager: Mounting plugin LevelSequenceEditor
LogPluginManager: Mounting plugin MatineeToLevelSequence
LogPluginManager: Mounting plugin MovieRenderPipeline
LogPluginManager: Mounting plugin TemplateSequence
LogPluginManager: Mounting plugin NetcodeUnitTest
LogPluginManager: Mounting plugin NUTUnrealEngine4
LogPluginManager: Mounting plugin OnlineSubsystemGooglePlay
LogPluginManager: Mounting plugin OnlineSubsystemIOS
LogPluginManager: Mounting plugin OnlineSubsystem
LogPluginManager: Mounting plugin OnlineSubsystemNull
LogPluginManager: Mounting plugin OnlineSubsystemSteam
LogPluginManager: Mounting plugin OnlineSubsystemUtils
LogPluginManager: Mounting plugin LauncherChunkInstaller
LogPluginManager: Mounting plugin AndroidDeviceProfileSelector
LogPluginManager: Mounting plugin AndroidMoviePlayer
LogPluginManager: Mounting plugin AndroidPermission
LogPluginManager: Mounting plugin AppleImageUtils
LogPluginManager: Mounting plugin AppleMoviePlayer
LogPluginManager: Mounting plugin ArchVisCharacter
LogPluginManager: Mounting plugin AssetTags
LogPluginManager: Mounting plugin AudioCapture
LogPluginManager: Mounting plugin CableComponent
LogPluginManager: Mounting plugin CustomMeshComponent
LogPluginManager: Mounting plugin EditableMesh
LogPluginManager: Mounting plugin ExampleDeviceProfileSelector
LogPluginManager: Mounting plugin GoogleCloudMessaging
LogPluginManager: Mounting plugin GooglePAD
LogPluginManager: Mounting plugin IOSDeviceProfileSelector
LogPluginManager: Mounting plugin LinuxDeviceProfileSelector
LogPluginManager: Mounting plugin LocationServicesBPLibrary
LogPluginManager: Mounting plugin MobilePatchingUtils
LogPluginManager: Mounting plugin OculusVR
LogPluginManager: Mounting plugin PhysXVehicles
LogPluginManager: Mounting plugin PostSplashScreen
LogPluginManager: Mounting plugin ProceduralMeshComponent
LogPluginManager: Mounting plugin ResonanceAudio
LogPluginManager: Mounting plugin RuntimePhysXCooking
LogPluginManager: Mounting plugin SignificanceManager
LogPluginManager: Mounting plugin SoundFields
LogPluginManager: Mounting plugin SteamShared
LogPluginManager: Mounting plugin SteamVR
LogPluginManager: Mounting plugin Synthesis
LogPluginManager: Mounting plugin WebMMoviePlayer
LogPluginManager: Mounting plugin WindowsMoviePlayer
LogPluginManager: Mounting plugin ScreenshotTools
LogInit: Using libcurl 7.55.1-DEV
LogInit:  - built for x86_64-pc-win32
LogInit:  - supports SSL with OpenSSL/1.1.1
LogInit:  - supports HTTP deflate (compression) using libz 1.2.8
LogInit:  - other features:
LogInit:      CURL_VERSION_SSL
LogInit:      CURL_VERSION_LIBZ
LogInit:      CURL_VERSION_IPV6
LogInit:      CURL_VERSION_ASYNCHDNS
LogInit:      CURL_VERSION_LARGEFILE
LogInit:      CURL_VERSION_IDN
LogInit:  CurlRequestOptions (configurable via config and command line):
LogInit:  - bVerifyPeer = true  - Libcurl will verify peer certificate
LogInit:  - bUseHttpProxy = false  - Libcurl will NOT use HTTP proxy
LogInit:  - bDontReuseConnections = false  - Libcurl will reuse connections
LogInit:  - MaxHostConnections = 16  - Libcurl will limit the number of connections to a host
LogInit:  - LocalHostAddr = Default
LogInit:  - BufferSize = 65536
LogSteamShared: Display: Loading Steam SDK 1.47
LogSteamShared: Steam SDK Loaded!
LogOnline: OSS: Creating online subsystem instance for: Steam
LogOnline: Display: STEAM: OnlineSubsystemSteam::Shutdown()
LogOnline: OSS: Unable to create OnlineSubsystem module Steam
LogOnline: OSS: Creating online subsystem instance for: NULL
LogInit: WinSock: version 1.1 (2.2), MaxSocks=32767, MaxUdp=65467
LogOnline: OSS: TryLoadSubsystemAndSetDefault: Loaded subsystem for module [NULL]
LogInit: Build: ++UE4+Release-4.25-CL-13942748
LogInit: Engine Version: 4.25.3-13942748+++UE4+Release-4.25
LogInit: Compatible Engine Version: 4.25.0-13144385+++UE4+Release-4.25
LogInit: Net CL: 13144385
LogInit: OS: Windows 10 (Release 1809) (), CPU: AMD Ryzen 7 1700X Eight-Core Processor         , GPU: NVIDIA GeForce GTX 1080 Ti
LogInit: Compiled (64-bit): Jul 25 2020 02:07:48
LogInit: Compiled with Visual C++: 19.24.28315.00
LogInit: Build Configuration: Development
LogInit: Branch Name: ++UE4+Release-4.25
LogInit: Command Line: 
LogInit: Base Directory: C:/Program Files/Epic Games/UE_4.25/Engine/Binaries/Win64/
LogInit: Allocator: TBB
LogInit: Installed Engine Build: 1
LogDevObjectVersion: Number of dev versions registered: 26
LogDevObjectVersion:   Dev-Blueprints (B0D832E4-1F89-4F0D-ACCF-7EB736FD4AA2): 10
LogDevObjectVersion:   Dev-Build (E1C64328-A22C-4D53-A36C-8E866417BD8C): 0
LogDevObjectVersion:   Dev-Core (375EC13C-06E4-48FB-B500-84F0262A717E): 4
LogDevObjectVersion:   Dev-Editor (E4B068ED-F494-42E9-A231-DA0B2E46BB41): 38
LogDevObjectVersion:   Dev-Framework (CFFC743F-43B0-4480-9391-14DF171D2073): 37
LogDevObjectVersion:   Dev-Mobile (B02B49B5-BB20-44E9-A304-32B752E40360): 2
LogDevObjectVersion:   Dev-Networking (A4E4105C-59A1-49B5-A7C5-40C4547EDFEE): 0
LogDevObjectVersion:   Dev-Online (39C831C9-5AE6-47DC-9A44-9C173E1C8E7C): 0
LogDevObjectVersion:   Dev-Physics (78F01B33-EBEA-4F98-B9B4-84EACCB95AA2): 4
LogDevObjectVersion:   Dev-Platform (6631380F-2D4D-43E0-8009-CF276956A95A): 0
LogDevObjectVersion:   Dev-Rendering (12F88B9F-8875-4AFC-A67C-D90C383ABD29): 43
LogDevObjectVersion:   Dev-Sequencer (7B5AE74C-D270-4C10-A958-57980B212A5A): 12
LogDevObjectVersion:   Dev-VR (D7296918-1DD6-4BDD-9DE2-64A83CC13884): 3
LogDevObjectVersion:   Dev-LoadTimes (C2A15278-BFE7-4AFE-6C17-90FF531DF755): 1
LogDevObjectVersion:   Private-Geometry (6EACA3D4-40EC-4CC1-B786-8BED09428FC5): 3
LogDevObjectVersion:   Dev-AnimPhys (29E575DD-E0A3-4627-9D10-D276232CDCEA): 17
LogDevObjectVersion:   Dev-Anim (AF43A65D-7FD3-4947-9873-3E8ED9C1BB05): 7
LogDevObjectVersion:   Dev-ReflectionCapture (6B266CEC-1EC7-4B8F-A30B-E4D90942FC07): 1
LogDevObjectVersion:   Dev-Automation (0DF73D61-A23F-47EA-B727-89E90C41499A): 1
LogDevObjectVersion:   FortniteMain (601D1886-AC64-4F84-AA16-D3DE0DEAC7D6): 31
LogDevObjectVersion:   Dev-Enterprise (9DFFBCD6-494F-0158-E221-12823C92A888): 10
LogDevObjectVersion:   Dev-Niagara (F2AED0AC-9AFE-416F-8664-AA7FFA26D6FC): 1
LogDevObjectVersion:   Dev-Destruction (174F1F0B-B4C6-45A5-B13F-2EE8D0FB917D): 10
LogDevObjectVersion:   Dev-Physics-Ext (35F94A83-E258-406C-A318-09F59610247C): 37
LogDevObjectVersion:   Dev-PhysicsMaterial-Chaos (B68FC16E-8B1B-42E2-B453-215C058844FE): 1
LogDevObjectVersion:   Dev-CineCamera (B2E18506-4273-CFC2-A54E-F4BB758BBA07): 1
LogInit: Presizing for max 25165824 objects, including 0 objects not considered by GC, pre-allocating 0 bytes for permanent pool.
LogConfig: Applying CVar settings from Section [/Script/Engine.StreamingSettings] File [N:/PROJ/HideNSneakUnreal/Saved/Config/Windows/Engine.ini]
LogConfig: Setting CVar [[s.MinBulkDataSizeForAsyncLoading:131072]]
LogConfig: Setting CVar [[s.AsyncLoadingThreadEnabled:0]]
LogConfig: Setting CVar [[s.EventDrivenLoaderEnabled:1]]
LogConfig: Setting CVar [[s.WarnIfTimeLimitExceeded:0]]
LogConfig: Setting CVar [[s.TimeLimitExceededMultiplier:1.5]]
LogConfig: Setting CVar [[s.TimeLimitExceededMinTime:0.005]]
LogConfig: Setting CVar [[s.UseBackgroundLevelStreaming:1]]
LogConfig: Setting CVar [[s.PriorityAsyncLoadingExtraTime:15.0]]
LogConfig: Setting CVar [[s.LevelStreamingActorsUpdateTimeLimit:5.0]]
LogConfig: Setting CVar [[s.PriorityLevelStreamingActorsUpdateExtraTime:5.0]]
LogConfig: Setting CVar [[s.LevelStreamingComponentsRegistrationGranularity:10]]
LogConfig: Setting CVar [[s.UnregisterComponentsTimeLimit:1.0]]
LogConfig: Setting CVar [[s.LevelStreamingComponentsUnregistrationGranularity:5]]
LogConfig: Setting CVar [[s.FlushStreamingOnExit:1]]
LogInit: Object subsystem initialized
LogConfig: Setting CVar [[con.DebugEarlyDefault:1]]
LogConfig: Setting CVar [[r.setres:1280x720]]
[2020.11.09-16.44.27:697][  0]LogConfig: Setting CVar [[r.VSync:0]]
[2020.11.09-16.44.27:697][  0]LogConfig: Setting CVar [[r.RHICmdBypass:0]]
[2020.11.09-16.44.27:697][  0]LogConfig: Applying CVar settings from Section [/Script/Engine.RendererSettings] File [N:/PROJ/HideNSneakUnreal/Saved/Config/Windows/Engine.ini]
[2020.11.09-16.44.27:697][  0]LogConfig: Setting CVar [[r.GPUCrashDebugging:0]]
[2020.11.09-16.44.27:697][  0]LogConfig: Applying CVar settings from Section [/Script/Engine.RendererOverrideSettings] File [N:/PROJ/HideNSneakUnreal/Saved/Config/Windows/Engine.ini]
[2020.11.09-16.44.27:697][  0]LogConfig: Applying CVar settings from Section [/Script/Engine.StreamingSettings] File [N:/PROJ/HideNSneakUnreal/Saved/Config/Windows/Engine.ini]
[2020.11.09-16.44.27:697][  0]LogConfig: Setting CVar [[s.MinBulkDataSizeForAsyncLoading:131072]]
[2020.11.09-16.44.27:697][  0]LogConfig: Setting CVar [[s.AsyncLoadingThreadEnabled:0]]
[2020.11.09-16.44.27:697][  0]LogConfig: Setting CVar [[s.EventDrivenLoaderEnabled:1]]
[2020.11.09-16.44.27:697][  0]LogConfig: Setting CVar [[s.WarnIfTimeLimitExceeded:0]]
[2020.11.09-16.44.27:697][  0]LogConfig: Setting CVar [[s.TimeLimitExceededMultiplier:1.5]]
[2020.11.09-16.44.27:697][  0]LogConfig: Setting CVar [[s.TimeLimitExceededMinTime:0.005]]
[2020.11.09-16.44.27:697][  0]LogConfig: Setting CVar [[s.UseBackgroundLevelStreaming:1]]
[2020.11.09-16.44.27:697][  0]LogConfig: Setting CVar [[s.PriorityAsyncLoadingExtraTime:15.0]]
[2020.11.09-16.44.27:697][  0]LogConfig: Setting CVar [[s.LevelStreamingActorsUpdateTimeLimit:5.0]]
[2020.11.09-16.44.27:697][  0]LogConfig: Setting CVar [[s.PriorityLevelStreamingActorsUpdateExtraTime:5.0]]
[2020.11.09-16.44.27:697][  0]LogConfig: Setting CVar [[s.LevelStreamingComponentsRegistrationGranularity:10]]
[2020.11.09-16.44.27:697][  0]LogConfig: Setting CVar [[s.UnregisterComponentsTimeLimit:1.0]]
[2020.11.09-16.44.27:697][  0]LogConfig: Setting CVar [[s.LevelStreamingComponentsUnregistrationGranularity:5]]
[2020.11.09-16.44.27:697][  0]LogConfig: Setting CVar [[s.FlushStreamingOnExit:1]]
[2020.11.09-16.44.27:697][  0]LogConfig: Applying CVar settings from Section [/Script/Engine.GarbageCollectionSettings] File [N:/PROJ/HideNSneakUnreal/Saved/Config/Windows/Engine.ini]
[2020.11.09-16.44.27:697][  0]LogConfig: Setting CVar [[gc.MaxObjectsNotConsideredByGC:1]]
[2020.11.09-16.44.27:697][  0]LogConfig: Setting CVar [[gc.SizeOfPermanentObjectPool:0]]
[2020.11.09-16.44.27:697][  0]LogConfig: Setting CVar [[gc.FlushStreamingOnGC:0]]
[2020.11.09-16.44.27:697][  0]LogConfig: Setting CVar [[gc.NumRetriesBeforeForcingGC:10]]
[2020.11.09-16.44.27:697][  0]LogConfig: Setting CVar [[gc.AllowParallelGC:1]]
[2020.11.09-16.44.27:697][  0]LogConfig: Setting CVar [[gc.TimeBetweenPurgingPendingKillObjects:61.1]]
[2020.11.09-16.44.27:697][  0]LogConfig: Setting CVar [[gc.MaxObjectsInEditor:25165824]]
[2020.11.09-16.44.27:697][  0]LogConfig: Setting CVar [[gc.IncrementalBeginDestroyEnabled:1]]
[2020.11.09-16.44.27:697][  0]LogConfig: Setting CVar [[gc.CreateGCClusters:1]]
[2020.11.09-16.44.27:697][  0]LogConfig: Setting CVar [[gc.MinGCClusterSize:5]]
[2020.11.09-16.44.27:697][  0]LogConfig: Setting CVar [[gc.ActorClusteringEnabled:0]]
[2020.11.09-16.44.27:697][  0]LogConfig: Setting CVar [[gc.BlueprintClusteringEnabled:0]]
[2020.11.09-16.44.27:698][  0]LogConfig: Setting CVar [[gc.UseDisregardForGCOnDedicatedServers:0]]
[2020.11.09-16.44.27:698][  0]LogConfig: Applying CVar settings from Section [/Script/Engine.NetworkSettings] File [N:/PROJ/HideNSneakUnreal/Saved/Config/Windows/Engine.ini]
[2020.11.09-16.44.27:698][  0]LogConfig: Applying CVar settings from Section [/Script/UnrealEd.CookerSettings] File [N:/PROJ/HideNSneakUnreal/Saved/Config/Windows/Engine.ini]
[2020.11.09-16.44.27:701][  0]LogConfig: Applying CVar settings from Section [ViewDistanceQuality@3] File [N:/PROJ/HideNSneakUnreal/Saved/Config/Windows/Scalability.ini]
[2020.11.09-16.44.27:701][  0]LogConfig: Setting CVar [[r.SkeletalMeshLODBias:0]]
[2020.11.09-16.44.27:701][  0]LogConfig: Setting CVar [[r.ViewDistanceScale:1.0]]
[2020.11.09-16.44.27:701][  0]LogConfig: Applying CVar settings from Section [AntiAliasingQuality@3] File [N:/PROJ/HideNSneakUnreal/Saved/Config/Windows/Scalability.ini]
[2020.11.09-16.44.27:701][  0]LogConfig: Setting CVar [[r.PostProcessAAQuality:4]]
[2020.11.09-16.44.27:701][  0]LogConfig: Applying CVar settings from Section [ShadowQuality@3] File [N:/PROJ/HideNSneakUnreal/Saved/Config/Windows/Scalability.ini]
[2020.11.09-16.44.27:701][  0]LogConfig: Setting CVar [[r.LightFunctionQuality:1]]
[2020.11.09-16.44.27:701][  0]LogConfig: Setting CVar [[r.ShadowQuality:5]]
[2020.11.09-16.44.27:701][  0]LogConfig: Setting CVar [[r.Shadow.CSM.MaxCascades:10]]
[2020.11.09-16.44.27:701][  0]LogConfig: Setting CVar [[r.Shadow.MaxResolution:2048]]
[2020.11.09-16.44.27:701][  0]LogConfig: Setting CVar [[r.Shadow.MaxCSMResolution:2048]]
[2020.11.09-16.44.27:701][  0]LogConfig: Setting CVar [[r.Shadow.RadiusThreshold:0.01]]
[2020.11.09-16.44.27:701][  0]LogConfig: Setting CVar [[r.Shadow.DistanceScale:1.0]]
[2020.11.09-16.44.27:701][  0]LogConfig: Setting CVar [[r.Shadow.CSM.TransitionScale:1.0]]
[2020.11.09-16.44.27:701][  0]LogConfig: Setting CVar [[r.Shadow.PreShadowResolutionFactor:1.0]]
[2020.11.09-16.44.27:701][  0]LogConfig: Setting CVar [[r.DistanceFieldShadowing:1]]
[2020.11.09-16.44.27:702][  0]LogConfig: Setting CVar [[r.DistanceFieldAO:1]]
[2020.11.09-16.44.27:702][  0]LogConfig: Setting CVar [[r.AOQuality:2]]
[2020.11.09-16.44.27:702][  0]LogConfig: Setting CVar [[r.VolumetricFog:1]]
[2020.11.09-16.44.27:702][  0]LogConfig: Setting CVar [[r.VolumetricFog.GridPixelSize:8]]
[2020.11.09-16.44.27:702][  0]LogConfig: Setting CVar [[r.VolumetricFog.GridSizeZ:128]]
[2020.11.09-16.44.27:702][  0]LogConfig: Setting CVar [[r.VolumetricFog.HistoryMissSupersampleCount:4]]
[2020.11.09-16.44.27:702][  0]LogConfig: Setting CVar [[r.LightMaxDrawDistanceScale:1]]
[2020.11.09-16.44.27:702][  0]LogConfig: Setting CVar [[r.CapsuleShadows:1]]
[2020.11.09-16.44.27:702][  0]LogConfig: Applying CVar settings from Section [PostProcessQuality@3] File [N:/PROJ/HideNSneakUnreal/Saved/Config/Windows/Scalability.ini]
[2020.11.09-16.44.27:702][  0]LogConfig: Setting CVar [[r.MotionBlurQuality:4]]
[2020.11.09-16.44.27:702][  0]LogConfig: Setting CVar [[r.AmbientOcclusionMipLevelFactor:0.4]]
[2020.11.09-16.44.27:702][  0]LogConfig: Setting CVar [[r.AmbientOcclusionMaxQuality:100]]
[2020.11.09-16.44.27:702][  0]LogConfig: Setting CVar [[r.AmbientOcclusionLevels:-1]]
[2020.11.09-16.44.27:702][  0]LogConfig: Setting CVar [[r.AmbientOcclusionRadiusScale:1.0]]
[2020.11.09-16.44.27:702][  0]LogConfig: Setting CVar [[r.DepthOfFieldQuality:2]]
[2020.11.09-16.44.27:702][  0]LogConfig: Setting CVar [[r.RenderTargetPoolMin:400]]
[2020.11.09-16.44.27:702][  0]LogConfig: Setting CVar [[r.LensFlareQuality:2]]
[2020.11.09-16.44.27:702][  0]LogConfig: Setting CVar [[r.SceneColorFringeQuality:1]]
[2020.11.09-16.44.27:702][  0]LogConfig: Setting CVar [[r.EyeAdaptationQuality:2]]
[2020.11.09-16.44.27:702][  0]LogConfig: Setting CVar [[r.BloomQuality:5]]
[2020.11.09-16.44.27:702][  0]LogConfig: Setting CVar [[r.FastBlurThreshold:100]]
[2020.11.09-16.44.27:702][  0]LogConfig: Setting CVar [[r.Upscale.Quality:3]]
[2020.11.09-16.44.27:702][  0]LogConfig: Setting CVar [[r.Tonemapper.GrainQuantization:1]]
[2020.11.09-16.44.27:702][  0]LogConfig: Setting CVar [[r.LightShaftQuality:1]]
[2020.11.09-16.44.27:702][  0]LogConfig: Setting CVar [[r.Filter.SizeScale:1]]
[2020.11.09-16.44.27:702][  0]LogConfig: Setting CVar [[r.Tonemapper.Quality:5]]
[2020.11.09-16.44.27:702][  0]LogConfig: Setting CVar [[r.DOF.Gather.AccumulatorQuality:1        ; higher gathering accumulator quality]]
[2020.11.09-16.44.27:702][  0]LogConfig: Setting CVar [[r.DOF.Gather.PostfilterMethod:1          ; Median3x3 postfilering method]]
[2020.11.09-16.44.27:702][  0]LogConfig: Setting CVar [[r.DOF.Gather.EnableBokehSettings:0       ; no bokeh simulation when gathering]]
[2020.11.09-16.44.27:702][  0]LogConfig: Setting CVar [[r.DOF.Gather.RingCount:4                 ; medium number of samples when gathering]]
[2020.11.09-16.44.27:702][  0]LogConfig: Setting CVar [[r.DOF.Scatter.ForegroundCompositing:1    ; additive foreground scattering]]
[2020.11.09-16.44.27:702][  0]LogConfig: Setting CVar [[r.DOF.Scatter.BackgroundCompositing:2    ; additive background scattering]]
[2020.11.09-16.44.27:702][  0]LogConfig: Setting CVar [[r.DOF.Scatter.EnableBokehSettings:1      ; bokeh simulation when scattering]]
[2020.11.09-16.44.27:702][  0]LogConfig: Setting CVar [[r.DOF.Scatter.MaxSpriteRatio:0.1         ; only a maximum of 10% of scattered bokeh]]
[2020.11.09-16.44.27:702][  0]LogConfig: Setting CVar [[r.DOF.Recombine.Quality:1                ; cheap slight out of focus]]
[2020.11.09-16.44.27:702][  0]LogConfig: Setting CVar [[r.DOF.Recombine.EnableBokehSettings:0    ; no bokeh simulation on slight out of focus]]
[2020.11.09-16.44.27:702][  0]LogConfig: Setting CVar [[r.DOF.TemporalAAQuality:1                ; more stable temporal accumulation]]
[2020.11.09-16.44.27:702][  0]LogConfig: Setting CVar [[r.DOF.Kernel.MaxForegroundRadius:0.025]]
[2020.11.09-16.44.27:703][  0]LogConfig: Setting CVar [[r.DOF.Kernel.MaxBackgroundRadius:0.025]]
[2020.11.09-16.44.27:703][  0]LogConfig: Applying CVar settings from Section [TextureQuality@3] File [N:/PROJ/HideNSneakUnreal/Saved/Config/Windows/Scalability.ini]
[2020.11.09-16.44.27:703][  0]LogConfig: Setting CVar [[r.Streaming.MipBias:0]]
[2020.11.09-16.44.27:703][  0]LogConfig: Setting CVar [[r.Streaming.AmortizeCPUToGPUCopy:0]]
[2020.11.09-16.44.27:703][  0]LogConfig: Setting CVar [[r.Streaming.MaxNumTexturesToStreamPerFrame:0]]
[2020.11.09-16.44.27:703][  0]LogConfig: Setting CVar [[r.Streaming.Boost:1]]
[2020.11.09-16.44.27:703][  0]LogConfig: Setting CVar [[r.MaxAnisotropy:8]]
[2020.11.09-16.44.27:703][  0]LogConfig: Setting CVar [[r.VT.MaxAnisotropy:8]]
[2020.11.09-16.44.27:703][  0]LogConfig: Setting CVar [[r.Streaming.LimitPoolSizeToVRAM:0]]
[2020.11.09-16.44.27:703][  0]LogConfig: Setting CVar [[r.Streaming.PoolSize:1000]]
[2020.11.09-16.44.27:703][  0]LogConfig: Setting CVar [[r.Streaming.MaxEffectiveScreenSize:0]]
[2020.11.09-16.44.27:703][  0]LogConfig: Applying CVar settings from Section [EffectsQuality@3] File [N:/PROJ/HideNSneakUnreal/Saved/Config/Windows/Scalability.ini]
[2020.11.09-16.44.27:703][  0]LogConfig: Setting CVar [[r.TranslucencyLightingVolumeDim:64]]
[2020.11.09-16.44.27:703][  0]LogConfig: Setting CVar [[r.RefractionQuality:2]]
[2020.11.09-16.44.27:703][  0]LogConfig: Setting CVar [[r.SSR.Quality:3]]
[2020.11.09-16.44.27:703][  0]LogConfig: Setting CVar [[r.SSR.HalfResSceneColor:0]]
[2020.11.09-16.44.27:703][  0]LogConfig: Setting CVar [[r.SceneColorFormat:4]]
[2020.11.09-16.44.27:703][  0]LogConfig: Setting CVar [[r.DetailMode:2]]
[2020.11.09-16.44.27:703][  0]LogConfig: Setting CVar [[r.TranslucencyVolumeBlur:1]]
[2020.11.09-16.44.27:703][  0]LogConfig: Setting CVar [[r.MaterialQualityLevel:1 ; High quality]]
[2020.11.09-16.44.27:703][  0]LogConfig: Setting CVar [[r.SSS.Scale:1]]
[2020.11.09-16.44.27:703][  0]LogConfig: Setting CVar [[r.SSS.SampleSet:2]]
[2020.11.09-16.44.27:703][  0]LogConfig: Setting CVar [[r.SSS.Quality:1]]
[2020.11.09-16.44.27:703][  0]LogConfig: Setting CVar [[r.SSS.HalfRes:0]]
[2020.11.09-16.44.27:703][  0]LogConfig: Setting CVar [[r.SSGI.Quality:3]]
[2020.11.09-16.44.27:703][  0]LogConfig: Setting CVar [[r.EmitterSpawnRateScale:1.0]]
[2020.11.09-16.44.27:703][  0]LogConfig: Setting CVar [[r.ParticleLightQuality:2]]
[2020.11.09-16.44.27:703][  0]LogConfig: Setting CVar [[r.SkyAtmosphere.AerialPerspectiveLUT.FastApplyOnOpaque:1 ; Always have FastSkyLUT 1 in this case to avoid wrong sky]]
[2020.11.09-16.44.27:703][  0]LogConfig: Setting CVar [[r.SkyAtmosphere.AerialPerspectiveLUT.SampleCountPerSlice:1]]
[2020.11.09-16.44.27:703][  0]LogConfig: Setting CVar [[r.SkyAtmosphere.AerialPerspectiveLUT.DepthResolution:16.0]]
[2020.11.09-16.44.27:703][  0]LogConfig: Setting CVar [[r.SkyAtmosphere.FastSkyLUT:1]]
[2020.11.09-16.44.27:703][  0]LogConfig: Setting CVar [[r.SkyAtmosphere.FastSkyLUT.SampleCountMin:4.0]]
[2020.11.09-16.44.27:703][  0]LogConfig: Setting CVar [[r.SkyAtmosphere.FastSkyLUT.SampleCountMax:32.0]]
[2020.11.09-16.44.27:703][  0]LogConfig: Setting CVar [[r.SkyAtmosphere.SampleCountMin:4.0]]
[2020.11.09-16.44.27:703][  0]LogConfig: Setting CVar [[r.SkyAtmosphere.SampleCountMax:32.0]]
[2020.11.09-16.44.27:703][  0]LogConfig: Setting CVar [[r.SkyAtmosphere.TransmittanceLUT.UseSmallFormat:0]]
[2020.11.09-16.44.27:703][  0]LogConfig: Setting CVar [[r.SkyAtmosphere.TransmittanceLUT.SampleCount:10.0]]
[2020.11.09-16.44.27:704][  0]LogConfig: Setting CVar [[r.SkyAtmosphere.MultiScatteringLUT.SampleCount:15.0]]
[2020.11.09-16.44.27:704][  0]LogConfig: Applying CVar settings from Section [FoliageQuality@3] File [N:/PROJ/HideNSneakUnreal/Saved/Config/Windows/Scalability.ini]
[2020.11.09-16.44.27:704][  0]LogConfig: Setting CVar [[foliage.DensityScale:1.0]]
[2020.11.09-16.44.27:704][  0]LogConfig: Setting CVar [[grass.DensityScale:1.0]]
[2020.11.09-16.44.27:704][  0]LogConfig: Applying CVar settings from Section [ShadingQuality@3] File [N:/PROJ/HideNSneakUnreal/Saved/Config/Windows/Scalability.ini]
[2020.11.09-16.44.27:704][  0]LogConfig: Setting CVar [[r.HairStrands.SkyLighting.SampleCount:16]]
[2020.11.09-16.44.27:704][  0]LogConfig: Setting CVar [[r.HairStrands.SkyLighting.JitterIntegration:0]]
[2020.11.09-16.44.27:704][  0]LogConfig: Setting CVar [[r.HairStrands.SkyAO.SampleCount:16]]
[2020.11.09-16.44.27:704][  0]LogConfig: Setting CVar [[r.HairStrands.DeepShadow.SuperSampling:0]]
[2020.11.09-16.44.27:704][  0]LogConfig: Setting CVar [[r.HairStrands.VisibilityPPLL:0]]
[2020.11.09-16.44.27:704][  0]LogConfig: Setting CVar [[r.HairStrands.RasterizationScale:0.5]]
[2020.11.09-16.44.27:704][  0]LogConfig: Setting CVar [[r.HairStrands.VelocityRasterizationScale:1]]
[2020.11.09-16.44.27:704][  0]LogInit: Selected Device Profile: [Windows]
[2020.11.09-16.44.27:704][  0]LogInit: Applying CVar settings loaded from the selected device profile: [Windows]
[2020.11.09-16.44.27:704][  0]LogHAL: Display: Platform has ~ 32 GB [34288492544 / 34359738368 / 32], which maps to Largest [LargestMinGB=32, LargerMinGB=12, DefaultMinGB=8, SmallerMinGB=6, SmallestMinGB=0)
[2020.11.09-16.44.27:704][  0]LogInit: Going up to parent DeviceProfile []
[2020.11.09-16.44.27:704][  0]LogConfig: Applying CVar settings from Section [ViewDistanceQuality@3] File [N:/PROJ/HideNSneakUnreal/Saved/Config/Windows/Scalability.ini]
[2020.11.09-16.44.27:704][  0]LogConfig: Setting CVar [[r.SkeletalMeshLODBias:0]]
[2020.11.09-16.44.27:704][  0]LogConfig: Setting CVar [[r.ViewDistanceScale:1.0]]
[2020.11.09-16.44.27:704][  0]LogConfig: Applying CVar settings from Section [AntiAliasingQuality@3] File [N:/PROJ/HideNSneakUnreal/Saved/Config/Windows/Scalability.ini]
[2020.11.09-16.44.27:704][  0]LogConfig: Setting CVar [[r.PostProcessAAQuality:4]]
[2020.11.09-16.44.27:704][  0]LogConfig: Applying CVar settings from Section [ShadowQuality@3] File [N:/PROJ/HideNSneakUnreal/Saved/Config/Windows/Scalability.ini]
[2020.11.09-16.44.27:704][  0]LogConfig: Setting CVar [[r.LightFunctionQuality:1]]
[2020.11.09-16.44.27:704][  0]LogConfig: Setting CVar [[r.ShadowQuality:5]]
[2020.11.09-16.44.27:704][  0]LogConfig: Setting CVar [[r.Shadow.CSM.MaxCascades:10]]
[2020.11.09-16.44.27:704][  0]LogConfig: Setting CVar [[r.Shadow.MaxResolution:2048]]
[2020.11.09-16.44.27:704][  0]LogConfig: Setting CVar [[r.Shadow.MaxCSMResolution:2048]]
[2020.11.09-16.44.27:704][  0]LogConfig: Setting CVar [[r.Shadow.RadiusThreshold:0.01]]
[2020.11.09-16.44.27:704][  0]LogConfig: Setting CVar [[r.Shadow.DistanceScale:1.0]]
[2020.11.09-16.44.27:704][  0]LogConfig: Setting CVar [[r.Shadow.CSM.TransitionScale:1.0]]
[2020.11.09-16.44.27:705][  0]LogConfig: Setting CVar [[r.Shadow.PreShadowResolutionFactor:1.0]]
[2020.11.09-16.44.27:705][  0]LogConfig: Setting CVar [[r.DistanceFieldShadowing:1]]
[2020.11.09-16.44.27:705][  0]LogConfig: Setting CVar [[r.DistanceFieldAO:1]]
[2020.11.09-16.44.27:705][  0]LogConfig: Setting CVar [[r.AOQuality:2]]
[2020.11.09-16.44.27:705][  0]LogConfig: Setting CVar [[r.VolumetricFog:1]]
[2020.11.09-16.44.27:705][  0]LogConfig: Setting CVar [[r.VolumetricFog.GridPixelSize:8]]
[2020.11.09-16.44.27:705][  0]LogConfig: Setting CVar [[r.VolumetricFog.GridSizeZ:128]]
[2020.11.09-16.44.27:705][  0]LogConfig: Setting CVar [[r.VolumetricFog.HistoryMissSupersampleCount:4]]
[2020.11.09-16.44.27:705][  0]LogConfig: Setting CVar [[r.LightMaxDrawDistanceScale:1]]
[2020.11.09-16.44.27:705][  0]LogConfig: Setting CVar [[r.CapsuleShadows:1]]
[2020.11.09-16.44.27:705][  0]LogConfig: Applying CVar settings from Section [PostProcessQuality@3] File [N:/PROJ/HideNSneakUnreal/Saved/Config/Windows/Scalability.ini]
[2020.11.09-16.44.27:705][  0]LogConfig: Setting CVar [[r.MotionBlurQuality:4]]
[2020.11.09-16.44.27:705][  0]LogConfig: Setting CVar [[r.AmbientOcclusionMipLevelFactor:0.4]]
[2020.11.09-16.44.27:705][  0]LogConfig: Setting CVar [[r.AmbientOcclusionMaxQuality:100]]
[2020.11.09-16.44.27:705][  0]LogConfig: Setting CVar [[r.AmbientOcclusionLevels:-1]]
[2020.11.09-16.44.27:705][  0]LogConfig: Setting CVar [[r.AmbientOcclusionRadiusScale:1.0]]
[2020.11.09-16.44.27:705][  0]LogConfig: Setting CVar [[r.DepthOfFieldQuality:2]]
[2020.11.09-16.44.27:705][  0]LogConfig: Setting CVar [[r.RenderTargetPoolMin:400]]
[2020.11.09-16.44.27:705][  0]LogConfig: Setting CVar [[r.LensFlareQuality:2]]
[2020.11.09-16.44.27:705][  0]LogConfig: Setting CVar [[r.SceneColorFringeQuality:1]]
[2020.11.09-16.44.27:705][  0]LogConfig: Setting CVar [[r.EyeAdaptationQuality:2]]
[2020.11.09-16.44.27:705][  0]LogConfig: Setting CVar [[r.BloomQuality:5]]
[2020.11.09-16.44.27:705][  0]LogConfig: Setting CVar [[r.FastBlurThreshold:100]]
[2020.11.09-16.44.27:705][  0]LogConfig: Setting CVar [[r.Upscale.Quality:3]]
[2020.11.09-16.44.27:705][  0]LogConfig: Setting CVar [[r.Tonemapper.GrainQuantization:1]]
[2020.11.09-16.44.27:705][  0]LogConfig: Setting CVar [[r.LightShaftQuality:1]]
[2020.11.09-16.44.27:705][  0]LogConfig: Setting CVar [[r.Filter.SizeScale:1]]
[2020.11.09-16.44.27:705][  0]LogConfig: Setting CVar [[r.Tonemapper.Quality:5]]
[2020.11.09-16.44.27:705][  0]LogConfig: Setting CVar [[r.DOF.Gather.AccumulatorQuality:1        ; higher gathering accumulator quality]]
[2020.11.09-16.44.27:705][  0]LogConfig: Setting CVar [[r.DOF.Gather.PostfilterMethod:1          ; Median3x3 postfilering method]]
[2020.11.09-16.44.27:705][  0]LogConfig: Setting CVar [[r.DOF.Gather.EnableBokehSettings:0       ; no bokeh simulation when gathering]]
[2020.11.09-16.44.27:705][  0]LogConfig: Setting CVar [[r.DOF.Gather.RingCount:4                 ; medium number of samples when gathering]]
[2020.11.09-16.44.27:705][  0]LogConfig: Setting CVar [[r.DOF.Scatter.ForegroundCompositing:1    ; additive foreground scattering]]
[2020.11.09-16.44.27:705][  0]LogConfig: Setting CVar [[r.DOF.Scatter.BackgroundCompositing:2    ; additive background scattering]]
[2020.11.09-16.44.27:705][  0]LogConfig: Setting CVar [[r.DOF.Scatter.EnableBokehSettings:1      ; bokeh simulation when scattering]]
[2020.11.09-16.44.27:705][  0]LogConfig: Setting CVar [[r.DOF.Scatter.MaxSpriteRatio:0.1         ; only a maximum of 10% of scattered bokeh]]
[2020.11.09-16.44.27:705][  0]LogConfig: Setting CVar [[r.DOF.Recombine.Quality:1                ; cheap slight out of focus]]
[2020.11.09-16.44.27:705][  0]LogConfig: Setting CVar [[r.DOF.Recombine.EnableBokehSettings:0    ; no bokeh simulation on slight out of focus]]
[2020.11.09-16.44.27:705][  0]LogConfig: Setting CVar [[r.DOF.TemporalAAQuality:1                ; more stable temporal accumulation]]
[2020.11.09-16.44.27:706][  0]LogConfig: Setting CVar [[r.DOF.Kernel.MaxForegroundRadius:0.025]]
[2020.11.09-16.44.27:706][  0]LogConfig: Setting CVar [[r.DOF.Kernel.MaxBackgroundRadius:0.025]]
[2020.11.09-16.44.27:706][  0]LogConfig: Applying CVar settings from Section [TextureQuality@3] File [N:/PROJ/HideNSneakUnreal/Saved/Config/Windows/Scalability.ini]
[2020.11.09-16.44.27:706][  0]LogConfig: Setting CVar [[r.Streaming.MipBias:0]]
[2020.11.09-16.44.27:706][  0]LogConfig: Setting CVar [[r.Streaming.AmortizeCPUToGPUCopy:0]]
[2020.11.09-16.44.27:706][  0]LogConfig: Setting CVar [[r.Streaming.MaxNumTexturesToStreamPerFrame:0]]
[2020.11.09-16.44.27:706][  0]LogConfig: Setting CVar [[r.Streaming.Boost:1]]
[2020.11.09-16.44.27:706][  0]LogConfig: Setting CVar [[r.MaxAnisotropy:8]]
[2020.11.09-16.44.27:706][  0]LogConfig: Setting CVar [[r.VT.MaxAnisotropy:8]]
[2020.11.09-16.44.27:706][  0]LogConfig: Setting CVar [[r.Streaming.LimitPoolSizeToVRAM:0]]
[2020.11.09-16.44.27:706][  0]LogConfig: Setting CVar [[r.Streaming.PoolSize:1000]]
[2020.11.09-16.44.27:706][  0]LogConfig: Setting CVar [[r.Streaming.MaxEffectiveScreenSize:0]]
[2020.11.09-16.44.27:706][  0]LogConfig: Applying CVar settings from Section [EffectsQuality@3] File [N:/PROJ/HideNSneakUnreal/Saved/Config/Windows/Scalability.ini]
[2020.11.09-16.44.27:706][  0]LogConfig: Setting CVar [[r.TranslucencyLightingVolumeDim:64]]
[2020.11.09-16.44.27:706][  0]LogConfig: Setting CVar [[r.RefractionQuality:2]]
[2020.11.09-16.44.27:706][  0]LogConfig: Setting CVar [[r.SSR.Quality:3]]
[2020.11.09-16.44.27:706][  0]LogConfig: Setting CVar [[r.SSR.HalfResSceneColor:0]]
[2020.11.09-16.44.27:706][  0]LogConfig: Setting CVar [[r.SceneColorFormat:4]]
[2020.11.09-16.44.27:706][  0]LogConfig: Setting CVar [[r.DetailMode:2]]
[2020.11.09-16.44.27:706][  0]LogConfig: Setting CVar [[r.TranslucencyVolumeBlur:1]]
[2020.11.09-16.44.27:706][  0]LogConfig: Setting CVar [[r.MaterialQualityLevel:1 ; High quality]]
[2020.11.09-16.44.27:706][  0]LogConfig: Setting CVar [[r.SSS.Scale:1]]
[2020.11.09-16.44.27:706][  0]LogConfig: Setting CVar [[r.SSS.SampleSet:2]]
[2020.11.09-16.44.27:706][  0]LogConfig: Setting CVar [[r.SSS.Quality:1]]
[2020.11.09-16.44.27:706][  0]LogConfig: Setting CVar [[r.SSS.HalfRes:0]]
[2020.11.09-16.44.27:706][  0]LogConfig: Setting CVar [[r.SSGI.Quality:3]]
[2020.11.09-16.44.27:706][  0]LogConfig: Setting CVar [[r.EmitterSpawnRateScale:1.0]]
[2020.11.09-16.44.27:706][  0]LogConfig: Setting CVar [[r.ParticleLightQuality:2]]
[2020.11.09-16.44.27:706][  0]LogConfig: Setting CVar [[r.SkyAtmosphere.AerialPerspectiveLUT.FastApplyOnOpaque:1 ; Always have FastSkyLUT 1 in this case to avoid wrong sky]]
[2020.11.09-16.44.27:706][  0]LogConfig: Setting CVar [[r.SkyAtmosphere.AerialPerspectiveLUT.SampleCountPerSlice:1]]
[2020.11.09-16.44.27:706][  0]LogConfig: Setting CVar [[r.SkyAtmosphere.AerialPerspectiveLUT.DepthResolution:16.0]]
[2020.11.09-16.44.27:706][  0]LogConfig: Setting CVar [[r.SkyAtmosphere.FastSkyLUT:1]]
[2020.11.09-16.44.27:706][  0]LogConfig: Setting CVar [[r.SkyAtmosphere.FastSkyLUT.SampleCountMin:4.0]]
[2020.11.09-16.44.27:706][  0]LogConfig: Setting CVar [[r.SkyAtmosphere.FastSkyLUT.SampleCountMax:32.0]]
[2020.11.09-16.44.27:706][  0]LogConfig: Setting CVar [[r.SkyAtmosphere.SampleCountMin:4.0]]
[2020.11.09-16.44.27:706][  0]LogConfig: Setting CVar [[r.SkyAtmosphere.SampleCountMax:32.0]]
[2020.11.09-16.44.27:707][  0]LogConfig: Setting CVar [[r.SkyAtmosphere.TransmittanceLUT.UseSmallFormat:0]]
[2020.11.09-16.44.27:707][  0]LogConfig: Setting CVar [[r.SkyAtmosphere.TransmittanceLUT.SampleCount:10.0]]
[2020.11.09-16.44.27:707][  0]LogConfig: Setting CVar [[r.SkyAtmosphere.MultiScatteringLUT.SampleCount:15.0]]
[2020.11.09-16.44.27:707][  0]LogConfig: Applying CVar settings from Section [FoliageQuality@3] File [N:/PROJ/HideNSneakUnreal/Saved/Config/Windows/Scalability.ini]
[2020.11.09-16.44.27:707][  0]LogConfig: Setting CVar [[foliage.DensityScale:1.0]]
[2020.11.09-16.44.27:707][  0]LogConfig: Setting CVar [[grass.DensityScale:1.0]]
[2020.11.09-16.44.27:707][  0]LogConfig: Applying CVar settings from Section [ShadingQuality@3] File [N:/PROJ/HideNSneakUnreal/Saved/Config/Windows/Scalability.ini]
[2020.11.09-16.44.27:707][  0]LogConfig: Setting CVar [[r.HairStrands.SkyLighting.SampleCount:16]]
[2020.11.09-16.44.27:707][  0]LogConfig: Setting CVar [[r.HairStrands.SkyLighting.JitterIntegration:0]]
[2020.11.09-16.44.27:707][  0]LogConfig: Setting CVar [[r.HairStrands.SkyAO.SampleCount:16]]
[2020.11.09-16.44.27:707][  0]LogConfig: Setting CVar [[r.HairStrands.DeepShadow.SuperSampling:0]]
[2020.11.09-16.44.27:707][  0]LogConfig: Setting CVar [[r.HairStrands.VisibilityPPLL:0]]
[2020.11.09-16.44.27:707][  0]LogConfig: Setting CVar [[r.HairStrands.RasterizationScale:0.5]]
[2020.11.09-16.44.27:707][  0]LogConfig: Setting CVar [[r.HairStrands.VelocityRasterizationScale:1]]
[2020.11.09-16.44.27:707][  0]LogConfig: Applying CVar settings from Section [Startup] File [../../../Engine/Config/ConsoleVariables.ini]
[2020.11.09-16.44.27:707][  0]LogConfig: Setting CVar [[net.UseAdaptiveNetUpdateFrequency:0]]
[2020.11.09-16.44.27:707][  0]LogConfig: Setting CVar [[p.chaos.AllowCreatePhysxBodies:1]]
[2020.11.09-16.44.27:707][  0]LogConfig: Setting CVar [[fx.SkipVectorVMBackendOptimizations:1]]
[2020.11.09-16.44.27:707][  0]LogConfig: Applying CVar settings from Section [ConsoleVariables] File [N:/PROJ/HideNSneakUnreal/Saved/Config/Windows/Engine.ini]
[2020.11.09-16.44.27:708][  0]LogInit: Computer: SPLAB-17
[2020.11.09-16.44.27:708][  0]LogInit: User: abab8270
[2020.11.09-16.44.27:708][  0]LogInit: CPU Page size=4096, Cores=8
[2020.11.09-16.44.27:708][  0]LogInit: High frequency timer resolution =10.000000 MHz
[2020.11.09-16.44.27:708][  0]LogMemory: Memory total: Physical=31.9GB (32GB approx)
[2020.11.09-16.44.27:708][  0]LogMemory: Platform Memory Stats for Windows
[2020.11.09-16.44.27:708][  0]LogMemory: Process Physical Memory: 116.93 MB used, 116.94 MB peak
[2020.11.09-16.44.27:708][  0]LogMemory: Process Virtual Memory: 106.43 MB used, 106.43 MB peak
[2020.11.09-16.44.27:708][  0]LogMemory: Physical Memory: 11285.29 MB used,  21414.76 MB free, 32700.05 MB total
[2020.11.09-16.44.27:708][  0]LogMemory: Virtual Memory: 5208.93 MB used,  134212520.00 MB free, 134217728.00 MB total
[2020.11.09-16.44.27:716][  0]LogWindows: WindowsPlatformFeatures enabled
[2020.11.09-16.44.27:765][  0]LogInit: Physics initialised using underlying interface: PhysX
[2020.11.09-16.44.27:768][  0]LogInit: Using OS detected language (en-GB).
[2020.11.09-16.44.27:768][  0]LogInit: Using OS detected locale (sv-SE).
[2020.11.09-16.44.27:780][  0]LogTextLocalizationManager: No specific localization for 'en-GB' exists, so the 'en' localization will be used.
[2020.11.09-16.44.27:975][  0]LogInit: Setting process to per monitor DPI aware
[2020.11.09-16.44.28:024][  0]LogSlate: New Slate User Created.  User Index 0, Is Virtual User: 0
[2020.11.09-16.44.28:024][  0]LogSlate: Slate User Registered.  User Index 0, Is Virtual User: 0
[2020.11.09-16.44.28:179][  0]LogHMD: Failed to initialize OpenVR with code 110
[2020.11.09-16.44.28:179][  0]LogD3D11RHI: D3D11 min allowed feature level: 11_0
[2020.11.09-16.44.28:179][  0]LogD3D11RHI: D3D11 max allowed feature level: 11_0
[2020.11.09-16.44.28:179][  0]LogD3D11RHI: D3D11 adapters:
[2020.11.09-16.44.28:289][  0]LogD3D11RHI:    0. 'NVIDIA GeForce GTX 1080 Ti' (Feature Level 11_0)
[2020.11.09-16.44.28:289][  0]LogD3D11RHI:       11127/0/16350 MB DedicatedVideo/DedicatedSystem/SharedSystem, Outputs:1, VendorId:0x10de
[2020.11.09-16.44.28:291][  0]LogD3D11RHI:    1. 'Microsoft Basic Render Driver' (Feature Level 11_0)
[2020.11.09-16.44.28:291][  0]LogD3D11RHI:       0/0/16350 MB DedicatedVideo/DedicatedSystem/SharedSystem, Outputs:0, VendorId:0x1414
[2020.11.09-16.44.28:291][  0]LogD3D11RHI: Chosen D3D11 Adapter: 0
[2020.11.09-16.44.28:302][  0]LogD3D11RHI: Creating new Direct3DDevice
[2020.11.09-16.44.28:302][  0]LogD3D11RHI:     GPU DeviceId: 0x1b06 (for the marketing name, search the web for "GPU Device Id")
[2020.11.09-16.44.28:302][  0]LogWindows: EnumDisplayDevices:
[2020.11.09-16.44.28:303][  0]LogWindows:    0. 'NVIDIA GeForce GTX 1080 Ti' (P:1 D:1)
[2020.11.09-16.44.28:303][  0]LogWindows:    1. 'NVIDIA GeForce GTX 1080 Ti' (P:0 D:0)
[2020.11.09-16.44.28:303][  0]LogWindows:    2. 'NVIDIA GeForce GTX 1080 Ti' (P:0 D:0)
[2020.11.09-16.44.28:303][  0]LogWindows:    3. 'NVIDIA GeForce GTX 1080 Ti' (P:0 D:0)
[2020.11.09-16.44.28:303][  0]LogWindows: DebugString: FoundDriverCount:4 
[2020.11.09-16.44.28:303][  0]LogD3D11RHI:     Adapter Name: NVIDIA GeForce GTX 1080 Ti
[2020.11.09-16.44.28:303][  0]LogD3D11RHI:   Driver Version: 431.60 (internal:26.21.14.3160, unified:431.60)
[2020.11.09-16.44.28:303][  0]LogD3D11RHI:      Driver Date: 7-17-2019
[2020.11.09-16.44.28:303][  0]LogRHI: Texture pool is 7788 MB (70% of 11127 MB)
[2020.11.09-16.44.28:365][  0]LogD3D11RHI: RHI has support for 64 bit atomics
[2020.11.09-16.44.28:366][  0]LogD3D11RHI: [Aftermath] Enabled and primed
[2020.11.09-16.44.28:366][  0]LogD3D11RHI: Async texture creation enabled
[2020.11.09-16.44.28:366][  0]LogD3D11RHI: Array index from any shader is supported
[2020.11.09-16.44.28:409][  0]LogD3D11RHI: HDR output is supported on display 0 (NvId: 0x80061087).
[2020.11.09-16.44.28:433][  0]LogD3D11RHI: GPU Timing Frequency: 1000.000000 (Debug: 2 1)
[2020.11.09-16.44.28:769][  0]LogTargetPlatformManager: Display: Loaded TargetPlatform 'AllDesktop'
[2020.11.09-16.44.28:802][  0]LogTargetPlatformManager: Display: Loaded TargetPlatform 'Android'
[2020.11.09-16.44.28:802][  0]LogTargetPlatformManager: Display: Loaded TargetPlatform 'Android_ASTC'
[2020.11.09-16.44.28:802][  0]LogTargetPlatformManager: Display: Loaded TargetPlatform 'Android_DXT'
[2020.11.09-16.44.28:802][  0]LogTargetPlatformManager: Display: Loaded TargetPlatform 'Android_ETC2'
[2020.11.09-16.44.28:802][  0]LogTargetPlatformManager: Display: Loaded TargetPlatform 'AndroidClient'
[2020.11.09-16.44.28:802][  0]LogTargetPlatformManager: Display: Loaded TargetPlatform 'Android_ASTCClient'
[2020.11.09-16.44.28:802][  0]LogTargetPlatformManager: Display: Loaded TargetPlatform 'Android_DXTClient'
[2020.11.09-16.44.28:802][  0]LogTargetPlatformManager: Display: Loaded TargetPlatform 'Android_ETC2Client'
[2020.11.09-16.44.28:802][  0]LogTargetPlatformManager: Display: Loaded TargetPlatform 'Android_Multi'
[2020.11.09-16.44.28:802][  0]LogTargetPlatformManager: Display: Loaded TargetPlatform 'Android_MultiClient'
[2020.11.09-16.44.28:832][  0]LogTargetPlatformManager: Display: Loaded TargetPlatform 'IOSClient'
[2020.11.09-16.44.28:832][  0]LogTargetPlatformManager: Display: Loaded TargetPlatform 'IOS'
[2020.11.09-16.44.28:847][  0]LogTargetPlatformManager: Display: Loaded TargetPlatform 'Linux'
[2020.11.09-16.44.28:859][  0]LogTargetPlatformManager: Display: Loaded TargetPlatform 'LinuxNoEditor'
[2020.11.09-16.44.28:872][  0]LogTargetPlatformManager: Display: Loaded TargetPlatform 'LinuxClient'
[2020.11.09-16.44.28:885][  0]LogTargetPlatformManager: Display: Loaded TargetPlatform 'LinuxServer'
[2020.11.09-16.44.28:904][  0]LogTargetPlatformManager: Display: Loaded TargetPlatform 'LinuxAArch64NoEditor'
[2020.11.09-16.44.28:921][  0]LogTargetPlatformManager: Display: Loaded TargetPlatform 'LinuxAArch64Client'
[2020.11.09-16.44.28:937][  0]LogTargetPlatformManager: Display: Loaded TargetPlatform 'LinuxAArch64Server'
[2020.11.09-16.44.28:975][  0]LogTargetPlatformManager: Display: Loaded TargetPlatform 'Lumin'
[2020.11.09-16.44.28:975][  0]LogTargetPlatformManager: Display: Loaded TargetPlatform 'LuminClient'
[2020.11.09-16.44.28:999][  0]LogTargetPlatformManager: Display: Loaded TargetPlatform 'TVOSClient'
[2020.11.09-16.44.28:999][  0]LogTargetPlatformManager: Display: Loaded TargetPlatform 'TVOS'
[2020.11.09-16.44.29:012][  0]LogTargetPlatformManager: Display: Loaded TargetPlatform 'WindowsNoEditor'
[2020.11.09-16.44.29:025][  0]LogTargetPlatformManager: Display: Loaded TargetPlatform 'Windows'
[2020.11.09-16.44.29:038][  0]LogTargetPlatformManager: Display: Loaded TargetPlatform 'WindowsClient'
[2020.11.09-16.44.29:052][  0]LogTargetPlatformManager: Display: Loaded TargetPlatform 'WindowsServer'
[2020.11.09-16.44.29:052][  0]LogTargetPlatformManager: Display: Building Assets For Windows
[2020.11.09-16.44.29:064][  0]LogAudioDebug: Display: Lib vorbis DLL was dynamically loaded.
[2020.11.09-16.44.29:133][  0]LogShaderCompilers: Guid format shader working directory is 24 characters bigger than the processId version (N:/PROJ/HideNSneakUnreal/Intermediate/Shaders/WorkingDirectory/21884/).
[2020.11.09-16.44.29:133][  0]LogShaderCompilers: Cleaned the shader compiler working directory 'C:/Users/abab8270/AppData/Local/Temp/UnrealShaderWorkingDir/877FA59D451D5F47C1868CB5192AA3A4/'.
[2020.11.09-16.44.29:134][  0]LogXGEController: Cleaning working directory: C:/Users/abab8270/AppData/Local/Temp/UnrealXGEWorkingDir/
[2020.11.09-16.44.29:134][  0]LogXGEController: Cannot use XGE Controller as Incredibuild is not installed on this machine.
[2020.11.09-16.44.29:134][  0]LogShaderCompilers: Cannot use XGE Shader Compiler as Incredibuild is not installed on this machine.
[2020.11.09-16.44.29:134][  0]LogShaderCompilers: Display: Using Local Shader Compiler.
[2020.11.09-16.44.30:091][  0]LogDerivedDataCache: Display: Max Cache Size: 512 MB
[2020.11.09-16.44.30:145][  0]LogDerivedDataCache: Loaded boot cache 0.05s 76MB C:/Users/abab8270/AppData/Local/UnrealEngine/4.25/DerivedDataCache/Boot.ddc.
[2020.11.09-16.44.30:145][  0]LogDerivedDataCache: Display: Loaded Boot cache: C:/Users/abab8270/AppData/Local/UnrealEngine/4.25/DerivedDataCache/Boot.ddc
[2020.11.09-16.44.30:145][  0]LogDerivedDataCache: FDerivedDataBackendGraph:  Pak pak cache file N:/PROJ/HideNSneakUnreal/DerivedDataCache/DDC.ddp not found, will not use a pak cache.
[2020.11.09-16.44.30:145][  0]LogDerivedDataCache: Unable to find inner node Pak for hierarchical cache Hierarchy.
[2020.11.09-16.44.30:145][  0]LogDerivedDataCache: FDerivedDataBackendGraph:  CompressedPak pak cache file N:/PROJ/HideNSneakUnreal/DerivedDataCache/Compressed.ddp not found, will not use a pak cache.
[2020.11.09-16.44.30:145][  0]LogDerivedDataCache: Unable to find inner node CompressedPak for hierarchical cache Hierarchy.
[2020.11.09-16.44.30:157][  0]LogDerivedDataCache: Display: Pak cache opened for reading ../../../Engine/DerivedDataCache/Compressed.ddp.
[2020.11.09-16.44.30:157][  0]LogDerivedDataCache: FDerivedDataBackendGraph:  EnterprisePak pak cache file ../../../Enterprise/DerivedDataCache/Compressed.ddp not found, will not use a pak cache.
[2020.11.09-16.44.30:157][  0]LogDerivedDataCache: Unable to find inner node EnterprisePak for hierarchical cache Hierarchy.
[2020.11.09-16.44.30:158][  0]LogDerivedDataCache: Using Local data cache path C:/Users/abab8270/AppData/Local/UnrealEngine/Common/DerivedDataCache: Writable
[2020.11.09-16.44.30:158][  0]LogDerivedDataCache: Shared data cache path not found in *engine.ini, will not use an Shared cache.
[2020.11.09-16.44.30:158][  0]LogDerivedDataCache: Unable to find inner node Shared for hierarchical cache Hierarchy.
[2020.11.09-16.44.30:213][  0]LogSlate: Using FreeType 2.10.0
[2020.11.09-16.44.30:214][  0]LogSlate: SlateFontServices - WITH_FREETYPE: 1, WITH_HARFBUZZ: 1
[2020.11.09-16.44.30:248][  0]LogAssetRegistry: FAssetRegistry took 0.0049 seconds to start up
[2020.11.09-16.44.30:580][  0]LogInit: Selected Device Profile: [Windows]
[2020.11.09-16.44.30:749][  0]LogMeshReduction: Using QuadricMeshReduction for automatic static mesh reduction
[2020.11.09-16.44.30:749][  0]LogMeshReduction: Using SimplygonMeshReduction for automatic skeletal mesh reduction
[2020.11.09-16.44.30:749][  0]LogMeshReduction: Using ProxyLODMeshReduction for automatic mesh merging
[2020.11.09-16.44.30:749][  0]LogMeshReduction: No distributed automatic mesh merging module available
[2020.11.09-16.44.30:749][  0]LogMeshMerging: No distributed automatic mesh merging module available
[2020.11.09-16.44.30:769][  0]LogNetVersion: HideNSneakUnreal 1.0.0, NetCL: 13144385, EngineNetVer: 14, GameNetVer: 0 (Checksum: 3367979030)
[2020.11.09-16.44.31:301][  0]LogAISub: UAISubsystem::UAISubsystem AISubsystem (000002E2373EEAC0), frame # 0
[2020.11.09-16.44.31:301][  0]LogAISub: UAISubsystem::UAISubsystem AIPerceptionSystem (000002E2373BC7C0), frame # 0
[2020.11.09-16.44.31:302][  0]LogAISub: UAISubsystem::UAISubsystem EnvQueryManager (000002E237404800), frame # 0
[2020.11.09-16.44.31:644][  0]LogPackageLocalizationCache: Processed 20 localized package path(s) for 1 prioritized culture(s) in 0.334557 seconds
[2020.11.09-16.44.31:652][  0]LogUObjectArray: 15934 objects as part of root set at end of initial load.
[2020.11.09-16.44.31:653][  0]LogUObjectAllocator: 3978976 out of 0 bytes used by permanent object pool.
[2020.11.09-16.44.31:653][  0]LogUObjectArray: CloseDisregardForGC: 0/0 objects in disregard for GC pool
[2020.11.09-16.44.32:170][  0]LogTcpMessaging: Initializing TcpMessaging bridge
[2020.11.09-16.44.32:177][  0]LogUdpMessaging: Initializing bridge on interface 0.0.0.0:0 to multicast group 230.0.0.1:6666.
[2020.11.09-16.44.32:177][  0]LogDirectoryWatcher: A directory notification failed for 'N:/PROJ/HideNSneakUnreal/Content/' because it was empty or there was a buffer overflow. Attemping another request...
[2020.11.09-16.44.32:177][  0]LogDirectoryWatcher: A directory notification failed for 'N:/PROJ/HideNSneakUnreal/Content/' because it was empty or there was a buffer overflow. Attemping another request...
[2020.11.09-16.44.32:177][  0]LogDirectoryWatcher: A directory notification failed for 'N:/PROJ/HideNSneakUnreal/Binaries/Win64' because it was empty or there was a buffer overflow. Attemping another request...
[2020.11.09-16.44.32:314][  0]SourceControl: Source control is disabled
[2020.11.09-16.44.32:314][  0]SourceControl: Source control is disabled
[2020.11.09-16.44.32:318][  0]SourceControl: Source control is disabled
[2020.11.09-16.44.32:321][  0]SourceControl: Source control is disabled
[2020.11.09-16.44.32:328][  0]SourceControl: Source control is disabled
[2020.11.09-16.44.32:713][  0]LogAndroidPermission: UAndroidPermissionCallbackProxy::GetInstance
[2020.11.09-16.44.32:744][  0]LogAudioCaptureCore: Display: No Audio Capture implementations found. Audio input will be silent.
[2020.11.09-16.44.32:744][  0]LogAudioCaptureCore: Display: No Audio Capture implementations found. Audio input will be silent.
[2020.11.09-16.44.32:812][  0]LogOcInput: OculusInput pre-init called
[2020.11.09-16.44.32:825][  0]LogWindows: Failed to load 'OVRPlugin.dll' (GetLastError=126)
[2020.11.09-16.44.32:825][  0]LogWindows: File 'OVRPlugin.dll' does not exist
[2020.11.09-16.44.32:923][  0]LogEngine: Initializing Engine...
[2020.11.09-16.44.32:924][  0]LogHMD: Failed to initialize OpenVR with code 110
[2020.11.09-16.44.32:924][  0]LogMagicLeap: Warning: VR disabled because ZI is not enabled.  To enable, in the editor, Edit -> Project Settings -> Plugins -> Magic Leap Plugin -> Enable Zero Iteration
[2020.11.09-16.44.32:925][  0]LogStats: UGameplayTagsManager::InitializeManager -  0.000 s
[2020.11.09-16.44.33:040][  0]LogInit: Initializing FReadOnlyCVARCache
[2020.11.09-16.44.33:052][  0]LogAIModule: Creating AISystem for world Untitled
[2020.11.09-16.44.33:052][  0]LogAISub: UAISubsystem::UAISubsystem EnvQueryManager (000002E23F1E3C00), frame # 0
[2020.11.09-16.44.33:052][  0]LogAISub: UAISubsystem::UAISubsystem AIPerceptionSystem (000002E23F20E480), frame # 0
[2020.11.09-16.44.33:115][  0]LogAudioMixer: Display: Audio Mixer Platform Settings:
[2020.11.09-16.44.33:115][  0]LogAudioMixer: Display: 	Sample Rate:						  48000
[2020.11.09-16.44.33:115][  0]LogAudioMixer: Display: 	Callback Buffer Frame Size Requested: 1024
[2020.11.09-16.44.33:115][  0]LogAudioMixer: Display: 	Callback Buffer Frame Size To Use:	  1024
[2020.11.09-16.44.33:115][  0]LogAudioMixer: Display: 	Number of buffers to queue:			  2
[2020.11.09-16.44.33:115][  0]LogAudioMixer: Display: 	Max Channels (voices):				  32
[2020.11.09-16.44.33:115][  0]LogAudioMixer: Display: 	Number of Async Source Workers:		  0
[2020.11.09-16.44.33:115][  0]LogAudio: Display: AudioDevice MaxSources: 32
[2020.11.09-16.44.33:127][  0]LogAudio: Display: Using built-in audio occlusion.
[2020.11.09-16.44.33:127][  0]LogAudioMixer: Display: Initializing audio mixer.
[2020.11.09-16.44.33:140][  0]LogAudioMixer: Display: 0: FrontLeft
[2020.11.09-16.44.33:140][  0]LogAudioMixer: Display: 1: FrontRight
[2020.11.09-16.44.33:178][  0]LogAudioMixer: Display: Using Audio Device Headset Earphone (HyperX Virtual Surround Sound)
[2020.11.09-16.44.33:191][  0]LogAudioMixer: Display: Initializing Sound Submixes...
[2020.11.09-16.44.33:194][  0]LogAudioMixer: Display: Creating Master Submix 'MasterSubmixDefault'
[2020.11.09-16.44.33:194][  0]LogAudioMixer: Display: Creating Master Submix 'MasterReverbSubmixDefault'
[2020.11.09-16.44.33:194][  0]LogAudioMixer: Display: Creating Master Submix 'MasterEQSubmixDefault'
[2020.11.09-16.44.33:196][  0]LogInit: FAudioDevice initialized.
[2020.11.09-16.44.33:196][  0]LogNetVersion: Set ProjectVersion to 1.0.0.0. Version Checksum will be recalculated on next use.
[2020.11.09-16.44.33:262][  0]LogDerivedDataCache: Saved boot cache 0.07s 76MB C:/Users/abab8270/AppData/Local/UnrealEngine/4.25/DerivedDataCache/Boot.ddc.
[2020.11.09-16.44.33:268][  0]LogInit: Texture streaming: Enabled
[2020.11.09-16.44.33:308][  0]LogEngineSessionManager: EngineSessionManager initialized
[2020.11.09-16.44.33:308][  0]LogEngineSessionManager: EngineSessionManager sent abnormal shutdown report. Type=Crashed, SessionId={F532A929-4EA8-3B4E-B584-41A9ABF3FD35}
[2020.11.09-16.44.33:308][  0]LogEditorSessionSummary: Verbose: Initializing EditorSessionSummaryWriter for editor session tracking
[2020.11.09-16.44.33:309][  0]LogEditorSessionSummary: EditorSessionSummaryWriter initialized
[2020.11.09-16.44.33:469][  0]LogInit: Transaction tracking system initialized
[2020.11.09-16.44.33:497][  0]BlueprintLog: New page: Editor Load
[2020.11.09-16.44.33:607][  0]LocalizationService: Localization service is disabled
[2020.11.09-16.44.33:821][  0]LogCook: Display: Max memory allowance for cook 16384mb min free memory 0mb
[2020.11.09-16.44.33:821][  0]LogCook: Display: Mobile HDR setting 1
[2020.11.09-16.44.33:898][  0]LogFileCache: Scanning file cache for directory 'N:/PROJ/HideNSneakUnreal/Content/' took 0.01s
[2020.11.09-16.44.34:200][  0]SourceControl: Source control is disabled
[2020.11.09-16.44.34:200][  0]LogUnrealEdMisc: Loading editor; pre map load, took 9.364
[2020.11.09-16.44.34:200][  0]Cmd: MAP LOAD FILE="N:/PROJ/HideNSneakUnreal/Content/ThirdPersonBP/Maps/ThirdPersonExampleMap.umap" TEMPLATE=0 SHOWPROGRESS=1 FEATURELEVEL=3
[2020.11.09-16.44.34:201][  0]LightingResults: New page: Lighting Build
[2020.11.09-16.44.34:202][  0]LogWorld: UWorld::CleanupWorld for Untitled, bSessionEnded=true, bCleanupResources=true
[2020.11.09-16.44.34:202][  0]LogSlate: InvalidateAllWidgets triggered.  All widgets were invalidated
[2020.11.09-16.44.34:202][  0]MapCheck: New page: Map Check
[2020.11.09-16.44.34:202][  0]LightingResults: New page: Lighting Build
[2020.11.09-16.44.34:223][  0]LogAISub: UAISubsystem::~UAISubsystem EnvQueryManager (000002E23F1E3C00), frame # 0
[2020.11.09-16.44.34:223][  0]LogAISub: UAISubsystem::~UAISubsystem AIPerceptionSystem (000002E23F20E480), frame # 0
[2020.11.09-16.44.34:224][  0]LogUObjectHash: Compacting FUObjectHashTables data took   0.79ms
[2020.11.09-16.44.34:663][  0]LogBlueprint: Warning: [Compiler ThirdPersonCharacter] InputAction Event references unknown Action 'ResetVR' for  InputAction ResetVR
[2020.11.09-16.44.35:239][  0]LogAIModule: Creating AISystem for world ThirdPersonExampleMap
[2020.11.09-16.44.35:239][  0]LogAISub: UAISubsystem::UAISubsystem EnvQueryManager (000002E22C5D1C00), frame # 0
[2020.11.09-16.44.35:239][  0]LogAISub: UAISubsystem::UAISubsystem AIPerceptionSystem (000002E22B66CB80), frame # 0
[2020.11.09-16.44.35:259][  0]LogEditorServer: Finished looking for orphan Actors (0.000 secs)
[2020.11.09-16.44.35:287][  0]LogUObjectHash: Compacting FUObjectHashTables data took   2.08ms
[2020.11.09-16.44.35:287][  0]Cmd: MAP CHECKDEP NOCLEARLOG
[2020.11.09-16.44.35:288][  0]MapCheck: Map check complete: 0 Error(s), 0 Warning(s), took 0,3ms to complete.
[2020.11.09-16.44.35:288][  0]LogFileHelpers: Loading map 'ThirdPersonExampleMap' took 1.088
[2020.11.09-16.44.35:295][  0]LogUnrealEdMisc: Total Editor Startup Time, took 10.459
[2020.11.09-16.44.35:452][  0]LogSlate: Updating window title bar state: overlay mode, drag disabled, window buttons hidden, title bar hidden
[2020.11.09-16.44.35:461][  0]LogSlate: Updating window title bar state: overlay mode, drag disabled, window buttons hidden, title bar hidden
[2020.11.09-16.44.35:473][  0]LogSlate: Updating window title bar state: overlay mode, drag disabled, window buttons hidden, title bar hidden
[2020.11.09-16.44.35:487][  0]LogSlate: Updating window title bar state: overlay mode, drag disabled, window buttons hidden, title bar hidden
[2020.11.09-16.44.35:499][  0]LogCollectionManager: Loaded 0 collections in 0.003100 seconds
[2020.11.09-16.44.35:521][  0]LogFileCache: Scanning file cache for directory 'N:/PROJ/HideNSneakUnreal/Saved/Collections/' took 0.00s
[2020.11.09-16.44.35:521][  0]LogFileCache: Scanning file cache for directory 'N:/PROJ/HideNSneakUnreal/Content/Developers/abab8270/Collections/' took 0.00s
[2020.11.09-16.44.35:521][  0]LogFileCache: Scanning file cache for directory 'N:/PROJ/HideNSneakUnreal/Content/Collections/' took 0.00s
[2020.11.09-16.44.35:521][  0]LogContentBrowser: Native class hierarchy populated in 0.0149 seconds. Added 3467 classes and 839 folders.
[2020.11.09-16.44.35:526][  0]LogContentBrowser: Native class hierarchy updated for 'WidgetCarousel' in 0.0007 seconds. Added 0 classes and 0 folders.
[2020.11.09-16.44.35:603][  0]LogContentBrowser: Native class hierarchy updated for 'AddContentDialog' in 0.0007 seconds. Added 0 classes and 0 folders.
[2020.11.09-16.44.35:604][  0]LogContentBrowser: Native class hierarchy updated for 'SceneOutliner' in 0.0006 seconds. Added 2 classes and 0 folders.
[2020.11.09-16.44.36:300][  0]LogSlate: Took 0.000244 seconds to synchronously load lazily loaded font '../../../Engine/Content/Slate/Fonts/Roboto-Regular.ttf' (155K)
[2020.11.09-16.44.36:304][  0]LogSlate: Took 0.000226 seconds to synchronously load lazily loaded font '../../../Engine/Content/Slate/Fonts/Roboto-Bold.ttf' (160K)
[2020.11.09-16.44.36:313][  0]LogSlate: Took 0.000238 seconds to synchronously load lazily loaded font '../../../Engine/Content/Editor/Slate/Fonts/FontAwesome.ttf' (139K)
[2020.11.09-16.44.36:418][  0]LogRenderer: Reallocating scene render targets to support 2172x808 Format 10 NumSamples 1 (Frame:1).
[2020.11.09-16.44.36:587][  0]LogContentBrowser: Native class hierarchy updated for 'HierarchicalLODOutliner' in 0.0007 seconds. Added 0 classes and 0 folders.
[2020.11.09-16.44.36:587][  0]LogLoad: (Engine Initialization) Total time: 11.75 seconds
[2020.11.09-16.44.36:587][  0]LogLoad: (Engine Initialization) Total Blueprint compile time: 0.00 seconds
[2020.11.09-16.44.36:729][  0]LogAssetRegistry: Asset discovery search completed in 6.4833 seconds
[2020.11.09-16.44.36:735][  0]LogCollectionManager: Fixed up redirectors for 0 collections in 0.000004 seconds (updated 0 objects)
[2020.11.09-16.44.36:735][  0]LogDirectoryWatcher: A directory notification failed for 'N:/PROJ/HideNSneakUnreal/Content/' because it was empty or there was a buffer overflow. Attemping another request...
[2020.11.09-16.44.36:736][  0]LogDirectoryWatcher: A directory notification failed for 'N:/PROJ/HideNSneakUnreal/Content/', and we were unable to create a new request.
[2020.11.09-16.44.36:736][  0]LogDirectoryWatcher: A directory notification failed for 'N:/PROJ/HideNSneakUnreal/Binaries/Win64' because it was empty or there was a buffer overflow. Attemping another request...
[2020.11.09-16.44.36:737][  0]LogDirectoryWatcher: A directory notification failed for 'N:/PROJ/HideNSneakUnreal/Binaries/Win64', and we were unable to create a new request.
[2020.11.09-16.44.36:737][  0]LogDirectoryWatcher: A directory notification failed for 'N:/PROJ/HideNSneakUnreal/Content/' because it was empty or there was a buffer overflow. Attemping another request...
[2020.11.09-16.44.36:737][  0]LogDirectoryWatcher: A directory notification failed for 'N:/PROJ/HideNSneakUnreal/Content/', and we were unable to create a new request.
[2020.11.09-16.44.36:737][  0]LogDirectoryWatcher: A directory notification failed for 'N:/PROJ/HideNSneakUnreal/Saved/Collections/' because it was empty or there was a buffer overflow. Attemping another request...
[2020.11.09-16.44.36:737][  0]LogDirectoryWatcher: A directory notification failed for 'N:/PROJ/HideNSneakUnreal/Content/Developers/abab8270/Collections/' because it was empty or there was a buffer overflow. Attemping another request...
[2020.11.09-16.44.36:737][  0]LogDirectoryWatcher: A directory notification failed for 'N:/PROJ/HideNSneakUnreal/Content/Collections/' because it was empty or there was a buffer overflow. Attemping another request...
[2020.11.09-16.44.36:739][  0]LogContentStreaming: Texture pool size now 1000 MB
[2020.11.09-16.44.36:798][  1]LogFileCache: Retrieving MD5 hashes for directory 'N:/PROJ/HideNSneakUnreal/Content/' took 0.20s
[2020.11.09-16.44.36:828][  1]LogDirectoryWatcher: A directory notification failed for 'N:/PROJ/HideNSneakUnreal/Saved/Collections/' because it was empty or there was a buffer overflow. Attemping another request...
[2020.11.09-16.44.36:828][  1]LogDirectoryWatcher: A directory notification failed for 'N:/PROJ/HideNSneakUnreal/Saved/Collections/', and we were unable to create a new request.
[2020.11.09-16.44.36:828][  1]LogDirectoryWatcher: A directory notification failed for 'N:/PROJ/HideNSneakUnreal/Content/Developers/abab8270/Collections/' because it was empty or there was a buffer overflow. Attemping another request...
[2020.11.09-16.44.36:829][  1]LogDirectoryWatcher: A directory notification failed for 'N:/PROJ/HideNSneakUnreal/Content/Developers/abab8270/Collections/', and we were unable to create a new request.
[2020.11.09-16.44.36:829][  1]LogDirectoryWatcher: A directory notification failed for 'N:/PROJ/HideNSneakUnreal/Content/Collections/' because it was empty or there was a buffer overflow. Attemping another request...
[2020.11.09-16.44.36:829][  1]LogDirectoryWatcher: A directory notification failed for 'N:/PROJ/HideNSneakUnreal/Content/Collections/', and we were unable to create a new request.
[2020.11.09-16.44.39:511][178]LogSlate: Took 0.008240 seconds to synchronously load lazily loaded font '../../../Engine/Content/Slate/Fonts/Roboto-Light.ttf' (167K)
[2020.11.09-16.44.39:573][178]LogAssetEditorSubsystem: Opening Asset editor for Class /Script/HideNSneakUnreal.CPP_MovementBoost
[2020.11.09-16.46.03:859][621]Candidate modules for hot reload:
[2020.11.09-16.46.03:859][621]  HideNSneakUnreal
[2020.11.09-16.46.03:860][621]Launching UnrealBuildTool... [C:/Program Files/Epic Games/UE_4.25/Engine/Binaries/DotNET/UnrealBuildTool.exe  -ModuleWithSuffix=HideNSneakUnreal,5243 HideNSneakUnrealEditor Win64 Development -Project="N:/PROJ/HideNSneakUnreal/HideNSneakUnreal.uproject" "N:/PROJ/HideNSneakUnreal/HideNSneakUnreal.uproject"  -IgnoreJunk]
[2020.11.09-16.46.03:863][621]Warning: Starting HotReload took  0.0s.
[2020.11.09-16.46.06:768][888]CompilerResultsLog: New page: Compilation - 9 nov. 2020 18:46:06
[2020.11.09-16.46.06:768][888]CompilerResultsLog: Using 'git status' to determine working set for adaptive non-unity build (N:\PROJ).
[2020.11.09-16.46.06:768][888]CompilerResultsLog: Building HideNSneakUnrealEditor...
[2020.11.09-16.46.06:768][888]CompilerResultsLog: Using Visual Studio 2019 14.27.29112 toolchain (C:\Program Files (x86)\Microsoft Visual Studio\2019\Community\VC\Tools\MSVC\14.27.29110) and Windows 10.0.18362.0 SDK (C:\Program Files (x86)\Windows Kits\10).
[2020.11.09-16.46.06:768][888]CompilerResultsLog: Building 3 actions with 16 processes...
[2020.11.09-16.46.06:768][888]CompilerResultsLog:   [1/3] UE4Editor-HideNSneakUnreal-5243.lib
[2020.11.09-16.46.06:768][888]CompilerResultsLog:      Creating library N:\PROJ\HideNSneakUnreal\Intermediate\Build\Win64\UE4Editor\Development\HideNSneakUnreal\UE4Editor-HideNSneakUnreal-5243.lib and object N:\PROJ\HideNSneakUnreal\Intermediate\Build\Win64\UE4Editor\Development\HideNSneakUnreal\UE4Editor-HideNSneakUnreal-5243.exp
[2020.11.09-16.46.06:768][888]CompilerResultsLog:   [2/3] UE4Editor-HideNSneakUnreal-5243.dll
[2020.11.09-16.46.06:768][888]CompilerResultsLog:      Creating library N:\PROJ\HideNSneakUnreal\Intermediate\Build\Win64\UE4Editor\Development\HideNSneakUnreal\UE4Editor-HideNSneakUnreal-5243.suppressed.lib and object N:\PROJ\HideNSneakUnreal\Intermediate\Build\Win64\UE4Editor\Development\HideNSneakUnreal\UE4Editor-HideNSneakUnreal-5243.suppressed.exp
[2020.11.09-16.46.06:768][888]CompilerResultsLog:   [3/3] HideNSneakUnrealEditor.target
[2020.11.09-16.46.06:768][888]CompilerResultsLog: Total time in Parallel executor: 1,64 seconds
[2020.11.09-16.46.06:768][888]CompilerResultsLog: Total execution time: 2,80 seconds
[2020.11.09-16.46.06:768][888]LogMainFrame: MainFrame: Module compiling took 2.912 seconds
[2020.11.09-16.46.07:806][888]LogHotReload: Re-instancing CPP_Character after hot-reload.
[2020.11.09-16.46.07:822][888]LogContentBrowser: Native class hierarchy updated for 'HideNSneakUnreal' in 0.0030 seconds. Added 5 classes and 2 folders.
[2020.11.09-16.46.07:824][888]Display: HotReload successful (5 functions remapped  0 scriptstructs remapped)
[2020.11.09-16.46.07:910][888]LogContentBrowser: Native class hierarchy populated in 0.0121 seconds. Added 3467 classes and 839 folders.
[2020.11.09-16.46.07:910][888]Display: HotReload took  4.1s.
[2020.11.09-16.46.09:864][ 97]LogTemp: Repeating last play command: Selected Viewport
[2020.11.09-16.46.09:892][ 97]LogPlayLevel: PlayLevel: No blueprints needed recompiling
[2020.11.09-16.46.09:893][ 97]PIE: New page: PIE session: ThirdPersonExampleMap (9 nov. 2020 18:46:09)
[2020.11.09-16.46.09:894][ 97]LogOnline: OSS: Creating online subsystem instance for: Steam
[2020.11.09-16.46.09:894][ 97]LogOnline: Display: STEAM: OnlineSubsystemSteam::Shutdown()
[2020.11.09-16.46.09:894][ 97]LogOnline: OSS: Creating online subsystem instance for: NULL
[2020.11.09-16.46.09:895][ 97]LogOnline: OSS: TryLoadSubsystemAndSetDefault: Loaded subsystem for module [NULL]
[2020.11.09-16.46.09:895][ 97]LogPlayLevel: Creating play world package: /Game/ThirdPersonBP/Maps/UEDPIE_0_ThirdPersonExampleMap
[2020.11.09-16.46.09:910][ 97]LogPlayLevel: PIE: StaticDuplicateObject took: (0.014549s)
[2020.11.09-16.46.09:911][ 97]LogAIModule: Creating AISystem for world ThirdPersonExampleMap
[2020.11.09-16.46.09:911][ 97]LogAISub: UAISubsystem::UAISubsystem EnvQueryManager (000002E28783E000), frame # 5097
[2020.11.09-16.46.09:911][ 97]LogAISub: UAISubsystem::UAISubsystem AIPerceptionSystem (000002E23FB674C0), frame # 5097
[2020.11.09-16.46.09:912][ 97]LogPlayLevel: PIE: World Init took: (0.001404s)
[2020.11.09-16.46.09:912][ 97]LogPlayLevel: PIE: Created PIE world by copying editor world from /Game/ThirdPersonBP/Maps/ThirdPersonExampleMap.ThirdPersonExampleMap to /Game/ThirdPersonBP/Maps/UEDPIE_0_ThirdPersonExampleMap.ThirdPersonExampleMap (0.016125s)
[2020.11.09-16.46.09:929][ 97]LogUObjectHash: Compacting FUObjectHashTables data took   0.83ms
[2020.11.09-16.46.09:931][ 97]LogLoad: Game class is 'GameInstance_C'
[2020.11.09-16.46.09:934][ 97]LogWorld: Bringing World /Game/ThirdPersonBP/Maps/UEDPIE_0_ThirdPersonExampleMap.ThirdPersonExampleMap up for play (max tick rate 0) at 2020.11.09-17.46.09
[2020.11.09-16.46.09:935][ 97]LogWorld: Bringing up level for play took: 0.003154
[2020.11.09-16.46.09:936][ 97]LogNet: ReplicationDriverClass is null! Not using ReplicationDriver.
[2020.11.09-16.46.09:936][ 97]LogNetCore: DDoS detection status: detection enabled: 0 analytics enabled: 0
[2020.11.09-16.46.09:936][ 97]LogInit: WinSock: Socket queue. Rx: 131072 (config 131072) Tx: 131072 (config 131072)
[2020.11.09-16.46.09:936][ 97]LogNet: Created socket for bind address: 0.0.0.0 on port 17777
[2020.11.09-16.46.09:936][ 97]PacketHandlerLog: Loaded PacketHandler component: Engine.EngineHandlerComponentFactory (StatelessConnectHandlerComponent)
[2020.11.09-16.46.09:936][ 97]LogNet: GameNetDriver IpNetDriver_0 IpNetDriver listening on port 17777
[2020.11.09-16.46.09:936][ 97]LogGameMode: Display: Match State Changed from EnteringMap to WaitingToStart
[2020.11.09-16.46.09:936][ 97]LogGameState: Match State Changed from EnteringMap to WaitingToStart
[2020.11.09-16.46.09:936][ 97]PIE: Server logged in
[2020.11.09-16.46.09:937][ 97]PIE: Play in editor total start time 0,048 seconds.
[2020.11.09-16.46.09:937][ 97]LogPlayLevel: Creating play world package: /Game/ThirdPersonBP/Maps/UEDPIE_1_ThirdPersonExampleMap
[2020.11.09-16.46.09:948][ 97]LogPlayLevel: PIE: StaticDuplicateObject took: (0.011356s)
[2020.11.09-16.46.09:949][ 97]LogAIModule: Creating AISystem for world ThirdPersonExampleMap
[2020.11.09-16.46.09:949][ 97]LogAISub: UAISubsystem::UAISubsystem EnvQueryManager (000002E24B5DFE00), frame # 5097
[2020.11.09-16.46.09:949][ 97]LogAISub: UAISubsystem::UAISubsystem AIPerceptionSystem (000002E23F3FAC00), frame # 5097
[2020.11.09-16.46.09:949][ 97]LogPlayLevel: PIE: World Init took: (0.001200s)
[2020.11.09-16.46.09:949][ 97]LogPlayLevel: PIE: Created PIE world by copying editor world from /Game/ThirdPersonBP/Maps/ThirdPersonExampleMap.ThirdPersonExampleMap to /Game/ThirdPersonBP/Maps/UEDPIE_1_ThirdPersonExampleMap.ThirdPersonExampleMap (0.012712s)
[2020.11.09-16.46.09:965][ 97]LogUObjectHash: Compacting FUObjectHashTables data took   0.76ms
[2020.11.09-16.46.09:966][ 97]LogAudioMixer: Display: Audio Mixer Platform Settings:
[2020.11.09-16.46.09:966][ 97]LogAudioMixer: Display: 	Sample Rate:						  48000
[2020.11.09-16.46.09:966][ 97]LogAudioMixer: Display: 	Callback Buffer Frame Size Requested: 1024
[2020.11.09-16.46.09:966][ 97]LogAudioMixer: Display: 	Callback Buffer Frame Size To Use:	  1024
[2020.11.09-16.46.09:966][ 97]LogAudioMixer: Display: 	Number of buffers to queue:			  2
[2020.11.09-16.46.09:966][ 97]LogAudioMixer: Display: 	Max Channels (voices):				  32
[2020.11.09-16.46.09:966][ 97]LogAudioMixer: Display: 	Number of Async Source Workers:		  0
[2020.11.09-16.46.09:966][ 97]LogAudio: Display: AudioDevice MaxSources: 32
[2020.11.09-16.46.09:966][ 97]LogAudio: Display: Using built-in audio occlusion.
[2020.11.09-16.46.09:966][ 97]LogAudioMixer: Display: Initializing audio mixer.
[2020.11.09-16.46.09:969][ 97]LogAudioMixer: Display: 0: FrontLeft
[2020.11.09-16.46.09:969][ 97]LogAudioMixer: Display: 1: FrontRight
[2020.11.09-16.46.09:983][ 97]LogAudioMixer: Display: Using Audio Device Headset Earphone (HyperX Virtual Surround Sound)
[2020.11.09-16.46.09:983][ 97]LogAudioMixer: Display: Initializing Sound Submixes...
[2020.11.09-16.46.09:984][ 97]LogAudioMixer: Display: Creating Master Submix 'MasterSubmixDefault'
[2020.11.09-16.46.09:984][ 97]LogAudioMixer: Display: Creating Master Submix 'MasterReverbSubmixDefault'
[2020.11.09-16.46.09:984][ 97]LogAudioMixer: Display: Creating Master Submix 'MasterEQSubmixDefault'
[2020.11.09-16.46.10:000][ 97]LogInit: FAudioDevice initialized.
[2020.11.09-16.46.10:014][ 97]LogLoad: Game class is 'GameInstance_C'
[2020.11.09-16.46.10:017][ 97]LogWorld: Bringing World /Game/ThirdPersonBP/Maps/UEDPIE_1_ThirdPersonExampleMap.ThirdPersonExampleMap up for play (max tick rate 0) at 2020.11.09-17.46.10
[2020.11.09-16.46.10:018][ 97]LogWorld: Bringing up level for play took: 0.003129
[2020.11.09-16.46.10:018][ 97]LogOnline: OSS: Creating online subsystem instance for: :Context_6
[2020.11.09-16.46.10:072][ 97]LogContentBrowser: Native class hierarchy updated for 'MovieSceneCapture' in 0.0024 seconds. Added 20 classes and 0 folders.
[2020.11.09-16.46.10:072][ 97]LogGameMode: Display: Match State Changed from EnteringMap to WaitingToStart
[2020.11.09-16.46.10:072][ 97]LogGameState: Match State Changed from EnteringMap to WaitingToStart
[2020.11.09-16.46.10:072][ 97]LogGameMode: Display: Match State Changed from WaitingToStart to InProgress
[2020.11.09-16.46.10:073][ 97]LogGameState: Match State Changed from WaitingToStart to InProgress
[2020.11.09-16.46.10:073][ 97]PIE: Server logged in
[2020.11.09-16.46.10:074][ 97]PIE: Play in editor total start time 0,185 seconds.
[2020.11.09-16.46.10:078][ 97]LogOnline: OSS: Creating online subsystem instance for: :Context_5
[2020.11.09-16.46.14:568][293]LogWindows: Error: === Critical error: ===
[2020.11.09-16.46.14:568][293]LogWindows: Error: 
[2020.11.09-16.46.14:568][293]LogWindows: Error: Fatal error!
[2020.11.09-16.46.14:568][293]LogWindows: Error: 
[2020.11.09-16.46.14:568][293]LogWindows: Error: Unhandled Exception: EXCEPTION_ACCESS_VIOLATION reading address 0x00000340
[2020.11.09-16.46.14:568][293]LogWindows: Error: 
[2020.11.09-16.46.14:568][293]LogWindows: Error: [Callstack] 0x00007ff8c32660a4 UE4Editor-HideNSneakUnreal-5243.dll!ACPP_MovementBoost::OnOverlapBegin() [N:\PROJ\HideNSneakUnreal\Source\HideNSneakUnreal\CPP_MovementBoost.cpp:60]
[2020.11.09-16.46.14:568][293]LogWindows: Error: [Callstack] 0x00007ff8c32682fd UE4Editor-HideNSneakUnreal-5243.dll!ACPP_MovementBoost::execOnOverlapBegin() [N:\PROJ\HideNSneakUnreal\Intermediate\Build\Win64\UE4Editor\Inc\HideNSneakUnreal\CPP_MovementBoost.gen.cpp:37]
[2020.11.09-16.46.14:568][293]LogWindows: Error: [Callstack] 0x00007ff8f64e0ae4 UE4Editor-CoreUObject.dll!UnknownFunction []
[2020.11.09-16.46.14:568][293]LogWindows: Error: [Callstack] 0x00007ff8f6754783 UE4Editor-CoreUObject.dll!UnknownFunction []
[2020.11.09-16.46.14:568][293]LogWindows: Error: [Callstack] 0x00007ff8eff0a025 UE4Editor-Engine.dll!UnknownFunction []
[2020.11.09-16.46.14:568][293]LogWindows: Error: [Callstack] 0x00007ff8efeb0e7b UE4Editor-Engine.dll!UnknownFunction []
[2020.11.09-16.46.14:568][293]LogWindows: Error: [Callstack] 0x00007ff8f02e650b UE4Editor-Engine.dll!UnknownFunction []
[2020.11.09-16.46.14:568][293]LogWindows: Error: [Callstack] 0x00007ff8f032731a UE4Editor-Engine.dll!UnknownFunction []
[2020.11.09-16.46.14:568][293]LogWindows: Error: [Callstack] 0x00007ff8f0349a2d UE4Editor-Engine.dll!UnknownFunction []
[2020.11.09-16.46.14:568][293]LogWindows: Error: [Callstack] 0x00007ff8f03357d8 UE4Editor-Engine.dll!UnknownFunction []
[2020.11.09-16.46.14:568][293]LogWindows: Error: [Callstack] 0x00007ff8f02a826e UE4Editor-Engine.dll!UnknownFunction []
[2020.11.09-16.46.14:568][293]LogWindows: Error: [Callstack] 0x00007ff8f02cd2b3 UE4Editor-Engine.dll!UnknownFunction []
[2020.11.09-16.46.14:568][293]LogWindows: Error: [Callstack] 0x00007ff8f0268386 UE4Editor-Engine.dll!UnknownFunction []
[2020.11.09-16.46.14:568][293]LogWindows: Error: [Callstack] 0x00007ff8f028f204 UE4Editor-Engine.dll!UnknownFunction []
[2020.11.09-16.46.14:568][293]LogWindows: Error: [Callstack] 0x00007ff8f0fa7e0f UE4Editor-Engine.dll!UnknownFunction []
[2020.11.09-16.46.14:568][293]LogWindows: Error: [Callstack] 0x00007ff8f0face67 UE4Editor-Engine.dll!UnknownFunction []
[2020.11.09-16.46.14:568][293]LogWindows: Error: [Callstack] 0x00007ff8f56587d8 UE4Editor-Core.dll!UnknownFunction []
[2020.11.09-16.46.14:568][293]LogWindows: Error: [Callstack] 0x00007ff8f5658aa3 UE4Editor-Core.dll!UnknownFunction []
[2020.11.09-16.46.14:568][293]LogWindows: Error: [Callstack] 0x00007ff8f566f027 UE4Editor-Core.dll!UnknownFunction []
[2020.11.09-16.46.14:568][293]LogWindows: Error: [Callstack] 0x00007ff8f0fc8e52 UE4Editor-Engine.dll!UnknownFunction []
[2020.11.09-16.46.14:568][293]LogWindows: Error: [Callstack] 0x00007ff8f0fce11a UE4Editor-Engine.dll!UnknownFunction []
[2020.11.09-16.46.14:568][293]LogWindows: Error: [Callstack] 0x00007ff8f078bfff UE4Editor-Engine.dll!UnknownFunction []
[2020.11.09-16.46.14:568][293]LogWindows: Error: [Callstack] 0x00007ff8f0796897 UE4Editor-Engine.dll!UnknownFunction []
[2020.11.09-16.46.14:568][293]LogWindows: Error: [Callstack] 0x00007ff8f383af57 UE4Editor-UnrealEd.dll!UnknownFunction []
[2020.11.09-16.46.14:568][293]LogWindows: Error: [Callstack] 0x00007ff8f4111d06 UE4Editor-UnrealEd.dll!UnknownFunction []
[2020.11.09-16.46.14:568][293]LogWindows: Error: [Callstack] 0x00007ff7c73d7800 UE4Editor.exe!UnknownFunction []
[2020.11.09-16.46.14:568][293]LogWindows: Error: [Callstack] 0x00007ff7c73eba7c UE4Editor.exe!UnknownFunction []
[2020.11.09-16.46.14:568][293]LogWindows: Error: [Callstack] 0x00007ff7c73ebb5a UE4Editor.exe!UnknownFunction []
[2020.11.09-16.46.14:568][293]LogWindows: Error: [Callstack] 0x00007ff7c73fe31d UE4Editor.exe!UnknownFunction []
[2020.11.09-16.46.14:569][293]LogWindows: Error: [Callstack] 0x00007ff7c740145a UE4Editor.exe!UnknownFunction []
[2020.11.09-16.46.14:569][293]LogWindows: Error: [Callstack] 0x00007ff943297974 KERNEL32.DLL!UnknownFunction []
[2020.11.09-16.46.14:569][293]LogWindows: Error: [Callstack] 0x00007ff94606a271 ntdll.dll!UnknownFunction []
[2020.11.09-16.46.14:569][293]LogWindows: Error: 
[2020.11.09-16.46.14:586][293]LogExit: Executing StaticShutdownAfterError
[2020.11.09-16.46.14:588][293]LogWindows: FPlatformMisc::RequestExit(1)
[2020.11.09-16.46.14:588][293]LogCore: Engine exit requested (reason: Win RequestExit)
[2020.11.09-16.46.14:600][293]Log file closed, 11/09/20 17:46:14
