Log file open, 10/14/20 22:03:18
LogInit: Display: Running engine for game: HideNSneakUnreal
LogPlatformFile: Not using cached read wrapper
LogTaskGraph: Started task graph with 5 named threads and 47 total threads with 3 sets of task threads.
LogStats: Stats thread started at 0.198854
LogD3D11RHI: Loaded GFSDK_Aftermath_Lib.x64.dll
LogICUInternationalization: ICU TimeZone Detection - Raw Offset: +1:00, Platform Override: ''
LogPluginManager: Mounting plugin Paper2D
LogPluginManager: Mounting plugin AISupport
LogPluginManager: Mounting plugin LightPropagationVolume
LogPluginManager: Mounting plugin CameraShakePreviewer
LogPluginManager: Mounting plugin ActorLayerUtilities
LogPluginManager: Mounting plugin AnimationSharing
LogPluginManager: Mounting plugin CLionSourceCodeAccess
LogPluginManager: Mounting plugin CodeLiteSourceCodeAccess
LogPluginManager: Mounting plugin GitSourceControl
LogPluginManager: Mounting plugin KDevelopSourceCodeAccess
LogPluginManager: Mounting plugin NullSourceCodeAccess
LogPluginManager: Mounting plugin PerforceSourceControl
LogPluginManager: Mounting plugin PlasticSourceControl
LogPluginManager: Mounting plugin RiderSourceCodeAccess
LogPluginManager: Mounting plugin SubversionSourceControl
LogPluginManager: Mounting plugin UObjectPlugin
LogPluginManager: Mounting plugin VisualStudioCodeSourceCodeAccess
LogPluginManager: Mounting plugin VisualStudioSourceCodeAccess
LogPluginManager: Mounting plugin XCodeSourceCodeAccess
LogPluginManager: Mounting plugin AssetManagerEditor
LogPluginManager: Mounting plugin CryptoKeys
LogPluginManager: Mounting plugin CurveEditorTools
LogPluginManager: Mounting plugin DataValidation
LogPluginManager: Mounting plugin EditorScriptingUtilities
LogPluginManager: Mounting plugin FacialAnimation
LogPluginManager: Mounting plugin GameplayTagsEditor
LogPluginManager: Mounting plugin GeometryMode
LogPluginManager: Mounting plugin MacGraphicsSwitching
LogPluginManager: Mounting plugin MaterialAnalyzer
LogPluginManager: Mounting plugin MobileLauncherProfileWizard
LogPluginManager: Mounting plugin PluginBrowser
LogPluginManager: Mounting plugin SpeedTreeImporter
LogPluginManager: Mounting plugin DatasmithContent
LogPluginManager: Mounting plugin VariantManagerContent
LogPluginManager: Mounting plugin AlembicImporter
LogPluginManager: Mounting plugin AutomationUtils
LogPluginManager: Mounting plugin BackChannel
LogPluginManager: Mounting plugin ChaosCloth
LogPluginManager: Mounting plugin ChaosClothEditor
LogPluginManager: Mounting plugin ChaosEditor
LogPluginManager: Mounting plugin ChaosNiagara
LogPluginManager: Mounting plugin ChaosSolverPlugin
LogPluginManager: Mounting plugin CharacterAI
LogPluginManager: Mounting plugin GeometryCache
LogPluginManager: Mounting plugin GeometryCollectionPlugin
LogPluginManager: Mounting plugin GeometryProcessing
LogPluginManager: Mounting plugin PlanarCut
LogPluginManager: Mounting plugin PlatformCrypto
LogPluginManager: Mounting plugin ProxyLODPlugin
LogPluginManager: Mounting plugin SkeletalReduction
LogPluginManager: Mounting plugin Niagara
LogPluginManager: Mounting plugin MagicLeap
LogPluginManager: Mounting plugin MagicLeapLightEstimation
LogPluginManager: Mounting plugin MagicLeapMedia
LogPluginManager: Mounting plugin MagicLeapPassableWorld
LogPluginManager: Mounting plugin MLSDK
LogPluginManager: Mounting plugin AndroidMedia
LogPluginManager: Mounting plugin AvfMedia
LogPluginManager: Mounting plugin ImgMedia
LogPluginManager: Mounting plugin MediaCompositing
LogPluginManager: Mounting plugin MediaPlayerEditor
LogPluginManager: Mounting plugin WebMMedia
LogPluginManager: Mounting plugin WmfMedia
LogPluginManager: Mounting plugin MeshPainting
LogPluginManager: Mounting plugin TcpMessaging
LogPluginManager: Mounting plugin UdpMessaging
LogPluginManager: Mounting plugin ActorSequence
LogPluginManager: Mounting plugin LevelSequenceEditor
LogPluginManager: Mounting plugin MatineeToLevelSequence
LogPluginManager: Mounting plugin MovieRenderPipeline
LogPluginManager: Mounting plugin TemplateSequence
LogPluginManager: Mounting plugin NetcodeUnitTest
LogPluginManager: Mounting plugin NUTUnrealEngine4
LogPluginManager: Mounting plugin OnlineSubsystemGooglePlay
LogPluginManager: Mounting plugin OnlineSubsystemIOS
LogPluginManager: Mounting plugin OnlineSubsystem
LogPluginManager: Mounting plugin OnlineSubsystemNull
LogPluginManager: Mounting plugin OnlineSubsystemUtils
LogPluginManager: Mounting plugin LauncherChunkInstaller
LogPluginManager: Mounting plugin AndroidDeviceProfileSelector
LogPluginManager: Mounting plugin AndroidMoviePlayer
LogPluginManager: Mounting plugin AndroidPermission
LogPluginManager: Mounting plugin AppleImageUtils
LogPluginManager: Mounting plugin AppleMoviePlayer
LogPluginManager: Mounting plugin ArchVisCharacter
LogPluginManager: Mounting plugin AssetTags
LogPluginManager: Mounting plugin AudioCapture
LogPluginManager: Mounting plugin CableComponent
LogPluginManager: Mounting plugin CustomMeshComponent
LogPluginManager: Mounting plugin EditableMesh
LogPluginManager: Mounting plugin ExampleDeviceProfileSelector
LogPluginManager: Mounting plugin GoogleCloudMessaging
LogPluginManager: Mounting plugin GooglePAD
LogPluginManager: Mounting plugin IOSDeviceProfileSelector
LogPluginManager: Mounting plugin LinuxDeviceProfileSelector
LogPluginManager: Mounting plugin LocationServicesBPLibrary
LogPluginManager: Mounting plugin MobilePatchingUtils
LogPluginManager: Mounting plugin OculusVR
LogPluginManager: Mounting plugin PhysXVehicles
LogPluginManager: Mounting plugin PostSplashScreen
LogPluginManager: Mounting plugin ProceduralMeshComponent
LogPluginManager: Mounting plugin ResonanceAudio
LogPluginManager: Mounting plugin RuntimePhysXCooking
LogPluginManager: Mounting plugin SignificanceManager
LogPluginManager: Mounting plugin SoundFields
LogPluginManager: Mounting plugin SteamVR
LogPluginManager: Mounting plugin Synthesis
LogPluginManager: Mounting plugin WebMMoviePlayer
LogPluginManager: Mounting plugin WindowsMoviePlayer
LogPluginManager: Mounting plugin ScreenshotTools
LogInit: Using libcurl 7.55.1-DEV
LogInit:  - built for x86_64-pc-win32
LogInit:  - supports SSL with OpenSSL/1.1.1
LogInit:  - supports HTTP deflate (compression) using libz 1.2.8
LogInit:  - other features:
LogInit:      CURL_VERSION_SSL
LogInit:      CURL_VERSION_LIBZ
LogInit:      CURL_VERSION_IPV6
LogInit:      CURL_VERSION_ASYNCHDNS
LogInit:      CURL_VERSION_LARGEFILE
LogInit:      CURL_VERSION_IDN
LogInit:  CurlRequestOptions (configurable via config and command line):
LogInit:  - bVerifyPeer = true  - Libcurl will verify peer certificate
LogInit:  - bUseHttpProxy = false  - Libcurl will NOT use HTTP proxy
LogInit:  - bDontReuseConnections = false  - Libcurl will reuse connections
LogInit:  - MaxHostConnections = 16  - Libcurl will limit the number of connections to a host
LogInit:  - LocalHostAddr = Default
LogInit:  - BufferSize = 65536
LogOnline: OSS: Creating online subsystem instance for: NULL
LogInit: WinSock: version 1.1 (2.2), MaxSocks=32767, MaxUdp=65467
LogOnline: OSS: TryLoadSubsystemAndSetDefault: Loaded subsystem for module [NULL]
LogInit: Build: ++UE4+Release-4.25-CL-13942748
LogInit: Engine Version: 4.25.3-13942748+++UE4+Release-4.25
LogInit: Compatible Engine Version: 4.25.0-13144385+++UE4+Release-4.25
LogInit: Net CL: 13144385
LogInit: OS: Windows 10 (Release 1809) (), CPU: AMD Ryzen 7 1700X Eight-Core Processor         , GPU: NVIDIA GeForce GTX 1080 Ti
LogInit: Compiled (64-bit): Jul 25 2020 02:07:48
LogInit: Compiled with Visual C++: 19.24.28315.00
LogInit: Build Configuration: Development
LogInit: Branch Name: ++UE4+Release-4.25
LogInit: Command Line: 
LogInit: Base Directory: C:/UE_4.25/Engine/Binaries/Win64/
LogInit: Allocator: TBB
LogInit: Installed Engine Build: 1
LogDevObjectVersion: Number of dev versions registered: 26
LogDevObjectVersion:   Dev-Blueprints (B0D832E4-1F89-4F0D-ACCF-7EB736FD4AA2): 10
LogDevObjectVersion:   Dev-Build (E1C64328-A22C-4D53-A36C-8E866417BD8C): 0
LogDevObjectVersion:   Dev-Core (375EC13C-06E4-48FB-B500-84F0262A717E): 4
LogDevObjectVersion:   Dev-Editor (E4B068ED-F494-42E9-A231-DA0B2E46BB41): 38
LogDevObjectVersion:   Dev-Framework (CFFC743F-43B0-4480-9391-14DF171D2073): 37
LogDevObjectVersion:   Dev-Mobile (B02B49B5-BB20-44E9-A304-32B752E40360): 2
LogDevObjectVersion:   Dev-Networking (A4E4105C-59A1-49B5-A7C5-40C4547EDFEE): 0
LogDevObjectVersion:   Dev-Online (39C831C9-5AE6-47DC-9A44-9C173E1C8E7C): 0
LogDevObjectVersion:   Dev-Physics (78F01B33-EBEA-4F98-B9B4-84EACCB95AA2): 4
LogDevObjectVersion:   Dev-Platform (6631380F-2D4D-43E0-8009-CF276956A95A): 0
LogDevObjectVersion:   Dev-Rendering (12F88B9F-8875-4AFC-A67C-D90C383ABD29): 43
LogDevObjectVersion:   Dev-Sequencer (7B5AE74C-D270-4C10-A958-57980B212A5A): 12
LogDevObjectVersion:   Dev-VR (D7296918-1DD6-4BDD-9DE2-64A83CC13884): 3
LogDevObjectVersion:   Dev-LoadTimes (C2A15278-BFE7-4AFE-6C17-90FF531DF755): 1
LogDevObjectVersion:   Private-Geometry (6EACA3D4-40EC-4CC1-B786-8BED09428FC5): 3
LogDevObjectVersion:   Dev-AnimPhys (29E575DD-E0A3-4627-9D10-D276232CDCEA): 17
LogDevObjectVersion:   Dev-Anim (AF43A65D-7FD3-4947-9873-3E8ED9C1BB05): 7
LogDevObjectVersion:   Dev-ReflectionCapture (6B266CEC-1EC7-4B8F-A30B-E4D90942FC07): 1
LogDevObjectVersion:   Dev-Automation (0DF73D61-A23F-47EA-B727-89E90C41499A): 1
LogDevObjectVersion:   FortniteMain (601D1886-AC64-4F84-AA16-D3DE0DEAC7D6): 31
LogDevObjectVersion:   Dev-Enterprise (9DFFBCD6-494F-0158-E221-12823C92A888): 10
LogDevObjectVersion:   Dev-Niagara (F2AED0AC-9AFE-416F-8664-AA7FFA26D6FC): 1
LogDevObjectVersion:   Dev-Destruction (174F1F0B-B4C6-45A5-B13F-2EE8D0FB917D): 10
LogDevObjectVersion:   Dev-Physics-Ext (35F94A83-E258-406C-A318-09F59610247C): 37
LogDevObjectVersion:   Dev-PhysicsMaterial-Chaos (B68FC16E-8B1B-42E2-B453-215C058844FE): 1
LogDevObjectVersion:   Dev-CineCamera (B2E18506-4273-CFC2-A54E-F4BB758BBA07): 1
LogInit: Presizing for max 25165824 objects, including 0 objects not considered by GC, pre-allocating 0 bytes for permanent pool.
LogConfig: Applying CVar settings from Section [/Script/Engine.StreamingSettings] File [C:/Users/abab8270/Desktop/PROJ_Grupp2/HideNSneakUnreal/Saved/Config/Windows/Engine.ini]
LogConfig: Setting CVar [[s.MinBulkDataSizeForAsyncLoading:131072]]
LogConfig: Setting CVar [[s.AsyncLoadingThreadEnabled:0]]
LogConfig: Setting CVar [[s.EventDrivenLoaderEnabled:1]]
LogConfig: Setting CVar [[s.WarnIfTimeLimitExceeded:0]]
LogConfig: Setting CVar [[s.TimeLimitExceededMultiplier:1.5]]
LogConfig: Setting CVar [[s.TimeLimitExceededMinTime:0.005]]
LogConfig: Setting CVar [[s.UseBackgroundLevelStreaming:1]]
LogConfig: Setting CVar [[s.PriorityAsyncLoadingExtraTime:15.0]]
LogConfig: Setting CVar [[s.LevelStreamingActorsUpdateTimeLimit:5.0]]
LogConfig: Setting CVar [[s.PriorityLevelStreamingActorsUpdateExtraTime:5.0]]
LogConfig: Setting CVar [[s.LevelStreamingComponentsRegistrationGranularity:10]]
LogConfig: Setting CVar [[s.UnregisterComponentsTimeLimit:1.0]]
LogConfig: Setting CVar [[s.LevelStreamingComponentsUnregistrationGranularity:5]]
LogConfig: Setting CVar [[s.FlushStreamingOnExit:1]]
LogInit: Object subsystem initialized
LogConfig: Setting CVar [[con.DebugEarlyDefault:1]]
LogConfig: Setting CVar [[r.setres:1280x720]]
[2020.10.14-20.03.18:724][  0]LogConfig: Setting CVar [[r.VSync:0]]
[2020.10.14-20.03.18:724][  0]LogConfig: Setting CVar [[r.RHICmdBypass:0]]
[2020.10.14-20.03.18:725][  0]LogConfig: Applying CVar settings from Section [/Script/Engine.RendererSettings] File [C:/Users/abab8270/Desktop/PROJ_Grupp2/HideNSneakUnreal/Saved/Config/Windows/Engine.ini]
[2020.10.14-20.03.18:725][  0]LogConfig: Setting CVar [[r.GPUCrashDebugging:0]]
[2020.10.14-20.03.18:725][  0]LogConfig: Applying CVar settings from Section [/Script/Engine.RendererOverrideSettings] File [C:/Users/abab8270/Desktop/PROJ_Grupp2/HideNSneakUnreal/Saved/Config/Windows/Engine.ini]
[2020.10.14-20.03.18:725][  0]LogConfig: Applying CVar settings from Section [/Script/Engine.StreamingSettings] File [C:/Users/abab8270/Desktop/PROJ_Grupp2/HideNSneakUnreal/Saved/Config/Windows/Engine.ini]
[2020.10.14-20.03.18:725][  0]LogConfig: Setting CVar [[s.MinBulkDataSizeForAsyncLoading:131072]]
[2020.10.14-20.03.18:725][  0]LogConfig: Setting CVar [[s.AsyncLoadingThreadEnabled:0]]
[2020.10.14-20.03.18:725][  0]LogConfig: Setting CVar [[s.EventDrivenLoaderEnabled:1]]
[2020.10.14-20.03.18:725][  0]LogConfig: Setting CVar [[s.WarnIfTimeLimitExceeded:0]]
[2020.10.14-20.03.18:725][  0]LogConfig: Setting CVar [[s.TimeLimitExceededMultiplier:1.5]]
[2020.10.14-20.03.18:725][  0]LogConfig: Setting CVar [[s.TimeLimitExceededMinTime:0.005]]
[2020.10.14-20.03.18:725][  0]LogConfig: Setting CVar [[s.UseBackgroundLevelStreaming:1]]
[2020.10.14-20.03.18:725][  0]LogConfig: Setting CVar [[s.PriorityAsyncLoadingExtraTime:15.0]]
[2020.10.14-20.03.18:725][  0]LogConfig: Setting CVar [[s.LevelStreamingActorsUpdateTimeLimit:5.0]]
[2020.10.14-20.03.18:725][  0]LogConfig: Setting CVar [[s.PriorityLevelStreamingActorsUpdateExtraTime:5.0]]
[2020.10.14-20.03.18:725][  0]LogConfig: Setting CVar [[s.LevelStreamingComponentsRegistrationGranularity:10]]
[2020.10.14-20.03.18:725][  0]LogConfig: Setting CVar [[s.UnregisterComponentsTimeLimit:1.0]]
[2020.10.14-20.03.18:725][  0]LogConfig: Setting CVar [[s.LevelStreamingComponentsUnregistrationGranularity:5]]
[2020.10.14-20.03.18:725][  0]LogConfig: Setting CVar [[s.FlushStreamingOnExit:1]]
[2020.10.14-20.03.18:725][  0]LogConfig: Applying CVar settings from Section [/Script/Engine.GarbageCollectionSettings] File [C:/Users/abab8270/Desktop/PROJ_Grupp2/HideNSneakUnreal/Saved/Config/Windows/Engine.ini]
[2020.10.14-20.03.18:725][  0]LogConfig: Setting CVar [[gc.MaxObjectsNotConsideredByGC:1]]
[2020.10.14-20.03.18:725][  0]LogConfig: Setting CVar [[gc.SizeOfPermanentObjectPool:0]]
[2020.10.14-20.03.18:725][  0]LogConfig: Setting CVar [[gc.FlushStreamingOnGC:0]]
[2020.10.14-20.03.18:725][  0]LogConfig: Setting CVar [[gc.NumRetriesBeforeForcingGC:10]]
[2020.10.14-20.03.18:725][  0]LogConfig: Setting CVar [[gc.AllowParallelGC:1]]
[2020.10.14-20.03.18:725][  0]LogConfig: Setting CVar [[gc.TimeBetweenPurgingPendingKillObjects:61.1]]
[2020.10.14-20.03.18:725][  0]LogConfig: Setting CVar [[gc.MaxObjectsInEditor:25165824]]
[2020.10.14-20.03.18:725][  0]LogConfig: Setting CVar [[gc.IncrementalBeginDestroyEnabled:1]]
[2020.10.14-20.03.18:725][  0]LogConfig: Setting CVar [[gc.CreateGCClusters:1]]
[2020.10.14-20.03.18:725][  0]LogConfig: Setting CVar [[gc.MinGCClusterSize:5]]
[2020.10.14-20.03.18:725][  0]LogConfig: Setting CVar [[gc.ActorClusteringEnabled:0]]
[2020.10.14-20.03.18:725][  0]LogConfig: Setting CVar [[gc.BlueprintClusteringEnabled:0]]
[2020.10.14-20.03.18:725][  0]LogConfig: Setting CVar [[gc.UseDisregardForGCOnDedicatedServers:0]]
[2020.10.14-20.03.18:725][  0]LogConfig: Applying CVar settings from Section [/Script/Engine.NetworkSettings] File [C:/Users/abab8270/Desktop/PROJ_Grupp2/HideNSneakUnreal/Saved/Config/Windows/Engine.ini]
[2020.10.14-20.03.18:725][  0]LogConfig: Applying CVar settings from Section [/Script/UnrealEd.CookerSettings] File [C:/Users/abab8270/Desktop/PROJ_Grupp2/HideNSneakUnreal/Saved/Config/Windows/Engine.ini]
[2020.10.14-20.03.18:729][  0]LogConfig: Applying CVar settings from Section [ViewDistanceQuality@3] File [C:/Users/abab8270/Desktop/PROJ_Grupp2/HideNSneakUnreal/Saved/Config/Windows/Scalability.ini]
[2020.10.14-20.03.18:729][  0]LogConfig: Setting CVar [[r.SkeletalMeshLODBias:0]]
[2020.10.14-20.03.18:729][  0]LogConfig: Setting CVar [[r.ViewDistanceScale:1.0]]
[2020.10.14-20.03.18:729][  0]LogConfig: Applying CVar settings from Section [AntiAliasingQuality@3] File [C:/Users/abab8270/Desktop/PROJ_Grupp2/HideNSneakUnreal/Saved/Config/Windows/Scalability.ini]
[2020.10.14-20.03.18:729][  0]LogConfig: Setting CVar [[r.PostProcessAAQuality:4]]
[2020.10.14-20.03.18:729][  0]LogConfig: Applying CVar settings from Section [ShadowQuality@3] File [C:/Users/abab8270/Desktop/PROJ_Grupp2/HideNSneakUnreal/Saved/Config/Windows/Scalability.ini]
[2020.10.14-20.03.18:729][  0]LogConfig: Setting CVar [[r.LightFunctionQuality:1]]
[2020.10.14-20.03.18:729][  0]LogConfig: Setting CVar [[r.ShadowQuality:5]]
[2020.10.14-20.03.18:729][  0]LogConfig: Setting CVar [[r.Shadow.CSM.MaxCascades:10]]
[2020.10.14-20.03.18:729][  0]LogConfig: Setting CVar [[r.Shadow.MaxResolution:2048]]
[2020.10.14-20.03.18:729][  0]LogConfig: Setting CVar [[r.Shadow.MaxCSMResolution:2048]]
[2020.10.14-20.03.18:729][  0]LogConfig: Setting CVar [[r.Shadow.RadiusThreshold:0.01]]
[2020.10.14-20.03.18:729][  0]LogConfig: Setting CVar [[r.Shadow.DistanceScale:1.0]]
[2020.10.14-20.03.18:729][  0]LogConfig: Setting CVar [[r.Shadow.CSM.TransitionScale:1.0]]
[2020.10.14-20.03.18:729][  0]LogConfig: Setting CVar [[r.Shadow.PreShadowResolutionFactor:1.0]]
[2020.10.14-20.03.18:729][  0]LogConfig: Setting CVar [[r.DistanceFieldShadowing:1]]
[2020.10.14-20.03.18:729][  0]LogConfig: Setting CVar [[r.DistanceFieldAO:1]]
[2020.10.14-20.03.18:729][  0]LogConfig: Setting CVar [[r.AOQuality:2]]
[2020.10.14-20.03.18:729][  0]LogConfig: Setting CVar [[r.VolumetricFog:1]]
[2020.10.14-20.03.18:729][  0]LogConfig: Setting CVar [[r.VolumetricFog.GridPixelSize:8]]
[2020.10.14-20.03.18:729][  0]LogConfig: Setting CVar [[r.VolumetricFog.GridSizeZ:128]]
[2020.10.14-20.03.18:729][  0]LogConfig: Setting CVar [[r.VolumetricFog.HistoryMissSupersampleCount:4]]
[2020.10.14-20.03.18:729][  0]LogConfig: Setting CVar [[r.LightMaxDrawDistanceScale:1]]
[2020.10.14-20.03.18:729][  0]LogConfig: Setting CVar [[r.CapsuleShadows:1]]
[2020.10.14-20.03.18:729][  0]LogConfig: Applying CVar settings from Section [PostProcessQuality@3] File [C:/Users/abab8270/Desktop/PROJ_Grupp2/HideNSneakUnreal/Saved/Config/Windows/Scalability.ini]
[2020.10.14-20.03.18:729][  0]LogConfig: Setting CVar [[r.MotionBlurQuality:4]]
[2020.10.14-20.03.18:729][  0]LogConfig: Setting CVar [[r.AmbientOcclusionMipLevelFactor:0.4]]
[2020.10.14-20.03.18:729][  0]LogConfig: Setting CVar [[r.AmbientOcclusionMaxQuality:100]]
[2020.10.14-20.03.18:729][  0]LogConfig: Setting CVar [[r.AmbientOcclusionLevels:-1]]
[2020.10.14-20.03.18:729][  0]LogConfig: Setting CVar [[r.AmbientOcclusionRadiusScale:1.0]]
[2020.10.14-20.03.18:729][  0]LogConfig: Setting CVar [[r.DepthOfFieldQuality:2]]
[2020.10.14-20.03.18:729][  0]LogConfig: Setting CVar [[r.RenderTargetPoolMin:400]]
[2020.10.14-20.03.18:729][  0]LogConfig: Setting CVar [[r.LensFlareQuality:2]]
[2020.10.14-20.03.18:729][  0]LogConfig: Setting CVar [[r.SceneColorFringeQuality:1]]
[2020.10.14-20.03.18:729][  0]LogConfig: Setting CVar [[r.EyeAdaptationQuality:2]]
[2020.10.14-20.03.18:729][  0]LogConfig: Setting CVar [[r.BloomQuality:5]]
[2020.10.14-20.03.18:729][  0]LogConfig: Setting CVar [[r.FastBlurThreshold:100]]
[2020.10.14-20.03.18:729][  0]LogConfig: Setting CVar [[r.Upscale.Quality:3]]
[2020.10.14-20.03.18:730][  0]LogConfig: Setting CVar [[r.Tonemapper.GrainQuantization:1]]
[2020.10.14-20.03.18:730][  0]LogConfig: Setting CVar [[r.LightShaftQuality:1]]
[2020.10.14-20.03.18:730][  0]LogConfig: Setting CVar [[r.Filter.SizeScale:1]]
[2020.10.14-20.03.18:730][  0]LogConfig: Setting CVar [[r.Tonemapper.Quality:5]]
[2020.10.14-20.03.18:730][  0]LogConfig: Setting CVar [[r.DOF.Gather.AccumulatorQuality:1        ; higher gathering accumulator quality]]
[2020.10.14-20.03.18:730][  0]LogConfig: Setting CVar [[r.DOF.Gather.PostfilterMethod:1          ; Median3x3 postfilering method]]
[2020.10.14-20.03.18:730][  0]LogConfig: Setting CVar [[r.DOF.Gather.EnableBokehSettings:0       ; no bokeh simulation when gathering]]
[2020.10.14-20.03.18:730][  0]LogConfig: Setting CVar [[r.DOF.Gather.RingCount:4                 ; medium number of samples when gathering]]
[2020.10.14-20.03.18:730][  0]LogConfig: Setting CVar [[r.DOF.Scatter.ForegroundCompositing:1    ; additive foreground scattering]]
[2020.10.14-20.03.18:730][  0]LogConfig: Setting CVar [[r.DOF.Scatter.BackgroundCompositing:2    ; additive background scattering]]
[2020.10.14-20.03.18:730][  0]LogConfig: Setting CVar [[r.DOF.Scatter.EnableBokehSettings:1      ; bokeh simulation when scattering]]
[2020.10.14-20.03.18:730][  0]LogConfig: Setting CVar [[r.DOF.Scatter.MaxSpriteRatio:0.1         ; only a maximum of 10% of scattered bokeh]]
[2020.10.14-20.03.18:730][  0]LogConfig: Setting CVar [[r.DOF.Recombine.Quality:1                ; cheap slight out of focus]]
[2020.10.14-20.03.18:730][  0]LogConfig: Setting CVar [[r.DOF.Recombine.EnableBokehSettings:0    ; no bokeh simulation on slight out of focus]]
[2020.10.14-20.03.18:730][  0]LogConfig: Setting CVar [[r.DOF.TemporalAAQuality:1                ; more stable temporal accumulation]]
[2020.10.14-20.03.18:730][  0]LogConfig: Setting CVar [[r.DOF.Kernel.MaxForegroundRadius:0.025]]
[2020.10.14-20.03.18:730][  0]LogConfig: Setting CVar [[r.DOF.Kernel.MaxBackgroundRadius:0.025]]
[2020.10.14-20.03.18:730][  0]LogConfig: Applying CVar settings from Section [TextureQuality@3] File [C:/Users/abab8270/Desktop/PROJ_Grupp2/HideNSneakUnreal/Saved/Config/Windows/Scalability.ini]
[2020.10.14-20.03.18:730][  0]LogConfig: Setting CVar [[r.Streaming.MipBias:0]]
[2020.10.14-20.03.18:730][  0]LogConfig: Setting CVar [[r.Streaming.AmortizeCPUToGPUCopy:0]]
[2020.10.14-20.03.18:730][  0]LogConfig: Setting CVar [[r.Streaming.MaxNumTexturesToStreamPerFrame:0]]
[2020.10.14-20.03.18:730][  0]LogConfig: Setting CVar [[r.Streaming.Boost:1]]
[2020.10.14-20.03.18:730][  0]LogConfig: Setting CVar [[r.MaxAnisotropy:8]]
[2020.10.14-20.03.18:730][  0]LogConfig: Setting CVar [[r.VT.MaxAnisotropy:8]]
[2020.10.14-20.03.18:730][  0]LogConfig: Setting CVar [[r.Streaming.LimitPoolSizeToVRAM:0]]
[2020.10.14-20.03.18:730][  0]LogConfig: Setting CVar [[r.Streaming.PoolSize:1000]]
[2020.10.14-20.03.18:730][  0]LogConfig: Setting CVar [[r.Streaming.MaxEffectiveScreenSize:0]]
[2020.10.14-20.03.18:730][  0]LogConfig: Applying CVar settings from Section [EffectsQuality@3] File [C:/Users/abab8270/Desktop/PROJ_Grupp2/HideNSneakUnreal/Saved/Config/Windows/Scalability.ini]
[2020.10.14-20.03.18:730][  0]LogConfig: Setting CVar [[r.TranslucencyLightingVolumeDim:64]]
[2020.10.14-20.03.18:730][  0]LogConfig: Setting CVar [[r.RefractionQuality:2]]
[2020.10.14-20.03.18:730][  0]LogConfig: Setting CVar [[r.SSR.Quality:3]]
[2020.10.14-20.03.18:730][  0]LogConfig: Setting CVar [[r.SSR.HalfResSceneColor:0]]
[2020.10.14-20.03.18:730][  0]LogConfig: Setting CVar [[r.SceneColorFormat:4]]
[2020.10.14-20.03.18:730][  0]LogConfig: Setting CVar [[r.DetailMode:2]]
[2020.10.14-20.03.18:730][  0]LogConfig: Setting CVar [[r.TranslucencyVolumeBlur:1]]
[2020.10.14-20.03.18:730][  0]LogConfig: Setting CVar [[r.MaterialQualityLevel:1 ; High quality]]
[2020.10.14-20.03.18:730][  0]LogConfig: Setting CVar [[r.SSS.Scale:1]]
[2020.10.14-20.03.18:730][  0]LogConfig: Setting CVar [[r.SSS.SampleSet:2]]
[2020.10.14-20.03.18:730][  0]LogConfig: Setting CVar [[r.SSS.Quality:1]]
[2020.10.14-20.03.18:730][  0]LogConfig: Setting CVar [[r.SSS.HalfRes:0]]
[2020.10.14-20.03.18:730][  0]LogConfig: Setting CVar [[r.SSGI.Quality:3]]
[2020.10.14-20.03.18:730][  0]LogConfig: Setting CVar [[r.EmitterSpawnRateScale:1.0]]
[2020.10.14-20.03.18:730][  0]LogConfig: Setting CVar [[r.ParticleLightQuality:2]]
[2020.10.14-20.03.18:730][  0]LogConfig: Setting CVar [[r.SkyAtmosphere.AerialPerspectiveLUT.FastApplyOnOpaque:1 ; Always have FastSkyLUT 1 in this case to avoid wrong sky]]
[2020.10.14-20.03.18:730][  0]LogConfig: Setting CVar [[r.SkyAtmosphere.AerialPerspectiveLUT.SampleCountPerSlice:1]]
[2020.10.14-20.03.18:730][  0]LogConfig: Setting CVar [[r.SkyAtmosphere.AerialPerspectiveLUT.DepthResolution:16.0]]
[2020.10.14-20.03.18:730][  0]LogConfig: Setting CVar [[r.SkyAtmosphere.FastSkyLUT:1]]
[2020.10.14-20.03.18:730][  0]LogConfig: Setting CVar [[r.SkyAtmosphere.FastSkyLUT.SampleCountMin:4.0]]
[2020.10.14-20.03.18:730][  0]LogConfig: Setting CVar [[r.SkyAtmosphere.FastSkyLUT.SampleCountMax:32.0]]
[2020.10.14-20.03.18:730][  0]LogConfig: Setting CVar [[r.SkyAtmosphere.SampleCountMin:4.0]]
[2020.10.14-20.03.18:730][  0]LogConfig: Setting CVar [[r.SkyAtmosphere.SampleCountMax:32.0]]
[2020.10.14-20.03.18:730][  0]LogConfig: Setting CVar [[r.SkyAtmosphere.TransmittanceLUT.UseSmallFormat:0]]
[2020.10.14-20.03.18:730][  0]LogConfig: Setting CVar [[r.SkyAtmosphere.TransmittanceLUT.SampleCount:10.0]]
[2020.10.14-20.03.18:730][  0]LogConfig: Setting CVar [[r.SkyAtmosphere.MultiScatteringLUT.SampleCount:15.0]]
[2020.10.14-20.03.18:730][  0]LogConfig: Applying CVar settings from Section [FoliageQuality@3] File [C:/Users/abab8270/Desktop/PROJ_Grupp2/HideNSneakUnreal/Saved/Config/Windows/Scalability.ini]
[2020.10.14-20.03.18:730][  0]LogConfig: Setting CVar [[foliage.DensityScale:1.0]]
[2020.10.14-20.03.18:730][  0]LogConfig: Setting CVar [[grass.DensityScale:1.0]]
[2020.10.14-20.03.18:730][  0]LogConfig: Applying CVar settings from Section [ShadingQuality@3] File [C:/Users/abab8270/Desktop/PROJ_Grupp2/HideNSneakUnreal/Saved/Config/Windows/Scalability.ini]
[2020.10.14-20.03.18:730][  0]LogConfig: Setting CVar [[r.HairStrands.SkyLighting.SampleCount:16]]
[2020.10.14-20.03.18:730][  0]LogConfig: Setting CVar [[r.HairStrands.SkyLighting.JitterIntegration:0]]
[2020.10.14-20.03.18:730][  0]LogConfig: Setting CVar [[r.HairStrands.SkyAO.SampleCount:16]]
[2020.10.14-20.03.18:730][  0]LogConfig: Setting CVar [[r.HairStrands.DeepShadow.SuperSampling:0]]
[2020.10.14-20.03.18:730][  0]LogConfig: Setting CVar [[r.HairStrands.VisibilityPPLL:0]]
[2020.10.14-20.03.18:730][  0]LogConfig: Setting CVar [[r.HairStrands.RasterizationScale:0.5]]
[2020.10.14-20.03.18:730][  0]LogConfig: Setting CVar [[r.HairStrands.VelocityRasterizationScale:1]]
[2020.10.14-20.03.18:730][  0]LogInit: Selected Device Profile: [Windows]
[2020.10.14-20.03.18:730][  0]LogInit: Applying CVar settings loaded from the selected device profile: [Windows]
[2020.10.14-20.03.18:731][  0]LogHAL: Display: Platform has ~ 32 GB [34288492544 / 34359738368 / 32], which maps to Largest [LargestMinGB=32, LargerMinGB=12, DefaultMinGB=8, SmallerMinGB=6, SmallestMinGB=0)
[2020.10.14-20.03.18:731][  0]LogInit: Going up to parent DeviceProfile []
[2020.10.14-20.03.18:731][  0]LogConfig: Applying CVar settings from Section [ViewDistanceQuality@3] File [C:/Users/abab8270/Desktop/PROJ_Grupp2/HideNSneakUnreal/Saved/Config/Windows/Scalability.ini]
[2020.10.14-20.03.18:731][  0]LogConfig: Setting CVar [[r.SkeletalMeshLODBias:0]]
[2020.10.14-20.03.18:731][  0]LogConfig: Setting CVar [[r.ViewDistanceScale:1.0]]
[2020.10.14-20.03.18:731][  0]LogConfig: Applying CVar settings from Section [AntiAliasingQuality@3] File [C:/Users/abab8270/Desktop/PROJ_Grupp2/HideNSneakUnreal/Saved/Config/Windows/Scalability.ini]
[2020.10.14-20.03.18:731][  0]LogConfig: Setting CVar [[r.PostProcessAAQuality:4]]
[2020.10.14-20.03.18:731][  0]LogConfig: Applying CVar settings from Section [ShadowQuality@3] File [C:/Users/abab8270/Desktop/PROJ_Grupp2/HideNSneakUnreal/Saved/Config/Windows/Scalability.ini]
[2020.10.14-20.03.18:731][  0]LogConfig: Setting CVar [[r.LightFunctionQuality:1]]
[2020.10.14-20.03.18:731][  0]LogConfig: Setting CVar [[r.ShadowQuality:5]]
[2020.10.14-20.03.18:731][  0]LogConfig: Setting CVar [[r.Shadow.CSM.MaxCascades:10]]
[2020.10.14-20.03.18:731][  0]LogConfig: Setting CVar [[r.Shadow.MaxResolution:2048]]
[2020.10.14-20.03.18:731][  0]LogConfig: Setting CVar [[r.Shadow.MaxCSMResolution:2048]]
[2020.10.14-20.03.18:731][  0]LogConfig: Setting CVar [[r.Shadow.RadiusThreshold:0.01]]
[2020.10.14-20.03.18:731][  0]LogConfig: Setting CVar [[r.Shadow.DistanceScale:1.0]]
[2020.10.14-20.03.18:731][  0]LogConfig: Setting CVar [[r.Shadow.CSM.TransitionScale:1.0]]
[2020.10.14-20.03.18:731][  0]LogConfig: Setting CVar [[r.Shadow.PreShadowResolutionFactor:1.0]]
[2020.10.14-20.03.18:731][  0]LogConfig: Setting CVar [[r.DistanceFieldShadowing:1]]
[2020.10.14-20.03.18:731][  0]LogConfig: Setting CVar [[r.DistanceFieldAO:1]]
[2020.10.14-20.03.18:731][  0]LogConfig: Setting CVar [[r.AOQuality:2]]
[2020.10.14-20.03.18:731][  0]LogConfig: Setting CVar [[r.VolumetricFog:1]]
[2020.10.14-20.03.18:731][  0]LogConfig: Setting CVar [[r.VolumetricFog.GridPixelSize:8]]
[2020.10.14-20.03.18:731][  0]LogConfig: Setting CVar [[r.VolumetricFog.GridSizeZ:128]]
[2020.10.14-20.03.18:731][  0]LogConfig: Setting CVar [[r.VolumetricFog.HistoryMissSupersampleCount:4]]
[2020.10.14-20.03.18:731][  0]LogConfig: Setting CVar [[r.LightMaxDrawDistanceScale:1]]
[2020.10.14-20.03.18:731][  0]LogConfig: Setting CVar [[r.CapsuleShadows:1]]
[2020.10.14-20.03.18:731][  0]LogConfig: Applying CVar settings from Section [PostProcessQuality@3] File [C:/Users/abab8270/Desktop/PROJ_Grupp2/HideNSneakUnreal/Saved/Config/Windows/Scalability.ini]
[2020.10.14-20.03.18:731][  0]LogConfig: Setting CVar [[r.MotionBlurQuality:4]]
[2020.10.14-20.03.18:731][  0]LogConfig: Setting CVar [[r.AmbientOcclusionMipLevelFactor:0.4]]
[2020.10.14-20.03.18:731][  0]LogConfig: Setting CVar [[r.AmbientOcclusionMaxQuality:100]]
[2020.10.14-20.03.18:731][  0]LogConfig: Setting CVar [[r.AmbientOcclusionLevels:-1]]
[2020.10.14-20.03.18:731][  0]LogConfig: Setting CVar [[r.AmbientOcclusionRadiusScale:1.0]]
[2020.10.14-20.03.18:731][  0]LogConfig: Setting CVar [[r.DepthOfFieldQuality:2]]
[2020.10.14-20.03.18:731][  0]LogConfig: Setting CVar [[r.RenderTargetPoolMin:400]]
[2020.10.14-20.03.18:731][  0]LogConfig: Setting CVar [[r.LensFlareQuality:2]]
[2020.10.14-20.03.18:731][  0]LogConfig: Setting CVar [[r.SceneColorFringeQuality:1]]
[2020.10.14-20.03.18:731][  0]LogConfig: Setting CVar [[r.EyeAdaptationQuality:2]]
[2020.10.14-20.03.18:731][  0]LogConfig: Setting CVar [[r.BloomQuality:5]]
[2020.10.14-20.03.18:731][  0]LogConfig: Setting CVar [[r.FastBlurThreshold:100]]
[2020.10.14-20.03.18:731][  0]LogConfig: Setting CVar [[r.Upscale.Quality:3]]
[2020.10.14-20.03.18:731][  0]LogConfig: Setting CVar [[r.Tonemapper.GrainQuantization:1]]
[2020.10.14-20.03.18:731][  0]LogConfig: Setting CVar [[r.LightShaftQuality:1]]
[2020.10.14-20.03.18:731][  0]LogConfig: Setting CVar [[r.Filter.SizeScale:1]]
[2020.10.14-20.03.18:731][  0]LogConfig: Setting CVar [[r.Tonemapper.Quality:5]]
[2020.10.14-20.03.18:731][  0]LogConfig: Setting CVar [[r.DOF.Gather.AccumulatorQuality:1        ; higher gathering accumulator quality]]
[2020.10.14-20.03.18:731][  0]LogConfig: Setting CVar [[r.DOF.Gather.PostfilterMethod:1          ; Median3x3 postfilering method]]
[2020.10.14-20.03.18:731][  0]LogConfig: Setting CVar [[r.DOF.Gather.EnableBokehSettings:0       ; no bokeh simulation when gathering]]
[2020.10.14-20.03.18:731][  0]LogConfig: Setting CVar [[r.DOF.Gather.RingCount:4                 ; medium number of samples when gathering]]
[2020.10.14-20.03.18:731][  0]LogConfig: Setting CVar [[r.DOF.Scatter.ForegroundCompositing:1    ; additive foreground scattering]]
[2020.10.14-20.03.18:731][  0]LogConfig: Setting CVar [[r.DOF.Scatter.BackgroundCompositing:2    ; additive background scattering]]
[2020.10.14-20.03.18:731][  0]LogConfig: Setting CVar [[r.DOF.Scatter.EnableBokehSettings:1      ; bokeh simulation when scattering]]
[2020.10.14-20.03.18:731][  0]LogConfig: Setting CVar [[r.DOF.Scatter.MaxSpriteRatio:0.1         ; only a maximum of 10% of scattered bokeh]]
[2020.10.14-20.03.18:731][  0]LogConfig: Setting CVar [[r.DOF.Recombine.Quality:1                ; cheap slight out of focus]]
[2020.10.14-20.03.18:731][  0]LogConfig: Setting CVar [[r.DOF.Recombine.EnableBokehSettings:0    ; no bokeh simulation on slight out of focus]]
[2020.10.14-20.03.18:731][  0]LogConfig: Setting CVar [[r.DOF.TemporalAAQuality:1                ; more stable temporal accumulation]]
[2020.10.14-20.03.18:731][  0]LogConfig: Setting CVar [[r.DOF.Kernel.MaxForegroundRadius:0.025]]
[2020.10.14-20.03.18:731][  0]LogConfig: Setting CVar [[r.DOF.Kernel.MaxBackgroundRadius:0.025]]
[2020.10.14-20.03.18:731][  0]LogConfig: Applying CVar settings from Section [TextureQuality@3] File [C:/Users/abab8270/Desktop/PROJ_Grupp2/HideNSneakUnreal/Saved/Config/Windows/Scalability.ini]
[2020.10.14-20.03.18:731][  0]LogConfig: Setting CVar [[r.Streaming.MipBias:0]]
[2020.10.14-20.03.18:731][  0]LogConfig: Setting CVar [[r.Streaming.AmortizeCPUToGPUCopy:0]]
[2020.10.14-20.03.18:731][  0]LogConfig: Setting CVar [[r.Streaming.MaxNumTexturesToStreamPerFrame:0]]
[2020.10.14-20.03.18:732][  0]LogConfig: Setting CVar [[r.Streaming.Boost:1]]
[2020.10.14-20.03.18:732][  0]LogConfig: Setting CVar [[r.MaxAnisotropy:8]]
[2020.10.14-20.03.18:732][  0]LogConfig: Setting CVar [[r.VT.MaxAnisotropy:8]]
[2020.10.14-20.03.18:732][  0]LogConfig: Setting CVar [[r.Streaming.LimitPoolSizeToVRAM:0]]
[2020.10.14-20.03.18:732][  0]LogConfig: Setting CVar [[r.Streaming.PoolSize:1000]]
[2020.10.14-20.03.18:732][  0]LogConfig: Setting CVar [[r.Streaming.MaxEffectiveScreenSize:0]]
[2020.10.14-20.03.18:732][  0]LogConfig: Applying CVar settings from Section [EffectsQuality@3] File [C:/Users/abab8270/Desktop/PROJ_Grupp2/HideNSneakUnreal/Saved/Config/Windows/Scalability.ini]
[2020.10.14-20.03.18:732][  0]LogConfig: Setting CVar [[r.TranslucencyLightingVolumeDim:64]]
[2020.10.14-20.03.18:732][  0]LogConfig: Setting CVar [[r.RefractionQuality:2]]
[2020.10.14-20.03.18:732][  0]LogConfig: Setting CVar [[r.SSR.Quality:3]]
[2020.10.14-20.03.18:732][  0]LogConfig: Setting CVar [[r.SSR.HalfResSceneColor:0]]
[2020.10.14-20.03.18:732][  0]LogConfig: Setting CVar [[r.SceneColorFormat:4]]
[2020.10.14-20.03.18:732][  0]LogConfig: Setting CVar [[r.DetailMode:2]]
[2020.10.14-20.03.18:732][  0]LogConfig: Setting CVar [[r.TranslucencyVolumeBlur:1]]
[2020.10.14-20.03.18:732][  0]LogConfig: Setting CVar [[r.MaterialQualityLevel:1 ; High quality]]
[2020.10.14-20.03.18:732][  0]LogConfig: Setting CVar [[r.SSS.Scale:1]]
[2020.10.14-20.03.18:732][  0]LogConfig: Setting CVar [[r.SSS.SampleSet:2]]
[2020.10.14-20.03.18:732][  0]LogConfig: Setting CVar [[r.SSS.Quality:1]]
[2020.10.14-20.03.18:732][  0]LogConfig: Setting CVar [[r.SSS.HalfRes:0]]
[2020.10.14-20.03.18:732][  0]LogConfig: Setting CVar [[r.SSGI.Quality:3]]
[2020.10.14-20.03.18:732][  0]LogConfig: Setting CVar [[r.EmitterSpawnRateScale:1.0]]
[2020.10.14-20.03.18:732][  0]LogConfig: Setting CVar [[r.ParticleLightQuality:2]]
[2020.10.14-20.03.18:732][  0]LogConfig: Setting CVar [[r.SkyAtmosphere.AerialPerspectiveLUT.FastApplyOnOpaque:1 ; Always have FastSkyLUT 1 in this case to avoid wrong sky]]
[2020.10.14-20.03.18:732][  0]LogConfig: Setting CVar [[r.SkyAtmosphere.AerialPerspectiveLUT.SampleCountPerSlice:1]]
[2020.10.14-20.03.18:732][  0]LogConfig: Setting CVar [[r.SkyAtmosphere.AerialPerspectiveLUT.DepthResolution:16.0]]
[2020.10.14-20.03.18:732][  0]LogConfig: Setting CVar [[r.SkyAtmosphere.FastSkyLUT:1]]
[2020.10.14-20.03.18:732][  0]LogConfig: Setting CVar [[r.SkyAtmosphere.FastSkyLUT.SampleCountMin:4.0]]
[2020.10.14-20.03.18:732][  0]LogConfig: Setting CVar [[r.SkyAtmosphere.FastSkyLUT.SampleCountMax:32.0]]
[2020.10.14-20.03.18:732][  0]LogConfig: Setting CVar [[r.SkyAtmosphere.SampleCountMin:4.0]]
[2020.10.14-20.03.18:732][  0]LogConfig: Setting CVar [[r.SkyAtmosphere.SampleCountMax:32.0]]
[2020.10.14-20.03.18:732][  0]LogConfig: Setting CVar [[r.SkyAtmosphere.TransmittanceLUT.UseSmallFormat:0]]
[2020.10.14-20.03.18:732][  0]LogConfig: Setting CVar [[r.SkyAtmosphere.TransmittanceLUT.SampleCount:10.0]]
[2020.10.14-20.03.18:732][  0]LogConfig: Setting CVar [[r.SkyAtmosphere.MultiScatteringLUT.SampleCount:15.0]]
[2020.10.14-20.03.18:732][  0]LogConfig: Applying CVar settings from Section [FoliageQuality@3] File [C:/Users/abab8270/Desktop/PROJ_Grupp2/HideNSneakUnreal/Saved/Config/Windows/Scalability.ini]
[2020.10.14-20.03.18:732][  0]LogConfig: Setting CVar [[foliage.DensityScale:1.0]]
[2020.10.14-20.03.18:732][  0]LogConfig: Setting CVar [[grass.DensityScale:1.0]]
[2020.10.14-20.03.18:732][  0]LogConfig: Applying CVar settings from Section [ShadingQuality@3] File [C:/Users/abab8270/Desktop/PROJ_Grupp2/HideNSneakUnreal/Saved/Config/Windows/Scalability.ini]
[2020.10.14-20.03.18:732][  0]LogConfig: Setting CVar [[r.HairStrands.SkyLighting.SampleCount:16]]
[2020.10.14-20.03.18:732][  0]LogConfig: Setting CVar [[r.HairStrands.SkyLighting.JitterIntegration:0]]
[2020.10.14-20.03.18:732][  0]LogConfig: Setting CVar [[r.HairStrands.SkyAO.SampleCount:16]]
[2020.10.14-20.03.18:732][  0]LogConfig: Setting CVar [[r.HairStrands.DeepShadow.SuperSampling:0]]
[2020.10.14-20.03.18:732][  0]LogConfig: Setting CVar [[r.HairStrands.VisibilityPPLL:0]]
[2020.10.14-20.03.18:732][  0]LogConfig: Setting CVar [[r.HairStrands.RasterizationScale:0.5]]
[2020.10.14-20.03.18:732][  0]LogConfig: Setting CVar [[r.HairStrands.VelocityRasterizationScale:1]]
[2020.10.14-20.03.18:732][  0]LogConfig: Applying CVar settings from Section [Startup] File [../../../Engine/Config/ConsoleVariables.ini]
[2020.10.14-20.03.18:732][  0]LogConfig: Setting CVar [[net.UseAdaptiveNetUpdateFrequency:0]]
[2020.10.14-20.03.18:733][  0]LogConfig: Setting CVar [[p.chaos.AllowCreatePhysxBodies:1]]
[2020.10.14-20.03.18:733][  0]LogConfig: Setting CVar [[fx.SkipVectorVMBackendOptimizations:1]]
[2020.10.14-20.03.18:733][  0]LogConfig: Applying CVar settings from Section [ConsoleVariables] File [C:/Users/abab8270/Desktop/PROJ_Grupp2/HideNSneakUnreal/Saved/Config/Windows/Engine.ini]
[2020.10.14-20.03.18:733][  0]LogInit: Computer: SPLAB-11
[2020.10.14-20.03.18:733][  0]LogInit: User: abab8270
[2020.10.14-20.03.18:733][  0]LogInit: CPU Page size=4096, Cores=8
[2020.10.14-20.03.18:733][  0]LogInit: High frequency timer resolution =10.000000 MHz
[2020.10.14-20.03.18:733][  0]LogMemory: Memory total: Physical=31.9GB (32GB approx)
[2020.10.14-20.03.18:733][  0]LogMemory: Platform Memory Stats for Windows
[2020.10.14-20.03.18:733][  0]LogMemory: Process Physical Memory: 115.30 MB used, 115.31 MB peak
[2020.10.14-20.03.18:733][  0]LogMemory: Process Virtual Memory: 98.10 MB used, 98.10 MB peak
[2020.10.14-20.03.18:733][  0]LogMemory: Physical Memory: 10226.95 MB used,  22473.11 MB free, 32700.05 MB total
[2020.10.14-20.03.18:733][  0]LogMemory: Virtual Memory: 5199.26 MB used,  134212528.00 MB free, 134217728.00 MB total
[2020.10.14-20.03.18:743][  0]LogWindows: WindowsPlatformFeatures enabled
[2020.10.14-20.03.18:781][  0]LogInit: Physics initialised using underlying interface: PhysX
[2020.10.14-20.03.18:783][  0]LogInit: Using OS detected language (en-GB).
[2020.10.14-20.03.18:783][  0]LogInit: Using OS detected locale (sv-SE).
[2020.10.14-20.03.18:790][  0]LogTextLocalizationManager: No specific localization for 'en-GB' exists, so the 'en' localization will be used.
[2020.10.14-20.03.19:034][  0]LogInit: Setting process to per monitor DPI aware
[2020.10.14-20.03.19:084][  0]LogSlate: New Slate User Created.  User Index 0, Is Virtual User: 0
[2020.10.14-20.03.19:084][  0]LogSlate: Slate User Registered.  User Index 0, Is Virtual User: 0
[2020.10.14-20.03.19:277][  0]LogHMD: Failed to initialize OpenVR with code 110
[2020.10.14-20.03.19:277][  0]LogD3D11RHI: D3D11 min allowed feature level: 11_0
[2020.10.14-20.03.19:277][  0]LogD3D11RHI: D3D11 max allowed feature level: 11_0
[2020.10.14-20.03.19:277][  0]LogD3D11RHI: D3D11 adapters:
[2020.10.14-20.03.19:381][  0]LogD3D11RHI:    0. 'NVIDIA GeForce GTX 1080 Ti' (Feature Level 11_0)
[2020.10.14-20.03.19:381][  0]LogD3D11RHI:       11127/0/16350 MB DedicatedVideo/DedicatedSystem/SharedSystem, Outputs:2, VendorId:0x10de
[2020.10.14-20.03.19:384][  0]LogD3D11RHI:    1. 'Microsoft Basic Render Driver' (Feature Level 11_0)
[2020.10.14-20.03.19:384][  0]LogD3D11RHI:       0/0/16350 MB DedicatedVideo/DedicatedSystem/SharedSystem, Outputs:0, VendorId:0x1414
[2020.10.14-20.03.19:384][  0]LogD3D11RHI: Chosen D3D11 Adapter: 0
[2020.10.14-20.03.19:397][  0]LogD3D11RHI: Creating new Direct3DDevice
[2020.10.14-20.03.19:397][  0]LogD3D11RHI:     GPU DeviceId: 0x1b06 (for the marketing name, search the web for "GPU Device Id")
[2020.10.14-20.03.19:397][  0]LogWindows: EnumDisplayDevices:
[2020.10.14-20.03.19:397][  0]LogWindows:    0. 'NVIDIA GeForce GTX 1080 Ti' (P:1 D:1)
[2020.10.14-20.03.19:398][  0]LogWindows:    1. 'NVIDIA GeForce GTX 1080 Ti' (P:0 D:1)
[2020.10.14-20.03.19:398][  0]LogWindows:    2. 'NVIDIA GeForce GTX 1080 Ti' (P:0 D:0)
[2020.10.14-20.03.19:398][  0]LogWindows:    3. 'NVIDIA GeForce GTX 1080 Ti' (P:0 D:0)
[2020.10.14-20.03.19:398][  0]LogWindows: DebugString: FoundDriverCount:4 
[2020.10.14-20.03.19:398][  0]LogD3D11RHI:     Adapter Name: NVIDIA GeForce GTX 1080 Ti
[2020.10.14-20.03.19:398][  0]LogD3D11RHI:   Driver Version: 431.60 (internal:26.21.14.3160, unified:431.60)
[2020.10.14-20.03.19:399][  0]LogD3D11RHI:      Driver Date: 7-17-2019
[2020.10.14-20.03.19:399][  0]LogRHI: Texture pool is 7788 MB (70% of 11127 MB)
[2020.10.14-20.03.19:459][  0]LogD3D11RHI: RHI has support for 64 bit atomics
[2020.10.14-20.03.19:461][  0]LogD3D11RHI: [Aftermath] Enabled and primed
[2020.10.14-20.03.19:461][  0]LogD3D11RHI: Async texture creation enabled
[2020.10.14-20.03.19:461][  0]LogD3D11RHI: Array index from any shader is supported
[2020.10.14-20.03.19:531][  0]LogD3D11RHI: GPU Timing Frequency: 1000.000000 (Debug: 2 1)
[2020.10.14-20.03.19:917][  0]LogTargetPlatformManager: Display: Loaded TargetPlatform 'AllDesktop'
[2020.10.14-20.03.19:943][  0]LogTargetPlatformManager: Display: Loaded TargetPlatform 'Android'
[2020.10.14-20.03.19:943][  0]LogTargetPlatformManager: Display: Loaded TargetPlatform 'Android_ASTC'
[2020.10.14-20.03.19:943][  0]LogTargetPlatformManager: Display: Loaded TargetPlatform 'Android_DXT'
[2020.10.14-20.03.19:943][  0]LogTargetPlatformManager: Display: Loaded TargetPlatform 'Android_ETC2'
[2020.10.14-20.03.19:943][  0]LogTargetPlatformManager: Display: Loaded TargetPlatform 'AndroidClient'
[2020.10.14-20.03.19:943][  0]LogTargetPlatformManager: Display: Loaded TargetPlatform 'Android_ASTCClient'
[2020.10.14-20.03.19:943][  0]LogTargetPlatformManager: Display: Loaded TargetPlatform 'Android_DXTClient'
[2020.10.14-20.03.19:943][  0]LogTargetPlatformManager: Display: Loaded TargetPlatform 'Android_ETC2Client'
[2020.10.14-20.03.19:943][  0]LogTargetPlatformManager: Display: Loaded TargetPlatform 'Android_Multi'
[2020.10.14-20.03.19:943][  0]LogTargetPlatformManager: Display: Loaded TargetPlatform 'Android_MultiClient'
[2020.10.14-20.03.19:977][  0]LogTargetPlatformManager: Display: Loaded TargetPlatform 'IOSClient'
[2020.10.14-20.03.19:977][  0]LogTargetPlatformManager: Display: Loaded TargetPlatform 'IOS'
[2020.10.14-20.03.19:992][  0]LogTargetPlatformManager: Display: Loaded TargetPlatform 'Linux'
[2020.10.14-20.03.20:008][  0]LogTargetPlatformManager: Display: Loaded TargetPlatform 'LinuxNoEditor'
[2020.10.14-20.03.20:024][  0]LogTargetPlatformManager: Display: Loaded TargetPlatform 'LinuxClient'
[2020.10.14-20.03.20:039][  0]LogTargetPlatformManager: Display: Loaded TargetPlatform 'LinuxServer'
[2020.10.14-20.03.20:056][  0]LogTargetPlatformManager: Display: Loaded TargetPlatform 'LinuxAArch64NoEditor'
[2020.10.14-20.03.20:072][  0]LogTargetPlatformManager: Display: Loaded TargetPlatform 'LinuxAArch64Client'
[2020.10.14-20.03.20:088][  0]LogTargetPlatformManager: Display: Loaded TargetPlatform 'LinuxAArch64Server'
[2020.10.14-20.03.20:134][  0]LogTargetPlatformManager: Display: Loaded TargetPlatform 'Lumin'
[2020.10.14-20.03.20:135][  0]LogTargetPlatformManager: Display: Loaded TargetPlatform 'LuminClient'
[2020.10.14-20.03.20:162][  0]LogTargetPlatformManager: Display: Loaded TargetPlatform 'TVOSClient'
[2020.10.14-20.03.20:162][  0]LogTargetPlatformManager: Display: Loaded TargetPlatform 'TVOS'
[2020.10.14-20.03.20:178][  0]LogTargetPlatformManager: Display: Loaded TargetPlatform 'WindowsNoEditor'
[2020.10.14-20.03.20:194][  0]LogTargetPlatformManager: Display: Loaded TargetPlatform 'Windows'
[2020.10.14-20.03.20:210][  0]LogTargetPlatformManager: Display: Loaded TargetPlatform 'WindowsClient'
[2020.10.14-20.03.20:227][  0]LogTargetPlatformManager: Display: Loaded TargetPlatform 'WindowsServer'
[2020.10.14-20.03.20:227][  0]LogTargetPlatformManager: Display: Building Assets For Windows
[2020.10.14-20.03.20:238][  0]LogAudioDebug: Display: Lib vorbis DLL was dynamically loaded.
[2020.10.14-20.03.20:331][  0]LogShaderCompilers: Guid format shader working directory is -15 characters bigger than the processId version (../../../../Users/abab8270/Desktop/PROJ_Grupp2/HideNSneakUnreal/Intermediate/Shaders/WorkingDirectory/16276/).
[2020.10.14-20.03.20:331][  0]LogShaderCompilers: Cleaned the shader compiler working directory 'C:/Users/abab8270/AppData/Local/Temp/UnrealShaderWorkingDir/EF2160BA4C0D2D34DBA5AA998AE112AB/'.
[2020.10.14-20.03.20:332][  0]LogXGEController: Cannot use XGE Controller as Incredibuild is not installed on this machine.
[2020.10.14-20.03.20:332][  0]LogShaderCompilers: Cannot use XGE Shader Compiler as Incredibuild is not installed on this machine.
[2020.10.14-20.03.20:332][  0]LogShaderCompilers: Display: Using Local Shader Compiler.
[2020.10.14-20.03.21:588][  0]LogDerivedDataCache: Display: Max Cache Size: 512 MB
[2020.10.14-20.03.21:649][  0]LogDerivedDataCache: Loaded boot cache 0.06s 75MB C:/Users/abab8270/AppData/Local/UnrealEngine/4.25/DerivedDataCache/Boot.ddc.
[2020.10.14-20.03.21:649][  0]LogDerivedDataCache: Display: Loaded Boot cache: C:/Users/abab8270/AppData/Local/UnrealEngine/4.25/DerivedDataCache/Boot.ddc
[2020.10.14-20.03.21:649][  0]LogDerivedDataCache: FDerivedDataBackendGraph:  Pak pak cache file ../../../../Users/abab8270/Desktop/PROJ_Grupp2/HideNSneakUnreal/DerivedDataCache/DDC.ddp not found, will not use a pak cache.
[2020.10.14-20.03.21:649][  0]LogDerivedDataCache: Unable to find inner node Pak for hierarchical cache Hierarchy.
[2020.10.14-20.03.21:649][  0]LogDerivedDataCache: FDerivedDataBackendGraph:  CompressedPak pak cache file ../../../../Users/abab8270/Desktop/PROJ_Grupp2/HideNSneakUnreal/DerivedDataCache/Compressed.ddp not found, will not use a pak cache.
[2020.10.14-20.03.21:649][  0]LogDerivedDataCache: Unable to find inner node CompressedPak for hierarchical cache Hierarchy.
[2020.10.14-20.03.21:668][  0]LogDerivedDataCache: Display: Pak cache opened for reading ../../../Engine/DerivedDataCache/Compressed.ddp.
[2020.10.14-20.03.21:668][  0]LogDerivedDataCache: FDerivedDataBackendGraph:  EnterprisePak pak cache file ../../../Enterprise/DerivedDataCache/Compressed.ddp not found, will not use a pak cache.
[2020.10.14-20.03.21:668][  0]LogDerivedDataCache: Unable to find inner node EnterprisePak for hierarchical cache Hierarchy.
[2020.10.14-20.03.21:670][  0]LogDerivedDataCache: Using Local data cache path C:/Users/abab8270/AppData/Local/UnrealEngine/Common/DerivedDataCache: Writable
[2020.10.14-20.03.21:670][  0]LogDerivedDataCache: Shared data cache path not found in *engine.ini, will not use an Shared cache.
[2020.10.14-20.03.21:670][  0]LogDerivedDataCache: Unable to find inner node Shared for hierarchical cache Hierarchy.
[2020.10.14-20.03.21:760][  0]LogSlate: Using FreeType 2.10.0
[2020.10.14-20.03.21:761][  0]LogSlate: SlateFontServices - WITH_FREETYPE: 1, WITH_HARFBUZZ: 1
[2020.10.14-20.03.21:796][  0]LogAssetRegistry: FAssetRegistry took 0.0046 seconds to start up
[2020.10.14-20.03.22:098][  0]LogInit: Selected Device Profile: [Windows]
[2020.10.14-20.03.22:265][  0]LogMeshReduction: Using QuadricMeshReduction for automatic static mesh reduction
[2020.10.14-20.03.22:265][  0]LogMeshReduction: Using SimplygonMeshReduction for automatic skeletal mesh reduction
[2020.10.14-20.03.22:265][  0]LogMeshReduction: Using ProxyLODMeshReduction for automatic mesh merging
[2020.10.14-20.03.22:265][  0]LogMeshReduction: No distributed automatic mesh merging module available
[2020.10.14-20.03.22:265][  0]LogMeshMerging: No distributed automatic mesh merging module available
[2020.10.14-20.03.22:285][  0]LogNetVersion: HideNSneakUnreal 1.0.0, NetCL: 13144385, EngineNetVer: 14, GameNetVer: 0 (Checksum: 3367979030)
[2020.10.14-20.03.22:822][  0]LogAISub: UAISubsystem::UAISubsystem AISubsystem (00000252C41A9BC0), frame # 0
[2020.10.14-20.03.22:822][  0]LogAISub: UAISubsystem::UAISubsystem AIPerceptionSystem (00000252C4104F40), frame # 0
[2020.10.14-20.03.22:825][  0]LogAISub: UAISubsystem::UAISubsystem EnvQueryManager (00000252C4159E00), frame # 0
[2020.10.14-20.03.22:905][  0]LogPackageLocalizationCache: Processed 20 localized package path(s) for 1 prioritized culture(s) in 0.070950 seconds
[2020.10.14-20.03.22:914][  0]LogUObjectArray: 15917 objects as part of root set at end of initial load.
[2020.10.14-20.03.22:914][  0]LogUObjectAllocator: 3965568 out of 0 bytes used by permanent object pool.
[2020.10.14-20.03.22:914][  0]LogUObjectArray: CloseDisregardForGC: 0/0 objects in disregard for GC pool
[2020.10.14-20.03.23:408][  0]LogTcpMessaging: Initializing TcpMessaging bridge
[2020.10.14-20.03.23:415][  0]LogUdpMessaging: Initializing bridge on interface 0.0.0.0:0 to multicast group 230.0.0.1:6666.
[2020.10.14-20.03.23:525][  0]SourceControl: Source control is disabled
[2020.10.14-20.03.23:525][  0]SourceControl: Source control is disabled
[2020.10.14-20.03.23:529][  0]SourceControl: Source control is disabled
[2020.10.14-20.03.23:533][  0]SourceControl: Source control is disabled
[2020.10.14-20.03.23:543][  0]SourceControl: Source control is disabled
[2020.10.14-20.03.23:904][  0]LogAndroidPermission: UAndroidPermissionCallbackProxy::GetInstance
[2020.10.14-20.03.23:934][  0]LogAudioCaptureCore: Display: No Audio Capture implementations found. Audio input will be silent.
[2020.10.14-20.03.23:934][  0]LogAudioCaptureCore: Display: No Audio Capture implementations found. Audio input will be silent.
[2020.10.14-20.03.24:013][  0]LogOcInput: OculusInput pre-init called
[2020.10.14-20.03.24:029][  0]LogWindows: Failed to load 'OVRPlugin.dll' (GetLastError=126)
[2020.10.14-20.03.24:029][  0]LogWindows: File 'OVRPlugin.dll' does not exist
[2020.10.14-20.03.24:148][  0]LogEngine: Initializing Engine...
[2020.10.14-20.03.24:150][  0]LogHMD: Failed to initialize OpenVR with code 110
[2020.10.14-20.03.24:150][  0]LogMagicLeap: Warning: VR disabled because ZI is not enabled.  To enable, in the editor, Edit -> Project Settings -> Plugins -> Magic Leap Plugin -> Enable Zero Iteration
[2020.10.14-20.03.24:152][  0]LogStats: UGameplayTagsManager::InitializeManager -  0.000 s
[2020.10.14-20.03.24:296][  0]LogInit: Initializing FReadOnlyCVARCache
[2020.10.14-20.03.24:305][  0]LogAIModule: Creating AISystem for world Untitled
[2020.10.14-20.03.24:305][  0]LogAISub: UAISubsystem::UAISubsystem EnvQueryManager (00000252CB43BC00), frame # 0
[2020.10.14-20.03.24:305][  0]LogAISub: UAISubsystem::UAISubsystem AIPerceptionSystem (00000252C6318B80), frame # 0
[2020.10.14-20.03.24:324][  0]LogAudioMixer: Display: Audio Mixer Platform Settings:
[2020.10.14-20.03.24:324][  0]LogAudioMixer: Display: 	Sample Rate:						  48000
[2020.10.14-20.03.24:324][  0]LogAudioMixer: Display: 	Callback Buffer Frame Size Requested: 1024
[2020.10.14-20.03.24:324][  0]LogAudioMixer: Display: 	Callback Buffer Frame Size To Use:	  1024
[2020.10.14-20.03.24:324][  0]LogAudioMixer: Display: 	Number of buffers to queue:			  2
[2020.10.14-20.03.24:324][  0]LogAudioMixer: Display: 	Max Channels (voices):				  32
[2020.10.14-20.03.24:324][  0]LogAudioMixer: Display: 	Number of Async Source Workers:		  0
[2020.10.14-20.03.24:324][  0]LogAudio: Display: AudioDevice MaxSources: 32
[2020.10.14-20.03.24:325][  0]LogAudio: Display: Using built-in audio occlusion.
[2020.10.14-20.03.24:325][  0]LogAudioMixer: Display: Initializing audio mixer.
[2020.10.14-20.03.24:339][  0]LogAudioMixer: Display: 0: FrontLeft
[2020.10.14-20.03.24:339][  0]LogAudioMixer: Display: 1: FrontRight
[2020.10.14-20.03.24:369][  0]LogAudioMixer: Display: Using Audio Device Headset Earphone (HyperX Virtual Surround Sound)
[2020.10.14-20.03.24:375][  0]LogAudioMixer: Display: Initializing Sound Submixes...
[2020.10.14-20.03.24:377][  0]LogAudioMixer: Display: Creating Master Submix 'MasterSubmixDefault'
[2020.10.14-20.03.24:377][  0]LogAudioMixer: Display: Creating Master Submix 'MasterReverbSubmixDefault'
[2020.10.14-20.03.24:378][  0]LogAudioMixer: Display: Creating Master Submix 'MasterEQSubmixDefault'
[2020.10.14-20.03.24:379][  0]LogInit: FAudioDevice initialized.
[2020.10.14-20.03.24:379][  0]LogNetVersion: Set ProjectVersion to 1.0.0.0. Version Checksum will be recalculated on next use.
[2020.10.14-20.03.24:437][  0]LogDerivedDataCache: Saved boot cache 0.06s 75MB C:/Users/abab8270/AppData/Local/UnrealEngine/4.25/DerivedDataCache/Boot.ddc.
[2020.10.14-20.03.24:442][  0]LogInit: Texture streaming: Enabled
[2020.10.14-20.03.24:459][  0]LogEngineSessionManager: EngineSessionManager initialized
[2020.10.14-20.03.24:459][  0]LogEditorSessionSummary: Verbose: Initializing EditorSessionSummaryWriter for editor session tracking
[2020.10.14-20.03.24:460][  0]LogEditorSessionSummary: EditorSessionSummaryWriter initialized
[2020.10.14-20.03.24:531][  0]LogInit: Transaction tracking system initialized
[2020.10.14-20.03.24:564][  0]BlueprintLog: New page: Editor Load
[2020.10.14-20.03.24:658][  0]LocalizationService: Localization service is disabled
[2020.10.14-20.03.24:871][  0]LogCook: Display: Max memory allowance for cook 16384mb min free memory 0mb
[2020.10.14-20.03.24:871][  0]LogCook: Display: Mobile HDR setting 1
[2020.10.14-20.03.25:018][  0]LogFileCache: Scanning file cache for directory 'C:/Users/abab8270/Desktop/PROJ_Grupp2/HideNSneakUnreal/Content/' took 0.00s
[2020.10.14-20.03.25:251][  0]SourceControl: Source control is disabled
[2020.10.14-20.03.25:251][  0]LogUnrealEdMisc: Loading editor; pre map load, took 8.686
[2020.10.14-20.03.25:251][  0]Cmd: MAP LOAD FILE="../../../../Users/abab8270/Desktop/PROJ_Grupp2/HideNSneakUnreal/Content/ThirdPersonBP/Maps/ThirdPersonExampleMap.umap" TEMPLATE=0 SHOWPROGRESS=1 FEATURELEVEL=3
[2020.10.14-20.03.25:252][  0]LightingResults: New page: Lighting Build
[2020.10.14-20.03.25:252][  0]LogWorld: UWorld::CleanupWorld for Untitled, bSessionEnded=true, bCleanupResources=true
[2020.10.14-20.03.25:252][  0]LogSlate: InvalidateAllWidgets triggered.  All widgets were invalidated
[2020.10.14-20.03.25:253][  0]MapCheck: New page: Map Check
[2020.10.14-20.03.25:253][  0]LightingResults: New page: Lighting Build
[2020.10.14-20.03.25:273][  0]LogAISub: UAISubsystem::~UAISubsystem EnvQueryManager (00000252CB43BC00), frame # 0
[2020.10.14-20.03.25:273][  0]LogAISub: UAISubsystem::~UAISubsystem AIPerceptionSystem (00000252C6318B80), frame # 0
[2020.10.14-20.03.25:274][  0]LogUObjectHash: Compacting FUObjectHashTables data took   0.77ms
[2020.10.14-20.03.25:513][  0]LogAIModule: Creating AISystem for world ThirdPersonExampleMap
[2020.10.14-20.03.25:513][  0]LogAISub: UAISubsystem::UAISubsystem EnvQueryManager (00000252BA763E00), frame # 0
[2020.10.14-20.03.25:513][  0]LogAISub: UAISubsystem::UAISubsystem AIPerceptionSystem (00000252BA783B00), frame # 0
[2020.10.14-20.03.25:528][  0]LogEditorServer: Finished looking for orphan Actors (0.000 secs)
[2020.10.14-20.03.25:548][  0]LogUObjectHash: Compacting FUObjectHashTables data took   0.92ms
[2020.10.14-20.03.25:549][  0]Cmd: MAP CHECKDEP NOCLEARLOG
[2020.10.14-20.03.25:549][  0]MapCheck: Map check complete: 0 Error(s), 0 Warning(s), took 0,165ms to complete.
[2020.10.14-20.03.25:549][  0]LogFileHelpers: Loading map 'ThirdPersonExampleMap' took 0.297
[2020.10.14-20.03.25:551][  0]LogUnrealEdMisc: Total Editor Startup Time, took 8.985
[2020.10.14-20.03.25:685][  0]LogSlate: Updating window title bar state: overlay mode, drag disabled, window buttons hidden, title bar hidden
[2020.10.14-20.03.25:694][  0]LogSlate: Updating window title bar state: overlay mode, drag disabled, window buttons hidden, title bar hidden
[2020.10.14-20.03.25:702][  0]LogSlate: Updating window title bar state: overlay mode, drag disabled, window buttons hidden, title bar hidden
[2020.10.14-20.03.25:711][  0]LogSlate: Updating window title bar state: overlay mode, drag disabled, window buttons hidden, title bar hidden
[2020.10.14-20.03.25:726][  0]LogCollectionManager: Loaded 0 collections in 0.002305 seconds
[2020.10.14-20.03.25:744][  0]LogFileCache: Scanning file cache for directory 'C:/Users/abab8270/Desktop/PROJ_Grupp2/HideNSneakUnreal/Saved/Collections/' took 0.00s
[2020.10.14-20.03.25:744][  0]LogFileCache: Scanning file cache for directory 'C:/Users/abab8270/Desktop/PROJ_Grupp2/HideNSneakUnreal/Content/Developers/abab8270/Collections/' took 0.00s
[2020.10.14-20.03.25:744][  0]LogFileCache: Scanning file cache for directory 'C:/Users/abab8270/Desktop/PROJ_Grupp2/HideNSneakUnreal/Content/Collections/' took 0.00s
[2020.10.14-20.03.25:744][  0]LogContentBrowser: Native class hierarchy populated in 0.0118 seconds. Added 3435 classes and 827 folders.
[2020.10.14-20.03.25:747][  0]LogContentBrowser: Native class hierarchy updated for 'WidgetCarousel' in 0.0003 seconds. Added 0 classes and 0 folders.
[2020.10.14-20.03.25:800][  0]LogContentBrowser: Native class hierarchy updated for 'AddContentDialog' in 0.0003 seconds. Added 0 classes and 0 folders.
[2020.10.14-20.03.25:801][  0]LogContentBrowser: Native class hierarchy updated for 'SceneOutliner' in 0.0003 seconds. Added 2 classes and 0 folders.
[2020.10.14-20.03.25:869][  0]LogSlate: Took 0.000318 seconds to synchronously load lazily loaded font '../../../Engine/Content/Slate/Fonts/Roboto-Regular.ttf' (155K)
[2020.10.14-20.03.25:872][  0]LogSlate: Took 0.000218 seconds to synchronously load lazily loaded font '../../../Engine/Content/Slate/Fonts/Roboto-Bold.ttf' (160K)
[2020.10.14-20.03.25:880][  0]LogSlate: Took 0.000225 seconds to synchronously load lazily loaded font '../../../Engine/Content/Editor/Slate/Fonts/FontAwesome.ttf' (139K)
[2020.10.14-20.03.25:985][  0]LogRenderer: Reallocating scene render targets to support 1208x572 Format 10 NumSamples 1 (Frame:1).
[2020.10.14-20.03.26:163][  0]LogSlate: Window 'Tutorials' being destroyed
[2020.10.14-20.03.26:175][  0]LogContentBrowser: Native class hierarchy updated for 'HierarchicalLODOutliner' in 0.0004 seconds. Added 0 classes and 0 folders.
[2020.10.14-20.03.26:175][  0]LogLoad: (Engine Initialization) Total time: 9.61 seconds
[2020.10.14-20.03.26:175][  0]LogLoad: (Engine Initialization) Total Blueprint compile time: 0.00 seconds
[2020.10.14-20.03.26:232][  0]LogAssetRegistry: Asset discovery search completed in 4.4365 seconds
[2020.10.14-20.03.26:238][  0]LogCollectionManager: Fixed up redirectors for 0 collections in 0.000003 seconds (updated 0 objects)
[2020.10.14-20.03.26:239][  0]LogContentStreaming: Texture pool size now 1000 MB
[2020.10.14-20.03.26:270][  0]LogSlate: Took 0.000201 seconds to synchronously load lazily loaded font '../../../Engine/Content/Slate/Fonts/Roboto-Light.ttf' (167K)
[2020.10.14-20.04.28:900][234]LogSlate: Took 0.015626 seconds to synchronously load lazily loaded font '../../../Engine/Content/Editor/Slate/Fonts/NotoColorEmoji.ttf' (7610K)
[2020.10.14-20.14.31:618][324]LogSlate: Window 'Plugins' being destroyed
[2020.10.14-20.14.31:621][324]LogSlate: Window 'Plugins' being destroyed
[2020.10.14-20.14.31:621][324]LogDirectoryWatcher: A directory notification for '../../../Engine/Plugins/' was aborted.
[2020.10.14-20.23.57:261][822]LogEditorViewport: Clicking on Actor (LMB): StaticMeshActor (Wall7)
[2020.10.14-20.24.01:938][281]Cmd: DELETE
[2020.10.14-20.24.01:938][281]Cmd: ACTOR DELETE
[2020.10.14-20.24.01:946][281]LogEditorActor: Deleted Actor: StaticMeshActor
[2020.10.14-20.24.01:947][281]LogEditorActor: Deleted Actor: StaticMeshActor
[2020.10.14-20.24.01:947][281]LogEditorActor: Deleted Actor: StaticMeshActor
[2020.10.14-20.24.01:947][281]LogEditorActor: Deleted Actor: StaticMeshActor
[2020.10.14-20.24.01:970][281]LogUObjectHash: Compacting FUObjectHashTables data took   1.21ms
[2020.10.14-20.24.01:974][281]LogEditorActor: Deleted 4 Actors (0.035 secs)
[2020.10.14-20.24.05:213][643]MapCheck: New page: Map Check
[2020.10.14-20.24.05:222][643]Cmd: MAP REBUILD ALLVISIBLE
[2020.10.14-20.24.05:223][643]LogEditorServer: Rebuildmap Clear paths rebuilt
[2020.10.14-20.24.05:225][643]LogWorld: UWorld::CleanupWorld for ThirdPersonExampleMap, bSessionEnded=true, bCleanupResources=false
[2020.10.14-20.24.05:234][643]LogNavigationDataBuild: Display: UNavigationSystemV1::Build started...
[2020.10.14-20.24.05:234][643]LogNavigationDataBuild: Display:    Building navigation data using PHYSICS_INTERFACE_PHYSX.
[2020.10.14-20.24.05:234][643]LogNavigationDataBuild: Display:    Building navigation data using WITH_PHYSX.
[2020.10.14-20.24.05:251][643]LogUObjectHash: Compacting FUObjectHashTables data took   0.69ms
[2020.10.14-20.24.05:257][643]LogMaterial: Display: Missing cached shader map for material DebugViewMode MaterialTexCoordScale, compiling. 
[2020.10.14-20.24.05:265][643]LogMaterial: Display: Missing cached shader map for material DebugViewMode MaterialTexCoordScale, compiling. 
[2020.10.14-20.24.05:267][643]LogMaterial: Display: Missing cached shader map for material DebugViewMode MaterialTexCoordScale, compiling. 
[2020.10.14-20.24.05:269][643]LogShaderCompilers: Display: Worker (1/13): shaders left to compile 4
[2020.10.14-20.24.05:269][643]LogShaderCompilers: Display: Worker (2/13): shaders left to compile 3
[2020.10.14-20.24.05:269][643]LogShaderCompilers: Display: Worker (3/13): shaders left to compile 2
[2020.10.14-20.24.05:269][643]LogShaderCompilers: Display: Worker (4/13): shaders left to compile 1
[2020.10.14-20.24.05:269][643]LogMaterial: Display: Missing cached shader map for material DebugViewMode MaterialTexCoordScale, compiling. 
[2020.10.14-20.24.05:271][643]LogMaterial: Display: Missing cached shader map for material DebugViewMode MaterialTexCoordScale, compiling. 
[2020.10.14-20.24.05:273][643]LogMaterial: Display: Missing cached shader map for material DebugViewMode MaterialTexCoordScale, compiling. 
[2020.10.14-20.24.05:277][643]LogMaterial: Display: Missing cached shader map for material DebugViewMode MaterialTexCoordScale, compiling. 
[2020.10.14-20.24.05:282][643]LogMaterial: Display: Missing cached shader map for material DebugViewMode MaterialTexCoordScale, compiling. 
[2020.10.14-20.24.06:098][643]LogShaderCompilers: Display: Worker (5/13): shaders left to compile 12
[2020.10.14-20.24.06:098][643]LogShaderCompilers: Display: Worker (6/13): shaders left to compile 11
[2020.10.14-20.24.06:098][643]LogShaderCompilers: Display: Worker (7/13): shaders left to compile 10
[2020.10.14-20.24.06:098][643]LogShaderCompilers: Display: Worker (8/13): shaders left to compile 9
[2020.10.14-20.24.06:098][643]LogShaderCompilers: Display: Worker (9/13): shaders left to compile 8
[2020.10.14-20.24.06:098][643]LogShaderCompilers: Display: Worker (10/13): shaders left to compile 7
[2020.10.14-20.24.06:098][643]LogShaderCompilers: Display: Worker (11/13): shaders left to compile 6
[2020.10.14-20.24.06:098][643]LogShaderCompilers: Display: Worker (12/13): shaders left to compile 5
[2020.10.14-20.24.06:098][643]LogShaderCompilers: Display: Worker (5/13): shaders left to compile 4
[2020.10.14-20.24.06:098][643]LogShaderCompilers: Display: Worker (7/13): shaders left to compile 3
[2020.10.14-20.24.06:098][643]LogShaderCompilers: Display: Worker (3/13): shaders left to compile 2
[2020.10.14-20.24.06:098][643]LogShaderCompilers: Display: Worker (9/13): shaders left to compile 1
[2020.10.14-20.24.06:098][643]TextureStreamingBuild: Display: Compiling optional shaders took 0.844 seconds.
[2020.10.14-20.24.06:105][643]LogLevel: Display: Export Material TexCoord Scales took 0.007 seconds.
[2020.10.14-20.24.06:106][643]TextureStreamingBuild: Display: Build Texture Streaming took 0.001 seconds.
[2020.10.14-20.24.06:120][643]LogUObjectHash: Compacting FUObjectHashTables data took   0.29ms
[2020.10.14-20.24.06:127][643]LightingResults: New page: Lighting Build - 15 okt. 2020 00:24:06
[2020.10.14-20.24.06:159][643]LogSwarmInterface: [OpenConnection] Registering TCP channel ...
[2020.10.14-20.24.06:166][643]LogSwarmInterface: [OpenConnection] Connecting to agent ...
[2020.10.14-20.24.06:184][643]LogSwarmInterface: [TryOpenConnection] Testing the Agent
[2020.10.14-20.24.06:188][643]LogSwarmInterface: [TryOpenConnection] Opening Connection to Agent
[2020.10.14-20.24.06:189][643]LogSwarmInterface: [TryOpenConnection] Local Process ID is 16276
[2020.10.14-20.24.48:227][643]LogStaticLightingSystem: Running Lightmass w/ ImmediateImport mode ENABLED
[2020.10.14-20.24.48:227][643]LogStaticLightingSystem: Running Lightmass w/ ImmediateProcess mode ENABLED
[2020.10.14-20.24.48:227][643]LogStaticLightingSystem: Running Lightmass w/ Sorting mode ENABLED
[2020.10.14-20.24.48:227][643]LogStaticLightingSystem: Running Lightmass w/ Mapping paddings ENABLED
[2020.10.14-20.24.48:227][643]LogStaticLightingSystem: Running Lightmass w/ Mapping debug paddings DISABLED
[2020.10.14-20.24.48:404][643]Cmd: MAP CHECK DONTDISPLAYDIALOG
[2020.10.14-20.24.48:404][643]MapCheck: New page: ThirdPersonExampleMap - 15 okt. 2020 00:24:48
[2020.10.14-20.24.48:433][643]MapCheck: Map check complete: 0 Error(s), 0 Warning(s), took 29,629ms to complete.
[2020.10.14-20.24.48:436][643]LogEditorBuildUtils: Build time 0:43
[2020.10.14-20.24.48:547][644]LogSlate: Took 0.000254 seconds to synchronously load lazily loaded font '../../../Engine/Content/Slate/Fonts/Roboto-Light.ttf' (167K)
[2020.10.14-20.24.48:761][644]LogUObjectHash: Compacting FUObjectHashTables data took   0.29ms
[2020.10.14-20.24.48:807][644]LogSavePackage: Moving '../../../../Users/abab8270/Desktop/PROJ_Grupp2/HideNSneakUnreal/Saved/ThirdPersonExampleMap_Auto1631D924A434739955227EE97724529A1.tmp' to '../../../../Users/abab8270/Desktop/PROJ_Grupp2/HideNSneakUnreal/Saved/Autosaves/Game/ThirdPersonBP/Maps/ThirdPersonExampleMap_Auto1.umap'
[2020.10.14-20.24.48:809][644]LogFileHelpers: Editor autosave (incl. sublevels) for '/Game/ThirdPersonBP/Maps/ThirdPersonExampleMap' took 0.061
[2020.10.14-20.24.48:809][644]LogFileHelpers: Editor autosave (incl. sublevels) for all levels took 0.061
[2020.10.14-20.24.48:967][645]LogUObjectHash: Compacting FUObjectHashTables data took   0.38ms
[2020.10.14-20.24.52:494][655]Job is a success!
[2020.10.14-20.24.52:957][656]LogVolumetricLightmapImport: Imported Volumetric Lightmap in 0.015s
[2020.10.14-20.24.52:957][656]LogVolumetricLightmapImport:      Indirection Texture 16x16x16 = 0.0Mb
[2020.10.14-20.24.52:957][656]LogVolumetricLightmapImport:      BrickData (all levels) 0.1Mb
[2020.10.14-20.24.52:957][656]LogVolumetricLightmapImport:      Bricks at depth
[2020.10.14-20.24.52:957][656]LogVolumetricLightmapImport:          0: 3.3% covering 100.0% of volume
[2020.10.14-20.24.52:957][656]LogVolumetricLightmapImport:          1: 13.3% covering 6.3% of volume
[2020.10.14-20.24.52:957][656]LogVolumetricLightmapImport:          2: 83.3% covering 0.6% of volume
[2020.10.14-20.24.52:957][656]LogVolumetricLightmapImport:      Bricks in each level
[2020.10.14-20.24.52:957][656]LogVolumetricLightmapImport:          ThirdPersonExampleMap 			 30 bricks 	 100.0% (Persistent Level)
[2020.10.14-20.24.53:201][656]LogTexture: Display: Building textures: SkyOcclusion1_1 (AutoDXT, 1024X512)
[2020.10.14-20.24.53:201][656]LogTexture: Display: Building textures: HQ_Lightmap1_1 (AutoDXT, 1024X1024)
[2020.10.14-20.24.53:201][656]LogTexture: Display: Building textures: LQ_Lightmap_1_1 (DXT1, 1024X1024)
[2020.10.14-20.24.53:201][656]LogTexture: Display: Building textures: SkyOcclusion1_2 (AutoDXT, 64X32)
[2020.10.14-20.24.53:201][656]LogTexture: Display: Building textures: HQ_Lightmap1_2 (AutoDXT, 64X64)
[2020.10.14-20.24.53:201][656]LogTexture: Display: Building textures: LQ_Lightmap_1_2 (DXT1, 64X64)
[2020.10.14-20.24.53:379][656]LogTexture: Display: Building textures: ShadowMapTexture2D_3 (G8, 32X32)
[2020.10.14-20.24.53:379][656]LogTexture: Display: Building textures: ShadowMapTexture2D_2 (G8, 1024X512)
[2020.10.14-20.24.53:379][656]LogStaticLightingSystem: ThirdPersonExampleMap_BuiltData storing lightmap data for 8 meshes in 2 LightmapResourceClusters (4.0 Meshes per cluster).
[2020.10.14-20.24.53:402][656]Lightmass on SPLAB-11: 3.82 sec total, 134 ms importing, 16 ms setup, 536 ms photons, 3.08 sec processing, 0 ms extra exporting [8/8 mappings]. Threads: 46.3 sec total, 2.91 sec processing.
[2020.10.14-20.24.53:404][656]LogUObjectHash: Compacting FUObjectHashTables data took   1.04ms
[2020.10.14-20.24.53:420][656]LogStaticLightingSystem: Illumination: 46.9 sec (232 ms encoding lightmaps, 149 ms encoding shadowmaps)
[2020.10.14-20.24.53:420][656]LogStaticLightingSystem: Lightmap texture memory:  2.7 MB (2.7 MB streaming, 0.0 MB non-streaming), 4 textures
[2020.10.14-20.24.53:420][656]LogStaticLightingSystem: Shadowmap texture memory: 0.7 MB (0.7 MB streaming, 0.0 MB non-streaming), 2 textures
[2020.10.14-20.24.54:214][656]DumpUnbuiltLightIteractions
[2020.10.14-20.24.54:214][656]Lights with unbuilt interactions: 0
[2020.10.14-20.24.54:214][656]
[2020.10.14-20.24.54:214][656]Primitives with unbuilt interactions: 0
[2020.10.14-20.24.54:302][657]Cmd: MAP CHECK NOTIFYRESULTS
[2020.10.14-20.24.54:303][657]MapCheck: New page: ThirdPersonExampleMap - 15 okt. 2020 00:24:54
[2020.10.14-20.24.54:303][657]MapCheck: Map check complete: 0 Error(s), 0 Warning(s), took 0,367ms to complete.
[2020.10.14-20.33.24:943][823]LogTemp: Repeating last play command: Selected Viewport
[2020.10.14-20.33.24:960][823]LogPlayLevel: PlayLevel: No blueprints needed recompiling
[2020.10.14-20.33.24:960][823]PIE: New page: PIE session: ThirdPersonExampleMap (15 okt. 2020 00:33:24)
[2020.10.14-20.33.24:962][823]LogOnline: OSS: Creating online subsystem instance for: NULL
[2020.10.14-20.33.24:964][823]LogOnline: OSS: TryLoadSubsystemAndSetDefault: Loaded subsystem for module [NULL]
[2020.10.14-20.33.24:964][823]LogPlayLevel: Creating play world package: /Game/ThirdPersonBP/Maps/UEDPIE_0_ThirdPersonExampleMap
[2020.10.14-20.33.24:974][823]LogPlayLevel: PIE: StaticDuplicateObject took: (0.010395s)
[2020.10.14-20.33.24:976][823]LogAIModule: Creating AISystem for world ThirdPersonExampleMap
[2020.10.14-20.33.24:976][823]LogAISub: UAISubsystem::UAISubsystem EnvQueryManager (00000252DF64D800), frame # 19823
[2020.10.14-20.33.24:976][823]LogAISub: UAISubsystem::UAISubsystem AIPerceptionSystem (00000252DFA8D800), frame # 19823
[2020.10.14-20.33.24:976][823]LogPlayLevel: PIE: World Init took: (0.001695s)
[2020.10.14-20.33.24:976][823]LogPlayLevel: PIE: Created PIE world by copying editor world from /Game/ThirdPersonBP/Maps/ThirdPersonExampleMap.ThirdPersonExampleMap to /Game/ThirdPersonBP/Maps/UEDPIE_0_ThirdPersonExampleMap.ThirdPersonExampleMap (0.012541s)
[2020.10.14-20.33.24:993][823]LogUObjectHash: Compacting FUObjectHashTables data took   0.77ms
[2020.10.14-20.33.24:995][823]LogAudioMixer: Display: Audio Mixer Platform Settings:
[2020.10.14-20.33.24:995][823]LogAudioMixer: Display: 	Sample Rate:						  48000
[2020.10.14-20.33.24:995][823]LogAudioMixer: Display: 	Callback Buffer Frame Size Requested: 1024
[2020.10.14-20.33.24:995][823]LogAudioMixer: Display: 	Callback Buffer Frame Size To Use:	  1024
[2020.10.14-20.33.24:995][823]LogAudioMixer: Display: 	Number of buffers to queue:			  2
[2020.10.14-20.33.24:995][823]LogAudioMixer: Display: 	Max Channels (voices):				  32
[2020.10.14-20.33.24:995][823]LogAudioMixer: Display: 	Number of Async Source Workers:		  0
[2020.10.14-20.33.24:995][823]LogAudio: Display: AudioDevice MaxSources: 32
[2020.10.14-20.33.24:995][823]LogAudio: Display: Using built-in audio occlusion.
[2020.10.14-20.33.24:995][823]LogAudioMixer: Display: Initializing audio mixer.
[2020.10.14-20.33.24:998][823]LogAudioMixer: Display: 0: FrontLeft
[2020.10.14-20.33.24:998][823]LogAudioMixer: Display: 1: FrontRight
[2020.10.14-20.33.25:010][823]LogAudioMixer: Display: Using Audio Device Headset Earphone (HyperX Virtual Surround Sound)
[2020.10.14-20.33.25:010][823]LogAudioMixer: Display: Initializing Sound Submixes...
[2020.10.14-20.33.25:010][823]LogAudioMixer: Display: Creating Master Submix 'MasterSubmixDefault'
[2020.10.14-20.33.25:010][823]LogAudioMixer: Display: Creating Master Submix 'MasterReverbSubmixDefault'
[2020.10.14-20.33.25:011][823]LogAudioMixer: Display: Creating Master Submix 'MasterEQSubmixDefault'
[2020.10.14-20.33.25:028][823]LogInit: FAudioDevice initialized.
[2020.10.14-20.33.25:036][823]LogLoad: Game class is 'ThirdPersonGameMode_C'
[2020.10.14-20.33.25:039][823]LogWorld: Bringing World /Game/ThirdPersonBP/Maps/UEDPIE_0_ThirdPersonExampleMap.ThirdPersonExampleMap up for play (max tick rate 0) at 2020.10.14-22.33.25
[2020.10.14-20.33.25:040][823]LogWorld: Bringing up level for play took: 0.001790
[2020.10.14-20.33.25:040][823]LogOnline: OSS: Creating online subsystem instance for: :Context_3
[2020.10.14-20.33.25:046][823]LogContentBrowser: Native class hierarchy updated for 'MovieSceneCapture' in 0.0005 seconds. Added 20 classes and 0 folders.
[2020.10.14-20.33.25:047][823]PIE: Server logged in
[2020.10.14-20.33.25:049][823]PIE: Play in editor total start time 0,091 seconds.
[2020.10.14-20.33.27:486][106]LogSlate: Updating window title bar state: overlay mode, drag disabled, window buttons hidden, title bar hidden
[2020.10.14-20.33.27:486][106]LogWorld: BeginTearingDown for /Game/ThirdPersonBP/Maps/UEDPIE_0_ThirdPersonExampleMap
[2020.10.14-20.33.27:486][106]LogWorld: UWorld::CleanupWorld for ThirdPersonExampleMap, bSessionEnded=true, bCleanupResources=true
[2020.10.14-20.33.27:486][106]LogSlate: InvalidateAllWidgets triggered.  All widgets were invalidated
[2020.10.14-20.33.27:495][106]LogPlayLevel: Display: Shutting down PIE online subsystems
[2020.10.14-20.33.27:497][106]LogSlate: InvalidateAllWidgets triggered.  All widgets were invalidated
[2020.10.14-20.33.27:540][106]LogSlate: Updating window title bar state: overlay mode, drag disabled, window buttons hidden, title bar hidden
[2020.10.14-20.33.27:540][106]LogAISub: UAISubsystem::~UAISubsystem AIPerceptionSystem (00000252DFA8D800), frame # 20106
[2020.10.14-20.33.27:540][106]LogAISub: UAISubsystem::~UAISubsystem EnvQueryManager (00000252DF64D800), frame # 20106
[2020.10.14-20.33.27:542][106]LogUObjectHash: Compacting FUObjectHashTables data took   0.92ms
[2020.10.14-20.33.27:576][107]LogPlayLevel: Display: Destroying online subsystem :Context_3
[2020.10.14-20.33.40:085][487]LogAssetEditorSubsystem: Opening Asset editor for Blueprint /Game/ThirdPersonBP/Blueprints/ThirdPersonCharacter.ThirdPersonCharacter
[2020.10.14-20.33.40:367][487]LogContentBrowser: Native class hierarchy updated for 'BlueprintGraph' in 0.0007 seconds. Added 125 classes and 0 folders.
[2020.10.14-20.33.41:907][487]LogSlate: Took 0.000293 seconds to synchronously load lazily loaded font '../../../Engine/Content/Slate/Fonts/Roboto-BoldCondensed.ttf' (158K)
[2020.10.14-20.33.42:085][488]LogSlate: Took 0.009194 seconds to synchronously load lazily loaded font '../../../Engine/Content/Slate/Fonts/Roboto-Italic.ttf' (157K)
[2020.10.14-20.33.43:355][567]LogSlate: Window 'ThirdPersonCharacter' being destroyed
[2020.10.14-20.33.43:359][567]LogSlate: Window 'ThirdPersonCharacter' being destroyed
[2020.10.14-20.33.43:407][567]LogWorld: UWorld::CleanupWorld for World_3, bSessionEnded=true, bCleanupResources=true
[2020.10.14-20.33.43:407][567]LogSlate: InvalidateAllWidgets triggered.  All widgets were invalidated
[2020.10.14-20.33.48:845][ 26]LogAssetEditorSubsystem: Opening Asset editor for Blueprint /Game/ThirdPersonBP/Blueprints/ThirdPersonCharacter.ThirdPersonCharacter
[2020.10.14-20.33.52:452][160]LogSlate: Window 'ThirdPersonCharacter' being destroyed
[2020.10.14-20.34.00:139][759]LogUObjectHash: Compacting FUObjectHashTables data took   2.38ms
[2020.10.14-20.34.00:179][759]LogSavePackage: Moving '../../../../Users/abab8270/Desktop/PROJ_Grupp2/HideNSneakUnreal/Saved/ThirdPersonExampleMap2FCDC6C24CD81861956FB6AF3470402A.tmp' to '../../../../Users/abab8270/Desktop/PROJ_Grupp2/HideNSneakUnreal/Content/ThirdPersonBP/Maps/ThirdPersonExampleMap.umap'
[2020.10.14-20.34.00:290][759]LogSavePackage: Moving '../../../../Users/abab8270/Desktop/PROJ_Grupp2/HideNSneakUnreal/Saved/ThirdPersonExampleMap_BuiltData4133D1D84C9A50F8C3C9209BEA05A18D.tmp' to '../../../../Users/abab8270/Desktop/PROJ_Grupp2/HideNSneakUnreal/Content/ThirdPersonBP/Maps/ThirdPersonExampleMap_BuiltData.uasset'
[2020.10.14-20.34.00:305][759]AssetCheck: New page: Asset Save: multiple assets
[2020.10.14-20.34.00:305][759]LogContentValidation: Display: Validating World /Game/ThirdPersonBP/Maps/ThirdPersonExampleMap.ThirdPersonExampleMap
[2020.10.14-20.34.00:305][759]LogContentValidation: Display: Validating MapBuildDataRegistry /Game/ThirdPersonBP/Maps/ThirdPersonExampleMap_BuiltData.ThirdPersonExampleMap_BuiltData
